#
# There is insufficient memory for the Java Runtime Environment to continue.
# Native memory allocation (malloc) failed to allocate 32744 bytes for ChunkPool::allocate
# Possible reasons:
#   The system is out of physical RAM or swap space
#   The process is running with CompressedOops enabled, and the Java Heap may be blocking the growth of the native heap
# Possible solutions:
#   Reduce memory load on the system
#   Increase physical memory or swap space
#   Check if swap backing store is full
#   Decrease Java heap size (-Xmx/-Xms)
#   Decrease number of Java threads
#   Decrease Java thread stack sizes (-Xss)
#   Set larger code cache with -XX:ReservedCodeCacheSize=
#   JVM is running with Unscaled Compressed Oops mode in which the Java heap is
#     placed in the first 4GB address space. The Java Heap base address is the
#     maximum limit for the native heap growth. Please use -XX:HeapBaseMinAddress
#     to set the Java Heap base and to place the Java Heap above 4GB virtual address.
# This output file may be truncated or incomplete.
#
#  Out of Memory Error (./src/hotspot/share/memory/arena.cpp:81), pid=3524, tid=5560
#
# JRE version: OpenJDK Runtime Environment Corretto-11.0.18.10.1 (11.0.18+10) (build 11.0.18+10-LTS)
# Java VM: OpenJDK 64-Bit Server VM Corretto-11.0.18.10.1 (11.0.18+10-LTS, mixed mode, tiered, compressed oops, g1 gc, windows-amd64)
# Core dump will be written. Default location: C:\Users\camendiola\AndroidStudioProjects\APV2\hs_err_pid3524.mdmp
#

---------------  S U M M A R Y ------------

Command Line: --add-opens=java.base/java.util=ALL-UNNAMED --add-opens=java.base/java.lang=ALL-UNNAMED --add-opens=java.base/java.lang.invoke=ALL-UNNAMED --add-opens=java.base/java.util=ALL-UNNAMED --add-opens=java.prefs/java.util.prefs=ALL-UNNAMED --add-opens=java.prefs/java.util.prefs=ALL-UNNAMED --add-opens=java.base/java.nio.charset=ALL-UNNAMED --add-opens=java.base/java.net=ALL-UNNAMED --add-opens=java.base/java.util.concurrent.atomic=ALL-UNNAMED -Xmx2048m -Dfile.encoding=UTF-8 -Duser.country=US -Duser.language=en -Duser.variant org.gradle.launcher.daemon.bootstrap.GradleDaemon 7.4

Host: Intel(R) Xeon(R) Platinum 8358 CPU @ 2.60GHz, 4 cores, 15G,  Windows Server 2022 , 64 bit Build 20348 (10.0.20348.1366)
Time: Mon Mar 27 13:22:57 2023 Central Standard Time (Mexico) elapsed time: 103.712381 seconds (0d 0h 1m 43s)

---------------  T H R E A D  ---------------

Current thread (0x00000178e6922000):  JavaThread "C2 CompilerThread1" daemon [_thread_in_native, id=5560, stack(0x00000061d4000000,0x00000061d4100000)]


Current CompileTask:
C2: 103712 20497       4       com.android.tools.r8.internal.B8::a (1251 bytes)

Stack: [0x00000061d4000000,0x00000061d4100000]
Native frames: (J=compiled Java code, j=interpreted, Vv=VM code, C=native code)
V  [jvm.dll+0x622d9a]
V  [jvm.dll+0x7b0289]
V  [jvm.dll+0x7b1978]
V  [jvm.dll+0x7b2053]
V  [jvm.dll+0x24fe08]
V  [jvm.dll+0xc28ab]
V  [jvm.dll+0xc2c0c]
V  [jvm.dll+0x6017dd]
V  [jvm.dll+0x8979c]
V  [jvm.dll+0x5b64b8]
V  [jvm.dll+0x5b4d2e]
V  [jvm.dll+0x20914d]
V  [jvm.dll+0x20841d]
V  [jvm.dll+0x18a3c1]
V  [jvm.dll+0x217ac4]
V  [jvm.dll+0x215d0b]
V  [jvm.dll+0x772d90]
V  [jvm.dll+0x76bcc4]
V  [jvm.dll+0x621c05]
C  [ucrtbase.dll+0x26b4c]
C  [KERNEL32.DLL+0x14de0]
C  [ntdll.dll+0x7e3db]


---------------  P R O C E S S  ---------------

Threads class SMR info:
_java_thread_list=0x00000178e87626f0, length=90, elements={
0x00000178bc89d800, 0x00000178dd92e000, 0x00000178dd937800, 0x00000178dd981800,
0x00000178dd984800, 0x00000178dd985800, 0x00000178dd988800, 0x00000178dd98e000,
0x00000178dd990000, 0x00000178ddaeb800, 0x00000178ddbc2000, 0x00000178def2f800,
0x00000178e034a800, 0x00000178dff62000, 0x00000178dff73000, 0x00000178e020d000,
0x00000178df51a000, 0x00000178de613800, 0x00000178dec36000, 0x00000178df853000,
0x00000178df850800, 0x00000178df854800, 0x00000178df853800, 0x00000178df855000,
0x00000178df851000, 0x00000178df852000, 0x00000178df856000, 0x00000178df857000,
0x00000178df27d800, 0x00000178df27f800, 0x00000178df27e800, 0x00000178df280000,
0x00000178df281000, 0x00000178df27c000, 0x00000178df27b000, 0x00000178df282000,
0x00000178df282800, 0x00000178df27d000, 0x00000178df283800, 0x00000178df288800,
0x00000178df285000, 0x00000178df284000, 0x00000178df286000, 0x00000178df287800,
0x00000178df286800, 0x00000178df289000, 0x00000178dda1f000, 0x00000178dda24000,
0x00000178dda22800, 0x00000178dda21800, 0x00000178dda23000, 0x00000178dda20000,
0x00000178dda20800, 0x00000178dda1e000, 0x00000178dda29000, 0x00000178dda26800,
0x00000178dda27000, 0x00000178dda2a800, 0x00000178dda29800, 0x00000178dda25800,
0x00000178dda28000, 0x00000178dda24800, 0x00000178dda2c000, 0x00000178dda2b800,
0x00000178dda2d000, 0x00000178df91a000, 0x00000178df915800, 0x00000178df918800,
0x00000178df917800, 0x00000178df919800, 0x00000178df91b000, 0x00000178df91c000,
0x00000178df916000, 0x00000178df91c800, 0x00000178df917000, 0x00000178df922800,
0x00000178df923000, 0x00000178df920800, 0x00000178df921800, 0x00000178df91d800,
0x00000178df91f000, 0x00000178df924000, 0x00000178df91e000, 0x00000178df920000,
0x00000178e5b23800, 0x00000178e5b26800, 0x00000178e5b24000, 0x00000178e5b21800,
0x00000178e5b29000, 0x00000178e6922000
}

Java Threads: ( => current thread )
  0x00000178bc89d800 JavaThread "main" [_thread_blocked, id=7340, stack(0x00000061cdc00000,0x00000061cdd00000)]
  0x00000178dd92e000 JavaThread "Reference Handler" daemon [_thread_blocked, id=10492, stack(0x00000061ce300000,0x00000061ce400000)]
  0x00000178dd937800 JavaThread "Finalizer" daemon [_thread_blocked, id=7924, stack(0x00000061ce400000,0x00000061ce500000)]
  0x00000178dd981800 JavaThread "Signal Dispatcher" daemon [_thread_blocked, id=6072, stack(0x00000061ce500000,0x00000061ce600000)]
  0x00000178dd984800 JavaThread "Attach Listener" daemon [_thread_blocked, id=1568, stack(0x00000061ce600000,0x00000061ce700000)]
  0x00000178dd985800 JavaThread "Service Thread" daemon [_thread_blocked, id=4632, stack(0x00000061ce700000,0x00000061ce800000)]
  0x00000178dd988800 JavaThread "C2 CompilerThread0" daemon [_thread_in_native, id=10612, stack(0x00000061ce800000,0x00000061ce900000)]
  0x00000178dd98e000 JavaThread "C1 CompilerThread0" daemon [_thread_in_native, id=4184, stack(0x00000061ce900000,0x00000061cea00000)]
  0x00000178dd990000 JavaThread "Sweeper thread" daemon [_thread_blocked, id=9268, stack(0x00000061cea00000,0x00000061ceb00000)]
  0x00000178ddaeb800 JavaThread "Common-Cleaner" daemon [_thread_blocked, id=7644, stack(0x00000061ceb00000,0x00000061cec00000)]
  0x00000178ddbc2000 JavaThread "Daemon health stats" [_thread_blocked, id=10352, stack(0x00000061ced00000,0x00000061cee00000)]
  0x00000178def2f800 JavaThread "Incoming local TCP Connector on port 63974" [_thread_in_native, id=4896, stack(0x00000061cf100000,0x00000061cf200000)]
  0x00000178e034a800 JavaThread "Daemon periodic checks" [_thread_blocked, id=6288, stack(0x00000061cf200000,0x00000061cf300000)]
  0x00000178dff62000 JavaThread "Daemon" [_thread_blocked, id=1188, stack(0x00000061cf300000,0x00000061cf400000)]
  0x00000178dff73000 JavaThread "Handler for socket connection from /127.0.0.1:63974 to /127.0.0.1:63975" [_thread_in_native, id=9744, stack(0x00000061cf400000,0x00000061cf500000)]
  0x00000178e020d000 JavaThread "Cancel handler" [_thread_blocked, id=5988, stack(0x00000061cf500000,0x00000061cf600000)]
  0x00000178df51a000 JavaThread "Daemon worker" [_thread_blocked, id=2324, stack(0x00000061cf600000,0x00000061cf700000)]
  0x00000178de613800 JavaThread "Asynchronous log dispatcher for DefaultDaemonConnection: socket connection from /127.0.0.1:63974 to /127.0.0.1:63975" [_thread_blocked, id=7276, stack(0x00000061cf700000,0x00000061cf800000)]
  0x00000178dec36000 JavaThread "Daemon client event forwarder" [_thread_blocked, id=10488, stack(0x00000061cf900000,0x00000061cfa00000)]
  0x00000178df853000 JavaThread "Cache worker for journal cache (C:\Users\camendiola\Documents\Apps Android\Supervision\caches\journal-1)" [_thread_blocked, id=8904, stack(0x00000061cfa00000,0x00000061cfb00000)]
  0x00000178df850800 JavaThread "File lock request listener" [_thread_in_native, id=7048, stack(0x00000061cfb00000,0x00000061cfc00000)]
  0x00000178df854800 JavaThread "Cache worker for file hash cache (C:\Users\camendiola\Documents\Apps Android\Supervision\caches\7.4\fileHashes)" [_thread_blocked, id=6644, stack(0x00000061cfc00000,0x00000061cfd00000)]
  0x00000178df853800 JavaThread "File watcher server" daemon [_thread_blocked, id=4668, stack(0x00000061cfe00000,0x00000061cff00000)]
  0x00000178df855000 JavaThread "File watcher consumer" daemon [_thread_blocked, id=6264, stack(0x00000061cff00000,0x00000061d0000000)]
  0x00000178df851000 JavaThread "Cache worker for checksums cache (C:\Users\camendiola\AndroidStudioProjects\APV2\.gradle\7.4\checksums)" [_thread_blocked, id=10496, stack(0x00000061cfd00000,0x00000061cfe00000)]
  0x00000178df852000 JavaThread "Cache worker for cache directory md-rule (C:\Users\camendiola\Documents\Apps Android\Supervision\caches\7.4\md-rule)" [_thread_blocked, id=11156, stack(0x00000061d0000000,0x00000061d0100000)]
  0x00000178df856000 JavaThread "Cache worker for file hash cache (C:\Users\camendiola\AndroidStudioProjects\APV2\.gradle\7.4\fileHashes)" [_thread_blocked, id=5620, stack(0x00000061d0200000,0x00000061d0300000)]
  0x00000178df857000 JavaThread "Cache worker for cache directory md-supplier (C:\Users\camendiola\Documents\Apps Android\Supervision\caches\7.4\md-supplier)" [_thread_blocked, id=7124, stack(0x00000061d0300000,0x00000061d0400000)]
  0x00000178df27d800 JavaThread "Cache worker for execution history cache (C:\Users\camendiola\Documents\Apps Android\Supervision\caches\7.4\executionHistory)" [_thread_blocked, id=7456, stack(0x00000061d0400000,0x00000061d0500000)]
  0x00000178df27f800 JavaThread "jar transforms" [_thread_blocked, id=8724, stack(0x00000061d0100000,0x00000061d0200000)]
  0x00000178df27e800 JavaThread "jar transforms Thread 2" [_thread_blocked, id=9472, stack(0x00000061d0500000,0x00000061d0600000)]
  0x00000178df280000 JavaThread "Cache worker for file content cache (C:\Users\camendiola\Documents\Apps Android\Supervision\caches\7.4\fileContent)" [_thread_blocked, id=900, stack(0x00000061d0700000,0x00000061d0800000)]
  0x00000178df281000 JavaThread "jar transforms Thread 3" [_thread_blocked, id=2656, stack(0x00000061d0800000,0x00000061d0900000)]
  0x00000178df27c000 JavaThread "jar transforms Thread 4" [_thread_blocked, id=8536, stack(0x00000061d0900000,0x00000061d0a00000)]
  0x00000178df27b000 JavaThread "Cache worker for dependencies-accessors (C:\Users\camendiola\AndroidStudioProjects\APV2\.gradle\7.4\dependencies-accessors)" [_thread_blocked, id=10928, stack(0x00000061d0a00000,0x00000061d0b00000)]
  0x00000178df282000 JavaThread "Cache worker for Build Output Cleanup Cache (C:\Users\camendiola\AndroidStudioProjects\APV2\.gradle\buildOutputCleanup)" [_thread_blocked, id=6896, stack(0x00000061d0600000,0x00000061d0700000)]
  0x00000178df282800 JavaThread "Unconstrained build operations" [_thread_blocked, id=10424, stack(0x00000061d0b00000,0x00000061d0c00000)]
  0x00000178df27d000 JavaThread "Unconstrained build operations Thread 2" [_thread_blocked, id=8424, stack(0x00000061d0c00000,0x00000061d0d00000)]
  0x00000178df283800 JavaThread "Unconstrained build operations Thread 3" [_thread_blocked, id=10384, stack(0x00000061d0d00000,0x00000061d0e00000)]
  0x00000178df288800 JavaThread "Unconstrained build operations Thread 4" [_thread_blocked, id=2332, stack(0x00000061d0e00000,0x00000061d0f00000)]
  0x00000178df285000 JavaThread "Unconstrained build operations Thread 5" [_thread_blocked, id=10616, stack(0x00000061d0f00000,0x00000061d1000000)]
  0x00000178df284000 JavaThread "Unconstrained build operations Thread 6" [_thread_blocked, id=11120, stack(0x00000061d1000000,0x00000061d1100000)]
  0x00000178df286000 JavaThread "Unconstrained build operations Thread 7" [_thread_blocked, id=8992, stack(0x00000061d1100000,0x00000061d1200000)]
  0x00000178df287800 JavaThread "Unconstrained build operations Thread 8" [_thread_blocked, id=10580, stack(0x00000061d1200000,0x00000061d1300000)]
  0x00000178df286800 JavaThread "Unconstrained build operations Thread 9" [_thread_blocked, id=6224, stack(0x00000061d1300000,0x00000061d1400000)]
  0x00000178df289000 JavaThread "Unconstrained build operations Thread 10" [_thread_blocked, id=3904, stack(0x00000061d1400000,0x00000061d1500000)]
  0x00000178dda1f000 JavaThread "Unconstrained build operations Thread 11" [_thread_blocked, id=8756, stack(0x00000061d1500000,0x00000061d1600000)]
  0x00000178dda24000 JavaThread "Unconstrained build operations Thread 12" [_thread_blocked, id=1460, stack(0x00000061d1600000,0x00000061d1700000)]
  0x00000178dda22800 JavaThread "Unconstrained build operations Thread 13" [_thread_blocked, id=7676, stack(0x00000061d1700000,0x00000061d1800000)]
  0x00000178dda21800 JavaThread "Unconstrained build operations Thread 14" [_thread_blocked, id=10192, stack(0x00000061d1800000,0x00000061d1900000)]
  0x00000178dda23000 JavaThread "Unconstrained build operations Thread 15" [_thread_blocked, id=8876, stack(0x00000061d1900000,0x00000061d1a00000)]
  0x00000178dda20000 JavaThread "Unconstrained build operations Thread 16" [_thread_blocked, id=10764, stack(0x00000061d1a00000,0x00000061d1b00000)]
  0x00000178dda20800 JavaThread "Unconstrained build operations Thread 17" [_thread_blocked, id=11008, stack(0x00000061d1b00000,0x00000061d1c00000)]
  0x00000178dda1e000 JavaThread "Unconstrained build operations Thread 18" [_thread_blocked, id=7852, stack(0x00000061d1c00000,0x00000061d1d00000)]
  0x00000178dda29000 JavaThread "Unconstrained build operations Thread 19" [_thread_blocked, id=8864, stack(0x00000061d1d00000,0x00000061d1e00000)]
  0x00000178dda26800 JavaThread "Unconstrained build operations Thread 20" [_thread_blocked, id=8720, stack(0x00000061d1e00000,0x00000061d1f00000)]
  0x00000178dda27000 JavaThread "Unconstrained build operations Thread 21" [_thread_blocked, id=5280, stack(0x00000061d1f00000,0x00000061d2000000)]
  0x00000178dda2a800 JavaThread "Unconstrained build operations Thread 22" [_thread_blocked, id=7160, stack(0x00000061d2000000,0x00000061d2100000)]
  0x00000178dda29800 JavaThread "Unconstrained build operations Thread 23" [_thread_blocked, id=7564, stack(0x00000061d2100000,0x00000061d2200000)]
  0x00000178dda25800 JavaThread "Unconstrained build operations Thread 24" [_thread_blocked, id=5496, stack(0x00000061d2200000,0x00000061d2300000)]
  0x00000178dda28000 JavaThread "Unconstrained build operations Thread 25" [_thread_blocked, id=7524, stack(0x00000061d2300000,0x00000061d2400000)]
  0x00000178dda24800 JavaThread "Unconstrained build operations Thread 26" [_thread_blocked, id=4376, stack(0x00000061d2400000,0x00000061d2500000)]
  0x00000178dda2c000 JavaThread "Unconstrained build operations Thread 27" [_thread_blocked, id=10024, stack(0x00000061d2500000,0x00000061d2600000)]
  0x00000178dda2b800 JavaThread "Unconstrained build operations Thread 28" [_thread_blocked, id=9980, stack(0x00000061d2600000,0x00000061d2700000)]
  0x00000178dda2d000 JavaThread "Unconstrained build operations Thread 29" [_thread_blocked, id=7032, stack(0x00000061d2700000,0x00000061d2800000)]
  0x00000178df91a000 JavaThread "Unconstrained build operations Thread 30" [_thread_blocked, id=4484, stack(0x00000061d2800000,0x00000061d2900000)]
  0x00000178df915800 JavaThread "Unconstrained build operations Thread 31" [_thread_blocked, id=9764, stack(0x00000061d2900000,0x00000061d2a00000)]
  0x00000178df918800 JavaThread "Unconstrained build operations Thread 32" [_thread_blocked, id=5164, stack(0x00000061d2a00000,0x00000061d2b00000)]
  0x00000178df917800 JavaThread "Unconstrained build operations Thread 33" [_thread_blocked, id=11256, stack(0x00000061d2b00000,0x00000061d2c00000)]
  0x00000178df919800 JavaThread "Unconstrained build operations Thread 34" [_thread_blocked, id=10732, stack(0x00000061d2c00000,0x00000061d2d00000)]
  0x00000178df91b000 JavaThread "Unconstrained build operations Thread 35" [_thread_blocked, id=8764, stack(0x00000061d2d00000,0x00000061d2e00000)]
  0x00000178df91c000 JavaThread "Unconstrained build operations Thread 36" [_thread_blocked, id=5816, stack(0x00000061d2e00000,0x00000061d2f00000)]
  0x00000178df916000 JavaThread "Unconstrained build operations Thread 37" [_thread_blocked, id=8112, stack(0x00000061d2f00000,0x00000061d3000000)]
  0x00000178df91c800 JavaThread "Unconstrained build operations Thread 38" [_thread_blocked, id=8912, stack(0x00000061d3000000,0x00000061d3100000)]
  0x00000178df917000 JavaThread "Unconstrained build operations Thread 39" [_thread_blocked, id=6544, stack(0x00000061d3100000,0x00000061d3200000)]
  0x00000178df922800 JavaThread "Unconstrained build operations Thread 40" [_thread_blocked, id=10984, stack(0x00000061d3200000,0x00000061d3300000)]
  0x00000178df923000 JavaThread "Memory manager" [_thread_blocked, id=10528, stack(0x00000061d3300000,0x00000061d3400000)]
  0x00000178df920800 JavaThread "build event listener" [_thread_blocked, id=6508, stack(0x00000061d3500000,0x00000061d3600000)]
  0x00000178df921800 JavaThread "pool-3-thread-1" [_thread_blocked, id=9080, stack(0x00000061d3600000,0x00000061d3700000)]
  0x00000178df91d800 JavaThread "build event listener" [_thread_blocked, id=9848, stack(0x00000061d3700000,0x00000061d3800000)]
  0x00000178df91f000 JavaThread "included builds" [_thread_blocked, id=7204, stack(0x00000061d3800000,0x00000061d3900000)]
  0x00000178df924000 JavaThread "Execution worker for ':'" [_thread_blocked, id=6132, stack(0x00000061d3900000,0x00000061d3a00000)]
  0x00000178df91e000 JavaThread "Execution worker for ':' Thread 2" [_thread_blocked, id=5068, stack(0x00000061d3a00000,0x00000061d3b00000)]
  0x00000178df920000 JavaThread "Execution worker for ':' Thread 3" [_thread_blocked, id=6348, stack(0x00000061d3b00000,0x00000061d3c00000)]
  0x00000178e5b23800 JavaThread "Cache worker for execution history cache (C:\Users\camendiola\AndroidStudioProjects\APV2\.gradle\7.4\executionHistory)" [_thread_blocked, id=10552, stack(0x00000061d3c00000,0x00000061d3d00000)]
  0x00000178e5b26800 JavaThread "WorkerExecutor Queue" [_thread_blocked, id=6472, stack(0x00000061d3400000,0x00000061d3500000)]
  0x00000178e5b24000 JavaThread "WorkerExecutor Queue Thread 3" [_thread_blocked, id=7856, stack(0x00000061d3e00000,0x00000061d3f00000)]
  0x00000178e5b21800 JavaThread "WorkerExecutor Queue Thread 4" [_thread_blocked, id=8216, stack(0x00000061d3f00000,0x00000061d4000000)]
  0x00000178e5b29000 JavaThread "WorkerExecutor Queue Thread 5" [_thread_blocked, id=9316, stack(0x00000061cd900000,0x00000061cda00000)]
=>0x00000178e6922000 JavaThread "C2 CompilerThread1" daemon [_thread_in_native, id=5560, stack(0x00000061d4000000,0x00000061d4100000)]

Other Threads:
  0x00000178dd914800 VMThread "VM Thread" [stack: 0x00000061ce200000,0x00000061ce300000] [id=8428]
  0x00000178ddb2a000 WatcherThread [stack: 0x00000061cec00000,0x00000061ced00000] [id=10820]
  0x00000178bc8bb000 GCTaskThread "GC Thread#0" [stack: 0x00000061cdd00000,0x00000061cde00000] [id=10152]
  0x00000178dde58000 GCTaskThread "GC Thread#1" [stack: 0x00000061cee00000,0x00000061cef00000] [id=1540]
  0x00000178ddbcf000 GCTaskThread "GC Thread#2" [stack: 0x00000061cef00000,0x00000061cf000000] [id=6480]
  0x00000178ddf71000 GCTaskThread "GC Thread#3" [stack: 0x00000061cf000000,0x00000061cf100000] [id=196]
  0x00000178bc8ea800 ConcurrentGCThread "G1 Main Marker" [stack: 0x00000061cde00000,0x00000061cdf00000] [id=9444]
  0x00000178bc8ec000 ConcurrentGCThread "G1 Conc#0" [stack: 0x00000061cdf00000,0x00000061ce000000] [id=1676]
  0x00000178bc97d800 ConcurrentGCThread "G1 Refine#0" [stack: 0x00000061ce000000,0x00000061ce100000] [id=10324]
  0x00000178e4234000 ConcurrentGCThread "G1 Refine#1" [stack: 0x00000061cdb00000,0x00000061cdc00000] [id=9092]
  0x00000178e3f38800 ConcurrentGCThread "G1 Refine#2" [stack: 0x00000061cf800000,0x00000061cf900000] [id=672]
  0x00000178dcf5c800 ConcurrentGCThread "G1 Young RemSet Sampling" [stack: 0x00000061ce100000,0x00000061ce200000] [id=8612]

Threads with active compile tasks:
C2 CompilerThread0   103788 19975 %     4       com.android.tools.r8.internal.Ra::a @ 2683 (6176 bytes)
C1 CompilerThread0   103788 20610 %     3       com.android.tools.r8.internal.Pn::a @ 898 (3393 bytes)
C2 CompilerThread1   103788 20497       4       com.android.tools.r8.internal.B8::a (1251 bytes)

VM state:at safepoint (normal execution)

VM Mutex/Monitor currently owned by a thread:  ([mutex/lock_event])
[0x00000178bc899b60] Threads_lock - owner thread: 0x00000178dd914800
[0x00000178bc89b5d0] Heap_lock - owner thread: 0x00000178df920000

Heap address: 0x0000000080000000, size: 2048 MB, Compressed Oops mode: 32-bit
Narrow klass base: 0x0000000000000000, Narrow klass shift: 3
Compressed class space size: 1073741824 Address: 0x0000000100000000

Heap:
 garbage-first heap   total 262144K, used 214671K [0x0000000080000000, 0x0000000100000000)
  region size 1024K, 75 young (76800K), 3 survivors (3072K)
 Metaspace       used 129665K, capacity 133536K, committed 133788K, reserved 1165312K
  class space    used 16394K, capacity 17895K, committed 17920K, reserved 1048576K
Heap Regions: E=young(eden), S=young(survivor), O=old, HS=humongous(starts), HC=humongous(continues), CS=collection set, F=free, A=archive, TAMS=top-at-mark-start (previous, next)
|   0|0x0000000080000000, 0x0000000080100000, 0x0000000080100000|100%|HS|  |TAMS 0x0000000080100000, 0x0000000080000000| Complete 
|   1|0x0000000080100000, 0x0000000080200000, 0x0000000080200000|100%|HC|  |TAMS 0x0000000080200000, 0x0000000080100000| Complete 
|   2|0x0000000080200000, 0x0000000080300000, 0x0000000080300000|100%|HC|  |TAMS 0x0000000080300000, 0x0000000080200000| Complete 
|   3|0x0000000080300000, 0x0000000080400000, 0x0000000080400000|100%| O|  |TAMS 0x0000000080400000, 0x0000000080300000| Untracked 
|   4|0x0000000080400000, 0x0000000080500000, 0x0000000080500000|100%| O|  |TAMS 0x0000000080500000, 0x0000000080400000| Untracked 
|   5|0x0000000080500000, 0x0000000080600000, 0x0000000080600000|100%| O|  |TAMS 0x0000000080600000, 0x0000000080500000| Untracked 
|   6|0x0000000080600000, 0x0000000080700000, 0x0000000080700000|100%| O|  |TAMS 0x0000000080700000, 0x0000000080600000| Untracked 
|   7|0x0000000080700000, 0x0000000080800000, 0x0000000080800000|100%| O|  |TAMS 0x0000000080800000, 0x0000000080700000| Untracked 
|   8|0x0000000080800000, 0x0000000080900000, 0x0000000080900000|100%| O|  |TAMS 0x0000000080900000, 0x0000000080800000| Untracked 
|   9|0x0000000080900000, 0x0000000080a00000, 0x0000000080a00000|100%| O|  |TAMS 0x0000000080a00000, 0x0000000080900000| Untracked 
|  10|0x0000000080a00000, 0x0000000080b00000, 0x0000000080b00000|100%| O|  |TAMS 0x0000000080b00000, 0x0000000080a00000| Untracked 
|  11|0x0000000080b00000, 0x0000000080c00000, 0x0000000080c00000|100%| O|  |TAMS 0x0000000080c00000, 0x0000000080b00000| Untracked 
|  12|0x0000000080c00000, 0x0000000080d00000, 0x0000000080d00000|100%| O|  |TAMS 0x0000000080d00000, 0x0000000080c00000| Untracked 
|  13|0x0000000080d00000, 0x0000000080e00000, 0x0000000080e00000|100%| O|  |TAMS 0x0000000080e00000, 0x0000000080d00000| Complete 
|  14|0x0000000080e00000, 0x0000000080f00000, 0x0000000080f00000|100%| O|  |TAMS 0x0000000080f00000, 0x0000000080e00000| Untracked 
|  15|0x0000000080f00000, 0x0000000081000000, 0x0000000081000000|100%| O|  |TAMS 0x0000000081000000, 0x0000000080f00000| Complete 
|  16|0x0000000081000000, 0x0000000081100000, 0x0000000081100000|100%|HS|  |TAMS 0x0000000081100000, 0x0000000081000000| Complete 
|  17|0x0000000081100000, 0x0000000081200000, 0x0000000081200000|100%| O|  |TAMS 0x0000000081200000, 0x0000000081100000| Untracked 
|  18|0x0000000081200000, 0x0000000081300000, 0x0000000081300000|100%| O|  |TAMS 0x0000000081300000, 0x0000000081200000| Untracked 
|  19|0x0000000081300000, 0x0000000081400000, 0x0000000081400000|100%| O|  |TAMS 0x0000000081400000, 0x0000000081300000| Complete 
|  20|0x0000000081400000, 0x0000000081500000, 0x0000000081500000|100%|HS|  |TAMS 0x0000000081500000, 0x0000000081400000| Complete 
|  21|0x0000000081500000, 0x0000000081600000, 0x0000000081600000|100%|HS|  |TAMS 0x0000000081600000, 0x0000000081500000| Complete 
|  22|0x0000000081600000, 0x0000000081700000, 0x0000000081700000|100%|HS|  |TAMS 0x0000000081700000, 0x0000000081600000| Complete 
|  23|0x0000000081700000, 0x0000000081800000, 0x0000000081800000|100%|HC|  |TAMS 0x0000000081800000, 0x0000000081700000| Complete 
|  24|0x0000000081800000, 0x0000000081900000, 0x0000000081900000|100%|HC|  |TAMS 0x0000000081900000, 0x0000000081800000| Complete 
|  25|0x0000000081900000, 0x0000000081a00000, 0x0000000081a00000|100%|HC|  |TAMS 0x0000000081a00000, 0x0000000081900000| Complete 
|  26|0x0000000081a00000, 0x0000000081b00000, 0x0000000081b00000|100%| O|  |TAMS 0x0000000081b00000, 0x0000000081a00000| Untracked 
|  27|0x0000000081b00000, 0x0000000081c00000, 0x0000000081c00000|100%|HS|  |TAMS 0x0000000081c00000, 0x0000000081b00000| Complete 
|  28|0x0000000081c00000, 0x0000000081d00000, 0x0000000081d00000|100%|HC|  |TAMS 0x0000000081d00000, 0x0000000081c00000| Complete 
|  29|0x0000000081d00000, 0x0000000081e00000, 0x0000000081e00000|100%| O|  |TAMS 0x0000000081e00000, 0x0000000081d00000| Untracked 
|  30|0x0000000081e00000, 0x0000000081f00000, 0x0000000081f00000|100%| O|  |TAMS 0x0000000081f00000, 0x0000000081e00000| Untracked 
|  31|0x0000000081f00000, 0x0000000082000000, 0x0000000082000000|100%| O|  |TAMS 0x0000000082000000, 0x0000000081f00000| Untracked 
|  32|0x0000000082000000, 0x0000000082100000, 0x0000000082100000|100%| O|  |TAMS 0x0000000082100000, 0x0000000082000000| Untracked 
|  33|0x0000000082100000, 0x0000000082200000, 0x0000000082200000|100%| O|  |TAMS 0x0000000082200000, 0x0000000082100000| Untracked 
|  34|0x0000000082200000, 0x0000000082300000, 0x0000000082300000|100%| O|  |TAMS 0x0000000082300000, 0x0000000082200000| Untracked 
|  35|0x0000000082300000, 0x0000000082400000, 0x0000000082400000|100%| O|  |TAMS 0x0000000082400000, 0x0000000082300000| Untracked 
|  36|0x0000000082400000, 0x0000000082500000, 0x0000000082500000|100%| O|  |TAMS 0x0000000082500000, 0x0000000082400000| Untracked 
|  37|0x0000000082500000, 0x0000000082600000, 0x0000000082600000|100%| O|  |TAMS 0x0000000082600000, 0x0000000082500000| Untracked 
|  38|0x0000000082600000, 0x0000000082700000, 0x0000000082700000|100%| O|  |TAMS 0x0000000082700000, 0x0000000082600000| Untracked 
|  39|0x0000000082700000, 0x0000000082800000, 0x0000000082800000|100%| O|  |TAMS 0x0000000082800000, 0x0000000082700000| Untracked 
|  40|0x0000000082800000, 0x0000000082900000, 0x0000000082900000|100%| O|  |TAMS 0x0000000082900000, 0x0000000082800000| Complete 
|  41|0x0000000082900000, 0x0000000082a00000, 0x0000000082a00000|100%| O|  |TAMS 0x0000000082a00000, 0x0000000082900000| Untracked 
|  42|0x0000000082a00000, 0x0000000082b00000, 0x0000000082b00000|100%| O|  |TAMS 0x0000000082b00000, 0x0000000082a00000| Untracked 
|  43|0x0000000082b00000, 0x0000000082c00000, 0x0000000082c00000|100%| O|  |TAMS 0x0000000082c00000, 0x0000000082b00000| Untracked 
|  44|0x0000000082c00000, 0x0000000082d00000, 0x0000000082d00000|100%| O|  |TAMS 0x0000000082d00000, 0x0000000082c00000| Untracked 
|  45|0x0000000082d00000, 0x0000000082e00000, 0x0000000082e00000|100%| O|  |TAMS 0x0000000082e00000, 0x0000000082d00000| Untracked 
|  46|0x0000000082e00000, 0x0000000082f00000, 0x0000000082f00000|100%| O|  |TAMS 0x0000000082f00000, 0x0000000082e00000| Complete 
|  47|0x0000000082f00000, 0x0000000083000000, 0x0000000083000000|100%| O|  |TAMS 0x0000000083000000, 0x0000000082f00000| Untracked 
|  48|0x0000000083000000, 0x0000000083100000, 0x0000000083100000|100%| O|  |TAMS 0x0000000083100000, 0x0000000083000000| Untracked 
|  49|0x0000000083100000, 0x0000000083200000, 0x0000000083200000|100%| O|  |TAMS 0x0000000083200000, 0x0000000083100000| Complete 
|  50|0x0000000083200000, 0x0000000083300000, 0x0000000083300000|100%| O|  |TAMS 0x0000000083300000, 0x0000000083200000| Complete 
|  51|0x0000000083300000, 0x0000000083400000, 0x0000000083400000|100%| O|  |TAMS 0x0000000083400000, 0x0000000083300000| Complete 
|  52|0x0000000083400000, 0x0000000083500000, 0x0000000083500000|100%| O|  |TAMS 0x0000000083500000, 0x0000000083400000| Untracked 
|  53|0x0000000083500000, 0x0000000083600000, 0x0000000083600000|100%| O|  |TAMS 0x0000000083600000, 0x0000000083500000| Complete 
|  54|0x0000000083600000, 0x0000000083700000, 0x0000000083700000|100%| O|  |TAMS 0x0000000083700000, 0x0000000083600000| Complete 
|  55|0x0000000083700000, 0x0000000083800000, 0x0000000083800000|100%| O|  |TAMS 0x0000000083800000, 0x0000000083700000| Untracked 
|  56|0x0000000083800000, 0x0000000083900000, 0x0000000083900000|100%| O|  |TAMS 0x0000000083900000, 0x0000000083800000| Untracked 
|  57|0x0000000083900000, 0x0000000083a00000, 0x0000000083a00000|100%| O|  |TAMS 0x0000000083a00000, 0x0000000083900000| Untracked 
|  58|0x0000000083a00000, 0x0000000083b00000, 0x0000000083b00000|100%| O|  |TAMS 0x0000000083b00000, 0x0000000083a00000| Untracked 
|  59|0x0000000083b00000, 0x0000000083c00000, 0x0000000083c00000|100%| O|  |TAMS 0x0000000083c00000, 0x0000000083b00000| Untracked 
|  60|0x0000000083c00000, 0x0000000083d00000, 0x0000000083d00000|100%| O|  |TAMS 0x0000000083d00000, 0x0000000083c00000| Untracked 
|  61|0x0000000083d00000, 0x0000000083e00000, 0x0000000083e00000|100%| O|  |TAMS 0x0000000083e00000, 0x0000000083d00000| Untracked 
|  62|0x0000000083e00000, 0x0000000083f00000, 0x0000000083f00000|100%| O|  |TAMS 0x0000000083f00000, 0x0000000083e00000| Untracked 
|  63|0x0000000083f00000, 0x0000000084000000, 0x0000000084000000|100%| O|  |TAMS 0x0000000084000000, 0x0000000083f00000| Complete 
|  64|0x0000000084000000, 0x0000000084100000, 0x0000000084100000|100%| O|  |TAMS 0x0000000084100000, 0x0000000084000000| Untracked 
|  65|0x0000000084100000, 0x0000000084200000, 0x0000000084200000|100%| O|  |TAMS 0x0000000084200000, 0x0000000084100000| Untracked 
|  66|0x0000000084200000, 0x0000000084300000, 0x0000000084300000|100%| O|  |TAMS 0x0000000084300000, 0x0000000084200000| Untracked 
|  67|0x0000000084300000, 0x0000000084400000, 0x0000000084400000|100%| O|  |TAMS 0x0000000084400000, 0x0000000084300000| Untracked 
|  68|0x0000000084400000, 0x0000000084500000, 0x0000000084500000|100%| O|  |TAMS 0x0000000084500000, 0x0000000084400000| Untracked 
|  69|0x0000000084500000, 0x0000000084600000, 0x0000000084600000|100%| O|  |TAMS 0x0000000084600000, 0x0000000084500000| Untracked 
|  70|0x0000000084600000, 0x0000000084700000, 0x0000000084700000|100%| O|  |TAMS 0x0000000084700000, 0x0000000084600000| Untracked 
|  71|0x0000000084700000, 0x0000000084800000, 0x0000000084800000|100%| O|  |TAMS 0x0000000084800000, 0x0000000084700000| Untracked 
|  72|0x0000000084800000, 0x0000000084900000, 0x0000000084900000|100%| O|  |TAMS 0x0000000084900000, 0x0000000084800000| Untracked 
|  73|0x0000000084900000, 0x0000000084a00000, 0x0000000084a00000|100%| O|  |TAMS 0x0000000084a00000, 0x0000000084900000| Untracked 
|  74|0x0000000084a00000, 0x0000000084b00000, 0x0000000084b00000|100%| O|  |TAMS 0x0000000084b00000, 0x0000000084a00000| Untracked 
|  75|0x0000000084b00000, 0x0000000084c00000, 0x0000000084c00000|100%| O|  |TAMS 0x0000000084c00000, 0x0000000084b00000| Untracked 
|  76|0x0000000084c00000, 0x0000000084d00000, 0x0000000084d00000|100%| O|  |TAMS 0x0000000084d00000, 0x0000000084c00000| Complete 
|  77|0x0000000084d00000, 0x0000000084e00000, 0x0000000084e00000|100%| O|  |TAMS 0x0000000084e00000, 0x0000000084d00000| Untracked 
|  78|0x0000000084e00000, 0x0000000084f00000, 0x0000000084f00000|100%| O|  |TAMS 0x0000000084f00000, 0x0000000084e00000| Untracked 
|  79|0x0000000084f00000, 0x0000000085000000, 0x0000000085000000|100%| O|  |TAMS 0x0000000085000000, 0x0000000084f00000| Untracked 
|  80|0x0000000085000000, 0x0000000085100000, 0x0000000085100000|100%| O|  |TAMS 0x0000000085100000, 0x0000000085000000| Complete 
|  81|0x0000000085100000, 0x0000000085200000, 0x0000000085200000|100%| O|  |TAMS 0x0000000085200000, 0x0000000085100000| Complete 
|  82|0x0000000085200000, 0x0000000085300000, 0x0000000085300000|100%| O|  |TAMS 0x0000000085300000, 0x0000000085200000| Untracked 
|  83|0x0000000085300000, 0x0000000085400000, 0x0000000085400000|100%| O|  |TAMS 0x0000000085400000, 0x0000000085300000| Untracked 
|  84|0x0000000085400000, 0x0000000085500000, 0x0000000085500000|100%| O|  |TAMS 0x0000000085500000, 0x0000000085400000| Untracked 
|  85|0x0000000085500000, 0x0000000085600000, 0x0000000085600000|100%| O|  |TAMS 0x0000000085600000, 0x0000000085500000| Untracked 
|  86|0x0000000085600000, 0x0000000085700000, 0x0000000085700000|100%| O|  |TAMS 0x0000000085700000, 0x0000000085600000| Untracked 
|  87|0x0000000085700000, 0x0000000085800000, 0x0000000085800000|100%| O|  |TAMS 0x0000000085800000, 0x0000000085700000| Untracked 
|  88|0x0000000085800000, 0x0000000085900000, 0x0000000085900000|100%| O|  |TAMS 0x0000000085900000, 0x0000000085800000| Untracked 
|  89|0x0000000085900000, 0x0000000085a00000, 0x0000000085a00000|100%| O|  |TAMS 0x0000000085a00000, 0x0000000085900000| Untracked 
|  90|0x0000000085a00000, 0x0000000085b00000, 0x0000000085b00000|100%| O|  |TAMS 0x0000000085b00000, 0x0000000085a00000| Untracked 
|  91|0x0000000085b00000, 0x0000000085c00000, 0x0000000085c00000|100%| O|  |TAMS 0x0000000085c00000, 0x0000000085b00000| Untracked 
|  92|0x0000000085c00000, 0x0000000085d00000, 0x0000000085d00000|100%| O|  |TAMS 0x0000000085d00000, 0x0000000085c00000| Untracked 
|  93|0x0000000085d00000, 0x0000000085e00000, 0x0000000085e00000|100%| O|  |TAMS 0x0000000085e00000, 0x0000000085d00000| Complete 
|  94|0x0000000085e00000, 0x0000000085f00000, 0x0000000085f00000|100%| O|  |TAMS 0x0000000085f00000, 0x0000000085e00000| Untracked 
|  95|0x0000000085f00000, 0x0000000086000000, 0x0000000086000000|100%| O|  |TAMS 0x0000000086000000, 0x0000000085f00000| Untracked 
|  96|0x0000000086000000, 0x0000000086100000, 0x0000000086100000|100%| O|  |TAMS 0x0000000086100000, 0x0000000086000000| Complete 
|  97|0x0000000086100000, 0x0000000086200000, 0x0000000086200000|100%| O|  |TAMS 0x0000000086200000, 0x0000000086100000| Untracked 
|  98|0x0000000086200000, 0x0000000086300000, 0x0000000086300000|100%| O|  |TAMS 0x0000000086300000, 0x0000000086200000| Untracked 
|  99|0x0000000086300000, 0x0000000086400000, 0x0000000086400000|100%| O|  |TAMS 0x0000000086400000, 0x0000000086300000| Untracked 
| 100|0x0000000086400000, 0x0000000086500000, 0x0000000086500000|100%| O|  |TAMS 0x0000000086500000, 0x0000000086400000| Complete 
| 101|0x0000000086500000, 0x0000000086600000, 0x0000000086600000|100%| O|  |TAMS 0x0000000086600000, 0x0000000086500000| Complete 
| 102|0x0000000086600000, 0x0000000086700000, 0x0000000086700000|100%| O|  |TAMS 0x0000000086700000, 0x0000000086600000| Untracked 
| 103|0x0000000086700000, 0x0000000086800000, 0x0000000086800000|100%| O|  |TAMS 0x0000000086800000, 0x0000000086700000| Untracked 
| 104|0x0000000086800000, 0x0000000086900000, 0x0000000086900000|100%| O|  |TAMS 0x0000000086900000, 0x0000000086800000| Untracked 
| 105|0x0000000086900000, 0x0000000086a00000, 0x0000000086a00000|100%| O|  |TAMS 0x0000000086a00000, 0x0000000086900000| Complete 
| 106|0x0000000086a00000, 0x0000000086b00000, 0x0000000086b00000|100%| O|  |TAMS 0x0000000086b00000, 0x0000000086a00000| Untracked 
| 107|0x0000000086b00000, 0x0000000086c00000, 0x0000000086c00000|100%| O|  |TAMS 0x0000000086c00000, 0x0000000086b00000| Complete 
| 108|0x0000000086c00000, 0x0000000086d00000, 0x0000000086d00000|100%| O|  |TAMS 0x0000000086d00000, 0x0000000086c00000| Complete 
| 109|0x0000000086d00000, 0x0000000086e00000, 0x0000000086e00000|100%| O|  |TAMS 0x0000000086e00000, 0x0000000086d00000| Complete 
| 110|0x0000000086e00000, 0x0000000086f00000, 0x0000000086f00000|100%| O|  |TAMS 0x0000000086f00000, 0x0000000086e00000| Complete 
| 111|0x0000000086f00000, 0x0000000087000000, 0x0000000087000000|100%| O|  |TAMS 0x0000000087000000, 0x0000000086f00000| Untracked 
| 112|0x0000000087000000, 0x0000000087100000, 0x0000000087100000|100%| O|  |TAMS 0x0000000087100000, 0x0000000087000000| Untracked 
| 113|0x0000000087100000, 0x0000000087200000, 0x0000000087200000|100%| O|  |TAMS 0x0000000087200000, 0x0000000087100000| Complete 
| 114|0x0000000087200000, 0x0000000087300000, 0x0000000087300000|100%| O|  |TAMS 0x0000000087300000, 0x0000000087200000| Untracked 
| 115|0x0000000087300000, 0x0000000087400000, 0x0000000087400000|100%| O|  |TAMS 0x0000000087400000, 0x0000000087300000| Complete 
| 116|0x0000000087400000, 0x0000000087500000, 0x0000000087500000|100%| O|  |TAMS 0x0000000087500000, 0x0000000087400000| Complete 
| 117|0x0000000087500000, 0x0000000087600000, 0x0000000087600000|100%| O|  |TAMS 0x0000000087600000, 0x0000000087500000| Untracked 
| 118|0x0000000087600000, 0x0000000087700000, 0x0000000087700000|100%| O|  |TAMS 0x0000000087700000, 0x0000000087600000| Untracked 
| 119|0x0000000087700000, 0x0000000087800000, 0x0000000087800000|100%| O|  |TAMS 0x0000000087800000, 0x0000000087700000| Complete 
| 120|0x0000000087800000, 0x0000000087900000, 0x0000000087900000|100%| O|  |TAMS 0x0000000087900000, 0x0000000087800000| Complete 
| 121|0x0000000087900000, 0x0000000087a00000, 0x0000000087a00000|100%| O|  |TAMS 0x0000000087a00000, 0x0000000087900000| Complete 
| 122|0x0000000087a00000, 0x0000000087b00000, 0x0000000087b00000|100%| O|  |TAMS 0x0000000087b00000, 0x0000000087a00000| Untracked 
| 123|0x0000000087b00000, 0x0000000087c00000, 0x0000000087c00000|100%| O|  |TAMS 0x0000000087c00000, 0x0000000087b00000| Untracked 
| 124|0x0000000087c00000, 0x0000000087d00000, 0x0000000087d00000|100%| O|  |TAMS 0x0000000087d00000, 0x0000000087c00000| Untracked 
| 125|0x0000000087d00000, 0x0000000087e00000, 0x0000000087e00000|100%| O|  |TAMS 0x0000000087e00000, 0x0000000087d00000| Untracked 
| 126|0x0000000087e00000, 0x0000000087f00000, 0x0000000087f00000|100%| O|  |TAMS 0x0000000087f00000, 0x0000000087e00000| Complete 
| 127|0x0000000087f00000, 0x0000000088000000, 0x0000000088000000|100%| O|  |TAMS 0x0000000087fda000, 0x0000000087f00000| Untracked 
| 128|0x0000000088000000, 0x0000000088100000, 0x0000000088100000|100%| O|  |TAMS 0x0000000088000000, 0x0000000088000000| Untracked 
| 129|0x0000000088100000, 0x0000000088200000, 0x0000000088200000|100%| O|  |TAMS 0x0000000088100000, 0x0000000088100000| Untracked 
| 130|0x0000000088200000, 0x0000000088300000, 0x0000000088300000|100%| O|  |TAMS 0x0000000088200000, 0x0000000088200000| Untracked 
| 131|0x0000000088300000, 0x0000000088400000, 0x0000000088400000|100%| O|  |TAMS 0x0000000088300000, 0x0000000088300000| Untracked 
| 132|0x0000000088400000, 0x0000000088500000, 0x0000000088500000|100%| O|  |TAMS 0x0000000088400000, 0x0000000088400000| Untracked 
| 133|0x0000000088500000, 0x0000000088600000, 0x0000000088600000|100%| O|  |TAMS 0x0000000088500000, 0x0000000088500000| Untracked 
| 134|0x0000000088600000, 0x0000000088700000, 0x0000000088700000|100%| O|  |TAMS 0x0000000088600000, 0x0000000088600000| Untracked 
| 135|0x0000000088700000, 0x0000000088800000, 0x0000000088800000|100%| O|  |TAMS 0x0000000088700000, 0x0000000088700000| Untracked 
| 136|0x0000000088800000, 0x0000000088871498, 0x0000000088900000| 44%| O|  |TAMS 0x0000000088800000, 0x0000000088800000| Untracked 
| 137|0x0000000088900000, 0x0000000088900000, 0x0000000088a00000|  0%| F|  |TAMS 0x0000000088900000, 0x0000000088900000| Untracked 
| 138|0x0000000088a00000, 0x0000000088a00000, 0x0000000088b00000|  0%| F|  |TAMS 0x0000000088a00000, 0x0000000088a00000| Untracked 
| 139|0x0000000088b00000, 0x0000000088b00000, 0x0000000088c00000|  0%| F|  |TAMS 0x0000000088b00000, 0x0000000088b00000| Untracked 
| 140|0x0000000088c00000, 0x0000000088c00000, 0x0000000088d00000|  0%| F|  |TAMS 0x0000000088c00000, 0x0000000088c00000| Untracked 
| 141|0x0000000088d00000, 0x0000000088d00000, 0x0000000088e00000|  0%| F|  |TAMS 0x0000000088d00000, 0x0000000088d00000| Untracked 
| 142|0x0000000088e00000, 0x0000000088e00000, 0x0000000088f00000|  0%| F|  |TAMS 0x0000000088e00000, 0x0000000088e00000| Untracked 
| 143|0x0000000088f00000, 0x0000000088f00000, 0x0000000089000000|  0%| F|  |TAMS 0x0000000088f00000, 0x0000000088f00000| Untracked 
| 144|0x0000000089000000, 0x0000000089000000, 0x0000000089100000|  0%| F|  |TAMS 0x0000000089000000, 0x0000000089000000| Untracked 
| 145|0x0000000089100000, 0x0000000089100000, 0x0000000089200000|  0%| F|  |TAMS 0x0000000089100000, 0x0000000089100000| Untracked 
| 146|0x0000000089200000, 0x0000000089200000, 0x0000000089300000|  0%| F|  |TAMS 0x0000000089200000, 0x0000000089200000| Untracked 
| 147|0x0000000089300000, 0x0000000089300000, 0x0000000089400000|  0%| F|  |TAMS 0x0000000089300000, 0x0000000089300000| Untracked 
| 148|0x0000000089400000, 0x0000000089400000, 0x0000000089500000|  0%| F|  |TAMS 0x0000000089400000, 0x0000000089400000| Untracked 
| 149|0x0000000089500000, 0x0000000089500000, 0x0000000089600000|  0%| F|  |TAMS 0x0000000089500000, 0x0000000089500000| Untracked 
| 150|0x0000000089600000, 0x0000000089600000, 0x0000000089700000|  0%| F|  |TAMS 0x0000000089600000, 0x0000000089600000| Untracked 
| 151|0x0000000089700000, 0x0000000089700000, 0x0000000089800000|  0%| F|  |TAMS 0x0000000089700000, 0x0000000089700000| Untracked 
| 152|0x0000000089800000, 0x0000000089800000, 0x0000000089900000|  0%| F|  |TAMS 0x0000000089800000, 0x0000000089800000| Untracked 
| 153|0x0000000089900000, 0x0000000089900000, 0x0000000089a00000|  0%| F|  |TAMS 0x0000000089900000, 0x0000000089900000| Untracked 
| 154|0x0000000089a00000, 0x0000000089a00000, 0x0000000089b00000|  0%| F|  |TAMS 0x0000000089a00000, 0x0000000089a00000| Untracked 
| 155|0x0000000089b00000, 0x0000000089b00000, 0x0000000089c00000|  0%| F|  |TAMS 0x0000000089b00000, 0x0000000089b00000| Untracked 
| 156|0x0000000089c00000, 0x0000000089c00000, 0x0000000089d00000|  0%| F|  |TAMS 0x0000000089c00000, 0x0000000089c00000| Untracked 
| 157|0x0000000089d00000, 0x0000000089d00000, 0x0000000089e00000|  0%| F|  |TAMS 0x0000000089d00000, 0x0000000089d00000| Untracked 
| 158|0x0000000089e00000, 0x0000000089e00000, 0x0000000089f00000|  0%| F|  |TAMS 0x0000000089e00000, 0x0000000089e00000| Untracked 
| 159|0x0000000089f00000, 0x0000000089f00000, 0x000000008a000000|  0%| F|  |TAMS 0x0000000089f00000, 0x0000000089f00000| Untracked 
| 160|0x000000008a000000, 0x000000008a000000, 0x000000008a100000|  0%| F|  |TAMS 0x000000008a000000, 0x000000008a000000| Untracked 
| 161|0x000000008a100000, 0x000000008a100000, 0x000000008a200000|  0%| F|  |TAMS 0x000000008a100000, 0x000000008a100000| Untracked 
| 162|0x000000008a200000, 0x000000008a200000, 0x000000008a300000|  0%| F|  |TAMS 0x000000008a200000, 0x000000008a200000| Untracked 
| 163|0x000000008a300000, 0x000000008a300000, 0x000000008a400000|  0%| F|  |TAMS 0x000000008a300000, 0x000000008a300000| Untracked 
| 164|0x000000008a400000, 0x000000008a4c9d38, 0x000000008a500000| 78%| E|CS|TAMS 0x000000008a400000, 0x000000008a400000| Complete 
| 165|0x000000008a500000, 0x000000008a600000, 0x000000008a600000|100%| E|CS|TAMS 0x000000008a500000, 0x000000008a500000| Complete 
| 166|0x000000008a600000, 0x000000008a700000, 0x000000008a700000|100%| E|CS|TAMS 0x000000008a600000, 0x000000008a600000| Complete 
| 167|0x000000008a700000, 0x000000008a800000, 0x000000008a800000|100%| E|CS|TAMS 0x000000008a700000, 0x000000008a700000| Complete 
| 168|0x000000008a800000, 0x000000008a900000, 0x000000008a900000|100%| E|CS|TAMS 0x000000008a800000, 0x000000008a800000| Complete 
| 169|0x000000008a900000, 0x000000008aa00000, 0x000000008aa00000|100%| E|CS|TAMS 0x000000008a900000, 0x000000008a900000| Complete 
| 170|0x000000008aa00000, 0x000000008aa00000, 0x000000008ab00000|  0%| F|  |TAMS 0x000000008aa00000, 0x000000008aa00000| Untracked 
| 171|0x000000008ab00000, 0x000000008ab00000, 0x000000008ac00000|  0%| F|  |TAMS 0x000000008ab00000, 0x000000008ab00000| Untracked 
| 172|0x000000008ac00000, 0x000000008ac00000, 0x000000008ad00000|  0%| F|  |TAMS 0x000000008ac00000, 0x000000008ac00000| Untracked 
| 173|0x000000008ad00000, 0x000000008ad00000, 0x000000008ae00000|  0%| F|  |TAMS 0x000000008ad00000, 0x000000008ad00000| Untracked 
| 174|0x000000008ae00000, 0x000000008ae00000, 0x000000008af00000|  0%| F|  |TAMS 0x000000008ae00000, 0x000000008ae00000| Untracked 
| 175|0x000000008af00000, 0x000000008b000000, 0x000000008b000000|100%| E|CS|TAMS 0x000000008af00000, 0x000000008af00000| Complete 
| 176|0x000000008b000000, 0x000000008b100000, 0x000000008b100000|100%| E|CS|TAMS 0x000000008b000000, 0x000000008b000000| Complete 
| 177|0x000000008b100000, 0x000000008b200000, 0x000000008b200000|100%| E|CS|TAMS 0x000000008b100000, 0x000000008b100000| Complete 
| 178|0x000000008b200000, 0x000000008b300000, 0x000000008b300000|100%| E|CS|TAMS 0x000000008b200000, 0x000000008b200000| Complete 
| 179|0x000000008b300000, 0x000000008b300000, 0x000000008b400000|  0%| F|  |TAMS 0x000000008b300000, 0x000000008b300000| Untracked 
| 180|0x000000008b400000, 0x000000008b400000, 0x000000008b500000|  0%| F|  |TAMS 0x000000008b400000, 0x000000008b400000| Untracked 
| 181|0x000000008b500000, 0x000000008b5d3200, 0x000000008b600000| 82%| S|  |TAMS 0x000000008b500000, 0x000000008b500000| Complete 
| 182|0x000000008b600000, 0x000000008b700000, 0x000000008b700000|100%| S|  |TAMS 0x000000008b600000, 0x000000008b600000| Complete 
| 183|0x000000008b700000, 0x000000008b800000, 0x000000008b800000|100%| S|  |TAMS 0x000000008b700000, 0x000000008b700000| Complete 
| 184|0x000000008b800000, 0x000000008b900000, 0x000000008b900000|100%| E|CS|TAMS 0x000000008b800000, 0x000000008b800000| Complete 
| 185|0x000000008b900000, 0x000000008ba00000, 0x000000008ba00000|100%| E|CS|TAMS 0x000000008b900000, 0x000000008b900000| Complete 
| 186|0x000000008ba00000, 0x000000008bb00000, 0x000000008bb00000|100%| E|CS|TAMS 0x000000008ba00000, 0x000000008ba00000| Complete 
| 187|0x000000008bb00000, 0x000000008bc00000, 0x000000008bc00000|100%| E|CS|TAMS 0x000000008bb00000, 0x000000008bb00000| Complete 
| 188|0x000000008bc00000, 0x000000008bd00000, 0x000000008bd00000|100%| E|CS|TAMS 0x000000008bc00000, 0x000000008bc00000| Complete 
| 189|0x000000008bd00000, 0x000000008be00000, 0x000000008be00000|100%| E|CS|TAMS 0x000000008bd00000, 0x000000008bd00000| Complete 
| 190|0x000000008be00000, 0x000000008bf00000, 0x000000008bf00000|100%| E|CS|TAMS 0x000000008be00000, 0x000000008be00000| Complete 
| 191|0x000000008bf00000, 0x000000008c000000, 0x000000008c000000|100%| E|CS|TAMS 0x000000008bf00000, 0x000000008bf00000| Complete 
| 192|0x000000008c000000, 0x000000008c100000, 0x000000008c100000|100%| E|CS|TAMS 0x000000008c000000, 0x000000008c000000| Complete 
| 193|0x000000008c100000, 0x000000008c200000, 0x000000008c200000|100%| E|CS|TAMS 0x000000008c100000, 0x000000008c100000| Complete 
| 194|0x000000008c200000, 0x000000008c300000, 0x000000008c300000|100%| E|CS|TAMS 0x000000008c200000, 0x000000008c200000| Complete 
| 195|0x000000008c300000, 0x000000008c400000, 0x000000008c400000|100%| E|CS|TAMS 0x000000008c300000, 0x000000008c300000| Complete 
| 196|0x000000008c400000, 0x000000008c500000, 0x000000008c500000|100%| E|CS|TAMS 0x000000008c400000, 0x000000008c400000| Complete 
| 197|0x000000008c500000, 0x000000008c600000, 0x000000008c600000|100%| E|CS|TAMS 0x000000008c500000, 0x000000008c500000| Complete 
| 198|0x000000008c600000, 0x000000008c700000, 0x000000008c700000|100%| E|CS|TAMS 0x000000008c600000, 0x000000008c600000| Complete 
| 199|0x000000008c700000, 0x000000008c800000, 0x000000008c800000|100%| E|CS|TAMS 0x000000008c700000, 0x000000008c700000| Complete 
| 200|0x000000008c800000, 0x000000008c900000, 0x000000008c900000|100%| E|CS|TAMS 0x000000008c800000, 0x000000008c800000| Complete 
| 201|0x000000008c900000, 0x000000008ca00000, 0x000000008ca00000|100%| E|CS|TAMS 0x000000008c900000, 0x000000008c900000| Complete 
| 202|0x000000008ca00000, 0x000000008cb00000, 0x000000008cb00000|100%| E|CS|TAMS 0x000000008ca00000, 0x000000008ca00000| Complete 
| 203|0x000000008cb00000, 0x000000008cc00000, 0x000000008cc00000|100%| E|CS|TAMS 0x000000008cb00000, 0x000000008cb00000| Complete 
| 204|0x000000008cc00000, 0x000000008cd00000, 0x000000008cd00000|100%| E|CS|TAMS 0x000000008cc00000, 0x000000008cc00000| Complete 
| 205|0x000000008cd00000, 0x000000008ce00000, 0x000000008ce00000|100%| E|CS|TAMS 0x000000008cd00000, 0x000000008cd00000| Complete 
| 206|0x000000008ce00000, 0x000000008cf00000, 0x000000008cf00000|100%| E|CS|TAMS 0x000000008ce00000, 0x000000008ce00000| Complete 
| 207|0x000000008cf00000, 0x000000008d000000, 0x000000008d000000|100%| E|CS|TAMS 0x000000008cf00000, 0x000000008cf00000| Complete 
| 208|0x000000008d000000, 0x000000008d100000, 0x000000008d100000|100%| E|CS|TAMS 0x000000008d000000, 0x000000008d000000| Complete 
| 209|0x000000008d100000, 0x000000008d200000, 0x000000008d200000|100%| E|CS|TAMS 0x000000008d100000, 0x000000008d100000| Complete 
| 210|0x000000008d200000, 0x000000008d300000, 0x000000008d300000|100%| E|CS|TAMS 0x000000008d200000, 0x000000008d200000| Complete 
| 211|0x000000008d300000, 0x000000008d400000, 0x000000008d400000|100%| E|CS|TAMS 0x000000008d300000, 0x000000008d300000| Complete 
| 212|0x000000008d400000, 0x000000008d500000, 0x000000008d500000|100%| E|CS|TAMS 0x000000008d400000, 0x000000008d400000| Complete 
| 213|0x000000008d500000, 0x000000008d600000, 0x000000008d600000|100%| E|CS|TAMS 0x000000008d500000, 0x000000008d500000| Complete 
| 214|0x000000008d600000, 0x000000008d700000, 0x000000008d700000|100%| E|CS|TAMS 0x000000008d600000, 0x000000008d600000| Complete 
| 215|0x000000008d700000, 0x000000008d800000, 0x000000008d800000|100%| E|CS|TAMS 0x000000008d700000, 0x000000008d700000| Complete 
| 216|0x000000008d800000, 0x000000008d900000, 0x000000008d900000|100%| E|CS|TAMS 0x000000008d800000, 0x000000008d800000| Complete 
| 217|0x000000008d900000, 0x000000008da00000, 0x000000008da00000|100%| E|CS|TAMS 0x000000008d900000, 0x000000008d900000| Complete 
| 218|0x000000008da00000, 0x000000008db00000, 0x000000008db00000|100%| E|CS|TAMS 0x000000008da00000, 0x000000008da00000| Complete 
| 219|0x000000008db00000, 0x000000008dc00000, 0x000000008dc00000|100%| E|CS|TAMS 0x000000008db00000, 0x000000008db00000| Complete 
| 220|0x000000008dc00000, 0x000000008dd00000, 0x000000008dd00000|100%| E|CS|TAMS 0x000000008dc00000, 0x000000008dc00000| Complete 
| 221|0x000000008dd00000, 0x000000008de00000, 0x000000008de00000|100%| E|CS|TAMS 0x000000008dd00000, 0x000000008dd00000| Complete 
| 222|0x000000008de00000, 0x000000008df00000, 0x000000008df00000|100%| E|CS|TAMS 0x000000008de00000, 0x000000008de00000| Complete 
| 223|0x000000008df00000, 0x000000008e000000, 0x000000008e000000|100%| E|CS|TAMS 0x000000008df00000, 0x000000008df00000| Complete 
| 224|0x000000008e000000, 0x000000008e100000, 0x000000008e100000|100%| E|CS|TAMS 0x000000008e000000, 0x000000008e000000| Complete 
| 225|0x000000008e100000, 0x000000008e200000, 0x000000008e200000|100%| E|CS|TAMS 0x000000008e100000, 0x000000008e100000| Complete 
| 226|0x000000008e200000, 0x000000008e300000, 0x000000008e300000|100%| E|CS|TAMS 0x000000008e200000, 0x000000008e200000| Complete 
| 227|0x000000008e300000, 0x000000008e400000, 0x000000008e400000|100%| E|CS|TAMS 0x000000008e300000, 0x000000008e300000| Complete 
| 228|0x000000008e400000, 0x000000008e500000, 0x000000008e500000|100%| E|CS|TAMS 0x000000008e400000, 0x000000008e400000| Complete 
| 229|0x000000008e500000, 0x000000008e600000, 0x000000008e600000|100%| E|CS|TAMS 0x000000008e500000, 0x000000008e500000| Complete 
| 230|0x000000008e600000, 0x000000008e700000, 0x000000008e700000|100%| E|CS|TAMS 0x000000008e600000, 0x000000008e600000| Complete 
| 231|0x000000008e700000, 0x000000008e800000, 0x000000008e800000|100%| E|CS|TAMS 0x000000008e700000, 0x000000008e700000| Complete 
| 232|0x000000008e800000, 0x000000008e900000, 0x000000008e900000|100%| E|CS|TAMS 0x000000008e800000, 0x000000008e800000| Complete 
| 233|0x000000008e900000, 0x000000008ea00000, 0x000000008ea00000|100%| E|CS|TAMS 0x000000008e900000, 0x000000008e900000| Complete 
| 234|0x000000008ea00000, 0x000000008eb00000, 0x000000008eb00000|100%| E|CS|TAMS 0x000000008ea00000, 0x000000008ea00000| Complete 
| 235|0x000000008eb00000, 0x000000008ec00000, 0x000000008ec00000|100%| E|CS|TAMS 0x000000008eb00000, 0x000000008eb00000| Complete 
| 236|0x000000008ec00000, 0x000000008ed00000, 0x000000008ed00000|100%| E|CS|TAMS 0x000000008ec00000, 0x000000008ec00000| Complete 
| 237|0x000000008ed00000, 0x000000008ee00000, 0x000000008ee00000|100%| E|CS|TAMS 0x000000008ed00000, 0x000000008ed00000| Complete 
| 238|0x000000008ee00000, 0x000000008ef00000, 0x000000008ef00000|100%| E|CS|TAMS 0x000000008ee00000, 0x000000008ee00000| Complete 
| 239|0x000000008ef00000, 0x000000008f000000, 0x000000008f000000|100%| E|CS|TAMS 0x000000008ef00000, 0x000000008ef00000| Complete 
| 240|0x000000008f000000, 0x000000008f100000, 0x000000008f100000|100%| E|CS|TAMS 0x000000008f000000, 0x000000008f000000| Complete 
| 241|0x000000008f100000, 0x000000008f200000, 0x000000008f200000|100%| E|CS|TAMS 0x000000008f100000, 0x000000008f100000| Complete 
| 242|0x000000008f200000, 0x000000008f300000, 0x000000008f300000|100%| E|CS|TAMS 0x000000008f200000, 0x000000008f200000| Complete 
| 243|0x000000008f300000, 0x000000008f400000, 0x000000008f400000|100%| E|CS|TAMS 0x000000008f300000, 0x000000008f300000| Complete 
| 244|0x000000008f400000, 0x000000008f500000, 0x000000008f500000|100%| E|CS|TAMS 0x000000008f400000, 0x000000008f400000| Complete 
| 245|0x000000008f500000, 0x000000008f600000, 0x000000008f600000|100%| E|CS|TAMS 0x000000008f500000, 0x000000008f500000| Complete 
| 246|0x000000008f600000, 0x000000008f700000, 0x000000008f700000|100%| E|CS|TAMS 0x000000008f600000, 0x000000008f600000| Complete 
| 247|0x000000008f700000, 0x000000008f800000, 0x000000008f800000|100%| E|CS|TAMS 0x000000008f700000, 0x000000008f700000| Complete 
| 248|0x000000008f800000, 0x000000008f900000, 0x000000008f900000|100%| E|CS|TAMS 0x000000008f800000, 0x000000008f800000| Complete 
| 249|0x000000008f900000, 0x000000008fa00000, 0x000000008fa00000|100%| E|CS|TAMS 0x000000008f900000, 0x000000008f900000| Complete 
| 250|0x000000008fa00000, 0x000000008fb00000, 0x000000008fb00000|100%| E|CS|TAMS 0x000000008fa00000, 0x000000008fa00000| Complete 
| 251|0x000000008fb00000, 0x000000008fc00000, 0x000000008fc00000|100%| E|CS|TAMS 0x000000008fb00000, 0x000000008fb00000| Complete 
| 252|0x000000008fc00000, 0x000000008fd00000, 0x000000008fd00000|100%| E|CS|TAMS 0x000000008fc00000, 0x000000008fc00000| Complete 
| 253|0x000000008fd00000, 0x000000008fe00000, 0x000000008fe00000|100%| E|CS|TAMS 0x000000008fd00000, 0x000000008fd00000| Complete 
| 254|0x000000008fe00000, 0x000000008ff00000, 0x000000008ff00000|100%| E|CS|TAMS 0x000000008fe00000, 0x000000008fe00000| Complete 
| 255|0x000000008ff00000, 0x0000000090000000, 0x0000000090000000|100%| E|CS|TAMS 0x000000008ff00000, 0x000000008ff00000| Complete 

Card table byte_map: [0x00000178d6260000,0x00000178d6660000] _byte_map_base: 0x00000178d5e60000

Marking Bits (Prev, Next): (CMBitMap*) 0x00000178bc8e1c08, (CMBitMap*) 0x00000178bc8e1c40
 Prev Bits: [0x00000178d6a60000, 0x00000178d8a60000)
 Next Bits: [0x00000178d8a60000, 0x00000178daa60000)

Polling page: 0x00000178bc980000

Metaspace:

Usage:
  Non-class:    112.93 MB capacity,   110.62 MB ( 98%) used,     1.85 MB (  2%) free+waste,   478.56 KB ( <1%) overhead. 
      Class:     17.48 MB capacity,    16.01 MB ( 92%) used,     1.25 MB (  7%) free+waste,   221.31 KB (  1%) overhead. 
       Both:    130.41 MB capacity,   126.63 MB ( 97%) used,     3.10 MB (  2%) free+waste,   699.88 KB ( <1%) overhead. 

Virtual space:
  Non-class space:      114.00 MB reserved,     113.15 MB (>99%) committed 
      Class space:        1.00 GB reserved,      17.50 MB (  2%) committed 
             Both:        1.11 GB reserved,     130.65 MB ( 11%) committed 

Chunk freelists:
   Non-Class:  35.00 KB
       Class:  25.00 KB
        Both:  60.00 KB

MaxMetaspaceSize: 17179869184.00 GB
CompressedClassSpaceSize: 1.00 GB
Initial GC threshold: 20.80 MB
Current GC threshold: 217.75 MB
CDS: off

CodeHeap 'non-profiled nmethods': size=120064Kb used=12455Kb max_used=12987Kb free=107609Kb
 bounds [0x00000178ce300000, 0x00000178cefb0000, 0x00000178d5840000]
CodeHeap 'profiled nmethods': size=120000Kb used=43810Kb max_used=44704Kb free=76190Kb
 bounds [0x00000178c6dd0000, 0x00000178c9a10000, 0x00000178ce300000]
CodeHeap 'non-nmethods': size=5696Kb used=2445Kb max_used=2481Kb free=3251Kb
 bounds [0x00000178c6840000, 0x00000178c6ab0000, 0x00000178c6dd0000]
 total_blobs=19940 nmethods=18971 adapters=879
 compilation: enabled
              stopped_count=0, restarted_count=0
 full_count=0

Compilation events (20 events):
Event: 103.676 Thread 0x00000178dd98e000 nmethod 20585% 0x00000178c99d9f10 code [0x00000178c99dc320, 0x00000178c99f3728]
Event: 103.676 Thread 0x00000178dd98e000 20597 %     3       com.android.tools.r8.ir.regalloc.b::h @ 215 (613 bytes)
Event: 103.679 Thread 0x00000178dd98e000 nmethod 20597% 0x00000178c7b1fa10 code [0x00000178c7b203c0, 0x00000178c7b26d78]
Event: 103.679 Thread 0x00000178dd98e000 20602 %     3       java.util.HashMap$EntrySpliterator::forEachRemaining @ 122 (183 bytes)
Event: 103.680 Thread 0x00000178dd98e000 nmethod 20602% 0x00000178c7742c90 code [0x00000178c7742ec0, 0x00000178c77437c8]
Event: 103.680 Thread 0x00000178dd98e000 20590 %     3       com.android.tools.r8.internal.zB::a @ 22 (101 bytes)
Event: 103.681 Thread 0x00000178dd98e000 nmethod 20590% 0x00000178c7645b90 code [0x00000178c7645ec0, 0x00000178c76474b8]
Event: 103.681 Thread 0x00000178dd98e000 20596 %     3       com.android.tools.r8.internal.Kb::a @ 42 (566 bytes)
Event: 103.684 Thread 0x00000178dd98e000 nmethod 20596% 0x00000178c7a4a090 code [0x00000178c7a4a8e0, 0x00000178c7a50168]
Event: 103.684 Thread 0x00000178dd98e000 20599 %     3       com.android.tools.r8.internal.Kb::e @ 90 (632 bytes)
Event: 103.687 Thread 0x00000178dd98e000 nmethod 20599% 0x00000178c72e5e90 code [0x00000178c72e6780, 0x00000178c72ec8b8]
Event: 103.687 Thread 0x00000178dd98e000 20594 %     3       com.android.tools.r8.internal.gR::a @ 22 (182 bytes)
Event: 103.688 Thread 0x00000178dd98e000 nmethod 20594% 0x00000178c7795f90 code [0x00000178c7796360, 0x00000178c7798038]
Event: 103.688 Thread 0x00000178dd98e000 20595 %     3       com.android.tools.r8.internal.Kb::o @ 31 (466 bytes)
Event: 103.691 Thread 0x00000178dd98e000 nmethod 20595% 0x00000178c7b0d010 code [0x00000178c7b0d740, 0x00000178c7b12968]
Event: 103.691 Thread 0x00000178dd98e000 20598 %     3       com.android.tools.r8.internal.Kb::m @ 66 (1053 bytes)
Event: 103.696 Thread 0x00000178dd98e000 nmethod 20598% 0x00000178c99fc010 code [0x00000178c99fcd00, 0x00000178c9a066f8]
Event: 103.696 Thread 0x00000178dd98e000 20592       2       com.android.tools.r8.graph.Y::a (428 bytes)
Event: 103.698 Thread 0x00000178dd98e000 nmethod 20592 0x00000178c7012810 code [0x00000178c7012cc0, 0x00000178c7014858]
Event: 103.698 Thread 0x00000178dd98e000 20610 %     3       com.android.tools.r8.internal.Pn::a @ 898 (3393 bytes)

GC Heap History (20 events):
Event: 76.998 GC heap before
{Heap before GC invocations=30 (full 0):
 garbage-first heap   total 262144K, used 134708K [0x0000000080000000, 0x0000000100000000)
  region size 1024K, 12 young (12288K), 5 survivors (5120K)
 Metaspace       used 107127K, capacity 109430K, committed 109596K, reserved 1144832K
  class space    used 13281K, capacity 14118K, committed 14208K, reserved 1048576K
}
Event: 77.005 GC heap after
{Heap after GC invocations=31 (full 0):
 garbage-first heap   total 262144K, used 119016K [0x0000000080000000, 0x0000000100000000)
  region size 1024K, 1 young (1024K), 1 survivors (1024K)
 Metaspace       used 107127K, capacity 109430K, committed 109596K, reserved 1144832K
  class space    used 13281K, capacity 14118K, committed 14208K, reserved 1048576K
}
Event: 79.519 GC heap before
{Heap before GC invocations=31 (full 0):
 garbage-first heap   total 262144K, used 188648K [0x0000000080000000, 0x0000000100000000)
  region size 1024K, 70 young (71680K), 1 survivors (1024K)
 Metaspace       used 108922K, capacity 111195K, committed 111260K, reserved 1146880K
  class space    used 13461K, capacity 14325K, committed 14336K, reserved 1048576K
}
Event: 79.529 GC heap after
{Heap after GC invocations=32 (full 0):
 garbage-first heap   total 262144K, used 124669K [0x0000000080000000, 0x0000000100000000)
  region size 1024K, 7 young (7168K), 7 survivors (7168K)
 Metaspace       used 108922K, capacity 111195K, committed 111260K, reserved 1146880K
  class space    used 13461K, capacity 14325K, committed 14336K, reserved 1048576K
}
Event: 80.393 GC heap before
{Heap before GC invocations=33 (full 0):
 garbage-first heap   total 262144K, used 194301K [0x0000000080000000, 0x0000000100000000)
  region size 1024K, 76 young (77824K), 7 survivors (7168K)
 Metaspace       used 111581K, capacity 113920K, committed 114204K, reserved 1148928K
  class space    used 13805K, capacity 14656K, committed 14720K, reserved 1048576K
}
Event: 80.401 GC heap after
{Heap after GC invocations=34 (full 0):
 garbage-first heap   total 262144K, used 126765K [0x0000000080000000, 0x0000000100000000)
  region size 1024K, 3 young (3072K), 3 survivors (3072K)
 Metaspace       used 111581K, capacity 113920K, committed 114204K, reserved 1148928K
  class space    used 13805K, capacity 14656K, committed 14720K, reserved 1048576K
}
Event: 80.455 GC heap before
{Heap before GC invocations=34 (full 0):
 garbage-first heap   total 262144K, used 135981K [0x0000000080000000, 0x0000000100000000)
  region size 1024K, 12 young (12288K), 3 survivors (3072K)
 Metaspace       used 112258K, capacity 114656K, committed 114844K, reserved 1148928K
  class space    used 13894K, capacity 14752K, committed 14848K, reserved 1048576K
}
Event: 80.461 GC heap after
{Heap after GC invocations=35 (full 0):
 garbage-first heap   total 262144K, used 123701K [0x0000000080000000, 0x0000000100000000)
  region size 1024K, 1 young (1024K), 1 survivors (1024K)
 Metaspace       used 112258K, capacity 114656K, committed 114844K, reserved 1148928K
  class space    used 13894K, capacity 14752K, committed 14848K, reserved 1048576K
}
Event: 85.687 GC heap before
{Heap before GC invocations=35 (full 0):
 garbage-first heap   total 262144K, used 198453K [0x0000000080000000, 0x0000000100000000)
  region size 1024K, 75 young (76800K), 1 survivors (1024K)
 Metaspace       used 113849K, capacity 116267K, committed 116508K, reserved 1150976K
  class space    used 14034K, capacity 14933K, committed 14976K, reserved 1048576K
}
Event: 85.695 GC heap after
{Heap after GC invocations=36 (full 0):
 garbage-first heap   total 262144K, used 128838K [0x0000000080000000, 0x0000000100000000)
  region size 1024K, 6 young (6144K), 6 survivors (6144K)
 Metaspace       used 113849K, capacity 116267K, committed 116508K, reserved 1150976K
  class space    used 14034K, capacity 14933K, committed 14976K, reserved 1048576K
}
Event: 100.341 GC heap before
{Heap before GC invocations=37 (full 0):
 garbage-first heap   total 262144K, used 202566K [0x0000000080000000, 0x0000000100000000)
  region size 1024K, 79 young (80896K), 6 survivors (6144K)
 Metaspace       used 113963K, capacity 116349K, committed 116508K, reserved 1150976K
  class space    used 14042K, capacity 14935K, committed 14976K, reserved 1048576K
}
Event: 100.349 GC heap after
{Heap after GC invocations=38 (full 0):
 garbage-first heap   total 262144K, used 130703K [0x0000000080000000, 0x0000000100000000)
  region size 1024K, 4 young (4096K), 4 survivors (4096K)
 Metaspace       used 113963K, capacity 116349K, committed 116508K, reserved 1150976K
  class space    used 14042K, capacity 14935K, committed 14976K, reserved 1048576K
}
Event: 100.772 GC heap before
{Heap before GC invocations=38 (full 0):
 garbage-first heap   total 262144K, used 137871K [0x0000000080000000, 0x0000000100000000)
  region size 1024K, 12 young (12288K), 4 survivors (4096K)
 Metaspace       used 113963K, capacity 116349K, committed 116508K, reserved 1150976K
  class space    used 14042K, capacity 14935K, committed 14976K, reserved 1048576K
}
Event: 100.777 GC heap after
{Heap after GC invocations=39 (full 0):
 garbage-first heap   total 262144K, used 129324K [0x0000000080000000, 0x0000000100000000)
  region size 1024K, 1 young (1024K), 1 survivors (1024K)
 Metaspace       used 113963K, capacity 116349K, committed 116508K, reserved 1150976K
  class space    used 14042K, capacity 14935K, committed 14976K, reserved 1048576K
}
Event: 102.287 GC heap before
{Heap before GC invocations=39 (full 0):
 garbage-first heap   total 262144K, used 205100K [0x0000000080000000, 0x0000000100000000)
  region size 1024K, 76 young (77824K), 1 survivors (1024K)
 Metaspace       used 124892K, capacity 128102K, committed 128412K, reserved 1161216K
  class space    used 15791K, capacity 17041K, committed 17152K, reserved 1048576K
}
Event: 102.294 GC heap after
{Heap after GC invocations=40 (full 0):
 garbage-first heap   total 262144K, used 133387K [0x0000000080000000, 0x0000000100000000)
  region size 1024K, 5 young (5120K), 5 survivors (5120K)
 Metaspace       used 124892K, capacity 128102K, committed 128412K, reserved 1161216K
  class space    used 15791K, capacity 17041K, committed 17152K, reserved 1048576K
}
Event: 103.060 GC heap before
{Heap before GC invocations=40 (full 0):
 garbage-first heap   total 262144K, used 209163K [0x0000000080000000, 0x0000000100000000)
  region size 1024K, 80 young (81920K), 5 survivors (5120K)
 Metaspace       used 129003K, capacity 132796K, committed 133020K, reserved 1165312K
  class space    used 16379K, capacity 17898K, committed 17920K, reserved 1048576K
}
Event: 103.068 GC heap after
{Heap after GC invocations=41 (full 0):
 garbage-first heap   total 262144K, used 134760K [0x0000000080000000, 0x0000000100000000)
  region size 1024K, 6 young (6144K), 6 survivors (6144K)
 Metaspace       used 129003K, capacity 132796K, committed 133020K, reserved 1165312K
  class space    used 16379K, capacity 17898K, committed 17920K, reserved 1048576K
}
Event: 103.373 GC heap before
{Heap before GC invocations=41 (full 0):
 garbage-first heap   total 262144K, used 212584K [0x0000000080000000, 0x0000000100000000)
  region size 1024K, 82 young (83968K), 6 survivors (6144K)
 Metaspace       used 129481K, capacity 133326K, committed 133532K, reserved 1165312K
  class space    used 16386K, capacity 17899K, committed 17920K, reserved 1048576K
}
Event: 103.398 GC heap after
{Heap after GC invocations=42 (full 0):
 garbage-first heap   total 262144K, used 140943K [0x0000000080000000, 0x0000000100000000)
  region size 1024K, 10 young (10240K), 10 survivors (10240K)
 Metaspace       used 129481K, capacity 133326K, committed 133532K, reserved 1165312K
  class space    used 16386K, capacity 17899K, committed 17920K, reserved 1048576K
}

Deoptimization events (20 events):
Event: 103.359 Thread 0x00000178df91b000 Uncommon trap: trap_request=0xffffff4d fr.pc=0x00000178cef9fc64 relative=0x0000000000000124
Event: 103.359 Thread 0x00000178df91b000 Uncommon trap: reason=unstable_if action=reinterpret pc=0x00000178cef9fc64 method=com.android.tools.r8.internal.Gf.a(C)Z @ 21 c2
Event: 103.359 Thread 0x00000178df91b000 DEOPT PACKING pc=0x00000178cef9fc64 sp=0x00000061d2df9d80
Event: 103.359 Thread 0x00000178df91b000 DEOPT UNPACKING pc=0x00000178c68485af sp=0x00000061d2df9c50 mode 2
Event: 103.359 Thread 0x00000178df91b000 Uncommon trap: trap_request=0xffffff4d fr.pc=0x00000178cef9f89c relative=0x000000000000007c
Event: 103.359 Thread 0x00000178df91b000 Uncommon trap: reason=unstable_if action=reinterpret pc=0x00000178cef9f89c method=com.android.tools.r8.internal.Gf.a(C)Z @ 21 c2
Event: 103.359 Thread 0x00000178df91b000 DEOPT PACKING pc=0x00000178cef9f89c sp=0x00000061d2df9d90
Event: 103.359 Thread 0x00000178df91b000 DEOPT UNPACKING pc=0x00000178c68485af sp=0x00000061d2df9d20 mode 2
Event: 103.461 Thread 0x00000178df91b000 DEOPT PACKING pc=0x00000178c983a8d0 sp=0x00000061d2df9960
Event: 103.468 Thread 0x00000178df91b000 DEOPT UNPACKING pc=0x00000178c6889d0e sp=0x00000061d2df9128 mode 0
Event: 103.471 Thread 0x00000178df920000 Uncommon trap: trap_request=0xffffff4d fr.pc=0x00000178cefa6df4 relative=0x0000000000000e34
Event: 103.471 Thread 0x00000178df920000 Uncommon trap: reason=unstable_if action=reinterpret pc=0x00000178cefa6df4 method=com.android.tools.r8.graph.y2.b(Ljava/lang/Object;)Lcom/android/tools/r8/internal/j7; @ 129 c2
Event: 103.471 Thread 0x00000178df920000 DEOPT PACKING pc=0x00000178cefa6df4 sp=0x00000061d3bf6fe0
Event: 103.471 Thread 0x00000178df920000 DEOPT UNPACKING pc=0x00000178c68485af sp=0x00000061d3bf6fa8 mode 2
Event: 103.595 Thread 0x00000178df920000 DEOPT PACKING pc=0x00000178c98256cc sp=0x00000061d3bf6c20
Event: 103.595 Thread 0x00000178df920000 DEOPT UNPACKING pc=0x00000178c6889d0e sp=0x00000061d3bf62c0 mode 0
Event: 103.605 Thread 0x00000178df91b000 DEOPT PACKING pc=0x00000178c94ef63d sp=0x00000061d2df9cc0
Event: 103.605 Thread 0x00000178df91b000 DEOPT UNPACKING pc=0x00000178c6889d0e sp=0x00000061d2df9160 mode 0
Event: 103.641 Thread 0x00000178df920000 DEOPT PACKING pc=0x00000178c966be63 sp=0x00000061d3bf6680
Event: 103.641 Thread 0x00000178df920000 DEOPT UNPACKING pc=0x00000178c6889d0e sp=0x00000061d3bf5c20 mode 0

Classes redefined (0 events):
No events

Internal exceptions (20 events):
Event: 102.600 Thread 0x00000178df920000 Exception <a 'java/lang/NoSuchMethodError'{0x000000008d510068}: 'java.lang.Object java.lang.invoke.Invokers$Holder.linkToTargetMethod(java.lang.Object, int, java.lang.Object, java.lang.Object, java.lang.Object, java.lang.Object)'> (0x000000008d510068) thrown at [./src/hotspot/share/interpreter/linkResolver.cpp, line 773]
Event: 102.600 Thread 0x00000178df91b000 Exception <a 'java/lang/NoSuchMethodError'{0x000000008d8c1920}: 'java.lang.Object java.lang.invoke.Invokers$Holder.linkToTargetMethod(java.lang.Object, int, java.lang.Object, java.lang.Object, java.lang.Object, java.lang.Object)'> (0x000000008d8c1920) thrown at [./src/hotspot/share/interpreter/linkResolver.cpp, line 773]
Event: 102.600 Thread 0x00000178df286000 Exception <a 'java/lang/NoSuchMethodError'{0x000000008d6cd9c0}: 'java.lang.Object java.lang.invoke.Invokers$Holder.linkToTargetMethod(java.lang.Object, int, java.lang.Object, java.lang.Object, java.lang.Object, java.lang.Object)'> (0x000000008d6cd9c0) thrown at [./src/hotspot/share/interpreter/linkResolver.cpp, line 773]
Event: 102.600 Thread 0x00000178df920000 Exception <a 'java/lang/NoSuchMethodError'{0x000000008d514cb8}: 'void java.lang.invoke.DirectMethodHandle$Holder.invokeSpecial(java.lang.Object, java.lang.Object, int, java.lang.Object, java.lang.Object, java.lang.Object, java.lang.Object, java.lang.Object)'> (0x000000008d514cb8) thrown at [./src/hotspot/share/interpreter/linkResolver.cpp, line 773]
Event: 102.601 Thread 0x00000178df286000 Exception <a 'java/lang/NoSuchMethodError'{0x000000008d6d15e0}: 'void java.lang.invoke.DirectMethodHandle$Holder.invokeSpecial(java.lang.Object, java.lang.Object, int, java.lang.Object, java.lang.Object, java.lang.Object, java.lang.Object, java.lang.Object)'> (0x000000008d6d15e0) thrown at [./src/hotspot/share/interpreter/linkResolver.cpp, line 773]
Event: 102.611 Thread 0x00000178df920000 Exception <a 'java/lang/NoSuchMethodError'{0x000000008d497640}: 'void java.lang.invoke.DirectMethodHandle$Holder.invokeStatic(java.lang.Object, java.lang.Object, java.lang.Object, java.lang.Object, java.lang.Object, java.lang.Object, java.lang.Object, java.lang.Object)'> (0x000000008d497640) thrown at [./src/hotspot/share/interpreter/linkResolver.cpp, line 773]
Event: 102.611 Thread 0x00000178df91b000 Exception <a 'java/lang/NoSuchMethodError'{0x000000008d575468}: 'void java.lang.invoke.DirectMethodHandle$Holder.invokeStatic(java.lang.Object, java.lang.Object, java.lang.Object, java.lang.Object, java.lang.Object, java.lang.Object, java.lang.Object, java.lang.Object)'> (0x000000008d575468) thrown at [./src/hotspot/share/interpreter/linkResolver.cpp, line 773]
Event: 102.701 Thread 0x00000178df286000 Exception <a 'java/lang/IncompatibleClassChangeError'{0x000000008cbf1570}: Found class java.lang.Object, but interface was expected> (0x000000008cbf1570) thrown at [./src/hotspot/share/interpreter/linkResolver.cpp, line 839]
Event: 102.752 Thread 0x00000178df920000 Exception <a 'java/lang/NoSuchMethodError'{0x000000008c6e3f28}: 'void java.lang.invoke.DirectMethodHandle$Holder.invokeSpecial(java.lang.Object, java.lang.Object, int)'> (0x000000008c6e3f28) thrown at [./src/hotspot/share/interpreter/linkResolver.cpp, line 773]
Event: 102.753 Thread 0x00000178df91c000 Exception <a 'java/lang/NoSuchMethodError'{0x000000008c50e328}: 'void java.lang.invoke.DirectMethodHandle$Holder.invokeSpecial(java.lang.Object, java.lang.Object, int)'> (0x000000008c50e328) thrown at [./src/hotspot/share/interpreter/linkResolver.cpp, line 773]
Event: 102.799 Thread 0x00000178df91c000 Exception <a 'sun/nio/fs/WindowsException'{0x000000008c4aee90}> (0x000000008c4aee90) thrown at [./src/hotspot/share/prims/jni.cpp, line 617]
Event: 102.799 Thread 0x00000178df286000 Exception <a 'sun/nio/fs/WindowsException'{0x000000008c4bf870}> (0x000000008c4bf870) thrown at [./src/hotspot/share/prims/jni.cpp, line 617]
Event: 102.799 Thread 0x00000178df91b000 Exception <a 'sun/nio/fs/WindowsException'{0x000000008c4d65d8}> (0x000000008c4d65d8) thrown at [./src/hotspot/share/prims/jni.cpp, line 617]
Event: 102.799 Thread 0x00000178df920000 Exception <a 'sun/nio/fs/WindowsException'{0x000000008c304560}> (0x000000008c304560) thrown at [./src/hotspot/share/prims/jni.cpp, line 617]
Event: 102.960 Thread 0x00000178df91b000 Exception <a 'sun/nio/fs/WindowsException'{0x000000008c3e82b0}> (0x000000008c3e82b0) thrown at [./src/hotspot/share/prims/jni.cpp, line 617]
Event: 102.973 Thread 0x00000178df91b000 Exception <a 'sun/nio/fs/WindowsException'{0x000000008c2db4b0}> (0x000000008c2db4b0) thrown at [./src/hotspot/share/prims/jni.cpp, line 617]
Event: 103.026 Thread 0x00000178df91b000 Exception <a 'sun/nio/fs/WindowsException'{0x000000008bbca650}> (0x000000008bbca650) thrown at [./src/hotspot/share/prims/jni.cpp, line 617]
Event: 103.121 Thread 0x00000178df286000 Exception <a 'sun/nio/fs/WindowsException'{0x000000008ef9e6b0}> (0x000000008ef9e6b0) thrown at [./src/hotspot/share/prims/jni.cpp, line 617]
Event: 103.280 Thread 0x00000178df286000 Exception <a 'sun/nio/fs/WindowsException'{0x000000008ca095c8}> (0x000000008ca095c8) thrown at [./src/hotspot/share/prims/jni.cpp, line 617]
Event: 103.346 Thread 0x00000178df920000 Exception <a 'sun/nio/fs/WindowsException'{0x000000008b7a90e0}> (0x000000008b7a90e0) thrown at [./src/hotspot/share/prims/jni.cpp, line 617]

Events (20 events):
Event: 103.534 Executing VM operation: CGC_Operation
Event: 103.556 Executing VM operation: CGC_Operation done
Event: 103.559 Executing VM operation: ICBufferFull
Event: 103.560 Executing VM operation: ICBufferFull done
Event: 103.586 Executing VM operation: ICBufferFull
Event: 103.587 Executing VM operation: ICBufferFull done
Event: 103.627 Executing VM operation: ICBufferFull
Event: 103.628 Executing VM operation: ICBufferFull done
Event: 103.641 Executing VM operation: CGC_Operation
Event: 103.642 Executing VM operation: CGC_Operation done
Event: 103.654 loading class com/android/tools/r8/code/z3
Event: 103.654 loading class com/android/tools/r8/code/z3 done
Event: 103.675 loading class com/android/tools/r8/code/B3
Event: 103.675 loading class com/android/tools/r8/code/B3 done
Event: 103.676 loading class com/android/tools/r8/code/C3
Event: 103.676 loading class com/android/tools/r8/code/C3 done
Event: 103.676 loading class com/android/tools/r8/code/D3
Event: 103.676 loading class com/android/tools/r8/code/D3 done
Event: 103.676 loading class com/android/tools/r8/code/A3
Event: 103.676 loading class com/android/tools/r8/code/A3 done


Dynamic libraries:
0x00007ff643620000 - 0x00007ff64362d000 	C:\Users\camendiola\.jdks\corretto-11.0.18\bin\java.exe
0x00007ffdb4d40000 - 0x00007ffdb4f41000 	C:\Windows\SYSTEM32\ntdll.dll
0x00007ffdb4300000 - 0x00007ffdb43be000 	C:\Windows\System32\KERNEL32.DLL
0x00007ffdb26c0000 - 0x00007ffdb2a26000 	C:\Windows\System32\KERNELBASE.dll
0x00007ffdb23b0000 - 0x00007ffdb24c0000 	C:\Windows\System32\ucrtbase.dll
0x00007ffd93000000 - 0x00007ffd93017000 	C:\Users\camendiola\.jdks\corretto-11.0.18\bin\jli.dll
0x00007ffd92fe0000 - 0x00007ffd92ff9000 	C:\Users\camendiola\.jdks\corretto-11.0.18\bin\VCRUNTIME140.dll
0x00007ffdb3940000 - 0x00007ffdb3ae6000 	C:\Windows\System32\USER32.dll
0x00007ffd970c0000 - 0x00007ffd97365000 	C:\Windows\WinSxS\amd64_microsoft.windows.common-controls_6595b64144ccf1df_6.0.20348.1_none_88d3d41d702dedea\COMCTL32.dll
0x00007ffdb2300000 - 0x00007ffdb2326000 	C:\Windows\System32\win32u.dll
0x00007ffdb2c80000 - 0x00007ffdb2d23000 	C:\Windows\System32\msvcrt.dll
0x00007ffdb3790000 - 0x00007ffdb37bb000 	C:\Windows\System32\GDI32.dll
0x00007ffdb2aa0000 - 0x00007ffdb2bb3000 	C:\Windows\System32\gdi32full.dll
0x00007ffdb24c0000 - 0x00007ffdb2560000 	C:\Windows\System32\msvcp_win.dll
0x00007ffdb40f0000 - 0x00007ffdb4121000 	C:\Windows\System32\IMM32.DLL
0x00007ffd8de40000 - 0x00007ffd8dedb000 	C:\Users\camendiola\.jdks\corretto-11.0.18\bin\msvcp140.dll
0x00007ffd64800000 - 0x00007ffd6538a000 	C:\Users\camendiola\.jdks\corretto-11.0.18\bin\server\jvm.dll
0x00007ffdb4540000 - 0x00007ffdb45ee000 	C:\Windows\System32\ADVAPI32.dll
0x00007ffdb37c0000 - 0x00007ffdb385f000 	C:\Windows\System32\sechost.dll
0x00007ffdb4420000 - 0x00007ffdb453e000 	C:\Windows\System32\RPCRT4.dll
0x00007ffdb41e0000 - 0x00007ffdb41e8000 	C:\Windows\System32\PSAPI.DLL
0x00007ffda7470000 - 0x00007ffda7479000 	C:\Windows\SYSTEM32\WSOCK32.dll
0x00007ffda74b0000 - 0x00007ffda74d7000 	C:\Windows\SYSTEM32\WINMM.dll
0x00007ffdb47d0000 - 0x00007ffdb4841000 	C:\Windows\System32\WS2_32.dll
0x00007ffda8940000 - 0x00007ffda894a000 	C:\Windows\SYSTEM32\VERSION.dll
0x00007ffdb0c60000 - 0x00007ffdb0c77000 	C:\Windows\SYSTEM32\kernel.appcore.dll
0x00007ffd930c0000 - 0x00007ffd930d0000 	C:\Users\camendiola\.jdks\corretto-11.0.18\bin\verify.dll
0x00007ffda7230000 - 0x00007ffda7442000 	C:\Windows\SYSTEM32\DBGHELP.DLL
0x00007ffda6af0000 - 0x00007ffda6b20000 	C:\Windows\SYSTEM32\dbgcore.DLL
0x00007ffdb2330000 - 0x00007ffdb23ad000 	C:\Windows\System32\bcryptPrimitives.dll
0x00007ffd923d0000 - 0x00007ffd923f8000 	C:\Users\camendiola\.jdks\corretto-11.0.18\bin\java.dll
0x00007ffd92f50000 - 0x00007ffd92f5a000 	C:\Users\camendiola\.jdks\corretto-11.0.18\bin\jimage.dll
0x00007ffd924e0000 - 0x00007ffd924f8000 	C:\Users\camendiola\.jdks\corretto-11.0.18\bin\zip.dll
0x00007ffdb2e70000 - 0x00007ffdb35ca000 	C:\Windows\System32\SHELL32.dll
0x00007ffda38c0000 - 0x00007ffda4106000 	C:\Windows\SYSTEM32\windows.storage.dll
0x00007ffdb4850000 - 0x00007ffdb4bc1000 	C:\Windows\System32\combase.dll
0x00007ffdb3af0000 - 0x00007ffdb3bda000 	C:\Windows\System32\SHCORE.dll
0x00007ffdb46e0000 - 0x00007ffdb473f000 	C:\Windows\System32\shlwapi.dll
0x00007ffdb2230000 - 0x00007ffdb2251000 	C:\Windows\SYSTEM32\profapi.dll
0x00007ffd90e00000 - 0x00007ffd90e19000 	C:\Users\camendiola\.jdks\corretto-11.0.18\bin\net.dll
0x00007ffdadf40000 - 0x00007ffdae04a000 	C:\Windows\SYSTEM32\WINHTTP.dll
0x00007ffdb17d0000 - 0x00007ffdb1838000 	C:\Windows\system32\mswsock.dll
0x00007ffd90cb0000 - 0x00007ffd90cc3000 	C:\Users\camendiola\.jdks\corretto-11.0.18\bin\nio.dll
0x00007ffd925d0000 - 0x00007ffd925f7000 	C:\Users\camendiola\Documents\Apps Android\Supervision\native\e1d6ef7f7dcc3fd88c89a11ec53ec762bb8ba0a96d01ffa2cd45eb1d1d8dd5c5\windows-amd64\native-platform.dll
0x00007ffd8a120000 - 0x00007ffd8a264000 	C:\Users\camendiola\Documents\Apps Android\Supervision\native\0d407fdbe67a94daf76414ababcb853783967236a71b16ec16e742cd7a986fd3\windows-amd64\native-platform-file-events.dll
0x00007ffd92720000 - 0x00007ffd92729000 	C:\Users\camendiola\.jdks\corretto-11.0.18\bin\management.dll
0x00007ffd92440000 - 0x00007ffd9244b000 	C:\Users\camendiola\.jdks\corretto-11.0.18\bin\management_ext.dll
0x00007ffdb1a30000 - 0x00007ffdb1a4b000 	C:\Windows\SYSTEM32\CRYPTSP.dll
0x00007ffdb1340000 - 0x00007ffdb1375000 	C:\Windows\system32\rsaenh.dll
0x00007ffdb18d0000 - 0x00007ffdb18fe000 	C:\Windows\SYSTEM32\USERENV.dll
0x00007ffdb1b70000 - 0x00007ffdb1b97000 	C:\Windows\SYSTEM32\bcrypt.dll
0x00007ffdb1a20000 - 0x00007ffdb1a2c000 	C:\Windows\SYSTEM32\CRYPTBASE.dll
0x00007ffdb1520000 - 0x00007ffdb154d000 	C:\Windows\SYSTEM32\IPHLPAPI.DLL
0x00007ffdb4bd0000 - 0x00007ffdb4bd9000 	C:\Windows\System32\NSI.dll
0x00007ffdae0d0000 - 0x00007ffdae0e9000 	C:\Windows\SYSTEM32\dhcpcsvc6.DLL
0x00007ffdae080000 - 0x00007ffdae09d000 	C:\Windows\SYSTEM32\dhcpcsvc.DLL
0x00007ffdb1550000 - 0x00007ffdb162e000 	C:\Windows\SYSTEM32\DNSAPI.dll
0x00007ffdb05e0000 - 0x00007ffdb0614000 	C:\Windows\SYSTEM32\ntmarta.dll

dbghelp: loaded successfully - version: 4.0.5 - missing functions: none
symbol engine: initialized successfully - sym options: 0x614 - pdb path: .;C:\Users\camendiola\.jdks\corretto-11.0.18\bin;C:\Windows\SYSTEM32;C:\Windows\WinSxS\amd64_microsoft.windows.common-controls_6595b64144ccf1df_6.0.20348.1_none_88d3d41d702dedea;C:\Users\camendiola\.jdks\corretto-11.0.18\bin\server;C:\Users\camendiola\Documents\Apps Android\Supervision\native\e1d6ef7f7dcc3fd88c89a11ec53ec762bb8ba0a96d01ffa2cd45eb1d1d8dd5c5\windows-amd64;C:\Users\camendiola\Documents\Apps Android\Supervision\native\0d407fdbe67a94daf76414ababcb853783967236a71b16ec16e742cd7a986fd3\windows-amd64

VM Arguments:
jvm_args: --add-opens=java.base/java.util=ALL-UNNAMED --add-opens=java.base/java.lang=ALL-UNNAMED --add-opens=java.base/java.lang.invoke=ALL-UNNAMED --add-opens=java.base/java.util=ALL-UNNAMED --add-opens=java.prefs/java.util.prefs=ALL-UNNAMED --add-opens=java.prefs/java.util.prefs=ALL-UNNAMED --add-opens=java.base/java.nio.charset=ALL-UNNAMED --add-opens=java.base/java.net=ALL-UNNAMED --add-opens=java.base/java.util.concurrent.atomic=ALL-UNNAMED -Xmx2048m -Dfile.encoding=UTF-8 -Duser.country=US -Duser.language=en -Duser.variant 
java_command: org.gradle.launcher.daemon.bootstrap.GradleDaemon 7.4
java_class_path (initial): C:\Users\camendiola\Documents\Apps Android\Supervision\wrapper\dists\gradle-7.4-bin\c0gwcg53nkjbqw7r0h0umtfvt\gradle-7.4\lib\gradle-launcher-7.4.jar
Launcher Type: SUN_STANDARD

[Global flags]
     intx CICompilerCount                          = 3                                         {product} {ergonomic}
     uint ConcGCThreads                            = 1                                         {product} {ergonomic}
     uint G1ConcRefinementThreads                  = 4                                         {product} {ergonomic}
   size_t G1HeapRegionSize                         = 1048576                                   {product} {ergonomic}
    uintx GCDrainStackTargetSize                   = 64                                        {product} {ergonomic}
   size_t InitialHeapSize                          = 268435456                                 {product} {ergonomic}
   size_t MarkStackSize                            = 4194304                                   {product} {ergonomic}
   size_t MaxHeapSize                              = 2147483648                                {product} {command line}
   size_t MaxNewSize                               = 1287651328                                {product} {ergonomic}
   size_t MinHeapDeltaBytes                        = 1048576                                   {product} {ergonomic}
    uintx NonNMethodCodeHeapSize                   = 5830732                                {pd product} {ergonomic}
    uintx NonProfiledCodeHeapSize                  = 122913754                              {pd product} {ergonomic}
    uintx ProfiledCodeHeapSize                     = 122913754                              {pd product} {ergonomic}
    uintx ReservedCodeCacheSize                    = 251658240                              {pd product} {ergonomic}
     bool SegmentedCodeCache                       = true                                      {product} {ergonomic}
     bool UseCompressedClassPointers               = true                                 {lp64_product} {ergonomic}
     bool UseCompressedOops                        = true                                 {lp64_product} {ergonomic}
     bool UseG1GC                                  = true                                      {product} {ergonomic}
     bool UseLargePagesIndividualAllocation        = false                                  {pd product} {ergonomic}

Logging:
Log output configuration:
 #0: stdout all=warning uptime,level,tags
 #1: stderr all=off uptime,level,tags

Environment Variables:
PATH=C:\Program Files\Common Files\Oracle\Java\javapath;C:\Program Files\Microsoft MPI\Bin\;C:\Windows\system32;C:\Windows;C:\Windows\System32\Wbem;C:\Windows\System32\WindowsPowerShell\v1.0\;C:\Windows\System32\OpenSSH\;C:\Program Files (x86)\GitExtensions\;C:\Program Files\nodejs\;C:\ProgramData\chocolatey\bin;C:\Program Files\Git\cmd;C:\Program Files\Microsoft SQL Server\Client SDK\ODBC\110\Tools\Binn\;C:\Program Files (x86)\Microsoft SQL Server\120\Tools\Binn\;C:\Program Files\Microsoft SQL Server\120\Tools\Binn\;C:\Program Files\Microsoft SQL Server\120\DTS\Binn\;C:\Program Files (x86)\Microsoft SQL Server\120\Tools\Binn\ManagementStudio\;C:\Program Files (x86)\Microsoft SQL Server\120\DTS\Binn\;C:\Program Files\Microsoft SQL Server\130\Tools\Binn\;C:\Program Files (x86)\Microsoft SQL Server\150\DTS\Binn\;C:\Users\camendiola\AppData\Local\Microsoft\WindowsApps;C:\Users\camendiola\AppData\Roaming\npm;C:\Program Files\Azure Data Studio\bin;C:\Program Files\Azure Data Studio\bin;C:\Users\camendiola\AppData\Local\Programs\Microsoft VS Code\bin;C:\Program Files\JetBrains\PyCharm Community Edition 2022.2.4\bin;;C:\Program Files\JetBrains\PyCharm 2022.3\bin;
USERNAME=camendiola
OS=Windows_NT
PROCESSOR_IDENTIFIER=Intel64 Family 6 Model 106 Stepping 6, GenuineIntel
TMP=C:\Users\CAMEND~1\AppData\Local\Temp\2
TEMP=C:\Users\CAMEND~1\AppData\Local\Temp\2



---------------  S Y S T E M  ---------------

OS: Windows Server 2022 , 64 bit Build 20348 (10.0.20348.1366)
OS uptime: 4 days 13:40 hours
VMWare virtualization detected

CPU:total 4 (initial active 4) (2 cores per cpu, 1 threads per core) family 6 model 106 stepping 6 microcode 0xd000375, cmov, cx8, fxsr, mmx, sse, sse2, sse3, ssse3, sse4.1, sse4.2, popcnt, avx, avx2, aes, clmul, erms, 3dnowpref, lzcnt, tsc, tscinvbit, bmi1, bmi2, adx, evex, sha, fma

Memory: 4k page, system-wide physical 16383M (517M free)
TotalPageFile size 35568M (AvailPageFile size 4M)
current process WorkingSet (physical memory assigned to process): 637M, peak: 637M
current process commit charge ("private bytes"): 679M, peak: 679M

vm_info: OpenJDK 64-Bit Server VM (11.0.18+10-LTS) for windows-amd64 JRE (11.0.18+10-LTS), built on Jan 10 2023 20:17:52 by "Administrator" with MS VC++ 15.9 (VS2017)

END.
