#
# There is insufficient memory for the Java Runtime Environment to continue.
# Native memory allocation (malloc) failed to allocate 1380976 bytes for Chunk::new
# Possible reasons:
#   The system is out of physical RAM or swap space
#   The process is running with CompressedOops enabled, and the Java Heap may be blocking the growth of the native heap
# Possible solutions:
#   Reduce memory load on the system
#   Increase physical memory or swap space
#   Check if swap backing store is full
#   Decrease Java heap size (-Xmx/-Xms)
#   Decrease number of Java threads
#   Decrease Java thread stack sizes (-Xss)
#   Set larger code cache with -XX:ReservedCodeCacheSize=
#   JVM is running with Unscaled Compressed Oops mode in which the Java heap is
#     placed in the first 4GB address space. The Java Heap base address is the
#     maximum limit for the native heap growth. Please use -XX:HeapBaseMinAddress
#     to set the Java Heap base and to place the Java Heap above 4GB virtual address.
# This output file may be truncated or incomplete.
#
#  Out of Memory Error (src/hotspot/share/memory/arena.cpp:197), pid=10440, tid=1104
#
# JRE version: OpenJDK Runtime Environment (11.0.15) (build 11.0.15+0-b2043.56-9505619)
# Java VM: OpenJDK 64-Bit Server VM (11.0.15+0-b2043.56-9505619, mixed mode, tiered, compressed oops, g1 gc, windows-amd64)
# Core dump will be written. Default location: C:\Users\camendiola\AndroidStudioProjects\APV2\hs_err_pid10440.mdmp
#

---------------  S U M M A R Y ------------

Command Line: --add-opens=java.base/java.util=ALL-UNNAMED --add-opens=java.base/java.lang=ALL-UNNAMED --add-opens=java.base/java.lang.invoke=ALL-UNNAMED --add-opens=java.base/java.util=ALL-UNNAMED --add-opens=java.prefs/java.util.prefs=ALL-UNNAMED --add-opens=java.prefs/java.util.prefs=ALL-UNNAMED --add-opens=java.base/java.nio.charset=ALL-UNNAMED --add-opens=java.base/java.net=ALL-UNNAMED --add-opens=java.base/java.util.concurrent.atomic=ALL-UNNAMED -Xmx2048m -Dfile.encoding=UTF-8 -Duser.country=US -Duser.language=en -Duser.variant org.gradle.launcher.daemon.bootstrap.GradleDaemon 7.5

Host: Intel(R) Xeon(R) Platinum 8358 CPU @ 2.60GHz, 4 cores, 15G,  Windows Server 2022 , 64 bit Build 20348 (10.0.20348.1366)
Time: Mon Mar 27 12:56:58 2023 Central Standard Time (Mexico) elapsed time: 146.241980 seconds (0d 0h 2m 26s)

---------------  T H R E A D  ---------------

Current thread (0x00000228e54e1000):  JavaThread "C2 CompilerThread0" daemon [_thread_in_native, id=1104, stack(0x0000006e76800000,0x0000006e76900000)]


Current CompileTask:
C2: 146242 22443       4       com.android.tools.r8.internal.jO::a (447 bytes)

Stack: [0x0000006e76800000,0x0000006e76900000]
Native frames: (J=compiled Java code, j=interpreted, Vv=VM code, C=native code)
V  [jvm.dll+0x64135a]
V  [jvm.dll+0x7d39f9]
V  [jvm.dll+0x7d51b9]
V  [jvm.dll+0x7d58a3]
V  [jvm.dll+0x2691c5]
V  [jvm.dll+0xc1a5c]
V  [jvm.dll+0xc200c]
V  [jvm.dll+0x3774a7]
V  [jvm.dll+0x342495]
V  [jvm.dll+0x34186a]
V  [jvm.dll+0x2214bd]
V  [jvm.dll+0x220498]
V  [jvm.dll+0x19e851]
V  [jvm.dll+0x230479]
V  [jvm.dll+0x22e5ef]
V  [jvm.dll+0x794de1]
V  [jvm.dll+0x78dc24]
V  [jvm.dll+0x6400f6]
C  [ucrtbase.dll+0x26b4c]
C  [KERNEL32.DLL+0x14de0]
C  [ntdll.dll+0x7e3db]


---------------  P R O C E S S  ---------------

Threads class SMR info:
_java_thread_list=0x00000228eefe5cd0, length=89, elements={
0x00000228cafe7000, 0x00000228e547a800, 0x00000228e5488000, 0x00000228e54d9800,
0x00000228e54da800, 0x00000228e54dc000, 0x00000228e54e1000, 0x00000228e54e4800,
0x00000228e54ea800, 0x00000228e5648000, 0x00000228e8688800, 0x00000228e7b38000,
0x00000228e82c1000, 0x00000228e7896800, 0x00000228e7822800, 0x00000228e6acb000,
0x00000228e824f000, 0x00000228e8133800, 0x00000228e741f000, 0x00000228e8deb800,
0x00000228e8dec800, 0x00000228e8de9000, 0x00000228e8dea000, 0x00000228e8ded000,
0x00000228e8de8800, 0x00000228e8dea800, 0x00000228e8dee000, 0x00000228e8def000,
0x00000228e79c6000, 0x00000228e79c6800, 0x00000228e79c8000, 0x00000228e79c7800,
0x00000228e79ca000, 0x00000228e79ca800, 0x00000228e79c5000, 0x00000228e79d0800,
0x00000228e79d1000, 0x00000228e79ce000, 0x00000228e79cb800, 0x00000228e79cc800,
0x00000228e79d3000, 0x00000228e79d2000, 0x00000228e79cd000, 0x00000228e79cf000,
0x00000228e77e8000, 0x00000228e77e7800, 0x00000228e77e9800, 0x00000228e77e9000,
0x00000228e77ee000, 0x00000228e77f0800, 0x00000228e77ee800, 0x00000228e77eb800,
0x00000228e77ef800, 0x00000228e77ec000, 0x00000228e77ed000, 0x00000228e77ea800,
0x00000228e77f2800, 0x00000228e77f4800, 0x00000228e77f1000, 0x00000228e77f5000,
0x00000228e77f3800, 0x00000228e77f6000, 0x00000228e77f2000, 0x00000228e6c93800,
0x00000228e6c97000, 0x00000228e6c94800, 0x00000228e6c97800, 0x00000228e6c95000,
0x00000228e6c92000, 0x00000228e6c93000, 0x00000228e6c9b000, 0x00000228e6c96000,
0x00000228e6c99800, 0x00000228e6c9c800, 0x00000228e6c9d800, 0x00000228e6c9a000,
0x00000228e6c9e000, 0x00000228e6c9b800, 0x00000228e6c98800, 0x00000228e6ca0800,
0x00000228e6c9f000, 0x00000228e6ca0000, 0x00000228eb0c8000, 0x00000228eb0cd000,
0x00000228eb0cc000, 0x00000228eb0ce000, 0x00000228eb0ce800, 0x00000228eb0cb800,
0x00000228e79cf800
}

Java Threads: ( => current thread )
  0x00000228cafe7000 JavaThread "main" [_thread_blocked, id=3616, stack(0x0000006e75c00000,0x0000006e75d00000)]
  0x00000228e547a800 JavaThread "Reference Handler" daemon [_thread_blocked, id=11060, stack(0x0000006e76300000,0x0000006e76400000)]
  0x00000228e5488000 JavaThread "Finalizer" daemon [_thread_blocked, id=9176, stack(0x0000006e76400000,0x0000006e76500000)]
  0x00000228e54d9800 JavaThread "Signal Dispatcher" daemon [_thread_blocked, id=2860, stack(0x0000006e76500000,0x0000006e76600000)]
  0x00000228e54da800 JavaThread "Attach Listener" daemon [_thread_blocked, id=8272, stack(0x0000006e76600000,0x0000006e76700000)]
  0x00000228e54dc000 JavaThread "Service Thread" daemon [_thread_blocked, id=8228, stack(0x0000006e76700000,0x0000006e76800000)]
=>0x00000228e54e1000 JavaThread "C2 CompilerThread0" daemon [_thread_in_native, id=1104, stack(0x0000006e76800000,0x0000006e76900000)]
  0x00000228e54e4800 JavaThread "C1 CompilerThread0" daemon [_thread_blocked, id=6352, stack(0x0000006e76900000,0x0000006e76a00000)]
  0x00000228e54ea800 JavaThread "Sweeper thread" daemon [_thread_blocked, id=10600, stack(0x0000006e76a00000,0x0000006e76b00000)]
  0x00000228e5648000 JavaThread "Common-Cleaner" daemon [_thread_blocked, id=7832, stack(0x0000006e76b00000,0x0000006e76c00000)]
  0x00000228e8688800 JavaThread "Daemon health stats" [_thread_blocked, id=2364, stack(0x0000006e77100000,0x0000006e77200000)]
  0x00000228e7b38000 JavaThread "Incoming local TCP Connector on port 63289" [_thread_in_native, id=5324, stack(0x0000006e77200000,0x0000006e77300000)]
  0x00000228e82c1000 JavaThread "Daemon periodic checks" [_thread_blocked, id=9408, stack(0x0000006e77300000,0x0000006e77400000)]
  0x00000228e7896800 JavaThread "Daemon" [_thread_blocked, id=2244, stack(0x0000006e77400000,0x0000006e77500000)]
  0x00000228e7822800 JavaThread "Handler for socket connection from /127.0.0.1:63289 to /127.0.0.1:63290" [_thread_in_native, id=11252, stack(0x0000006e77500000,0x0000006e77600000)]
  0x00000228e6acb000 JavaThread "Cancel handler" [_thread_blocked, id=4492, stack(0x0000006e77600000,0x0000006e77700000)]
  0x00000228e824f000 JavaThread "Daemon worker" [_thread_blocked, id=4704, stack(0x0000006e77700000,0x0000006e77800000)]
  0x00000228e8133800 JavaThread "Asynchronous log dispatcher for DefaultDaemonConnection: socket connection from /127.0.0.1:63289 to /127.0.0.1:63290" [_thread_blocked, id=7916, stack(0x0000006e77800000,0x0000006e77900000)]
  0x00000228e741f000 JavaThread "Daemon client event forwarder" [_thread_blocked, id=8400, stack(0x0000006e77a00000,0x0000006e77b00000)]
  0x00000228e8deb800 JavaThread "Cache worker for journal cache (C:\Users\camendiola\Documents\Apps Android\Supervision\caches\journal-1)" [_thread_blocked, id=2752, stack(0x0000006e76d00000,0x0000006e76e00000)]
  0x00000228e8dec800 JavaThread "File lock request listener" [_thread_in_native, id=7680, stack(0x0000006e77b00000,0x0000006e77c00000)]
  0x00000228e8de9000 JavaThread "Cache worker for file hash cache (C:\Users\camendiola\Documents\Apps Android\Supervision\caches\7.5\fileHashes)" [_thread_blocked, id=11124, stack(0x0000006e77c00000,0x0000006e77d00000)]
  0x00000228e8dea000 JavaThread "File watcher server" daemon [_thread_blocked, id=4924, stack(0x0000006e77e00000,0x0000006e77f00000)]
  0x00000228e8ded000 JavaThread "File watcher consumer" daemon [_thread_blocked, id=8544, stack(0x0000006e77f00000,0x0000006e78000000)]
  0x00000228e8de8800 JavaThread "Cache worker for checksums cache (C:\Users\camendiola\AndroidStudioProjects\APV2\.gradle\7.5\checksums)" [_thread_blocked, id=9548, stack(0x0000006e77d00000,0x0000006e77e00000)]
  0x00000228e8dea800 JavaThread "Cache worker for cache directory md-rule (C:\Users\camendiola\Documents\Apps Android\Supervision\caches\7.5\md-rule)" [_thread_blocked, id=1304, stack(0x0000006e78000000,0x0000006e78100000)]
  0x00000228e8dee000 JavaThread "Cache worker for file content cache (C:\Users\camendiola\Documents\Apps Android\Supervision\caches\7.5\fileContent)" [_thread_blocked, id=8384, stack(0x0000006e78100000,0x0000006e78200000)]
  0x00000228e8def000 JavaThread "Cache worker for file hash cache (C:\Users\camendiola\AndroidStudioProjects\APV2\.gradle\7.5\fileHashes)" [_thread_blocked, id=8732, stack(0x0000006e78200000,0x0000006e78300000)]
  0x00000228e79c6000 JavaThread "Cache worker for cache directory md-supplier (C:\Users\camendiola\Documents\Apps Android\Supervision\caches\7.5\md-supplier)" [_thread_blocked, id=5240, stack(0x0000006e78300000,0x0000006e78400000)]
  0x00000228e79c6800 JavaThread "Cache worker for execution history cache (C:\Users\camendiola\Documents\Apps Android\Supervision\caches\7.5\executionHistory)" [_thread_blocked, id=9064, stack(0x0000006e78400000,0x0000006e78500000)]
  0x00000228e79c8000 JavaThread "jar transforms" [_thread_blocked, id=2540, stack(0x0000006e78500000,0x0000006e78600000)]
  0x00000228e79c7800 JavaThread "jar transforms Thread 2" [_thread_blocked, id=7604, stack(0x0000006e78600000,0x0000006e78700000)]
  0x00000228e79ca000 JavaThread "jar transforms Thread 3" [_thread_blocked, id=7556, stack(0x0000006e78800000,0x0000006e78900000)]
  0x00000228e79ca800 JavaThread "jar transforms Thread 4" [_thread_blocked, id=6672, stack(0x0000006e78900000,0x0000006e78a00000)]
  0x00000228e79c5000 JavaThread "Cache worker for dependencies-accessors (C:\Users\camendiola\AndroidStudioProjects\APV2\.gradle\7.5\dependencies-accessors)" [_thread_blocked, id=6848, stack(0x0000006e78a00000,0x0000006e78b00000)]
  0x00000228e79d0800 JavaThread "Cache worker for Build Output Cleanup Cache (C:\Users\camendiola\AndroidStudioProjects\APV2\.gradle\buildOutputCleanup)" [_thread_blocked, id=10348, stack(0x0000006e78700000,0x0000006e78800000)]
  0x00000228e79d1000 JavaThread "Unconstrained build operations" [_thread_blocked, id=4936, stack(0x0000006e78b00000,0x0000006e78c00000)]
  0x00000228e79ce000 JavaThread "Unconstrained build operations Thread 2" [_thread_blocked, id=5112, stack(0x0000006e78c00000,0x0000006e78d00000)]
  0x00000228e79cb800 JavaThread "Unconstrained build operations Thread 3" [_thread_blocked, id=5636, stack(0x0000006e78d00000,0x0000006e78e00000)]
  0x00000228e79cc800 JavaThread "Unconstrained build operations Thread 4" [_thread_blocked, id=8572, stack(0x0000006e78e00000,0x0000006e78f00000)]
  0x00000228e79d3000 JavaThread "Unconstrained build operations Thread 5" [_thread_blocked, id=7384, stack(0x0000006e78f00000,0x0000006e79000000)]
  0x00000228e79d2000 JavaThread "Unconstrained build operations Thread 6" [_thread_blocked, id=8644, stack(0x0000006e79000000,0x0000006e79100000)]
  0x00000228e79cd000 JavaThread "Unconstrained build operations Thread 7" [_thread_blocked, id=7460, stack(0x0000006e79100000,0x0000006e79200000)]
  0x00000228e79cf000 JavaThread "Unconstrained build operations Thread 8" [_thread_blocked, id=10344, stack(0x0000006e79200000,0x0000006e79300000)]
  0x00000228e77e8000 JavaThread "Unconstrained build operations Thread 9" [_thread_blocked, id=10012, stack(0x0000006e79300000,0x0000006e79400000)]
  0x00000228e77e7800 JavaThread "Unconstrained build operations Thread 10" [_thread_blocked, id=8704, stack(0x0000006e79400000,0x0000006e79500000)]
  0x00000228e77e9800 JavaThread "Unconstrained build operations Thread 11" [_thread_blocked, id=11216, stack(0x0000006e79500000,0x0000006e79600000)]
  0x00000228e77e9000 JavaThread "Unconstrained build operations Thread 12" [_thread_blocked, id=8924, stack(0x0000006e79600000,0x0000006e79700000)]
  0x00000228e77ee000 JavaThread "Unconstrained build operations Thread 13" [_thread_blocked, id=6940, stack(0x0000006e79700000,0x0000006e79800000)]
  0x00000228e77f0800 JavaThread "Unconstrained build operations Thread 14" [_thread_blocked, id=4188, stack(0x0000006e79800000,0x0000006e79900000)]
  0x00000228e77ee800 JavaThread "Unconstrained build operations Thread 15" [_thread_blocked, id=6596, stack(0x0000006e79900000,0x0000006e79a00000)]
  0x00000228e77eb800 JavaThread "Unconstrained build operations Thread 16" [_thread_blocked, id=8756, stack(0x0000006e79a00000,0x0000006e79b00000)]
  0x00000228e77ef800 JavaThread "Unconstrained build operations Thread 17" [_thread_blocked, id=5124, stack(0x0000006e79b00000,0x0000006e79c00000)]
  0x00000228e77ec000 JavaThread "Unconstrained build operations Thread 18" [_thread_blocked, id=9768, stack(0x0000006e79c00000,0x0000006e79d00000)]
  0x00000228e77ed000 JavaThread "Unconstrained build operations Thread 19" [_thread_blocked, id=10048, stack(0x0000006e79d00000,0x0000006e79e00000)]
  0x00000228e77ea800 JavaThread "Unconstrained build operations Thread 20" [_thread_blocked, id=2232, stack(0x0000006e79e00000,0x0000006e79f00000)]
  0x00000228e77f2800 JavaThread "Unconstrained build operations Thread 21" [_thread_blocked, id=3152, stack(0x0000006e79f00000,0x0000006e7a000000)]
  0x00000228e77f4800 JavaThread "Unconstrained build operations Thread 22" [_thread_blocked, id=8356, stack(0x0000006e7a000000,0x0000006e7a100000)]
  0x00000228e77f1000 JavaThread "Unconstrained build operations Thread 23" [_thread_blocked, id=10940, stack(0x0000006e7a100000,0x0000006e7a200000)]
  0x00000228e77f5000 JavaThread "Unconstrained build operations Thread 24" [_thread_blocked, id=7876, stack(0x0000006e7a200000,0x0000006e7a300000)]
  0x00000228e77f3800 JavaThread "Unconstrained build operations Thread 25" [_thread_blocked, id=8244, stack(0x0000006e7a300000,0x0000006e7a400000)]
  0x00000228e77f6000 JavaThread "Unconstrained build operations Thread 26" [_thread_blocked, id=10508, stack(0x0000006e7a400000,0x0000006e7a500000)]
  0x00000228e77f2000 JavaThread "Unconstrained build operations Thread 27" [_thread_blocked, id=5856, stack(0x0000006e7a500000,0x0000006e7a600000)]
  0x00000228e6c93800 JavaThread "Unconstrained build operations Thread 28" [_thread_blocked, id=4016, stack(0x0000006e7a600000,0x0000006e7a700000)]
  0x00000228e6c97000 JavaThread "Unconstrained build operations Thread 29" [_thread_blocked, id=7440, stack(0x0000006e7a700000,0x0000006e7a800000)]
  0x00000228e6c94800 JavaThread "Unconstrained build operations Thread 30" [_thread_blocked, id=6168, stack(0x0000006e7a800000,0x0000006e7a900000)]
  0x00000228e6c97800 JavaThread "Unconstrained build operations Thread 31" [_thread_blocked, id=3864, stack(0x0000006e7a900000,0x0000006e7aa00000)]
  0x00000228e6c95000 JavaThread "Unconstrained build operations Thread 32" [_thread_blocked, id=5452, stack(0x0000006e7aa00000,0x0000006e7ab00000)]
  0x00000228e6c92000 JavaThread "Unconstrained build operations Thread 33" [_thread_blocked, id=6956, stack(0x0000006e7ab00000,0x0000006e7ac00000)]
  0x00000228e6c93000 JavaThread "Unconstrained build operations Thread 34" [_thread_blocked, id=5380, stack(0x0000006e7ac00000,0x0000006e7ad00000)]
  0x00000228e6c9b000 JavaThread "Unconstrained build operations Thread 35" [_thread_blocked, id=6816, stack(0x0000006e7ad00000,0x0000006e7ae00000)]
  0x00000228e6c96000 JavaThread "Unconstrained build operations Thread 36" [_thread_blocked, id=2456, stack(0x0000006e7ae00000,0x0000006e7af00000)]
  0x00000228e6c99800 JavaThread "Unconstrained build operations Thread 37" [_thread_blocked, id=2868, stack(0x0000006e7af00000,0x0000006e7b000000)]
  0x00000228e6c9c800 JavaThread "Unconstrained build operations Thread 38" [_thread_blocked, id=6140, stack(0x0000006e7b000000,0x0000006e7b100000)]
  0x00000228e6c9d800 JavaThread "Unconstrained build operations Thread 39" [_thread_blocked, id=4308, stack(0x0000006e7b100000,0x0000006e7b200000)]
  0x00000228e6c9a000 JavaThread "Unconstrained build operations Thread 40" [_thread_blocked, id=10288, stack(0x0000006e7b200000,0x0000006e7b300000)]
  0x00000228e6c9e000 JavaThread "build event listener" [_thread_blocked, id=7068, stack(0x0000006e7b300000,0x0000006e7b400000)]
  0x00000228e6c9b800 JavaThread "Memory manager" [_thread_blocked, id=10308, stack(0x0000006e7b500000,0x0000006e7b600000)]
  0x00000228e6c98800 JavaThread "pool-3-thread-1" [_thread_blocked, id=7800, stack(0x0000006e7b400000,0x0000006e7b500000)]
  0x00000228e6ca0800 JavaThread "build event listener" [_thread_blocked, id=7636, stack(0x0000006e7b600000,0x0000006e7b700000)]
  0x00000228e6c9f000 JavaThread "included builds" [_thread_blocked, id=4080, stack(0x0000006e7b700000,0x0000006e7b800000)]
  0x00000228e6ca0000 JavaThread "Execution worker" [_thread_blocked, id=10540, stack(0x0000006e7b800000,0x0000006e7b900000)]
  0x00000228eb0c8000 JavaThread "Execution worker Thread 2" [_thread_blocked, id=10848, stack(0x0000006e7b900000,0x0000006e7ba00000)]
  0x00000228eb0cd000 JavaThread "Execution worker Thread 3" [_thread_blocked, id=5252, stack(0x0000006e7ba00000,0x0000006e7bb00000)]
  0x00000228eb0cc000 JavaThread "Cache worker for execution history cache (C:\Users\camendiola\AndroidStudioProjects\APV2\.gradle\7.5\executionHistory)" [_thread_blocked, id=8800, stack(0x0000006e7bb00000,0x0000006e7bc00000)]
  0x00000228eb0ce000 JavaThread "WorkerExecutor Queue" [_thread_blocked, id=3292, stack(0x0000006e75900000,0x0000006e75a00000)]
  0x00000228eb0ce800 JavaThread "WorkerExecutor Queue Thread 3" [_thread_blocked, id=7432, stack(0x0000006e7be00000,0x0000006e7bf00000)]
  0x00000228eb0cb800 JavaThread "WorkerExecutor Queue Thread 4" [_thread_blocked, id=984, stack(0x0000006e7bf00000,0x0000006e7c000000)]
  0x00000228e79cf800 JavaThread "WorkerExecutor Queue Thread 5" [_thread_blocked, id=8916, stack(0x0000006e75a00000,0x0000006e75b00000)]

Other Threads:
  0x00000228e4c4d800 VMThread "VM Thread" [stack: 0x0000006e76200000,0x0000006e76300000] [id=5480]
  0x00000228e5683000 WatcherThread [stack: 0x0000006e76c00000,0x0000006e76d00000] [id=2368]
  0x00000228cb003000 GCTaskThread "GC Thread#0" [stack: 0x0000006e75d00000,0x0000006e75e00000] [id=9036]
  0x00000228e5c88000 GCTaskThread "GC Thread#1" [stack: 0x0000006e76e00000,0x0000006e76f00000] [id=8564]
  0x00000228e599f800 GCTaskThread "GC Thread#2" [stack: 0x0000006e76f00000,0x0000006e77000000] [id=8736]
  0x00000228e60b6800 GCTaskThread "GC Thread#3" [stack: 0x0000006e77000000,0x0000006e77100000] [id=5320]
  0x00000228cb034000 ConcurrentGCThread "G1 Main Marker" [stack: 0x0000006e75e00000,0x0000006e75f00000] [id=1372]
  0x00000228cb035800 ConcurrentGCThread "G1 Conc#0" [stack: 0x0000006e75f00000,0x0000006e76000000] [id=1848]
  0x00000228e4ac4800 ConcurrentGCThread "G1 Refine#0" [stack: 0x0000006e76000000,0x0000006e76100000] [id=6764]
  0x00000228e7ef0000 ConcurrentGCThread "G1 Refine#1" [stack: 0x0000006e75b00000,0x0000006e75c00000] [id=3868]
  0x00000228e7eed800 ConcurrentGCThread "G1 Refine#2" [stack: 0x0000006e77900000,0x0000006e77a00000] [id=10544]
  0x00000228e4ac5000 ConcurrentGCThread "G1 Young RemSet Sampling" [stack: 0x0000006e76100000,0x0000006e76200000] [id=3620]

Threads with active compile tasks:
C2 CompilerThread0   146895 22443       4       com.android.tools.r8.internal.jO::a (447 bytes)
C1 CompilerThread0   146896 23113       2       com.android.tools.r8.internal.ip::b (419 bytes)

VM state:at safepoint (normal execution)

VM Mutex/Monitor currently owned by a thread:  ([mutex/lock_event])
[0x00000228cafe2db0] Threads_lock - owner thread: 0x00000228e4c4d800
[0x00000228cafe2ed0] Heap_lock - owner thread: 0x00000228e54e4800
[0x00000228cafe4790] MethodData_lock - owner thread: 0x00000228e54e4800

Heap address: 0x0000000080000000, size: 2048 MB, Compressed Oops mode: 32-bit
Narrow klass base: 0x0000000000000000, Narrow klass shift: 3
Compressed class space size: 1073741824 Address: 0x0000000100000000

Heap:
 garbage-first heap   total 262144K, used 137947K [0x0000000080000000, 0x0000000100000000)
  region size 1024K, 4 young (4096K), 4 survivors (4096K)
 Metaspace       used 135703K, capacity 139803K, committed 139868K, reserved 1183744K
  class space    used 17015K, capacity 18665K, committed 18688K, reserved 1048576K
Heap Regions: E=young(eden), S=young(survivor), O=old, HS=humongous(starts), HC=humongous(continues), CS=collection set, F=free, A=archive, TAMS=top-at-mark-start (previous, next)
|   0|0x0000000080000000, 0x0000000080100000, 0x0000000080100000|100%|HS|  |TAMS 0x0000000080100000, 0x0000000080100000| Complete 
|   1|0x0000000080100000, 0x0000000080200000, 0x0000000080200000|100%|HC|  |TAMS 0x0000000080200000, 0x0000000080200000| Complete 
|   2|0x0000000080200000, 0x0000000080300000, 0x0000000080300000|100%|HC|  |TAMS 0x0000000080300000, 0x0000000080300000| Complete 
|   3|0x0000000080300000, 0x0000000080400000, 0x0000000080400000|100%| O|  |TAMS 0x0000000080400000, 0x0000000080400000| Untracked 
|   4|0x0000000080400000, 0x0000000080500000, 0x0000000080500000|100%| O|  |TAMS 0x0000000080500000, 0x0000000080500000| Untracked 
|   5|0x0000000080500000, 0x0000000080600000, 0x0000000080600000|100%| O|  |TAMS 0x0000000080600000, 0x0000000080600000| Untracked 
|   6|0x0000000080600000, 0x0000000080700000, 0x0000000080700000|100%| O|  |TAMS 0x0000000080700000, 0x0000000080700000| Untracked 
|   7|0x0000000080700000, 0x0000000080800000, 0x0000000080800000|100%| O|  |TAMS 0x0000000080800000, 0x0000000080800000| Untracked 
|   8|0x0000000080800000, 0x0000000080900000, 0x0000000080900000|100%| O|  |TAMS 0x0000000080900000, 0x0000000080900000| Untracked 
|   9|0x0000000080900000, 0x0000000080a00000, 0x0000000080a00000|100%| O|  |TAMS 0x0000000080a00000, 0x0000000080a00000| Untracked 
|  10|0x0000000080a00000, 0x0000000080b00000, 0x0000000080b00000|100%| O|  |TAMS 0x0000000080b00000, 0x0000000080b00000| Untracked 
|  11|0x0000000080b00000, 0x0000000080c00000, 0x0000000080c00000|100%| O|  |TAMS 0x0000000080c00000, 0x0000000080c00000| Untracked 
|  12|0x0000000080c00000, 0x0000000080d00000, 0x0000000080d00000|100%| O|  |TAMS 0x0000000080d00000, 0x0000000080d00000| Untracked 
|  13|0x0000000080d00000, 0x0000000080e00000, 0x0000000080e00000|100%| O|  |TAMS 0x0000000080e00000, 0x0000000080e00000| Untracked 
|  14|0x0000000080e00000, 0x0000000080f00000, 0x0000000080f00000|100%|HS|  |TAMS 0x0000000080f00000, 0x0000000080f00000| Complete 
|  15|0x0000000080f00000, 0x0000000081000000, 0x0000000081000000|100%|HS|  |TAMS 0x0000000081000000, 0x0000000081000000| Complete 
|  16|0x0000000081000000, 0x0000000081100000, 0x0000000081100000|100%|HS|  |TAMS 0x0000000081100000, 0x0000000081100000| Complete 
|  17|0x0000000081100000, 0x0000000081200000, 0x0000000081200000|100%|HS|  |TAMS 0x0000000081200000, 0x0000000081200000| Complete 
|  18|0x0000000081200000, 0x0000000081300000, 0x0000000081300000|100%|HC|  |TAMS 0x0000000081300000, 0x0000000081300000| Complete 
|  19|0x0000000081300000, 0x0000000081400000, 0x0000000081400000|100%|HC|  |TAMS 0x0000000081400000, 0x0000000081400000| Complete 
|  20|0x0000000081400000, 0x0000000081500000, 0x0000000081500000|100%|HC|  |TAMS 0x0000000081500000, 0x0000000081500000| Complete 
|  21|0x0000000081500000, 0x0000000081600000, 0x0000000081600000|100%| O|  |TAMS 0x0000000081600000, 0x0000000081600000| Untracked 
|  22|0x0000000081600000, 0x0000000081700000, 0x0000000081700000|100%| O|  |TAMS 0x0000000081700000, 0x0000000081700000| Untracked 
|  23|0x0000000081700000, 0x0000000081800000, 0x0000000081800000|100%| O|  |TAMS 0x0000000081800000, 0x0000000081800000| Untracked 
|  24|0x0000000081800000, 0x0000000081900000, 0x0000000081900000|100%| O|  |TAMS 0x0000000081900000, 0x0000000081900000| Untracked 
|  25|0x0000000081900000, 0x0000000081a00000, 0x0000000081a00000|100%| O|  |TAMS 0x0000000081a00000, 0x0000000081a00000| Untracked 
|  26|0x0000000081a00000, 0x0000000081b00000, 0x0000000081b00000|100%| O|  |TAMS 0x0000000081b00000, 0x0000000081b00000| Untracked 
|  27|0x0000000081b00000, 0x0000000081c00000, 0x0000000081c00000|100%| O|  |TAMS 0x0000000081c00000, 0x0000000081c00000| Untracked 
|  28|0x0000000081c00000, 0x0000000081d00000, 0x0000000081d00000|100%| O|  |TAMS 0x0000000081d00000, 0x0000000081d00000| Untracked 
|  29|0x0000000081d00000, 0x0000000081e00000, 0x0000000081e00000|100%| O|  |TAMS 0x0000000081e00000, 0x0000000081e00000| Untracked 
|  30|0x0000000081e00000, 0x0000000081f00000, 0x0000000081f00000|100%| O|  |TAMS 0x0000000081f00000, 0x0000000081f00000| Untracked 
|  31|0x0000000081f00000, 0x0000000082000000, 0x0000000082000000|100%| O|  |TAMS 0x0000000082000000, 0x0000000082000000| Untracked 
|  32|0x0000000082000000, 0x0000000082100000, 0x0000000082100000|100%| O|  |TAMS 0x0000000082100000, 0x0000000082100000| Untracked 
|  33|0x0000000082100000, 0x0000000082200000, 0x0000000082200000|100%| O|  |TAMS 0x0000000082200000, 0x0000000082200000| Untracked 
|  34|0x0000000082200000, 0x0000000082300000, 0x0000000082300000|100%| O|  |TAMS 0x0000000082300000, 0x0000000082300000| Untracked 
|  35|0x0000000082300000, 0x0000000082400000, 0x0000000082400000|100%| O|  |TAMS 0x0000000082400000, 0x0000000082400000| Untracked 
|  36|0x0000000082400000, 0x0000000082500000, 0x0000000082500000|100%| O|  |TAMS 0x0000000082500000, 0x0000000082500000| Untracked 
|  37|0x0000000082500000, 0x0000000082600000, 0x0000000082600000|100%| O|  |TAMS 0x0000000082600000, 0x0000000082600000| Untracked 
|  38|0x0000000082600000, 0x0000000082700000, 0x0000000082700000|100%| O|  |TAMS 0x0000000082700000, 0x0000000082700000| Untracked 
|  39|0x0000000082700000, 0x0000000082800000, 0x0000000082800000|100%| O|  |TAMS 0x0000000082800000, 0x0000000082800000| Untracked 
|  40|0x0000000082800000, 0x0000000082900000, 0x0000000082900000|100%| O|  |TAMS 0x0000000082900000, 0x0000000082900000| Untracked 
|  41|0x0000000082900000, 0x0000000082a00000, 0x0000000082a00000|100%| O|  |TAMS 0x0000000082a00000, 0x0000000082a00000| Untracked 
|  42|0x0000000082a00000, 0x0000000082b00000, 0x0000000082b00000|100%| O|  |TAMS 0x0000000082b00000, 0x0000000082b00000| Untracked 
|  43|0x0000000082b00000, 0x0000000082c00000, 0x0000000082c00000|100%| O|  |TAMS 0x0000000082c00000, 0x0000000082c00000| Untracked 
|  44|0x0000000082c00000, 0x0000000082d00000, 0x0000000082d00000|100%| O|  |TAMS 0x0000000082d00000, 0x0000000082d00000| Untracked 
|  45|0x0000000082d00000, 0x0000000082e00000, 0x0000000082e00000|100%| O|  |TAMS 0x0000000082e00000, 0x0000000082e00000| Untracked 
|  46|0x0000000082e00000, 0x0000000082f00000, 0x0000000082f00000|100%| O|  |TAMS 0x0000000082f00000, 0x0000000082f00000| Untracked 
|  47|0x0000000082f00000, 0x0000000083000000, 0x0000000083000000|100%| O|  |TAMS 0x0000000083000000, 0x0000000083000000| Untracked 
|  48|0x0000000083000000, 0x0000000083100000, 0x0000000083100000|100%| O|  |TAMS 0x0000000083100000, 0x0000000083100000| Untracked 
|  49|0x0000000083100000, 0x0000000083200000, 0x0000000083200000|100%| O|  |TAMS 0x0000000083200000, 0x0000000083200000| Untracked 
|  50|0x0000000083200000, 0x0000000083300000, 0x0000000083300000|100%| O|  |TAMS 0x0000000083300000, 0x0000000083300000| Untracked 
|  51|0x0000000083300000, 0x0000000083400000, 0x0000000083400000|100%| O|  |TAMS 0x0000000083400000, 0x0000000083400000| Untracked 
|  52|0x0000000083400000, 0x0000000083500000, 0x0000000083500000|100%| O|  |TAMS 0x0000000083500000, 0x0000000083500000| Untracked 
|  53|0x0000000083500000, 0x0000000083600000, 0x0000000083600000|100%| O|  |TAMS 0x0000000083600000, 0x0000000083600000| Untracked 
|  54|0x0000000083600000, 0x0000000083700000, 0x0000000083700000|100%| O|  |TAMS 0x0000000083700000, 0x0000000083700000| Untracked 
|  55|0x0000000083700000, 0x0000000083800000, 0x0000000083800000|100%| O|  |TAMS 0x0000000083800000, 0x0000000083800000| Untracked 
|  56|0x0000000083800000, 0x0000000083900000, 0x0000000083900000|100%| O|  |TAMS 0x0000000083800000, 0x0000000083900000| Untracked 
|  57|0x0000000083900000, 0x0000000083a00000, 0x0000000083a00000|100%| O|  |TAMS 0x0000000083a00000, 0x0000000083a00000| Untracked 
|  58|0x0000000083a00000, 0x0000000083b00000, 0x0000000083b00000|100%| O|  |TAMS 0x0000000083b00000, 0x0000000083b00000| Untracked 
|  59|0x0000000083b00000, 0x0000000083c00000, 0x0000000083c00000|100%| O|  |TAMS 0x0000000083c00000, 0x0000000083c00000| Untracked 
|  60|0x0000000083c00000, 0x0000000083d00000, 0x0000000083d00000|100%| O|  |TAMS 0x0000000083d00000, 0x0000000083d00000| Untracked 
|  61|0x0000000083d00000, 0x0000000083e00000, 0x0000000083e00000|100%| O|  |TAMS 0x0000000083e00000, 0x0000000083e00000| Untracked 
|  62|0x0000000083e00000, 0x0000000083f00000, 0x0000000083f00000|100%| O|  |TAMS 0x0000000083f00000, 0x0000000083f00000| Untracked 
|  63|0x0000000083f00000, 0x0000000084000000, 0x0000000084000000|100%| O|  |TAMS 0x0000000084000000, 0x0000000084000000| Untracked 
|  64|0x0000000084000000, 0x0000000084100000, 0x0000000084100000|100%| O|  |TAMS 0x0000000084100000, 0x0000000084100000| Untracked 
|  65|0x0000000084100000, 0x0000000084200000, 0x0000000084200000|100%| O|  |TAMS 0x0000000084200000, 0x0000000084200000| Untracked 
|  66|0x0000000084200000, 0x0000000084300000, 0x0000000084300000|100%| O|  |TAMS 0x0000000084300000, 0x0000000084300000| Untracked 
|  67|0x0000000084300000, 0x0000000084400000, 0x0000000084400000|100%| O|  |TAMS 0x0000000084400000, 0x0000000084400000| Untracked 
|  68|0x0000000084400000, 0x0000000084500000, 0x0000000084500000|100%| O|  |TAMS 0x0000000084500000, 0x0000000084500000| Untracked 
|  69|0x0000000084500000, 0x0000000084600000, 0x0000000084600000|100%| O|  |TAMS 0x0000000084600000, 0x0000000084600000| Untracked 
|  70|0x0000000084600000, 0x0000000084700000, 0x0000000084700000|100%| O|  |TAMS 0x0000000084700000, 0x0000000084700000| Untracked 
|  71|0x0000000084700000, 0x0000000084800000, 0x0000000084800000|100%| O|  |TAMS 0x0000000084800000, 0x0000000084800000| Untracked 
|  72|0x0000000084800000, 0x0000000084900000, 0x0000000084900000|100%| O|  |TAMS 0x0000000084900000, 0x0000000084900000| Untracked 
|  73|0x0000000084900000, 0x0000000084a00000, 0x0000000084a00000|100%| O|  |TAMS 0x0000000084a00000, 0x0000000084a00000| Untracked 
|  74|0x0000000084a00000, 0x0000000084b00000, 0x0000000084b00000|100%| O|  |TAMS 0x0000000084b00000, 0x0000000084b00000| Untracked 
|  75|0x0000000084b00000, 0x0000000084c00000, 0x0000000084c00000|100%| O|  |TAMS 0x0000000084c00000, 0x0000000084c00000| Untracked 
|  76|0x0000000084c00000, 0x0000000084d00000, 0x0000000084d00000|100%| O|  |TAMS 0x0000000084d00000, 0x0000000084d00000| Untracked 
|  77|0x0000000084d00000, 0x0000000084e00000, 0x0000000084e00000|100%| O|  |TAMS 0x0000000084e00000, 0x0000000084e00000| Untracked 
|  78|0x0000000084e00000, 0x0000000084f00000, 0x0000000084f00000|100%| O|  |TAMS 0x0000000084f00000, 0x0000000084f00000| Untracked 
|  79|0x0000000084f00000, 0x0000000085000000, 0x0000000085000000|100%| O|  |TAMS 0x0000000085000000, 0x0000000085000000| Untracked 
|  80|0x0000000085000000, 0x0000000085100000, 0x0000000085100000|100%| O|  |TAMS 0x0000000085100000, 0x0000000085100000| Untracked 
|  81|0x0000000085100000, 0x0000000085200000, 0x0000000085200000|100%| O|  |TAMS 0x0000000085200000, 0x0000000085200000| Untracked 
|  82|0x0000000085200000, 0x0000000085300000, 0x0000000085300000|100%| O|  |TAMS 0x0000000085300000, 0x0000000085300000| Untracked 
|  83|0x0000000085300000, 0x0000000085400000, 0x0000000085400000|100%| O|  |TAMS 0x0000000085400000, 0x0000000085400000| Untracked 
|  84|0x0000000085400000, 0x0000000085500000, 0x0000000085500000|100%| O|  |TAMS 0x0000000085500000, 0x0000000085500000| Untracked 
|  85|0x0000000085500000, 0x0000000085600000, 0x0000000085600000|100%| O|  |TAMS 0x0000000085600000, 0x0000000085600000| Untracked 
|  86|0x0000000085600000, 0x0000000085700000, 0x0000000085700000|100%| O|  |TAMS 0x0000000085700000, 0x0000000085700000| Untracked 
|  87|0x0000000085700000, 0x0000000085800000, 0x0000000085800000|100%| O|  |TAMS 0x0000000085800000, 0x0000000085800000| Untracked 
|  88|0x0000000085800000, 0x0000000085900000, 0x0000000085900000|100%| O|  |TAMS 0x0000000085900000, 0x0000000085900000| Untracked 
|  89|0x0000000085900000, 0x0000000085a00000, 0x0000000085a00000|100%| O|  |TAMS 0x0000000085a00000, 0x0000000085a00000| Untracked 
|  90|0x0000000085a00000, 0x0000000085b00000, 0x0000000085b00000|100%| O|  |TAMS 0x0000000085b00000, 0x0000000085b00000| Untracked 
|  91|0x0000000085b00000, 0x0000000085c00000, 0x0000000085c00000|100%| O|  |TAMS 0x0000000085c00000, 0x0000000085c00000| Untracked 
|  92|0x0000000085c00000, 0x0000000085d00000, 0x0000000085d00000|100%| O|  |TAMS 0x0000000085d00000, 0x0000000085d00000| Untracked 
|  93|0x0000000085d00000, 0x0000000085e00000, 0x0000000085e00000|100%| O|  |TAMS 0x0000000085e00000, 0x0000000085e00000| Untracked 
|  94|0x0000000085e00000, 0x0000000085f00000, 0x0000000085f00000|100%| O|  |TAMS 0x0000000085f00000, 0x0000000085f00000| Untracked 
|  95|0x0000000085f00000, 0x0000000086000000, 0x0000000086000000|100%| O|  |TAMS 0x0000000086000000, 0x0000000086000000| Untracked 
|  96|0x0000000086000000, 0x0000000086100000, 0x0000000086100000|100%| O|  |TAMS 0x0000000086100000, 0x0000000086100000| Untracked 
|  97|0x0000000086100000, 0x0000000086200000, 0x0000000086200000|100%| O|  |TAMS 0x0000000086200000, 0x0000000086200000| Untracked 
|  98|0x0000000086200000, 0x0000000086300000, 0x0000000086300000|100%| O|  |TAMS 0x0000000086300000, 0x0000000086300000| Untracked 
|  99|0x0000000086300000, 0x0000000086400000, 0x0000000086400000|100%| O|  |TAMS 0x0000000086400000, 0x0000000086400000| Untracked 
| 100|0x0000000086400000, 0x0000000086500000, 0x0000000086500000|100%| O|  |TAMS 0x0000000086500000, 0x0000000086500000| Untracked 
| 101|0x0000000086500000, 0x0000000086600000, 0x0000000086600000|100%| O|  |TAMS 0x0000000086600000, 0x0000000086600000| Untracked 
| 102|0x0000000086600000, 0x0000000086700000, 0x0000000086700000|100%| O|  |TAMS 0x0000000086700000, 0x0000000086700000| Untracked 
| 103|0x0000000086700000, 0x0000000086800000, 0x0000000086800000|100%| O|  |TAMS 0x0000000086800000, 0x0000000086800000| Untracked 
| 104|0x0000000086800000, 0x0000000086900000, 0x0000000086900000|100%| O|  |TAMS 0x0000000086900000, 0x0000000086900000| Untracked 
| 105|0x0000000086900000, 0x0000000086a00000, 0x0000000086a00000|100%| O|  |TAMS 0x0000000086a00000, 0x0000000086a00000| Untracked 
| 106|0x0000000086a00000, 0x0000000086b00000, 0x0000000086b00000|100%| O|  |TAMS 0x0000000086b00000, 0x0000000086b00000| Untracked 
| 107|0x0000000086b00000, 0x0000000086c00000, 0x0000000086c00000|100%| O|  |TAMS 0x0000000086c00000, 0x0000000086c00000| Untracked 
| 108|0x0000000086c00000, 0x0000000086d00000, 0x0000000086d00000|100%| O|  |TAMS 0x0000000086d00000, 0x0000000086d00000| Untracked 
| 109|0x0000000086d00000, 0x0000000086e00000, 0x0000000086e00000|100%| O|  |TAMS 0x0000000086e00000, 0x0000000086e00000| Untracked 
| 110|0x0000000086e00000, 0x0000000086f00000, 0x0000000086f00000|100%| O|  |TAMS 0x0000000086f00000, 0x0000000086f00000| Untracked 
| 111|0x0000000086f00000, 0x0000000087000000, 0x0000000087000000|100%| O|  |TAMS 0x0000000087000000, 0x0000000087000000| Untracked 
| 112|0x0000000087000000, 0x0000000087100000, 0x0000000087100000|100%| O|  |TAMS 0x00000000870a1400, 0x0000000087100000| Untracked 
| 113|0x0000000087100000, 0x0000000087200000, 0x0000000087200000|100%| O|  |TAMS 0x0000000087100000, 0x0000000087200000| Untracked 
| 114|0x0000000087200000, 0x0000000087300000, 0x0000000087300000|100%| O|  |TAMS 0x0000000087200000, 0x0000000087300000| Untracked 
| 115|0x0000000087300000, 0x0000000087400000, 0x0000000087400000|100%| O|  |TAMS 0x0000000087400000, 0x0000000087400000| Untracked 
| 116|0x0000000087400000, 0x0000000087500000, 0x0000000087500000|100%| O|  |TAMS 0x0000000087500000, 0x0000000087500000| Untracked 
| 117|0x0000000087500000, 0x0000000087600000, 0x0000000087600000|100%| O|  |TAMS 0x0000000087500000, 0x0000000087600000| Untracked 
| 118|0x0000000087600000, 0x0000000087700000, 0x0000000087700000|100%| O|  |TAMS 0x0000000087600000, 0x0000000087700000| Untracked 
| 119|0x0000000087700000, 0x0000000087800000, 0x0000000087800000|100%| O|  |TAMS 0x0000000087700000, 0x0000000087800000| Untracked 
| 120|0x0000000087800000, 0x0000000087900000, 0x0000000087900000|100%| O|  |TAMS 0x0000000087800000, 0x0000000087900000| Untracked 
| 121|0x0000000087900000, 0x0000000087a00000, 0x0000000087a00000|100%| O|  |TAMS 0x0000000087900000, 0x0000000087a00000| Untracked 
| 122|0x0000000087a00000, 0x0000000087b00000, 0x0000000087b00000|100%| O|  |TAMS 0x0000000087a00000, 0x0000000087b00000| Untracked 
| 123|0x0000000087b00000, 0x0000000087c00000, 0x0000000087c00000|100%| O|  |TAMS 0x0000000087c00000, 0x0000000087c00000| Untracked 
| 124|0x0000000087c00000, 0x0000000087d00000, 0x0000000087d00000|100%| O|  |TAMS 0x0000000087d00000, 0x0000000087d00000| Untracked 
| 125|0x0000000087d00000, 0x0000000087e00000, 0x0000000087e00000|100%| O|  |TAMS 0x0000000087d00000, 0x0000000087e00000| Untracked 
| 126|0x0000000087e00000, 0x0000000087f00000, 0x0000000087f00000|100%| O|  |TAMS 0x0000000087e00000, 0x0000000087f00000| Untracked 
| 127|0x0000000087f00000, 0x0000000087f34400, 0x0000000088000000| 20%| O|  |TAMS 0x0000000087f00000, 0x0000000087f34400| Untracked 
| 128|0x0000000088000000, 0x0000000088000000, 0x0000000088100000|  0%| F|  |TAMS 0x0000000088000000, 0x0000000088000000| Untracked 
| 129|0x0000000088100000, 0x0000000088100000, 0x0000000088200000|  0%| F|  |TAMS 0x0000000088100000, 0x0000000088100000| Untracked 
| 130|0x0000000088200000, 0x0000000088200000, 0x0000000088300000|  0%| F|  |TAMS 0x0000000088200000, 0x0000000088200000| Untracked 
| 131|0x0000000088300000, 0x0000000088300000, 0x0000000088400000|  0%| F|  |TAMS 0x0000000088300000, 0x0000000088300000| Untracked 
| 132|0x0000000088400000, 0x0000000088400000, 0x0000000088500000|  0%| F|  |TAMS 0x0000000088400000, 0x0000000088400000| Untracked 
| 133|0x0000000088500000, 0x0000000088600000, 0x0000000088600000|100%| O|  |TAMS 0x0000000088600000, 0x0000000088600000| Untracked 
| 134|0x0000000088600000, 0x0000000088700000, 0x0000000088700000|100%| O|  |TAMS 0x0000000088700000, 0x0000000088700000| Untracked 
| 135|0x0000000088700000, 0x0000000088800000, 0x0000000088800000|100%| O|  |TAMS 0x0000000088800000, 0x0000000088800000| Untracked 
| 136|0x0000000088800000, 0x0000000088900000, 0x0000000088900000|100%| O|  |TAMS 0x0000000088900000, 0x0000000088900000| Untracked 
| 137|0x0000000088900000, 0x0000000088900000, 0x0000000088a00000|  0%| F|  |TAMS 0x0000000088900000, 0x0000000088900000| Untracked 
| 138|0x0000000088a00000, 0x0000000088a00000, 0x0000000088b00000|  0%| F|  |TAMS 0x0000000088a00000, 0x0000000088a00000| Untracked 
| 139|0x0000000088b00000, 0x0000000088b00000, 0x0000000088c00000|  0%| F|  |TAMS 0x0000000088b00000, 0x0000000088b00000| Untracked 
| 140|0x0000000088c00000, 0x0000000088c00000, 0x0000000088d00000|  0%| F|  |TAMS 0x0000000088c00000, 0x0000000088c00000| Untracked 
| 141|0x0000000088d00000, 0x0000000088d00000, 0x0000000088e00000|  0%| F|  |TAMS 0x0000000088d00000, 0x0000000088d00000| Untracked 
| 142|0x0000000088e00000, 0x0000000088e00000, 0x0000000088f00000|  0%| F|  |TAMS 0x0000000088e00000, 0x0000000088e00000| Untracked 
| 143|0x0000000088f00000, 0x0000000088f00000, 0x0000000089000000|  0%| F|  |TAMS 0x0000000088f00000, 0x0000000088f00000| Untracked 
| 144|0x0000000089000000, 0x0000000089000000, 0x0000000089100000|  0%| F|  |TAMS 0x0000000089000000, 0x0000000089000000| Untracked 
| 145|0x0000000089100000, 0x0000000089100000, 0x0000000089200000|  0%| F|  |TAMS 0x0000000089100000, 0x0000000089100000| Untracked 
| 146|0x0000000089200000, 0x0000000089200000, 0x0000000089300000|  0%| F|  |TAMS 0x0000000089200000, 0x0000000089200000| Untracked 
| 147|0x0000000089300000, 0x0000000089300000, 0x0000000089400000|  0%| F|  |TAMS 0x0000000089300000, 0x0000000089300000| Untracked 
| 148|0x0000000089400000, 0x0000000089400000, 0x0000000089500000|  0%| F|  |TAMS 0x0000000089400000, 0x0000000089400000| Untracked 
| 149|0x0000000089500000, 0x0000000089500000, 0x0000000089600000|  0%| F|  |TAMS 0x0000000089500000, 0x0000000089500000| Untracked 
| 150|0x0000000089600000, 0x0000000089600000, 0x0000000089700000|  0%| F|  |TAMS 0x0000000089600000, 0x0000000089600000| Untracked 
| 151|0x0000000089700000, 0x0000000089700000, 0x0000000089800000|  0%| F|  |TAMS 0x0000000089700000, 0x0000000089700000| Untracked 
| 152|0x0000000089800000, 0x0000000089800000, 0x0000000089900000|  0%| F|  |TAMS 0x0000000089800000, 0x0000000089800000| Untracked 
| 153|0x0000000089900000, 0x0000000089900000, 0x0000000089a00000|  0%| F|  |TAMS 0x0000000089900000, 0x0000000089900000| Untracked 
| 154|0x0000000089a00000, 0x0000000089a00000, 0x0000000089b00000|  0%| F|  |TAMS 0x0000000089a00000, 0x0000000089a00000| Untracked 
| 155|0x0000000089b00000, 0x0000000089b00000, 0x0000000089c00000|  0%| F|  |TAMS 0x0000000089b00000, 0x0000000089b00000| Untracked 
| 156|0x0000000089c00000, 0x0000000089c00000, 0x0000000089d00000|  0%| F|  |TAMS 0x0000000089c00000, 0x0000000089c00000| Untracked 
| 157|0x0000000089d00000, 0x0000000089d00000, 0x0000000089e00000|  0%| F|  |TAMS 0x0000000089d00000, 0x0000000089d00000| Untracked 
| 158|0x0000000089e00000, 0x0000000089e00000, 0x0000000089f00000|  0%| F|  |TAMS 0x0000000089e00000, 0x0000000089e00000| Untracked 
| 159|0x0000000089f00000, 0x0000000089f00000, 0x000000008a000000|  0%| F|  |TAMS 0x0000000089f00000, 0x0000000089f00000| Untracked 
| 160|0x000000008a000000, 0x000000008a000000, 0x000000008a100000|  0%| F|  |TAMS 0x000000008a000000, 0x000000008a000000| Untracked 
| 161|0x000000008a100000, 0x000000008a100000, 0x000000008a200000|  0%| F|  |TAMS 0x000000008a100000, 0x000000008a100000| Untracked 
| 162|0x000000008a200000, 0x000000008a200000, 0x000000008a300000|  0%| F|  |TAMS 0x000000008a200000, 0x000000008a200000| Untracked 
| 163|0x000000008a300000, 0x000000008a300000, 0x000000008a400000|  0%| F|  |TAMS 0x000000008a300000, 0x000000008a300000| Untracked 
| 164|0x000000008a400000, 0x000000008a400000, 0x000000008a500000|  0%| F|  |TAMS 0x000000008a400000, 0x000000008a400000| Untracked 
| 165|0x000000008a500000, 0x000000008a500000, 0x000000008a600000|  0%| F|  |TAMS 0x000000008a500000, 0x000000008a500000| Untracked 
| 166|0x000000008a600000, 0x000000008a600000, 0x000000008a700000|  0%| F|  |TAMS 0x000000008a600000, 0x000000008a600000| Untracked 
| 167|0x000000008a700000, 0x000000008a700000, 0x000000008a800000|  0%| F|  |TAMS 0x000000008a700000, 0x000000008a700000| Untracked 
| 168|0x000000008a800000, 0x000000008a800000, 0x000000008a900000|  0%| F|  |TAMS 0x000000008a800000, 0x000000008a800000| Untracked 
| 169|0x000000008a900000, 0x000000008a900000, 0x000000008aa00000|  0%| F|  |TAMS 0x000000008a900000, 0x000000008a900000| Untracked 
| 170|0x000000008aa00000, 0x000000008aa00000, 0x000000008ab00000|  0%| F|  |TAMS 0x000000008aa00000, 0x000000008aa00000| Untracked 
| 171|0x000000008ab00000, 0x000000008ab00000, 0x000000008ac00000|  0%| F|  |TAMS 0x000000008ab00000, 0x000000008ab00000| Untracked 
| 172|0x000000008ac00000, 0x000000008ac00000, 0x000000008ad00000|  0%| F|  |TAMS 0x000000008ac00000, 0x000000008ac00000| Untracked 
| 173|0x000000008ad00000, 0x000000008ad00000, 0x000000008ae00000|  0%| F|  |TAMS 0x000000008ad00000, 0x000000008ad00000| Untracked 
| 174|0x000000008ae00000, 0x000000008ae00000, 0x000000008af00000|  0%| F|  |TAMS 0x000000008ae00000, 0x000000008ae00000| Untracked 
| 175|0x000000008af00000, 0x000000008af00000, 0x000000008b000000|  0%| F|  |TAMS 0x000000008af00000, 0x000000008af00000| Untracked 
| 176|0x000000008b000000, 0x000000008b000000, 0x000000008b100000|  0%| F|  |TAMS 0x000000008b000000, 0x000000008b000000| Untracked 
| 177|0x000000008b100000, 0x000000008b100000, 0x000000008b200000|  0%| F|  |TAMS 0x000000008b100000, 0x000000008b100000| Untracked 
| 178|0x000000008b200000, 0x000000008b200000, 0x000000008b300000|  0%| F|  |TAMS 0x000000008b200000, 0x000000008b200000| Untracked 
| 179|0x000000008b300000, 0x000000008b300000, 0x000000008b400000|  0%| F|  |TAMS 0x000000008b300000, 0x000000008b300000| Untracked 
| 180|0x000000008b400000, 0x000000008b400000, 0x000000008b500000|  0%| F|  |TAMS 0x000000008b400000, 0x000000008b400000| Untracked 
| 181|0x000000008b500000, 0x000000008b500000, 0x000000008b600000|  0%| F|  |TAMS 0x000000008b500000, 0x000000008b500000| Untracked 
| 182|0x000000008b600000, 0x000000008b600000, 0x000000008b700000|  0%| F|  |TAMS 0x000000008b600000, 0x000000008b600000| Untracked 
| 183|0x000000008b700000, 0x000000008b700000, 0x000000008b800000|  0%| F|  |TAMS 0x000000008b700000, 0x000000008b700000| Untracked 
| 184|0x000000008b800000, 0x000000008b800000, 0x000000008b900000|  0%| F|  |TAMS 0x000000008b800000, 0x000000008b800000| Untracked 
| 185|0x000000008b900000, 0x000000008b900000, 0x000000008ba00000|  0%| F|  |TAMS 0x000000008b900000, 0x000000008b900000| Untracked 
| 186|0x000000008ba00000, 0x000000008ba00000, 0x000000008bb00000|  0%| F|  |TAMS 0x000000008ba00000, 0x000000008ba00000| Untracked 
| 187|0x000000008bb00000, 0x000000008bb00000, 0x000000008bc00000|  0%| F|  |TAMS 0x000000008bb00000, 0x000000008bb00000| Untracked 
| 188|0x000000008bc00000, 0x000000008bc00000, 0x000000008bd00000|  0%| F|  |TAMS 0x000000008bc00000, 0x000000008bc00000| Untracked 
| 189|0x000000008bd00000, 0x000000008bd00000, 0x000000008be00000|  0%| F|  |TAMS 0x000000008bd00000, 0x000000008bd00000| Untracked 
| 190|0x000000008be00000, 0x000000008be00000, 0x000000008bf00000|  0%| F|  |TAMS 0x000000008be00000, 0x000000008be00000| Untracked 
| 191|0x000000008bf00000, 0x000000008bf00000, 0x000000008c000000|  0%| F|  |TAMS 0x000000008bf00000, 0x000000008bf00000| Untracked 
| 192|0x000000008c000000, 0x000000008c000000, 0x000000008c100000|  0%| F|  |TAMS 0x000000008c000000, 0x000000008c000000| Untracked 
| 193|0x000000008c100000, 0x000000008c100000, 0x000000008c200000|  0%| F|  |TAMS 0x000000008c100000, 0x000000008c100000| Untracked 
| 194|0x000000008c200000, 0x000000008c200000, 0x000000008c300000|  0%| F|  |TAMS 0x000000008c200000, 0x000000008c200000| Untracked 
| 195|0x000000008c300000, 0x000000008c300000, 0x000000008c400000|  0%| F|  |TAMS 0x000000008c300000, 0x000000008c300000| Untracked 
| 196|0x000000008c400000, 0x000000008c400000, 0x000000008c500000|  0%| F|  |TAMS 0x000000008c400000, 0x000000008c400000| Untracked 
| 197|0x000000008c500000, 0x000000008c500000, 0x000000008c600000|  0%| F|  |TAMS 0x000000008c500000, 0x000000008c500000| Untracked 
| 198|0x000000008c600000, 0x000000008c600000, 0x000000008c700000|  0%| F|  |TAMS 0x000000008c600000, 0x000000008c600000| Untracked 
| 199|0x000000008c700000, 0x000000008c700000, 0x000000008c800000|  0%| F|  |TAMS 0x000000008c700000, 0x000000008c700000| Untracked 
| 200|0x000000008c800000, 0x000000008c800000, 0x000000008c900000|  0%| F|  |TAMS 0x000000008c800000, 0x000000008c800000| Untracked 
| 201|0x000000008c900000, 0x000000008c900000, 0x000000008ca00000|  0%| F|  |TAMS 0x000000008c900000, 0x000000008c900000| Untracked 
| 202|0x000000008ca00000, 0x000000008ca00000, 0x000000008cb00000|  0%| F|  |TAMS 0x000000008ca00000, 0x000000008ca00000| Untracked 
| 203|0x000000008cb00000, 0x000000008cb00000, 0x000000008cc00000|  0%| F|  |TAMS 0x000000008cb00000, 0x000000008cb00000| Untracked 
| 204|0x000000008cc00000, 0x000000008cc00000, 0x000000008cd00000|  0%| F|  |TAMS 0x000000008cc00000, 0x000000008cc00000| Untracked 
| 205|0x000000008cd00000, 0x000000008cd00000, 0x000000008ce00000|  0%| F|  |TAMS 0x000000008cd00000, 0x000000008cd00000| Untracked 
| 206|0x000000008ce00000, 0x000000008ce00000, 0x000000008cf00000|  0%| F|  |TAMS 0x000000008ce00000, 0x000000008ce00000| Untracked 
| 207|0x000000008cf00000, 0x000000008cf00000, 0x000000008d000000|  0%| F|  |TAMS 0x000000008cf00000, 0x000000008cf00000| Untracked 
| 208|0x000000008d000000, 0x000000008d000000, 0x000000008d100000|  0%| F|  |TAMS 0x000000008d000000, 0x000000008d000000| Untracked 
| 209|0x000000008d100000, 0x000000008d100000, 0x000000008d200000|  0%| F|  |TAMS 0x000000008d100000, 0x000000008d100000| Untracked 
| 210|0x000000008d200000, 0x000000008d200000, 0x000000008d300000|  0%| F|  |TAMS 0x000000008d200000, 0x000000008d200000| Untracked 
| 211|0x000000008d300000, 0x000000008d300000, 0x000000008d400000|  0%| F|  |TAMS 0x000000008d300000, 0x000000008d300000| Untracked 
| 212|0x000000008d400000, 0x000000008d400000, 0x000000008d500000|  0%| F|  |TAMS 0x000000008d400000, 0x000000008d400000| Untracked 
| 213|0x000000008d500000, 0x000000008d500000, 0x000000008d600000|  0%| F|  |TAMS 0x000000008d500000, 0x000000008d500000| Untracked 
| 214|0x000000008d600000, 0x000000008d600000, 0x000000008d700000|  0%| F|  |TAMS 0x000000008d600000, 0x000000008d600000| Untracked 
| 215|0x000000008d700000, 0x000000008d700000, 0x000000008d800000|  0%| F|  |TAMS 0x000000008d700000, 0x000000008d700000| Untracked 
| 216|0x000000008d800000, 0x000000008d800000, 0x000000008d900000|  0%| F|  |TAMS 0x000000008d800000, 0x000000008d800000| Untracked 
| 217|0x000000008d900000, 0x000000008d900000, 0x000000008da00000|  0%| F|  |TAMS 0x000000008d900000, 0x000000008d900000| Untracked 
| 218|0x000000008da00000, 0x000000008da00000, 0x000000008db00000|  0%| F|  |TAMS 0x000000008da00000, 0x000000008da00000| Untracked 
| 219|0x000000008db00000, 0x000000008db00000, 0x000000008dc00000|  0%| F|  |TAMS 0x000000008db00000, 0x000000008db00000| Untracked 
| 220|0x000000008dc00000, 0x000000008dc00000, 0x000000008dd00000|  0%| F|  |TAMS 0x000000008dc00000, 0x000000008dc00000| Untracked 
| 221|0x000000008dd00000, 0x000000008dd00000, 0x000000008de00000|  0%| F|  |TAMS 0x000000008dd00000, 0x000000008dd00000| Untracked 
| 222|0x000000008de00000, 0x000000008de00000, 0x000000008df00000|  0%| F|  |TAMS 0x000000008de00000, 0x000000008de00000| Untracked 
| 223|0x000000008df00000, 0x000000008df00000, 0x000000008e000000|  0%| F|  |TAMS 0x000000008df00000, 0x000000008df00000| Untracked 
| 224|0x000000008e000000, 0x000000008e000000, 0x000000008e100000|  0%| F|  |TAMS 0x000000008e000000, 0x000000008e000000| Untracked 
| 225|0x000000008e100000, 0x000000008e100000, 0x000000008e200000|  0%| F|  |TAMS 0x000000008e100000, 0x000000008e100000| Untracked 
| 226|0x000000008e200000, 0x000000008e200000, 0x000000008e300000|  0%| F|  |TAMS 0x000000008e200000, 0x000000008e200000| Untracked 
| 227|0x000000008e300000, 0x000000008e300000, 0x000000008e400000|  0%| F|  |TAMS 0x000000008e300000, 0x000000008e300000| Untracked 
| 228|0x000000008e400000, 0x000000008e400000, 0x000000008e500000|  0%| F|  |TAMS 0x000000008e400000, 0x000000008e400000| Untracked 
| 229|0x000000008e500000, 0x000000008e500000, 0x000000008e600000|  0%| F|  |TAMS 0x000000008e500000, 0x000000008e500000| Untracked 
| 230|0x000000008e600000, 0x000000008e600000, 0x000000008e700000|  0%| F|  |TAMS 0x000000008e600000, 0x000000008e600000| Untracked 
| 231|0x000000008e700000, 0x000000008e700000, 0x000000008e800000|  0%| F|  |TAMS 0x000000008e700000, 0x000000008e700000| Untracked 
| 232|0x000000008e800000, 0x000000008e800000, 0x000000008e900000|  0%| F|  |TAMS 0x000000008e800000, 0x000000008e800000| Untracked 
| 233|0x000000008e900000, 0x000000008e900000, 0x000000008ea00000|  0%| F|  |TAMS 0x000000008e900000, 0x000000008e900000| Untracked 
| 234|0x000000008ea00000, 0x000000008ea00000, 0x000000008eb00000|  0%| F|  |TAMS 0x000000008ea00000, 0x000000008ea00000| Untracked 
| 235|0x000000008eb00000, 0x000000008eb00000, 0x000000008ec00000|  0%| F|  |TAMS 0x000000008eb00000, 0x000000008eb00000| Untracked 
| 236|0x000000008ec00000, 0x000000008ec00000, 0x000000008ed00000|  0%| F|  |TAMS 0x000000008ec00000, 0x000000008ec00000| Untracked 
| 237|0x000000008ed00000, 0x000000008ed00000, 0x000000008ee00000|  0%| F|  |TAMS 0x000000008ed00000, 0x000000008ed00000| Untracked 
| 238|0x000000008ee00000, 0x000000008ee00000, 0x000000008ef00000|  0%| F|  |TAMS 0x000000008ee00000, 0x000000008ee00000| Untracked 
| 239|0x000000008ef00000, 0x000000008ef00000, 0x000000008f000000|  0%| F|  |TAMS 0x000000008ef00000, 0x000000008ef00000| Untracked 
| 240|0x000000008f000000, 0x000000008f000000, 0x000000008f100000|  0%| F|  |TAMS 0x000000008f000000, 0x000000008f000000| Untracked 
| 241|0x000000008f100000, 0x000000008f100000, 0x000000008f200000|  0%| F|  |TAMS 0x000000008f100000, 0x000000008f100000| Untracked 
| 242|0x000000008f200000, 0x000000008f282b48, 0x000000008f300000| 51%| S|CS|TAMS 0x000000008f200000, 0x000000008f200000| Complete 
| 243|0x000000008f300000, 0x000000008f400000, 0x000000008f400000|100%| S|CS|TAMS 0x000000008f300000, 0x000000008f300000| Complete 
| 244|0x000000008f400000, 0x000000008f500000, 0x000000008f500000|100%| S|CS|TAMS 0x000000008f400000, 0x000000008f400000| Complete 
| 245|0x000000008f500000, 0x000000008f600000, 0x000000008f600000|100%| S|CS|TAMS 0x000000008f500000, 0x000000008f500000| Complete 
| 246|0x000000008f600000, 0x000000008f600000, 0x000000008f700000|  0%| F|  |TAMS 0x000000008f600000, 0x000000008f600000| Untracked 
| 247|0x000000008f700000, 0x000000008f700000, 0x000000008f800000|  0%| F|  |TAMS 0x000000008f700000, 0x000000008f700000| Untracked 
| 248|0x000000008f800000, 0x000000008f800000, 0x000000008f900000|  0%| F|  |TAMS 0x000000008f800000, 0x000000008f800000| Untracked 
| 249|0x000000008f900000, 0x000000008f900000, 0x000000008fa00000|  0%| F|  |TAMS 0x000000008f900000, 0x000000008f900000| Untracked 
| 250|0x000000008fa00000, 0x000000008fa00000, 0x000000008fb00000|  0%| F|  |TAMS 0x000000008fa00000, 0x000000008fa00000| Untracked 
| 251|0x000000008fb00000, 0x000000008fb00000, 0x000000008fc00000|  0%| F|  |TAMS 0x000000008fb00000, 0x000000008fb00000| Untracked 
| 252|0x000000008fc00000, 0x000000008fc00000, 0x000000008fd00000|  0%| F|  |TAMS 0x000000008fc00000, 0x000000008fc00000| Untracked 
| 253|0x000000008fd00000, 0x000000008fd00000, 0x000000008fe00000|  0%| F|  |TAMS 0x000000008fd00000, 0x000000008fd00000| Untracked 
| 254|0x000000008fe00000, 0x000000008fe00000, 0x000000008ff00000|  0%| F|  |TAMS 0x000000008fe00000, 0x000000008fe00000| Untracked 
| 255|0x000000008ff00000, 0x000000008ff00000, 0x0000000090000000|  0%| F|  |TAMS 0x000000008ff00000, 0x000000008ff00000| Untracked 

Card table byte_map: [0x00000228ddf10000,0x00000228de310000] _byte_map_base: 0x00000228ddb10000

Marking Bits (Prev, Next): (CMBitMap*) 0x00000228cb02b610, (CMBitMap*) 0x00000228cb02b5d8
 Prev Bits: [0x00000228e0710000, 0x00000228e2710000)
 Next Bits: [0x00000228de710000, 0x00000228e0710000)

Polling page: 0x00000228c8f40000

Metaspace:

Usage:
  Non-class:    118.30 MB capacity,   115.91 MB ( 98%) used,     1.88 MB (  2%) free+waste,   524.94 KB ( <1%) overhead. 
      Class:     18.23 MB capacity,    16.62 MB ( 91%) used,     1.37 MB (  8%) free+waste,   242.31 KB (  1%) overhead. 
       Both:    136.53 MB capacity,   132.52 MB ( 97%) used,     3.25 MB (  2%) free+waste,   767.25 KB ( <1%) overhead. 

Virtual space:
  Non-class space:      132.00 MB reserved,     118.34 MB ( 90%) committed 
      Class space:        1.00 GB reserved,      18.25 MB (  2%) committed 
             Both:        1.13 GB reserved,     136.59 MB ( 12%) committed 

Chunk freelists:
   Non-Class:  42.00 KB
       Class:  0 bytes
        Both:  42.00 KB

MaxMetaspaceSize: 17179869184.00 GB
CompressedClassSpaceSize: 1.00 GB
Initial GC threshold: 20.80 MB
Current GC threshold: 199.02 MB
CDS: off

CodeHeap 'non-profiled nmethods': size=120064Kb used=14055Kb max_used=14055Kb free=106009Kb
 bounds [0x00000228d65d0000, 0x00000228d7390000, 0x00000228ddb10000]
CodeHeap 'profiled nmethods': size=120000Kb used=51775Kb max_used=51775Kb free=68224Kb
 bounds [0x00000228cf0a0000, 0x00000228d2330000, 0x00000228d65d0000]
CodeHeap 'non-nmethods': size=5696Kb used=2486Kb max_used=2526Kb free=3209Kb
 bounds [0x00000228ceb10000, 0x00000228ced90000, 0x00000228cf0a0000]
 total_blobs=22214 nmethods=21196 adapters=929
 compilation: enabled
              stopped_count=0, restarted_count=0
 full_count=0

Compilation events (20 events):
Event: 146.041 Thread 0x00000228e54e4800 nmethod 22971% 0x00000228d22f0810 code [0x00000228d22f0b00, 0x00000228d22f1d38]
Event: 146.041 Thread 0x00000228e54e4800 22912       2       java.util.IdentityHashMap$KeySet::contains (9 bytes)
Event: 146.042 Thread 0x00000228e54e4800 nmethod 22912 0x00000228d22f2210 code [0x00000228d22f23c0, 0x00000228d22f24e8]
Event: 146.042 Thread 0x00000228e54e4800 22970       2       com.android.tools.r8.internal.QI::a (262 bytes)
Event: 146.043 Thread 0x00000228e54e4800 nmethod 22970 0x00000228d22f2590 code [0x00000228d22f2880, 0x00000228d22f3308]
Event: 146.043 Thread 0x00000228e54e4800 22927       2       com.android.tools.r8.graph.u3::a (50 bytes)
Event: 146.043 Thread 0x00000228e54e4800 nmethod 22927 0x00000228d22f3b90 code [0x00000228d22f3d60, 0x00000228d22f4048]
Event: 146.043 Thread 0x00000228e54e4800 22910       2       com.android.tools.r8.internal.cs::z1 (44 bytes)
Event: 146.043 Thread 0x00000228e54e4800 nmethod 22910 0x00000228d22f4290 code [0x00000228d22f4440, 0x00000228d22f4688]
Event: 146.043 Thread 0x00000228e54e4800 22950       2       com.android.tools.r8.internal.FH::a (8 bytes)
Event: 146.043 Thread 0x00000228e54e4800 nmethod 22950 0x00000228d22f4790 code [0x00000228d22f4960, 0x00000228d22f4b38]
Event: 146.044 Thread 0x00000228e54e4800 22909       2       com.android.tools.r8.internal.cs::A1 (23 bytes)
Event: 146.044 Thread 0x00000228e54e4800 nmethod 22909 0x00000228d22f4d10 code [0x00000228d22f4ee0, 0x00000228d22f5058]
Event: 146.044 Thread 0x00000228e54e4800 22958       2       com.android.tools.r8.internal.Q6::<init> (145 bytes)
Event: 146.045 Thread 0x00000228e54e4800 nmethod 22958 0x00000228d22f5110 code [0x00000228d22f53c0, 0x00000228d22f5f58]
Event: 146.045 Thread 0x00000228e54e4800 22900   !   2       com.android.tools.r8.internal.Zo::a (261 bytes)
Event: 146.045 Thread 0x00000228e54e4800 nmethod 22900 0x00000228d22f6590 code [0x00000228d22f6820, 0x00000228d22f7118]
Event: 146.045 Thread 0x00000228e54e4800 22959       2       com.android.tools.r8.internal.Aw::s0 (84 bytes)
Event: 146.046 Thread 0x00000228e54e4800 nmethod 22959 0x00000228d22f7710 code [0x00000228d22f78e0, 0x00000228d22f7be8]
Event: 146.046 Thread 0x00000228e54e4800 22899   !   2       com.android.tools.r8.internal.La::a (663 bytes)

GC Heap History (20 events):
Event: 122.499 GC heap before
{Heap before GC invocations=34 (full 0):
 garbage-first heap   total 262144K, used 214744K [0x0000000080000000, 0x0000000100000000)
  region size 1024K, 95 young (97280K), 8 survivors (8192K)
 Metaspace       used 118569K, capacity 121325K, committed 121436K, reserved 1155072K
  class space    used 14522K, capacity 15605K, committed 15616K, reserved 1048576K
}
Event: 122.506 GC heap after
{Heap after GC invocations=35 (full 0):
 garbage-first heap   total 262144K, used 127317K [0x0000000080000000, 0x0000000100000000)
  region size 1024K, 5 young (5120K), 5 survivors (5120K)
 Metaspace       used 118569K, capacity 121325K, committed 121436K, reserved 1155072K
  class space    used 14522K, capacity 15605K, committed 15616K, reserved 1048576K
}
Event: 123.518 GC heap before
{Heap before GC invocations=36 (full 0):
 garbage-first heap   total 262144K, used 218453K [0x0000000080000000, 0x0000000100000000)
  region size 1024K, 94 young (96256K), 5 survivors (5120K)
 Metaspace       used 118612K, capacity 121393K, committed 121436K, reserved 1155072K
  class space    used 14525K, capacity 15605K, committed 15616K, reserved 1048576K
}
Event: 123.524 GC heap after
{Heap after GC invocations=37 (full 0):
 garbage-first heap   total 262144K, used 126599K [0x0000000080000000, 0x0000000100000000)
  region size 1024K, 4 young (4096K), 4 survivors (4096K)
 Metaspace       used 118612K, capacity 121393K, committed 121436K, reserved 1155072K
  class space    used 14525K, capacity 15605K, committed 15616K, reserved 1048576K
}
Event: 123.545 GC heap before
{Heap before GC invocations=37 (full 0):
 garbage-first heap   total 262144K, used 133767K [0x0000000080000000, 0x0000000100000000)
  region size 1024K, 12 young (12288K), 4 survivors (4096K)
 Metaspace       used 118613K, capacity 121393K, committed 121436K, reserved 1155072K
  class space    used 14525K, capacity 15605K, committed 15616K, reserved 1048576K
}
Event: 123.552 GC heap after
{Heap after GC invocations=38 (full 0):
 garbage-first heap   total 262144K, used 123031K [0x0000000080000000, 0x0000000100000000)
  region size 1024K, 1 young (1024K), 1 survivors (1024K)
 Metaspace       used 118613K, capacity 121393K, committed 121436K, reserved 1155072K
  class space    used 14525K, capacity 15605K, committed 15616K, reserved 1048576K
}
Event: 139.789 GC heap before
{Heap before GC invocations=38 (full 0):
 garbage-first heap   total 262144K, used 218263K [0x0000000080000000, 0x0000000100000000)
  region size 1024K, 95 young (97280K), 1 survivors (1024K)
 Metaspace       used 119099K, capacity 121944K, committed 122076K, reserved 1155072K
  class space    used 14573K, capacity 15670K, committed 15744K, reserved 1048576K
}
Event: 139.796 GC heap after
{Heap after GC invocations=39 (full 0):
 garbage-first heap   total 262144K, used 124898K [0x0000000080000000, 0x0000000100000000)
  region size 1024K, 3 young (3072K), 3 survivors (3072K)
 Metaspace       used 119099K, capacity 121944K, committed 122076K, reserved 1155072K
  class space    used 14573K, capacity 15670K, committed 15744K, reserved 1048576K
}
Event: 144.565 GC heap before
{Heap before GC invocations=40 (full 0):
 garbage-first heap   total 262144K, used 220130K [0x0000000080000000, 0x0000000100000000)
  region size 1024K, 97 young (99328K), 3 survivors (3072K)
 Metaspace       used 130788K, capacity 134393K, committed 134492K, reserved 1165312K
  class space    used 16419K, capacity 17858K, committed 17920K, reserved 1048576K
}
Event: 144.576 GC heap after
{Heap after GC invocations=41 (full 0):
 garbage-first heap   total 262144K, used 129983K [0x0000000080000000, 0x0000000100000000)
  region size 1024K, 8 young (8192K), 8 survivors (8192K)
 Metaspace       used 130788K, capacity 134393K, committed 134492K, reserved 1165312K
  class space    used 16419K, capacity 17858K, committed 17920K, reserved 1048576K
}
Event: 145.065 GC heap before
{Heap before GC invocations=41 (full 0):
 garbage-first heap   total 262144K, used 220095K [0x0000000080000000, 0x0000000100000000)
  region size 1024K, 97 young (99328K), 8 survivors (8192K)
 Metaspace       used 134583K, capacity 138712K, committed 138844K, reserved 1169408K
  class space    used 16956K, capacity 18592K, committed 18688K, reserved 1048576K
}
Event: 145.072 GC heap after
{Heap after GC invocations=42 (full 0):
 garbage-first heap   total 262144K, used 130602K [0x0000000080000000, 0x0000000100000000)
  region size 1024K, 6 young (6144K), 6 survivors (6144K)
 Metaspace       used 134583K, capacity 138712K, committed 138844K, reserved 1169408K
  class space    used 16956K, capacity 18592K, committed 18688K, reserved 1048576K
}
Event: 145.342 GC heap before
{Heap before GC invocations=42 (full 0):
 garbage-first heap   total 262144K, used 222762K [0x0000000080000000, 0x0000000100000000)
  region size 1024K, 96 young (98304K), 6 survivors (6144K)
 Metaspace       used 135048K, capacity 139198K, committed 139356K, reserved 1169408K
  class space    used 16983K, capacity 18642K, committed 18688K, reserved 1048576K
}
Event: 145.354 GC heap after
{Heap after GC invocations=43 (full 0):
 garbage-first heap   total 262144K, used 135518K [0x0000000080000000, 0x0000000100000000)
  region size 1024K, 11 young (11264K), 11 survivors (11264K)
 Metaspace       used 135048K, capacity 139198K, committed 139356K, reserved 1169408K
  class space    used 16983K, capacity 18642K, committed 18688K, reserved 1048576K
}
Event: 145.568 GC heap before
{Heap before GC invocations=43 (full 0):
 garbage-first heap   total 262144K, used 221534K [0x0000000080000000, 0x0000000100000000)
  region size 1024K, 95 young (97280K), 11 survivors (11264K)
 Metaspace       used 135119K, capacity 139294K, committed 139356K, reserved 1169408K
  class space    used 16998K, capacity 18652K, committed 18688K, reserved 1048576K
}
Event: 145.582 GC heap after
{Heap after GC invocations=44 (full 0):
 garbage-first heap   total 262144K, used 138341K [0x0000000080000000, 0x0000000100000000)
  region size 1024K, 4 young (4096K), 4 survivors (4096K)
 Metaspace       used 135119K, capacity 139294K, committed 139356K, reserved 1169408K
  class space    used 16998K, capacity 18652K, committed 18688K, reserved 1048576K
}
Event: 145.766 GC heap before
{Heap before GC invocations=44 (full 0):
 garbage-first heap   total 262144K, used 221285K [0x0000000080000000, 0x0000000100000000)
  region size 1024K, 86 young (88064K), 4 survivors (4096K)
 Metaspace       used 135171K, capacity 139305K, committed 139356K, reserved 1169408K
  class space    used 16999K, capacity 18655K, committed 18688K, reserved 1048576K
}
Event: 145.770 GC heap after
{Heap after GC invocations=45 (full 0):
 garbage-first heap   total 262144K, used 138326K [0x0000000080000000, 0x0000000100000000)
  region size 1024K, 4 young (4096K), 4 survivors (4096K)
 Metaspace       used 135171K, capacity 139305K, committed 139356K, reserved 1169408K
  class space    used 16999K, capacity 18655K, committed 18688K, reserved 1048576K
}
Event: 145.943 GC heap before
{Heap before GC invocations=45 (full 0):
 garbage-first heap   total 262144K, used 223318K [0x0000000080000000, 0x0000000100000000)
  region size 1024K, 87 young (89088K), 4 survivors (4096K)
 Metaspace       used 135468K, capacity 139585K, committed 139868K, reserved 1175552K
  class space    used 17012K, capacity 18660K, committed 18688K, reserved 1048576K
}
Event: 145.946 GC heap after
{Heap after GC invocations=46 (full 0):
 garbage-first heap   total 262144K, used 137785K [0x0000000080000000, 0x0000000100000000)
  region size 1024K, 4 young (4096K), 4 survivors (4096K)
 Metaspace       used 135468K, capacity 139585K, committed 139868K, reserved 1175552K
  class space    used 17012K, capacity 18660K, committed 18688K, reserved 1048576K
}

Deoptimization events (20 events):
Event: 145.803 Thread 0x00000228e77e9000 DEOPT PACKING pc=0x00000228d1a8c7b4 sp=0x0000006e796f9a60
Event: 145.805 Thread 0x00000228e77e9000 DEOPT UNPACKING pc=0x00000228ceb59d0e sp=0x0000006e796f8f28 mode 0
Event: 145.896 Thread 0x00000228e77e9000 DEOPT PACKING pc=0x00000228d1ce7d58 sp=0x0000006e796f9650
Event: 145.896 Thread 0x00000228e77e9000 DEOPT UNPACKING pc=0x00000228ceb59d0e sp=0x0000006e796f8db8 mode 0
Event: 145.905 Thread 0x00000228e77e9000 DEOPT PACKING pc=0x00000228d1f61daf sp=0x0000006e796f9db0
Event: 145.905 Thread 0x00000228e77e9000 DEOPT UNPACKING pc=0x00000228ceb59d0e sp=0x0000006e796f9388 mode 0
Event: 145.908 Thread 0x00000228e77e9000 Uncommon trap: trap_request=0xffffff4d fr.pc=0x00000228d737012c relative=0x00000000000059ec
Event: 145.908 Thread 0x00000228e77e9000 Uncommon trap: reason=unstable_if action=reinterpret pc=0x00000228d737012c method=com.android.tools.r8.ir.regalloc.c.d(I)Lcom/android/tools/r8/ir/regalloc/c; @ 135 c2
Event: 145.908 Thread 0x00000228e77e9000 DEOPT PACKING pc=0x00000228d737012c sp=0x0000006e796f9b80
Event: 145.908 Thread 0x00000228e77e9000 DEOPT UNPACKING pc=0x00000228ceb185af sp=0x0000006e796f9a18 mode 2
Event: 145.911 Thread 0x00000228e77e9000 DEOPT PACKING pc=0x00000228d19c11b7 sp=0x0000006e796f9dc0
Event: 145.911 Thread 0x00000228e77e9000 DEOPT UNPACKING pc=0x00000228ceb59d0e sp=0x0000006e796f9398 mode 0
Event: 145.920 Thread 0x00000228e6c9d800 DEOPT PACKING pc=0x00000228d1cb0ab2 sp=0x0000006e7b1f9ac0
Event: 145.920 Thread 0x00000228e6c9d800 DEOPT UNPACKING pc=0x00000228ceb59d0e sp=0x0000006e7b1f9088 mode 0
Event: 145.933 Thread 0x00000228e77e9000 DEOPT PACKING pc=0x00000228d1b4d1b2 sp=0x0000006e796f9d60
Event: 145.933 Thread 0x00000228e77e9000 DEOPT UNPACKING pc=0x00000228ceb59d0e sp=0x0000006e796f9320 mode 0
Event: 145.997 Thread 0x00000228e6c9d800 DEOPT PACKING pc=0x00000228d1b1e93b sp=0x0000006e7b1f9660
Event: 145.997 Thread 0x00000228e6c9d800 DEOPT UNPACKING pc=0x00000228ceb59d0e sp=0x0000006e7b1f8dd0 mode 0
Event: 146.013 Thread 0x00000228e6c9d800 DEOPT PACKING pc=0x00000228d21236cc sp=0x0000006e7b1f9a00
Event: 146.013 Thread 0x00000228e6c9d800 DEOPT UNPACKING pc=0x00000228ceb59d0e sp=0x0000006e7b1f8fd8 mode 0

Classes redefined (0 events):
No events

Internal exceptions (20 events):
Event: 144.634 Thread 0x00000228e77e9000 Exception <a 'java/lang/IncompatibleClassChangeError'{0x000000008f7378c0}: Found class java.lang.Object, but interface was expected> (0x000000008f7378c0) thrown at [src/hotspot/share/interpreter/linkResolver.cpp, line 839]
Event: 144.749 Thread 0x00000228e77e9000 Exception <a 'java/lang/NoSuchMethodError'{0x000000008e4e8ce8}: 'java.lang.Object java.lang.invoke.Invokers$Holder.linkToTargetMethod(java.lang.Object, int, java.lang.Object, java.lang.Object, java.lang.Object, java.lang.Object)'> (0x000000008e4e8ce8) thrown at [src/hotspot/share/interpreter/linkResolver.cpp, line 773]
Event: 144.766 Thread 0x00000228e77e9000 Exception <a 'java/lang/NoSuchMethodError'{0x000000008e1baf78}: 'void java.lang.invoke.DirectMethodHandle$Holder.invokeStatic(java.lang.Object, java.lang.Object, java.lang.Object, java.lang.Object, java.lang.Object, java.lang.Object, java.lang.Object, java.lang.Object)'> (0x000000008e1baf78) thrown at [src/hotspot/share/interpreter/linkResolver.cpp, line 773]
Event: 144.917 Thread 0x00000228e6c9d800 Exception <a 'java/lang/IncompatibleClassChangeError'{0x000000008c872120}: Found class java.lang.Object, but interface was expected> (0x000000008c872120) thrown at [src/hotspot/share/interpreter/linkResolver.cpp, line 839]
Event: 144.962 Thread 0x00000228e6c9d800 Exception <a 'java/lang/NoSuchMethodError'{0x000000008bfef8f8}: 'void java.lang.invoke.DirectMethodHandle$Holder.invokeSpecial(java.lang.Object, java.lang.Object, int)'> (0x000000008bfef8f8) thrown at [src/hotspot/share/interpreter/linkResolver.cpp, line 773]
Event: 145.001 Thread 0x00000228e6c9d800 Exception <a 'sun/nio/fs/WindowsException'{0x000000008b9ca208}> (0x000000008b9ca208) thrown at [src/hotspot/share/prims/jni.cpp, line 617]
Event: 145.001 Thread 0x00000228e77e9000 Exception <a 'sun/nio/fs/WindowsException'{0x000000008ba1f6d8}> (0x000000008ba1f6d8) thrown at [src/hotspot/share/prims/jni.cpp, line 617]
Event: 145.001 Thread 0x00000228e77f1000 Exception <a 'sun/nio/fs/WindowsException'{0x000000008bab5a58}> (0x000000008bab5a58) thrown at [src/hotspot/share/prims/jni.cpp, line 617]
Event: 145.026 Thread 0x00000228e77e9000 Exception <a 'sun/nio/fs/WindowsException'{0x000000008b528bb0}> (0x000000008b528bb0) thrown at [src/hotspot/share/prims/jni.cpp, line 617]
Event: 145.038 Thread 0x00000228e77e9000 Exception <a 'sun/nio/fs/WindowsException'{0x000000008b2d0cd8}> (0x000000008b2d0cd8) thrown at [src/hotspot/share/prims/jni.cpp, line 617]
Event: 145.074 Thread 0x00000228e6c9d800 Exception <a 'sun/nio/fs/WindowsException'{0x000000008fe224b0}> (0x000000008fe224b0) thrown at [src/hotspot/share/prims/jni.cpp, line 617]
Event: 145.103 Thread 0x00000228e6c9f000 Exception <a 'java/lang/NoSuchMethodError'{0x000000008f731d80}: 'int java.lang.invoke.DirectMethodHandle$Holder.invokeStatic(java.lang.Object, java.lang.Object, int, java.lang.Object)'> (0x000000008f731d80) thrown at [src/hotspot/share/interpreter/linkResolver.cpp, line 773]
Event: 145.254 Thread 0x00000228e6c9f000 Exception <a 'sun/nio/fs/WindowsException'{0x000000008c29eca0}> (0x000000008c29eca0) thrown at [src/hotspot/share/prims/jni.cpp, line 617]
Event: 145.264 Thread 0x00000228e77e9000 Exception <a 'sun/nio/fs/WindowsException'{0x000000008bf712e0}> (0x000000008bf712e0) thrown at [src/hotspot/share/prims/jni.cpp, line 617]
Event: 145.376 Thread 0x00000228e77e9000 Exception <a 'sun/nio/fs/WindowsException'{0x000000008f6aa540}> (0x000000008f6aa540) thrown at [src/hotspot/share/prims/jni.cpp, line 617]
Event: 145.404 Thread 0x00000228e6c9f000 Exception <a 'sun/nio/fs/WindowsException'{0x000000008eb5bf40}> (0x000000008eb5bf40) thrown at [src/hotspot/share/prims/jni.cpp, line 617]
Event: 145.687 Thread 0x00000228e77e9000 Exception <a 'sun/nio/fs/WindowsException'{0x000000008cda3008}> (0x000000008cda3008) thrown at [src/hotspot/share/prims/jni.cpp, line 617]
Event: 145.847 Thread 0x00000228e77e9000 Exception <a 'java/lang/NoSuchMethodError'{0x000000008e1aa280}: 'int java.lang.invoke.DirectMethodHandle$Holder.invokeInterface(java.lang.Object, java.lang.Object, int)'> (0x000000008e1aa280) thrown at [src/hotspot/share/interpreter/linkResolver.cpp, line 773]
Event: 145.988 Thread 0x00000228e77e9000 Exception <a 'sun/nio/fs/WindowsException'{0x000000008de056a0}> (0x000000008de056a0) thrown at [src/hotspot/share/prims/jni.cpp, line 617]
Event: 146.023 Thread 0x00000228e77e9000 Exception <a 'sun/nio/fs/WindowsException'{0x000000008cbd2148}> (0x000000008cbd2148) thrown at [src/hotspot/share/prims/jni.cpp, line 617]

Events (20 events):
Event: 145.943 Executing VM operation: G1CollectForAllocation
Event: 145.946 Executing VM operation: G1CollectForAllocation done
Event: 146.017 loading class com/android/tools/r8/ir/regalloc/b
Event: 146.017 loading class com/android/tools/r8/ir/regalloc/b done
Event: 146.033 loading class com/android/tools/r8/internal/w10
Event: 146.033 loading class com/android/tools/r8/internal/w10 done
Event: 146.033 loading class com/android/tools/r8/internal/w10
Event: 146.033 loading class com/android/tools/r8/internal/w10 done
Event: 146.033 loading class com/android/tools/r8/internal/v10
Event: 146.033 loading class com/android/tools/r8/internal/v10 done
Event: 146.033 loading class com/android/tools/r8/dex/code/C0
Event: 146.033 loading class com/android/tools/r8/dex/code/C0 done
Event: 146.033 loading class com/android/tools/r8/dex/code/C0
Event: 146.033 loading class com/android/tools/r8/dex/code/C0 done
Event: 146.033 loading class com/android/tools/r8/dex/code/C0
Event: 146.033 loading class com/android/tools/r8/dex/code/C0 done
Event: 146.034 loading class com/android/tools/r8/dex/code/D0
Event: 146.034 loading class com/android/tools/r8/dex/code/D0 done
Event: 146.034 loading class com/android/tools/r8/dex/code/D0
Event: 146.034 loading class com/android/tools/r8/dex/code/D0 done


Dynamic libraries:
0x00007ff6f4750000 - 0x00007ff6f475a000 	C:\Program Files\Android\Android Studio\jbr\bin\java.exe
0x00007ffdb4d40000 - 0x00007ffdb4f41000 	C:\Windows\SYSTEM32\ntdll.dll
0x00007ffdb4300000 - 0x00007ffdb43be000 	C:\Windows\System32\KERNEL32.DLL
0x00007ffdb26c0000 - 0x00007ffdb2a26000 	C:\Windows\System32\KERNELBASE.dll
0x00007ffdb23b0000 - 0x00007ffdb24c0000 	C:\Windows\System32\ucrtbase.dll
0x00007ffd93110000 - 0x00007ffd9312b000 	C:\Program Files\Android\Android Studio\jbr\bin\VCRUNTIME140.dll
0x00007ffd925b0000 - 0x00007ffd925c7000 	C:\Program Files\Android\Android Studio\jbr\bin\jli.dll
0x00007ffdb3940000 - 0x00007ffdb3ae6000 	C:\Windows\System32\USER32.dll
0x00007ffdb2300000 - 0x00007ffdb2326000 	C:\Windows\System32\win32u.dll
0x00007ffdb3790000 - 0x00007ffdb37bb000 	C:\Windows\System32\GDI32.dll
0x00007ffdb2aa0000 - 0x00007ffdb2bb3000 	C:\Windows\System32\gdi32full.dll
0x00007ffd970c0000 - 0x00007ffd97365000 	C:\Windows\WinSxS\amd64_microsoft.windows.common-controls_6595b64144ccf1df_6.0.20348.1_none_88d3d41d702dedea\COMCTL32.dll
0x00007ffdb24c0000 - 0x00007ffdb2560000 	C:\Windows\System32\msvcp_win.dll
0x00007ffdb2c80000 - 0x00007ffdb2d23000 	C:\Windows\System32\msvcrt.dll
0x00007ffdb40f0000 - 0x00007ffdb4121000 	C:\Windows\System32\IMM32.DLL
0x00007ffd97fd0000 - 0x00007ffd97fdc000 	C:\Program Files\Android\Android Studio\jbr\bin\vcruntime140_1.dll
0x00007ffd8b490000 - 0x00007ffd8b51d000 	C:\Program Files\Android\Android Studio\jbr\bin\msvcp140.dll
0x00007ffd7c4a0000 - 0x00007ffd7d05c000 	C:\Program Files\Android\Android Studio\jbr\bin\server\jvm.dll
0x00007ffdb4540000 - 0x00007ffdb45ee000 	C:\Windows\System32\ADVAPI32.dll
0x00007ffdb37c0000 - 0x00007ffdb385f000 	C:\Windows\System32\sechost.dll
0x00007ffdb4420000 - 0x00007ffdb453e000 	C:\Windows\System32\RPCRT4.dll
0x00007ffdb41e0000 - 0x00007ffdb41e8000 	C:\Windows\System32\PSAPI.DLL
0x00007ffda7470000 - 0x00007ffda7479000 	C:\Windows\SYSTEM32\WSOCK32.dll
0x00007ffda8940000 - 0x00007ffda894a000 	C:\Windows\SYSTEM32\VERSION.dll
0x00007ffda74b0000 - 0x00007ffda74d7000 	C:\Windows\SYSTEM32\WINMM.dll
0x00007ffdb47d0000 - 0x00007ffdb4841000 	C:\Windows\System32\WS2_32.dll
0x00007ffdb0c60000 - 0x00007ffdb0c77000 	C:\Windows\SYSTEM32\kernel.appcore.dll
0x00007ffda3210000 - 0x00007ffda3220000 	C:\Program Files\Android\Android Studio\jbr\bin\verify.dll
0x00007ffda7230000 - 0x00007ffda7442000 	C:\Windows\SYSTEM32\DBGHELP.DLL
0x00007ffda6af0000 - 0x00007ffda6b20000 	C:\Windows\SYSTEM32\dbgcore.DLL
0x00007ffdb2330000 - 0x00007ffdb23ad000 	C:\Windows\System32\bcryptPrimitives.dll
0x00007ffd93020000 - 0x00007ffd93048000 	C:\Program Files\Android\Android Studio\jbr\bin\java.dll
0x00007ffd98e90000 - 0x00007ffd98e9a000 	C:\Program Files\Android\Android Studio\jbr\bin\jimage.dll
0x00007ffd933c0000 - 0x00007ffd933d8000 	C:\Program Files\Android\Android Studio\jbr\bin\zip.dll
0x00007ffdb2e70000 - 0x00007ffdb35ca000 	C:\Windows\System32\SHELL32.dll
0x00007ffda38c0000 - 0x00007ffda4106000 	C:\Windows\SYSTEM32\windows.storage.dll
0x00007ffdb4850000 - 0x00007ffdb4bc1000 	C:\Windows\System32\combase.dll
0x00007ffdb3af0000 - 0x00007ffdb3bda000 	C:\Windows\System32\SHCORE.dll
0x00007ffdb46e0000 - 0x00007ffdb473f000 	C:\Windows\System32\shlwapi.dll
0x00007ffdb2230000 - 0x00007ffdb2251000 	C:\Windows\SYSTEM32\profapi.dll
0x00007ffd93130000 - 0x00007ffd93149000 	C:\Program Files\Android\Android Studio\jbr\bin\net.dll
0x00007ffdadf40000 - 0x00007ffdae04a000 	C:\Windows\SYSTEM32\WINHTTP.dll
0x00007ffdb17d0000 - 0x00007ffdb1838000 	C:\Windows\system32\mswsock.dll
0x00007ffd92f80000 - 0x00007ffd92f93000 	C:\Program Files\Android\Android Studio\jbr\bin\nio.dll
0x00007ffd925d0000 - 0x00007ffd925f7000 	C:\Users\camendiola\Documents\Apps Android\Supervision\native\e1d6ef7f7dcc3fd88c89a11ec53ec762bb8ba0a96d01ffa2cd45eb1d1d8dd5c5\windows-amd64\native-platform.dll
0x00007ffd8a120000 - 0x00007ffd8a264000 	C:\Users\camendiola\Documents\Apps Android\Supervision\native\0d407fdbe67a94daf76414ababcb853783967236a71b16ec16e742cd7a986fd3\windows-amd64\native-platform-file-events.dll
0x00007ffd98e60000 - 0x00007ffd98e6a000 	C:\Program Files\Android\Android Studio\jbr\bin\management.dll
0x00007ffd98960000 - 0x00007ffd9896b000 	C:\Program Files\Android\Android Studio\jbr\bin\management_ext.dll
0x00007ffdb1a30000 - 0x00007ffdb1a4b000 	C:\Windows\SYSTEM32\CRYPTSP.dll
0x00007ffdb1340000 - 0x00007ffdb1375000 	C:\Windows\system32\rsaenh.dll
0x00007ffdb18d0000 - 0x00007ffdb18fe000 	C:\Windows\SYSTEM32\USERENV.dll
0x00007ffdb1b70000 - 0x00007ffdb1b97000 	C:\Windows\SYSTEM32\bcrypt.dll
0x00007ffdb1a20000 - 0x00007ffdb1a2c000 	C:\Windows\SYSTEM32\CRYPTBASE.dll
0x00007ffdb1520000 - 0x00007ffdb154d000 	C:\Windows\SYSTEM32\IPHLPAPI.DLL
0x00007ffdb4bd0000 - 0x00007ffdb4bd9000 	C:\Windows\System32\NSI.dll
0x00007ffdae0d0000 - 0x00007ffdae0e9000 	C:\Windows\SYSTEM32\dhcpcsvc6.DLL
0x00007ffdae080000 - 0x00007ffdae09d000 	C:\Windows\SYSTEM32\dhcpcsvc.DLL
0x00007ffdb1550000 - 0x00007ffdb162e000 	C:\Windows\SYSTEM32\DNSAPI.dll
0x00007ffd92440000 - 0x00007ffd92467000 	C:\Program Files\Android\Android Studio\jbr\bin\sunec.dll
0x00007ffdae050000 - 0x00007ffdae05a000 	C:\Windows\System32\rasadhlp.dll
0x00007ffdaece0000 - 0x00007ffdaed61000 	C:\Windows\System32\fwpuclnt.dll
0x00007ffdb05e0000 - 0x00007ffdb0614000 	C:\Windows\SYSTEM32\ntmarta.dll

dbghelp: loaded successfully - version: 4.0.5 - missing functions: none
symbol engine: initialized successfully - sym options: 0x614 - pdb path: .;C:\Program Files\Android\Android Studio\jbr\bin;C:\Windows\SYSTEM32;C:\Windows\WinSxS\amd64_microsoft.windows.common-controls_6595b64144ccf1df_6.0.20348.1_none_88d3d41d702dedea;C:\Program Files\Android\Android Studio\jbr\bin\server;C:\Users\camendiola\Documents\Apps Android\Supervision\native\e1d6ef7f7dcc3fd88c89a11ec53ec762bb8ba0a96d01ffa2cd45eb1d1d8dd5c5\windows-amd64;C:\Users\camendiola\Documents\Apps Android\Supervision\native\0d407fdbe67a94daf76414ababcb853783967236a71b16ec16e742cd7a986fd3\windows-amd64

VM Arguments:
jvm_args: --add-opens=java.base/java.util=ALL-UNNAMED --add-opens=java.base/java.lang=ALL-UNNAMED --add-opens=java.base/java.lang.invoke=ALL-UNNAMED --add-opens=java.base/java.util=ALL-UNNAMED --add-opens=java.prefs/java.util.prefs=ALL-UNNAMED --add-opens=java.prefs/java.util.prefs=ALL-UNNAMED --add-opens=java.base/java.nio.charset=ALL-UNNAMED --add-opens=java.base/java.net=ALL-UNNAMED --add-opens=java.base/java.util.concurrent.atomic=ALL-UNNAMED -Xmx2048m -Dfile.encoding=UTF-8 -Duser.country=US -Duser.language=en -Duser.variant 
java_command: org.gradle.launcher.daemon.bootstrap.GradleDaemon 7.5
java_class_path (initial): C:\Users\camendiola\Documents\Apps Android\Supervision\wrapper\dists\gradle-7.5-bin\f1w0cc9nuo0eivz97x2xlu9sv\gradle-7.5\lib\gradle-launcher-7.5.jar
Launcher Type: SUN_STANDARD

[Global flags]
     intx CICompilerCount                          = 3                                         {product} {ergonomic}
     uint ConcGCThreads                            = 1                                         {product} {ergonomic}
     uint G1ConcRefinementThreads                  = 4                                         {product} {ergonomic}
   size_t G1HeapRegionSize                         = 1048576                                   {product} {ergonomic}
    uintx GCDrainStackTargetSize                   = 64                                        {product} {ergonomic}
   size_t InitialHeapSize                          = 268435456                                 {product} {ergonomic}
   size_t MarkStackSize                            = 4194304                                   {product} {ergonomic}
   size_t MaxHeapSize                              = 2147483648                                {product} {command line}
   size_t MaxNewSize                               = 1287651328                                {product} {ergonomic}
   size_t MinHeapDeltaBytes                        = 1048576                                   {product} {ergonomic}
    uintx NonNMethodCodeHeapSize                   = 5830732                                {pd product} {ergonomic}
    uintx NonProfiledCodeHeapSize                  = 122913754                              {pd product} {ergonomic}
    uintx ProfiledCodeHeapSize                     = 122913754                              {pd product} {ergonomic}
    uintx ReservedCodeCacheSize                    = 251658240                              {pd product} {ergonomic}
     bool SegmentedCodeCache                       = true                                      {product} {ergonomic}
     bool UseCompressedClassPointers               = true                                 {lp64_product} {ergonomic}
     bool UseCompressedOops                        = true                                 {lp64_product} {ergonomic}
     bool UseG1GC                                  = true                                      {product} {ergonomic}
     bool UseLargePagesIndividualAllocation        = false                                  {pd product} {ergonomic}

Logging:
Log output configuration:
 #0: stdout all=warning uptime,level,tags
 #1: stderr all=off uptime,level,tags

Environment Variables:
PATH=C:\Program Files\Common Files\Oracle\Java\javapath;C:\Program Files\Microsoft MPI\Bin\;C:\Windows\system32;C:\Windows;C:\Windows\System32\Wbem;C:\Windows\System32\WindowsPowerShell\v1.0\;C:\Windows\System32\OpenSSH\;C:\Program Files (x86)\GitExtensions\;C:\Program Files\nodejs\;C:\ProgramData\chocolatey\bin;C:\Program Files\Git\cmd;C:\Program Files\Microsoft SQL Server\Client SDK\ODBC\110\Tools\Binn\;C:\Program Files (x86)\Microsoft SQL Server\120\Tools\Binn\;C:\Program Files\Microsoft SQL Server\120\Tools\Binn\;C:\Program Files\Microsoft SQL Server\120\DTS\Binn\;C:\Program Files (x86)\Microsoft SQL Server\120\Tools\Binn\ManagementStudio\;C:\Program Files (x86)\Microsoft SQL Server\120\DTS\Binn\;C:\Program Files\Microsoft SQL Server\130\Tools\Binn\;C:\Program Files (x86)\Microsoft SQL Server\150\DTS\Binn\;C:\Users\camendiola\AppData\Local\Microsoft\WindowsApps;C:\Users\camendiola\AppData\Roaming\npm;C:\Program Files\Azure Data Studio\bin;C:\Program Files\Azure Data Studio\bin;C:\Users\camendiola\AppData\Local\Programs\Microsoft VS Code\bin;C:\Program Files\JetBrains\PyCharm Community Edition 2022.2.4\bin;;C:\Program Files\JetBrains\PyCharm 2022.3\bin;
USERNAME=camendiola
OS=Windows_NT
PROCESSOR_IDENTIFIER=Intel64 Family 6 Model 106 Stepping 6, GenuineIntel



---------------  S Y S T E M  ---------------

OS: Windows Server 2022 , 64 bit Build 20348 (10.0.20348.1366)
OS uptime: 4 days 13:14 hours
VMWare virtualization detected

CPU:total 4 (initial active 4) (2 cores per cpu, 1 threads per core) family 6 model 106 stepping 6 microcode 0xd000375, cmov, cx8, fxsr, mmx, sse, sse2, sse3, ssse3, sse4.1, sse4.2, popcnt, avx, avx2, aes, clmul, erms, 3dnowpref, lzcnt, tsc, tscinvbit, bmi1, bmi2, adx, evex, sha, fma

Memory: 4k page, system-wide physical 16383M (340M free)
TotalPageFile size 35568M (AvailPageFile size 5M)
current process WorkingSet (physical memory assigned to process): 626M, peak: 626M
current process commit charge ("private bytes"): 653M, peak: 654M

vm_info: OpenJDK 64-Bit Server VM (11.0.15+0-b2043.56-9505619) for windows-amd64 JRE (11.0.15+0-b2043.56-9505619), built on Jan 19 2023 02:48:00 by "builduser" with unknown MS VC++:1929

END.
