#
# There is insufficient memory for the Java Runtime Environment to continue.
# Native memory allocation (malloc) failed to allocate 32744 bytes for ChunkPool::allocate
# Possible reasons:
#   The system is out of physical RAM or swap space
#   The process is running with CompressedOops enabled, and the Java Heap may be blocking the growth of the native heap
# Possible solutions:
#   Reduce memory load on the system
#   Increase physical memory or swap space
#   Check if swap backing store is full
#   Decrease Java heap size (-Xmx/-Xms)
#   Decrease number of Java threads
#   Decrease Java thread stack sizes (-Xss)
#   Set larger code cache with -XX:ReservedCodeCacheSize=
#   JVM is running with Unscaled Compressed Oops mode in which the Java heap is
#     placed in the first 4GB address space. The Java Heap base address is the
#     maximum limit for the native heap growth. Please use -XX:HeapBaseMinAddress
#     to set the Java Heap base and to place the Java Heap above 4GB virtual address.
# This output file may be truncated or incomplete.
#
#  Out of Memory Error (./src/hotspot/share/memory/arena.cpp:81), pid=2748, tid=7392
#
# JRE version: OpenJDK Runtime Environment Corretto-11.0.18.10.1 (11.0.18+10) (build 11.0.18+10-LTS)
# Java VM: OpenJDK 64-Bit Server VM Corretto-11.0.18.10.1 (11.0.18+10-LTS, mixed mode, tiered, compressed oops, g1 gc, windows-amd64)
# Core dump will be written. Default location: C:\Users\camendiola\AndroidStudioProjects\APV2\hs_err_pid2748.mdmp
#

---------------  S U M M A R Y ------------

Command Line: --add-opens=java.base/java.util=ALL-UNNAMED --add-opens=java.base/java.lang=ALL-UNNAMED --add-opens=java.base/java.lang.invoke=ALL-UNNAMED --add-opens=java.base/java.util=ALL-UNNAMED --add-opens=java.prefs/java.util.prefs=ALL-UNNAMED --add-opens=java.prefs/java.util.prefs=ALL-UNNAMED --add-opens=java.base/java.nio.charset=ALL-UNNAMED --add-opens=java.base/java.net=ALL-UNNAMED --add-opens=java.base/java.util.concurrent.atomic=ALL-UNNAMED -Xmx2048m -Dfile.encoding=UTF-8 -Duser.country=US -Duser.language=en -Duser.variant org.gradle.launcher.daemon.bootstrap.GradleDaemon 7.4

Host: Intel(R) Xeon(R) Platinum 8358 CPU @ 2.60GHz, 4 cores, 15G,  Windows Server 2022 , 64 bit Build 20348 (10.0.20348.1366)
Time: Mon Mar 27 13:26:24 2023 Central Standard Time (Mexico) elapsed time: 15.794441 seconds (0d 0h 0m 15s)

---------------  T H R E A D  ---------------

Current thread (0x0000025ec90d2000):  JavaThread "C2 CompilerThread1" daemon [_thread_in_native, id=7392, stack(0x000000865cf00000,0x000000865d000000)]


Current CompileTask:
C2:  15794 15952 %     4       com.android.tools.r8.ir.regalloc.b::c @ 957 (4031 bytes)

Stack: [0x000000865cf00000,0x000000865d000000]
Native frames: (J=compiled Java code, j=interpreted, Vv=VM code, C=native code)
V  [jvm.dll+0x622d9a]
V  [jvm.dll+0x7b0289]
V  [jvm.dll+0x7b1978]
V  [jvm.dll+0x7b2053]
V  [jvm.dll+0x24fe08]
V  [jvm.dll+0xc28ab]
V  [jvm.dll+0xc2c0c]
V  [jvm.dll+0xc275b]
V  [jvm.dll+0x60069f]
V  [jvm.dll+0x653dc4]
V  [jvm.dll+0x19edcd]
V  [jvm.dll+0x2093a5]
V  [jvm.dll+0x20841d]
V  [jvm.dll+0x18a3c1]
V  [jvm.dll+0x217ac4]
V  [jvm.dll+0x215d0b]
V  [jvm.dll+0x772d90]
V  [jvm.dll+0x76bcc4]
V  [jvm.dll+0x621c05]
C  [ucrtbase.dll+0x26b4c]
C  [KERNEL32.DLL+0x14de0]
C  [ntdll.dll+0x7e3db]


---------------  P R O C E S S  ---------------

Threads class SMR info:
_java_thread_list=0x0000025ec9623b40, length=88, elements={
0x0000025ea0d1f000, 0x0000025ebfe03800, 0x0000025ebfe04800, 0x0000025ebfe4f800,
0x0000025ebfe50000, 0x0000025ebfe51000, 0x0000025ebfe56800, 0x0000025ebfeba800,
0x0000025ebfecf000, 0x0000025ebffc3000, 0x0000025ec36c2800, 0x0000025ec35a3000,
0x0000025ec151c000, 0x0000025ec32f8800, 0x0000025ec14a0000, 0x0000025ec0e4a800,
0x0000025ec3686800, 0x0000025ec13e5800, 0x0000025ec1db1000, 0x0000025ec36b6800,
0x0000025ec3a8c000, 0x0000025ec3a8b000, 0x0000025ec3a90000, 0x0000025ec3a8e800,
0x0000025ec3a8f000, 0x0000025ec3a8d800, 0x0000025ec3a8d000, 0x0000025ec3a8a800,
0x0000025ec3a91000, 0x0000025ec362a800, 0x0000025ec3630000, 0x0000025ec362d800,
0x0000025ec362b000, 0x0000025ec3631000, 0x0000025ec3631800, 0x0000025ec362c000,
0x0000025ec3632800, 0x0000025ec362c800, 0x0000025ec3633800, 0x0000025ec3634000,
0x0000025ec362e800, 0x0000025ec3638000, 0x0000025ec3635000, 0x0000025ec3639000,
0x0000025ec3636800, 0x0000025ec3637800, 0x0000025ec3635800, 0x0000025ec3cf3000,
0x0000025ec3cf2000, 0x0000025ec3cf4000, 0x0000025ec3cee000, 0x0000025ec3cf4800,
0x0000025ec3cef000, 0x0000025ec3cf5800, 0x0000025ec3cef800, 0x0000025ec3cf6800,
0x0000025ec3cf0800, 0x0000025ec3cf7000, 0x0000025ec3cf1800, 0x0000025ec3cf8000,
0x0000025ec3cfa800, 0x0000025ec3cfb000, 0x0000025ec3cf8800, 0x0000025ec3cf9800,
0x0000025ec3cfc000, 0x0000025ec3cfd000, 0x0000025ec75fb000, 0x0000025ec75fc000,
0x0000025ec75f6800, 0x0000025ec75f7000, 0x0000025ec75fd000, 0x0000025ec75f9800,
0x0000025ec75fa800, 0x0000025ec75fd800, 0x0000025ec75f8800, 0x0000025ec75f8000,
0x0000025ec7601800, 0x0000025ec7601000, 0x0000025ec7602800, 0x0000025ec75ff800,
0x0000025ec7603800, 0x0000025ec7604000, 0x0000025ec75fe800, 0x0000025ec7605000,
0x0000025ec7600000, 0x0000025ecb603000, 0x0000025ec90d2000, 0x0000025ecb5fd800
}

Java Threads: ( => current thread )
  0x0000025ea0d1f000 JavaThread "main" [_thread_blocked, id=8280, stack(0x000000865bd00000,0x000000865be00000)]
  0x0000025ebfe03800 JavaThread "Reference Handler" daemon [_thread_blocked, id=8360, stack(0x000000865c500000,0x000000865c600000)]
  0x0000025ebfe04800 JavaThread "Finalizer" daemon [_thread_blocked, id=648, stack(0x000000865c600000,0x000000865c700000)]
  0x0000025ebfe4f800 JavaThread "Signal Dispatcher" daemon [_thread_blocked, id=7600, stack(0x000000865c700000,0x000000865c800000)]
  0x0000025ebfe50000 JavaThread "Attach Listener" daemon [_thread_blocked, id=7760, stack(0x000000865c800000,0x000000865c900000)]
  0x0000025ebfe51000 JavaThread "Service Thread" daemon [_thread_blocked, id=8540, stack(0x000000865c900000,0x000000865ca00000)]
  0x0000025ebfe56800 JavaThread "C2 CompilerThread0" daemon [_thread_in_native, id=2316, stack(0x000000865ca00000,0x000000865cb00000)]
  0x0000025ebfeba800 JavaThread "C1 CompilerThread0" daemon [_thread_in_native, id=5180, stack(0x000000865cb00000,0x000000865cc00000)]
  0x0000025ebfecf000 JavaThread "Sweeper thread" daemon [_thread_blocked, id=10216, stack(0x000000865cc00000,0x000000865cd00000)]
  0x0000025ebffc3000 JavaThread "Common-Cleaner" daemon [_thread_blocked, id=8556, stack(0x000000865cd00000,0x000000865ce00000)]
  0x0000025ec36c2800 JavaThread "Daemon health stats" [_thread_blocked, id=9524, stack(0x000000865d300000,0x000000865d400000)]
  0x0000025ec35a3000 JavaThread "Incoming local TCP Connector on port 63993" [_thread_in_native, id=9232, stack(0x000000865d400000,0x000000865d500000)]
  0x0000025ec151c000 JavaThread "Daemon periodic checks" [_thread_blocked, id=9248, stack(0x000000865d500000,0x000000865d600000)]
  0x0000025ec32f8800 JavaThread "Daemon" [_thread_blocked, id=2056, stack(0x000000865d600000,0x000000865d700000)]
  0x0000025ec14a0000 JavaThread "Handler for socket connection from /127.0.0.1:63993 to /127.0.0.1:63994" [_thread_in_native, id=4628, stack(0x000000865d700000,0x000000865d800000)]
  0x0000025ec0e4a800 JavaThread "Cancel handler" [_thread_blocked, id=10228, stack(0x000000865d800000,0x000000865d900000)]
  0x0000025ec3686800 JavaThread "Daemon worker" [_thread_blocked, id=5388, stack(0x000000865d900000,0x000000865da00000)]
  0x0000025ec13e5800 JavaThread "Asynchronous log dispatcher for DefaultDaemonConnection: socket connection from /127.0.0.1:63993 to /127.0.0.1:63994" [_thread_blocked, id=10112, stack(0x000000865da00000,0x000000865db00000)]
  0x0000025ec1db1000 JavaThread "Stdin handler" [_thread_blocked, id=6832, stack(0x000000865db00000,0x000000865dc00000)]
  0x0000025ec36b6800 JavaThread "Daemon client event forwarder" [_thread_blocked, id=7612, stack(0x000000865dc00000,0x000000865dd00000)]
  0x0000025ec3a8c000 JavaThread "Cache worker for journal cache (C:\Users\camendiola\Documents\Apps Android\Supervision\caches\journal-1)" [_thread_blocked, id=6476, stack(0x000000865dd00000,0x000000865de00000)]
  0x0000025ec3a8b000 JavaThread "File lock request listener" [_thread_in_native, id=4512, stack(0x000000865de00000,0x000000865df00000)]
  0x0000025ec3a90000 JavaThread "Cache worker for file hash cache (C:\Users\camendiola\Documents\Apps Android\Supervision\caches\7.4\fileHashes)" [_thread_blocked, id=5980, stack(0x000000865df00000,0x000000865e000000)]
  0x0000025ec3a8e800 JavaThread "File watcher server" daemon [_thread_blocked, id=10008, stack(0x000000865e000000,0x000000865e100000)]
  0x0000025ec3a8f000 JavaThread "File watcher consumer" daemon [_thread_blocked, id=3860, stack(0x000000865e100000,0x000000865e200000)]
  0x0000025ec3a8d800 JavaThread "Cache worker for checksums cache (C:\Users\camendiola\AndroidStudioProjects\APV2\.gradle\7.4\checksums)" [_thread_blocked, id=1804, stack(0x000000865e200000,0x000000865e300000)]
  0x0000025ec3a8d000 JavaThread "Cache worker for cache directory md-rule (C:\Users\camendiola\Documents\Apps Android\Supervision\caches\7.4\md-rule)" [_thread_blocked, id=888, stack(0x000000865e300000,0x000000865e400000)]
  0x0000025ec3a8a800 JavaThread "Cache worker for file hash cache (C:\Users\camendiola\AndroidStudioProjects\APV2\.gradle\7.4\fileHashes)" [_thread_blocked, id=10744, stack(0x000000865e400000,0x000000865e500000)]
  0x0000025ec3a91000 JavaThread "Cache worker for cache directory md-supplier (C:\Users\camendiola\Documents\Apps Android\Supervision\caches\7.4\md-supplier)" [_thread_blocked, id=6116, stack(0x000000865e500000,0x000000865e600000)]
  0x0000025ec362a800 JavaThread "Cache worker for execution history cache (C:\Users\camendiola\Documents\Apps Android\Supervision\caches\7.4\executionHistory)" [_thread_blocked, id=9696, stack(0x000000865e600000,0x000000865e700000)]
  0x0000025ec3630000 JavaThread "jar transforms" [_thread_blocked, id=7624, stack(0x000000865e700000,0x000000865e800000)]
  0x0000025ec362d800 JavaThread "jar transforms Thread 2" [_thread_blocked, id=6268, stack(0x000000865e800000,0x000000865e900000)]
  0x0000025ec362b000 JavaThread "Cache worker for file content cache (C:\Users\camendiola\Documents\Apps Android\Supervision\caches\7.4\fileContent)" [_thread_blocked, id=5916, stack(0x000000865e900000,0x000000865ea00000)]
  0x0000025ec3631000 JavaThread "jar transforms Thread 3" [_thread_blocked, id=5576, stack(0x000000865ea00000,0x000000865eb00000)]
  0x0000025ec3631800 JavaThread "jar transforms Thread 4" [_thread_blocked, id=6848, stack(0x000000865eb00000,0x000000865ec00000)]
  0x0000025ec362c000 JavaThread "Cache worker for dependencies-accessors (C:\Users\camendiola\AndroidStudioProjects\APV2\.gradle\7.4\dependencies-accessors)" [_thread_blocked, id=9012, stack(0x000000865ec00000,0x000000865ed00000)]
  0x0000025ec3632800 JavaThread "Cache worker for Build Output Cleanup Cache (C:\Users\camendiola\AndroidStudioProjects\APV2\.gradle\buildOutputCleanup)" [_thread_blocked, id=11108, stack(0x000000865ed00000,0x000000865ee00000)]
  0x0000025ec362c800 JavaThread "Unconstrained build operations" [_thread_blocked, id=10776, stack(0x000000865ee00000,0x000000865ef00000)]
  0x0000025ec3633800 JavaThread "Unconstrained build operations Thread 2" [_thread_blocked, id=4468, stack(0x000000865ef00000,0x000000865f000000)]
  0x0000025ec3634000 JavaThread "Unconstrained build operations Thread 3" [_thread_blocked, id=9128, stack(0x000000865f000000,0x000000865f100000)]
  0x0000025ec362e800 JavaThread "Unconstrained build operations Thread 4" [_thread_blocked, id=11056, stack(0x000000865f100000,0x000000865f200000)]
  0x0000025ec3638000 JavaThread "Unconstrained build operations Thread 5" [_thread_blocked, id=7004, stack(0x000000865f200000,0x000000865f300000)]
  0x0000025ec3635000 JavaThread "Unconstrained build operations Thread 6" [_thread_blocked, id=6040, stack(0x000000865f300000,0x000000865f400000)]
  0x0000025ec3639000 JavaThread "Unconstrained build operations Thread 7" [_thread_blocked, id=6876, stack(0x000000865f400000,0x000000865f500000)]
  0x0000025ec3636800 JavaThread "Unconstrained build operations Thread 8" [_thread_blocked, id=10664, stack(0x000000865f500000,0x000000865f600000)]
  0x0000025ec3637800 JavaThread "Unconstrained build operations Thread 9" [_thread_blocked, id=7192, stack(0x000000865f600000,0x000000865f700000)]
  0x0000025ec3635800 JavaThread "Unconstrained build operations Thread 10" [_thread_blocked, id=1936, stack(0x000000865f700000,0x000000865f800000)]
  0x0000025ec3cf3000 JavaThread "Unconstrained build operations Thread 11" [_thread_blocked, id=7312, stack(0x000000865f800000,0x000000865f900000)]
  0x0000025ec3cf2000 JavaThread "Unconstrained build operations Thread 12" [_thread_blocked, id=10408, stack(0x000000865f900000,0x000000865fa00000)]
  0x0000025ec3cf4000 JavaThread "Unconstrained build operations Thread 13" [_thread_blocked, id=8616, stack(0x000000865fa00000,0x000000865fb00000)]
  0x0000025ec3cee000 JavaThread "Unconstrained build operations Thread 14" [_thread_blocked, id=9636, stack(0x000000865fb00000,0x000000865fc00000)]
  0x0000025ec3cf4800 JavaThread "Unconstrained build operations Thread 15" [_thread_blocked, id=5876, stack(0x000000865fc00000,0x000000865fd00000)]
  0x0000025ec3cef000 JavaThread "Unconstrained build operations Thread 16" [_thread_blocked, id=6280, stack(0x000000865fd00000,0x000000865fe00000)]
  0x0000025ec3cf5800 JavaThread "Unconstrained build operations Thread 17" [_thread_in_native, id=4124, stack(0x000000865fe00000,0x000000865ff00000)]
  0x0000025ec3cef800 JavaThread "Unconstrained build operations Thread 18" [_thread_blocked, id=1096, stack(0x000000865ff00000,0x0000008660000000)]
  0x0000025ec3cf6800 JavaThread "Unconstrained build operations Thread 19" [_thread_blocked, id=736, stack(0x0000008660000000,0x0000008660100000)]
  0x0000025ec3cf0800 JavaThread "Unconstrained build operations Thread 20" [_thread_blocked, id=9536, stack(0x0000008660100000,0x0000008660200000)]
  0x0000025ec3cf7000 JavaThread "Unconstrained build operations Thread 21" [_thread_blocked, id=11076, stack(0x0000008660200000,0x0000008660300000)]
  0x0000025ec3cf1800 JavaThread "Unconstrained build operations Thread 22" [_thread_blocked, id=1312, stack(0x0000008660300000,0x0000008660400000)]
  0x0000025ec3cf8000 JavaThread "Unconstrained build operations Thread 23" [_thread_blocked, id=7112, stack(0x0000008660400000,0x0000008660500000)]
  0x0000025ec3cfa800 JavaThread "Unconstrained build operations Thread 24" [_thread_blocked, id=7376, stack(0x0000008660500000,0x0000008660600000)]
  0x0000025ec3cfb000 JavaThread "Unconstrained build operations Thread 25" [_thread_blocked, id=8564, stack(0x0000008660600000,0x0000008660700000)]
  0x0000025ec3cf8800 JavaThread "Unconstrained build operations Thread 26" [_thread_blocked, id=1740, stack(0x0000008660700000,0x0000008660800000)]
  0x0000025ec3cf9800 JavaThread "Unconstrained build operations Thread 27" [_thread_blocked, id=228, stack(0x0000008660800000,0x0000008660900000)]
  0x0000025ec3cfc000 JavaThread "Unconstrained build operations Thread 28" [_thread_blocked, id=8640, stack(0x0000008660900000,0x0000008660a00000)]
  0x0000025ec3cfd000 JavaThread "Unconstrained build operations Thread 29" [_thread_blocked, id=10592, stack(0x0000008660a00000,0x0000008660b00000)]
  0x0000025ec75fb000 JavaThread "Unconstrained build operations Thread 30" [_thread_blocked, id=740, stack(0x0000008660b00000,0x0000008660c00000)]
  0x0000025ec75fc000 JavaThread "Unconstrained build operations Thread 31" [_thread_blocked, id=9556, stack(0x0000008660c00000,0x0000008660d00000)]
  0x0000025ec75f6800 JavaThread "Unconstrained build operations Thread 32" [_thread_blocked, id=5924, stack(0x0000008660d00000,0x0000008660e00000)]
  0x0000025ec75f7000 JavaThread "Unconstrained build operations Thread 33" [_thread_blocked, id=9548, stack(0x0000008660e00000,0x0000008660f00000)]
  0x0000025ec75fd000 JavaThread "Unconstrained build operations Thread 34" [_thread_blocked, id=10916, stack(0x0000008660f00000,0x0000008661000000)]
  0x0000025ec75f9800 JavaThread "Unconstrained build operations Thread 35" [_thread_blocked, id=4028, stack(0x0000008661000000,0x0000008661100000)]
  0x0000025ec75fa800 JavaThread "Unconstrained build operations Thread 36" [_thread_blocked, id=10688, stack(0x0000008661100000,0x0000008661200000)]
  0x0000025ec75fd800 JavaThread "Unconstrained build operations Thread 37" [_thread_blocked, id=6044, stack(0x0000008661200000,0x0000008661300000)]
  0x0000025ec75f8800 JavaThread "Unconstrained build operations Thread 38" [_thread_blocked, id=7512, stack(0x0000008661300000,0x0000008661400000)]
  0x0000025ec75f8000 JavaThread "Unconstrained build operations Thread 39" [_thread_blocked, id=8172, stack(0x0000008661400000,0x0000008661500000)]
  0x0000025ec7601800 JavaThread "Unconstrained build operations Thread 40" [_thread_blocked, id=8408, stack(0x0000008661500000,0x0000008661600000)]
  0x0000025ec7601000 JavaThread "Memory manager" [_thread_blocked, id=5768, stack(0x0000008661700000,0x0000008661800000)]
  0x0000025ec7602800 JavaThread "build event listener" [_thread_blocked, id=2704, stack(0x0000008661800000,0x0000008661900000)]
  0x0000025ec75ff800 JavaThread "pool-3-thread-1" [_thread_blocked, id=9576, stack(0x0000008661900000,0x0000008661a00000)]
  0x0000025ec7603800 JavaThread "build event listener" [_thread_blocked, id=10380, stack(0x0000008661a00000,0x0000008661b00000)]
  0x0000025ec7604000 JavaThread "included builds" [_thread_blocked, id=3620, stack(0x0000008661b00000,0x0000008661c00000)]
  0x0000025ec75fe800 JavaThread "Execution worker for ':'" [_thread_blocked, id=10724, stack(0x0000008661c00000,0x0000008661d00000)]
  0x0000025ec7605000 JavaThread "Execution worker for ':' Thread 2" [_thread_blocked, id=4956, stack(0x0000008661d00000,0x0000008661e00000)]
  0x0000025ec7600000 JavaThread "Execution worker for ':' Thread 3" [_thread_blocked, id=9020, stack(0x0000008661e00000,0x0000008661f00000)]
  0x0000025ecb603000 JavaThread "Cache worker for execution history cache (C:\Users\camendiola\AndroidStudioProjects\APV2\.gradle\7.4\executionHistory)" [_thread_blocked, id=10452, stack(0x0000008661f00000,0x0000008662000000)]
=>0x0000025ec90d2000 JavaThread "C2 CompilerThread1" daemon [_thread_in_native, id=7392, stack(0x000000865cf00000,0x000000865d000000)]
  0x0000025ecb5fd800 JavaThread "WorkerExecutor Queue" [_thread_blocked, id=9916, stack(0x0000008662200000,0x0000008662300000)]

Other Threads:
  0x0000025ebfdf0800 VMThread "VM Thread" [stack: 0x000000865c400000,0x000000865c500000] [id=2228]
  0x0000025ebffc9000 WatcherThread [stack: 0x000000865ce00000,0x000000865cf00000] [id=2536]
  0x0000025ea0d3b000 GCTaskThread "GC Thread#0" [stack: 0x000000865bf00000,0x000000865c000000] [id=8504]
  0x0000025ec0385800 GCTaskThread "GC Thread#1" [stack: 0x000000865d000000,0x000000865d100000] [id=644]
  0x0000025ec0584000 GCTaskThread "GC Thread#2" [stack: 0x000000865d100000,0x000000865d200000] [id=6512]
  0x0000025ec0584800 GCTaskThread "GC Thread#3" [stack: 0x000000865d200000,0x000000865d300000] [id=10680]
  0x0000025ea0d6b800 ConcurrentGCThread "G1 Main Marker" [stack: 0x000000865c000000,0x000000865c100000] [id=10620]
  0x0000025ea0d6d000 ConcurrentGCThread "G1 Conc#0" [stack: 0x000000865c100000,0x000000865c200000] [id=5856]
  0x0000025ebf43c000 ConcurrentGCThread "G1 Refine#0" [stack: 0x000000865c200000,0x000000865c300000] [id=7764]
  0x0000025ec755c000 ConcurrentGCThread "G1 Refine#1" [stack: 0x0000008661600000,0x0000008661700000] [id=8316]
  0x0000025ec91e0800 ConcurrentGCThread "G1 Refine#2" [stack: 0x0000008662000000,0x0000008662100000] [id=5300]
  0x0000025ec58e9800 ConcurrentGCThread "G1 Refine#3" [stack: 0x0000008662100000,0x0000008662200000] [id=6352]
  0x0000025ebf43c800 ConcurrentGCThread "G1 Young RemSet Sampling" [stack: 0x000000865c300000,0x000000865c400000] [id=10012]

Threads with active compile tasks:
C2 CompilerThread0    15841 15974 %     4       com.android.tools.r8.ir.regalloc.b::a @ 1545 (1831 bytes)
C1 CompilerThread0    15841 16147       2       com.android.tools.r8.ir.regalloc.b::a (1235 bytes)
C2 CompilerThread1    15841 15952 %     4       com.android.tools.r8.ir.regalloc.b::c @ 957 (4031 bytes)

VM state:at safepoint (normal execution)

VM Mutex/Monitor currently owned by a thread:  ([mutex/lock_event])
[0x0000025ea0d1bc40] Threads_lock - owner thread: 0x0000025ebfdf0800

Heap address: 0x0000000080000000, size: 2048 MB, Compressed Oops mode: 32-bit
Narrow klass base: 0x0000000000000000, Narrow klass shift: 3
Compressed class space size: 1073741824 Address: 0x0000000100000000

Heap:
 garbage-first heap   total 315392K, used 252966K [0x0000000080000000, 0x0000000100000000)
  region size 1024K, 121 young (123904K), 2 survivors (2048K)
 Metaspace       used 112203K, capacity 115656K, committed 115868K, reserved 1148928K
  class space    used 14436K, capacity 15780K, committed 15872K, reserved 1048576K
Heap Regions: E=young(eden), S=young(survivor), O=old, HS=humongous(starts), HC=humongous(continues), CS=collection set, F=free, A=archive, TAMS=top-at-mark-start (previous, next)
|   0|0x0000000080000000, 0x0000000080100000, 0x0000000080100000|100%|HS|  |TAMS 0x0000000080100000, 0x0000000080000000| Complete 
|   1|0x0000000080100000, 0x0000000080200000, 0x0000000080200000|100%|HC|  |TAMS 0x0000000080200000, 0x0000000080100000| Complete 
|   2|0x0000000080200000, 0x0000000080300000, 0x0000000080300000|100%|HC|  |TAMS 0x0000000080300000, 0x0000000080200000| Complete 
|   3|0x0000000080300000, 0x0000000080400000, 0x0000000080400000|100%| O|  |TAMS 0x0000000080400000, 0x0000000080300000| Untracked 
|   4|0x0000000080400000, 0x0000000080500000, 0x0000000080500000|100%| O|  |TAMS 0x0000000080500000, 0x0000000080400000| Untracked 
|   5|0x0000000080500000, 0x0000000080600000, 0x0000000080600000|100%| O|  |TAMS 0x0000000080600000, 0x0000000080500000| Untracked 
|   6|0x0000000080600000, 0x0000000080700000, 0x0000000080700000|100%| O|  |TAMS 0x0000000080700000, 0x0000000080600000| Untracked 
|   7|0x0000000080700000, 0x0000000080800000, 0x0000000080800000|100%| O|  |TAMS 0x0000000080800000, 0x0000000080700000| Untracked 
|   8|0x0000000080800000, 0x0000000080900000, 0x0000000080900000|100%| O|  |TAMS 0x0000000080900000, 0x0000000080800000| Untracked 
|   9|0x0000000080900000, 0x0000000080a00000, 0x0000000080a00000|100%| O|  |TAMS 0x0000000080a00000, 0x0000000080900000| Untracked 
|  10|0x0000000080a00000, 0x0000000080b00000, 0x0000000080b00000|100%| O|  |TAMS 0x0000000080b00000, 0x0000000080a00000| Untracked 
|  11|0x0000000080b00000, 0x0000000080c00000, 0x0000000080c00000|100%| O|  |TAMS 0x0000000080c00000, 0x0000000080b00000| Untracked 
|  12|0x0000000080c00000, 0x0000000080d00000, 0x0000000080d00000|100%| O|  |TAMS 0x0000000080d00000, 0x0000000080c00000| Untracked 
|  13|0x0000000080d00000, 0x0000000080e00000, 0x0000000080e00000|100%| O|  |TAMS 0x0000000080e00000, 0x0000000080d00000| Untracked 
|  14|0x0000000080e00000, 0x0000000080f00000, 0x0000000080f00000|100%| O|  |TAMS 0x0000000080f00000, 0x0000000080e00000| Untracked 
|  15|0x0000000080f00000, 0x0000000081000000, 0x0000000081000000|100%| O|  |TAMS 0x0000000081000000, 0x0000000080f00000| Untracked 
|  16|0x0000000081000000, 0x0000000081100000, 0x0000000081100000|100%| O|  |TAMS 0x0000000081100000, 0x0000000081000000| Untracked 
|  17|0x0000000081100000, 0x0000000081200000, 0x0000000081200000|100%|HS|  |TAMS 0x0000000081200000, 0x0000000081100000| Complete 
|  18|0x0000000081200000, 0x0000000081300000, 0x0000000081300000|100%|HS|  |TAMS 0x0000000081300000, 0x0000000081200000| Complete 
|  19|0x0000000081300000, 0x0000000081400000, 0x0000000081400000|100%|HS|  |TAMS 0x0000000081400000, 0x0000000081300000| Complete 
|  20|0x0000000081400000, 0x0000000081500000, 0x0000000081500000|100%|HS|  |TAMS 0x0000000081500000, 0x0000000081400000| Complete 
|  21|0x0000000081500000, 0x0000000081600000, 0x0000000081600000|100%|HC|  |TAMS 0x0000000081600000, 0x0000000081500000| Complete 
|  22|0x0000000081600000, 0x0000000081700000, 0x0000000081700000|100%|HC|  |TAMS 0x0000000081700000, 0x0000000081600000| Complete 
|  23|0x0000000081700000, 0x0000000081800000, 0x0000000081800000|100%|HC|  |TAMS 0x0000000081800000, 0x0000000081700000| Complete 
|  24|0x0000000081800000, 0x0000000081900000, 0x0000000081900000|100%| O|  |TAMS 0x0000000081900000, 0x0000000081800000| Untracked 
|  25|0x0000000081900000, 0x0000000081a00000, 0x0000000081a00000|100%|HS|  |TAMS 0x0000000081a00000, 0x0000000081900000| Complete 
|  26|0x0000000081a00000, 0x0000000081b00000, 0x0000000081b00000|100%|HC|  |TAMS 0x0000000081b00000, 0x0000000081a00000| Complete 
|  27|0x0000000081b00000, 0x0000000081c00000, 0x0000000081c00000|100%| O|  |TAMS 0x0000000081c00000, 0x0000000081b00000| Untracked 
|  28|0x0000000081c00000, 0x0000000081d00000, 0x0000000081d00000|100%| O|  |TAMS 0x0000000081d00000, 0x0000000081c00000| Untracked 
|  29|0x0000000081d00000, 0x0000000081e00000, 0x0000000081e00000|100%| O|  |TAMS 0x0000000081e00000, 0x0000000081d00000| Untracked 
|  30|0x0000000081e00000, 0x0000000081f00000, 0x0000000081f00000|100%| O|  |TAMS 0x0000000081f00000, 0x0000000081e00000| Untracked 
|  31|0x0000000081f00000, 0x0000000082000000, 0x0000000082000000|100%| O|  |TAMS 0x0000000082000000, 0x0000000081f00000| Untracked 
|  32|0x0000000082000000, 0x0000000082100000, 0x0000000082100000|100%| O|  |TAMS 0x0000000082100000, 0x0000000082000000| Untracked 
|  33|0x0000000082100000, 0x0000000082200000, 0x0000000082200000|100%| O|  |TAMS 0x0000000082200000, 0x0000000082100000| Untracked 
|  34|0x0000000082200000, 0x0000000082300000, 0x0000000082300000|100%| O|  |TAMS 0x0000000082300000, 0x0000000082200000| Untracked 
|  35|0x0000000082300000, 0x0000000082400000, 0x0000000082400000|100%| O|  |TAMS 0x0000000082400000, 0x0000000082300000| Untracked 
|  36|0x0000000082400000, 0x0000000082500000, 0x0000000082500000|100%| O|  |TAMS 0x0000000082500000, 0x0000000082400000| Untracked 
|  37|0x0000000082500000, 0x0000000082600000, 0x0000000082600000|100%| O|  |TAMS 0x0000000082600000, 0x0000000082500000| Untracked 
|  38|0x0000000082600000, 0x0000000082700000, 0x0000000082700000|100%| O|  |TAMS 0x0000000082700000, 0x0000000082600000| Untracked 
|  39|0x0000000082700000, 0x0000000082800000, 0x0000000082800000|100%| O|  |TAMS 0x0000000082800000, 0x0000000082700000| Untracked 
|  40|0x0000000082800000, 0x0000000082900000, 0x0000000082900000|100%| O|  |TAMS 0x0000000082900000, 0x0000000082800000| Untracked 
|  41|0x0000000082900000, 0x0000000082a00000, 0x0000000082a00000|100%| O|  |TAMS 0x0000000082a00000, 0x0000000082900000| Untracked 
|  42|0x0000000082a00000, 0x0000000082b00000, 0x0000000082b00000|100%| O|  |TAMS 0x0000000082b00000, 0x0000000082a00000| Untracked 
|  43|0x0000000082b00000, 0x0000000082c00000, 0x0000000082c00000|100%| O|  |TAMS 0x0000000082c00000, 0x0000000082b00000| Untracked 
|  44|0x0000000082c00000, 0x0000000082d00000, 0x0000000082d00000|100%| O|  |TAMS 0x0000000082d00000, 0x0000000082c00000| Untracked 
|  45|0x0000000082d00000, 0x0000000082e00000, 0x0000000082e00000|100%| O|  |TAMS 0x0000000082e00000, 0x0000000082d00000| Untracked 
|  46|0x0000000082e00000, 0x0000000082f00000, 0x0000000082f00000|100%| O|  |TAMS 0x0000000082f00000, 0x0000000082e00000| Untracked 
|  47|0x0000000082f00000, 0x0000000083000000, 0x0000000083000000|100%| O|  |TAMS 0x0000000083000000, 0x0000000082f00000| Untracked 
|  48|0x0000000083000000, 0x0000000083100000, 0x0000000083100000|100%| O|  |TAMS 0x0000000083100000, 0x0000000083000000| Untracked 
|  49|0x0000000083100000, 0x0000000083200000, 0x0000000083200000|100%| O|  |TAMS 0x0000000083200000, 0x0000000083100000| Untracked 
|  50|0x0000000083200000, 0x0000000083300000, 0x0000000083300000|100%| O|  |TAMS 0x0000000083300000, 0x0000000083200000| Untracked 
|  51|0x0000000083300000, 0x0000000083400000, 0x0000000083400000|100%| O|  |TAMS 0x0000000083400000, 0x0000000083300000| Untracked 
|  52|0x0000000083400000, 0x0000000083500000, 0x0000000083500000|100%| O|  |TAMS 0x0000000083500000, 0x0000000083400000| Untracked 
|  53|0x0000000083500000, 0x0000000083600000, 0x0000000083600000|100%| O|  |TAMS 0x0000000083600000, 0x0000000083500000| Untracked 
|  54|0x0000000083600000, 0x0000000083700000, 0x0000000083700000|100%| O|  |TAMS 0x0000000083700000, 0x0000000083600000| Untracked 
|  55|0x0000000083700000, 0x0000000083800000, 0x0000000083800000|100%| O|  |TAMS 0x0000000083800000, 0x0000000083700000| Untracked 
|  56|0x0000000083800000, 0x0000000083900000, 0x0000000083900000|100%| O|  |TAMS 0x0000000083900000, 0x0000000083800000| Untracked 
|  57|0x0000000083900000, 0x0000000083a00000, 0x0000000083a00000|100%| O|  |TAMS 0x0000000083a00000, 0x0000000083900000| Untracked 
|  58|0x0000000083a00000, 0x0000000083b00000, 0x0000000083b00000|100%| O|  |TAMS 0x0000000083a46000, 0x0000000083a00000| Untracked 
|  59|0x0000000083b00000, 0x0000000083c00000, 0x0000000083c00000|100%| O|  |TAMS 0x0000000083b00000, 0x0000000083b00000| Untracked 
|  60|0x0000000083c00000, 0x0000000083d00000, 0x0000000083d00000|100%| O|  |TAMS 0x0000000083c00000, 0x0000000083c00000| Untracked 
|  61|0x0000000083d00000, 0x0000000083e00000, 0x0000000083e00000|100%| O|  |TAMS 0x0000000083d00000, 0x0000000083d00000| Untracked 
|  62|0x0000000083e00000, 0x0000000083f00000, 0x0000000083f00000|100%| O|  |TAMS 0x0000000083e00000, 0x0000000083e00000| Untracked 
|  63|0x0000000083f00000, 0x0000000084000000, 0x0000000084000000|100%| O|  |TAMS 0x0000000083f00000, 0x0000000083f00000| Untracked 
|  64|0x0000000084000000, 0x0000000084100000, 0x0000000084100000|100%| O|  |TAMS 0x0000000084000000, 0x0000000084000000| Untracked 
|  65|0x0000000084100000, 0x0000000084200000, 0x0000000084200000|100%| O|  |TAMS 0x0000000084100000, 0x0000000084100000| Untracked 
|  66|0x0000000084200000, 0x0000000084300000, 0x0000000084300000|100%| O|  |TAMS 0x0000000084200000, 0x0000000084200000| Untracked 
|  67|0x0000000084300000, 0x0000000084400000, 0x0000000084400000|100%| O|  |TAMS 0x0000000084300000, 0x0000000084300000| Untracked 
|  68|0x0000000084400000, 0x0000000084500000, 0x0000000084500000|100%| O|  |TAMS 0x0000000084400000, 0x0000000084400000| Untracked 
|  69|0x0000000084500000, 0x0000000084600000, 0x0000000084600000|100%| O|  |TAMS 0x0000000084500000, 0x0000000084500000| Untracked 
|  70|0x0000000084600000, 0x0000000084700000, 0x0000000084700000|100%| O|  |TAMS 0x0000000084600000, 0x0000000084600000| Untracked 
|  71|0x0000000084700000, 0x0000000084800000, 0x0000000084800000|100%| O|  |TAMS 0x0000000084700000, 0x0000000084700000| Untracked 
|  72|0x0000000084800000, 0x0000000084900000, 0x0000000084900000|100%| O|  |TAMS 0x0000000084800000, 0x0000000084800000| Untracked 
|  73|0x0000000084900000, 0x0000000084a00000, 0x0000000084a00000|100%| O|  |TAMS 0x0000000084900000, 0x0000000084900000| Untracked 
|  74|0x0000000084a00000, 0x0000000084b00000, 0x0000000084b00000|100%| O|  |TAMS 0x0000000084a00000, 0x0000000084a00000| Untracked 
|  75|0x0000000084b00000, 0x0000000084c00000, 0x0000000084c00000|100%| O|  |TAMS 0x0000000084b00000, 0x0000000084b00000| Untracked 
|  76|0x0000000084c00000, 0x0000000084d00000, 0x0000000084d00000|100%| O|  |TAMS 0x0000000084c00000, 0x0000000084c00000| Untracked 
|  77|0x0000000084d00000, 0x0000000084e00000, 0x0000000084e00000|100%| O|  |TAMS 0x0000000084d00000, 0x0000000084d00000| Untracked 
|  78|0x0000000084e00000, 0x0000000084f00000, 0x0000000084f00000|100%| O|  |TAMS 0x0000000084e00000, 0x0000000084e00000| Untracked 
|  79|0x0000000084f00000, 0x0000000085000000, 0x0000000085000000|100%| O|  |TAMS 0x0000000084f00000, 0x0000000084f00000| Untracked 
|  80|0x0000000085000000, 0x0000000085100000, 0x0000000085100000|100%| O|  |TAMS 0x0000000085000000, 0x0000000085000000| Untracked 
|  81|0x0000000085100000, 0x0000000085200000, 0x0000000085200000|100%| O|  |TAMS 0x0000000085100000, 0x0000000085100000| Untracked 
|  82|0x0000000085200000, 0x0000000085300000, 0x0000000085300000|100%| O|  |TAMS 0x0000000085200000, 0x0000000085200000| Untracked 
|  83|0x0000000085300000, 0x0000000085400000, 0x0000000085400000|100%| O|  |TAMS 0x0000000085300000, 0x0000000085300000| Untracked 
|  84|0x0000000085400000, 0x0000000085500000, 0x0000000085500000|100%| O|  |TAMS 0x0000000085400000, 0x0000000085400000| Untracked 
|  85|0x0000000085500000, 0x0000000085600000, 0x0000000085600000|100%| O|  |TAMS 0x0000000085500000, 0x0000000085500000| Untracked 
|  86|0x0000000085600000, 0x0000000085700000, 0x0000000085700000|100%| O|  |TAMS 0x0000000085600000, 0x0000000085600000| Untracked 
|  87|0x0000000085700000, 0x0000000085800000, 0x0000000085800000|100%| O|  |TAMS 0x0000000085700000, 0x0000000085700000| Untracked 
|  88|0x0000000085800000, 0x0000000085900000, 0x0000000085900000|100%| O|  |TAMS 0x0000000085800000, 0x0000000085800000| Untracked 
|  89|0x0000000085900000, 0x0000000085a00000, 0x0000000085a00000|100%| O|  |TAMS 0x0000000085900000, 0x0000000085900000| Untracked 
|  90|0x0000000085a00000, 0x0000000085b00000, 0x0000000085b00000|100%| O|  |TAMS 0x0000000085a00000, 0x0000000085a00000| Untracked 
|  91|0x0000000085b00000, 0x0000000085c00000, 0x0000000085c00000|100%| O|  |TAMS 0x0000000085b00000, 0x0000000085b00000| Untracked 
|  92|0x0000000085c00000, 0x0000000085d00000, 0x0000000085d00000|100%| O|  |TAMS 0x0000000085c00000, 0x0000000085c00000| Untracked 
|  93|0x0000000085d00000, 0x0000000085e00000, 0x0000000085e00000|100%| O|  |TAMS 0x0000000085d00000, 0x0000000085d00000| Untracked 
|  94|0x0000000085e00000, 0x0000000085f00000, 0x0000000085f00000|100%| O|  |TAMS 0x0000000085e00000, 0x0000000085e00000| Untracked 
|  95|0x0000000085f00000, 0x0000000086000000, 0x0000000086000000|100%| O|  |TAMS 0x0000000085f00000, 0x0000000085f00000| Untracked 
|  96|0x0000000086000000, 0x0000000086100000, 0x0000000086100000|100%| O|  |TAMS 0x0000000086000000, 0x0000000086000000| Untracked 
|  97|0x0000000086100000, 0x0000000086200000, 0x0000000086200000|100%| O|  |TAMS 0x0000000086100000, 0x0000000086100000| Untracked 
|  98|0x0000000086200000, 0x0000000086300000, 0x0000000086300000|100%| O|  |TAMS 0x0000000086200000, 0x0000000086200000| Untracked 
|  99|0x0000000086300000, 0x0000000086400000, 0x0000000086400000|100%| O|  |TAMS 0x0000000086300000, 0x0000000086300000| Untracked 
| 100|0x0000000086400000, 0x0000000086500000, 0x0000000086500000|100%| O|  |TAMS 0x0000000086400000, 0x0000000086400000| Untracked 
| 101|0x0000000086500000, 0x0000000086600000, 0x0000000086600000|100%| O|  |TAMS 0x0000000086500000, 0x0000000086500000| Untracked 
| 102|0x0000000086600000, 0x0000000086700000, 0x0000000086700000|100%| O|  |TAMS 0x0000000086600000, 0x0000000086600000| Untracked 
| 103|0x0000000086700000, 0x0000000086800000, 0x0000000086800000|100%| O|  |TAMS 0x0000000086700000, 0x0000000086700000| Untracked 
| 104|0x0000000086800000, 0x0000000086900000, 0x0000000086900000|100%| O|  |TAMS 0x0000000086800000, 0x0000000086800000| Untracked 
| 105|0x0000000086900000, 0x0000000086a00000, 0x0000000086a00000|100%| O|  |TAMS 0x0000000086900000, 0x0000000086900000| Untracked 
| 106|0x0000000086a00000, 0x0000000086b00000, 0x0000000086b00000|100%| O|  |TAMS 0x0000000086a00000, 0x0000000086a00000| Untracked 
| 107|0x0000000086b00000, 0x0000000086c00000, 0x0000000086c00000|100%| O|  |TAMS 0x0000000086b00000, 0x0000000086b00000| Untracked 
| 108|0x0000000086c00000, 0x0000000086d00000, 0x0000000086d00000|100%| O|  |TAMS 0x0000000086c00000, 0x0000000086c00000| Untracked 
| 109|0x0000000086d00000, 0x0000000086e00000, 0x0000000086e00000|100%| O|  |TAMS 0x0000000086d00000, 0x0000000086d00000| Untracked 
| 110|0x0000000086e00000, 0x0000000086f00000, 0x0000000086f00000|100%| O|  |TAMS 0x0000000086e00000, 0x0000000086e00000| Untracked 
| 111|0x0000000086f00000, 0x0000000087000000, 0x0000000087000000|100%| O|  |TAMS 0x0000000086f00000, 0x0000000086f00000| Untracked 
| 112|0x0000000087000000, 0x0000000087100000, 0x0000000087100000|100%| O|  |TAMS 0x0000000087000000, 0x0000000087000000| Untracked 
| 113|0x0000000087100000, 0x0000000087200000, 0x0000000087200000|100%| O|  |TAMS 0x0000000087100000, 0x0000000087100000| Untracked 
| 114|0x0000000087200000, 0x0000000087300000, 0x0000000087300000|100%| O|  |TAMS 0x0000000087200000, 0x0000000087200000| Untracked 
| 115|0x0000000087300000, 0x0000000087400000, 0x0000000087400000|100%| O|  |TAMS 0x0000000087300000, 0x0000000087300000| Untracked 
| 116|0x0000000087400000, 0x0000000087500000, 0x0000000087500000|100%| O|  |TAMS 0x0000000087400000, 0x0000000087400000| Untracked 
| 117|0x0000000087500000, 0x0000000087600000, 0x0000000087600000|100%| O|  |TAMS 0x0000000087500000, 0x0000000087500000| Untracked 
| 118|0x0000000087600000, 0x0000000087700000, 0x0000000087700000|100%| O|  |TAMS 0x0000000087600000, 0x0000000087600000| Untracked 
| 119|0x0000000087700000, 0x0000000087800000, 0x0000000087800000|100%| O|  |TAMS 0x0000000087700000, 0x0000000087700000| Untracked 
| 120|0x0000000087800000, 0x0000000087900000, 0x0000000087900000|100%| O|  |TAMS 0x0000000087800000, 0x0000000087800000| Untracked 
| 121|0x0000000087900000, 0x0000000087a00000, 0x0000000087a00000|100%| O|  |TAMS 0x0000000087900000, 0x0000000087900000| Untracked 
| 122|0x0000000087a00000, 0x0000000087b00000, 0x0000000087b00000|100%| O|  |TAMS 0x0000000087a00000, 0x0000000087a00000| Untracked 
| 123|0x0000000087b00000, 0x0000000087c00000, 0x0000000087c00000|100%| O|  |TAMS 0x0000000087b00000, 0x0000000087b00000| Untracked 
| 124|0x0000000087c00000, 0x0000000087d00000, 0x0000000087d00000|100%| O|  |TAMS 0x0000000087c00000, 0x0000000087c00000| Untracked 
| 125|0x0000000087d00000, 0x0000000087e00000, 0x0000000087e00000|100%| O|  |TAMS 0x0000000087d00000, 0x0000000087d00000| Untracked 
| 126|0x0000000087e00000, 0x0000000087f00000, 0x0000000087f00000|100%| O|  |TAMS 0x0000000087e00000, 0x0000000087e00000| Untracked 
| 127|0x0000000087f00000, 0x0000000087f09a00, 0x0000000088000000|  3%| O|  |TAMS 0x0000000087f00000, 0x0000000087f00000| Untracked 
| 128|0x0000000088000000, 0x0000000088000000, 0x0000000088100000|  0%| F|  |TAMS 0x0000000088000000, 0x0000000088000000| Untracked 
| 129|0x0000000088100000, 0x0000000088100000, 0x0000000088200000|  0%| F|  |TAMS 0x0000000088100000, 0x0000000088100000| Untracked 
| 130|0x0000000088200000, 0x0000000088200000, 0x0000000088300000|  0%| F|  |TAMS 0x0000000088200000, 0x0000000088200000| Untracked 
| 131|0x0000000088300000, 0x0000000088300000, 0x0000000088400000|  0%| F|  |TAMS 0x0000000088300000, 0x0000000088300000| Untracked 
| 132|0x0000000088400000, 0x0000000088400000, 0x0000000088500000|  0%| F|  |TAMS 0x0000000088400000, 0x0000000088400000| Untracked 
| 133|0x0000000088500000, 0x0000000088500000, 0x0000000088600000|  0%| F|  |TAMS 0x0000000088500000, 0x0000000088500000| Untracked 
| 134|0x0000000088600000, 0x0000000088600000, 0x0000000088700000|  0%| F|  |TAMS 0x0000000088600000, 0x0000000088600000| Untracked 
| 135|0x0000000088700000, 0x0000000088700000, 0x0000000088800000|  0%| F|  |TAMS 0x0000000088700000, 0x0000000088700000| Untracked 
| 136|0x0000000088800000, 0x0000000088800000, 0x0000000088900000|  0%| F|  |TAMS 0x0000000088800000, 0x0000000088800000| Untracked 
| 137|0x0000000088900000, 0x0000000088900000, 0x0000000088a00000|  0%| F|  |TAMS 0x0000000088900000, 0x0000000088900000| Untracked 
| 138|0x0000000088a00000, 0x0000000088a00000, 0x0000000088b00000|  0%| F|  |TAMS 0x0000000088a00000, 0x0000000088a00000| Untracked 
| 139|0x0000000088b00000, 0x0000000088b00000, 0x0000000088c00000|  0%| F|  |TAMS 0x0000000088b00000, 0x0000000088b00000| Untracked 
| 140|0x0000000088c00000, 0x0000000088c00000, 0x0000000088d00000|  0%| F|  |TAMS 0x0000000088c00000, 0x0000000088c00000| Untracked 
| 141|0x0000000088d00000, 0x0000000088d00000, 0x0000000088e00000|  0%| F|  |TAMS 0x0000000088d00000, 0x0000000088d00000| Untracked 
| 142|0x0000000088e00000, 0x0000000088e00000, 0x0000000088f00000|  0%| F|  |TAMS 0x0000000088e00000, 0x0000000088e00000| Untracked 
| 143|0x0000000088f00000, 0x0000000088f00000, 0x0000000089000000|  0%| F|  |TAMS 0x0000000088f00000, 0x0000000088f00000| Untracked 
| 144|0x0000000089000000, 0x0000000089000000, 0x0000000089100000|  0%| F|  |TAMS 0x0000000089000000, 0x0000000089000000| Untracked 
| 145|0x0000000089100000, 0x0000000089100000, 0x0000000089200000|  0%| F|  |TAMS 0x0000000089100000, 0x0000000089100000| Untracked 
| 146|0x0000000089200000, 0x0000000089200000, 0x0000000089300000|  0%| F|  |TAMS 0x0000000089200000, 0x0000000089200000| Untracked 
| 147|0x0000000089300000, 0x0000000089300000, 0x0000000089400000|  0%| F|  |TAMS 0x0000000089300000, 0x0000000089300000| Untracked 
| 148|0x0000000089400000, 0x0000000089400000, 0x0000000089500000|  0%| F|  |TAMS 0x0000000089400000, 0x0000000089400000| Untracked 
| 149|0x0000000089500000, 0x0000000089500000, 0x0000000089600000|  0%| F|  |TAMS 0x0000000089500000, 0x0000000089500000| Untracked 
| 150|0x0000000089600000, 0x0000000089600000, 0x0000000089700000|  0%| F|  |TAMS 0x0000000089600000, 0x0000000089600000| Untracked 
| 151|0x0000000089700000, 0x0000000089700000, 0x0000000089800000|  0%| F|  |TAMS 0x0000000089700000, 0x0000000089700000| Untracked 
| 152|0x0000000089800000, 0x0000000089800000, 0x0000000089900000|  0%| F|  |TAMS 0x0000000089800000, 0x0000000089800000| Untracked 
| 153|0x0000000089900000, 0x0000000089900000, 0x0000000089a00000|  0%| F|  |TAMS 0x0000000089900000, 0x0000000089900000| Untracked 
| 154|0x0000000089a00000, 0x0000000089a00000, 0x0000000089b00000|  0%| F|  |TAMS 0x0000000089a00000, 0x0000000089a00000| Untracked 
| 155|0x0000000089b00000, 0x0000000089b00000, 0x0000000089c00000|  0%| F|  |TAMS 0x0000000089b00000, 0x0000000089b00000| Untracked 
| 156|0x0000000089c00000, 0x0000000089c00000, 0x0000000089d00000|  0%| F|  |TAMS 0x0000000089c00000, 0x0000000089c00000| Untracked 
| 157|0x0000000089d00000, 0x0000000089d00000, 0x0000000089e00000|  0%| F|  |TAMS 0x0000000089d00000, 0x0000000089d00000| Untracked 
| 158|0x0000000089e00000, 0x0000000089e00000, 0x0000000089f00000|  0%| F|  |TAMS 0x0000000089e00000, 0x0000000089e00000| Untracked 
| 159|0x0000000089f00000, 0x0000000089f00000, 0x000000008a000000|  0%| F|  |TAMS 0x0000000089f00000, 0x0000000089f00000| Untracked 
| 160|0x000000008a000000, 0x000000008a000000, 0x000000008a100000|  0%| F|  |TAMS 0x000000008a000000, 0x000000008a000000| Untracked 
| 161|0x000000008a100000, 0x000000008a100000, 0x000000008a200000|  0%| F|  |TAMS 0x000000008a100000, 0x000000008a100000| Untracked 
| 162|0x000000008a200000, 0x000000008a200000, 0x000000008a300000|  0%| F|  |TAMS 0x000000008a200000, 0x000000008a200000| Untracked 
| 163|0x000000008a300000, 0x000000008a300000, 0x000000008a400000|  0%| F|  |TAMS 0x000000008a300000, 0x000000008a300000| Untracked 
| 164|0x000000008a400000, 0x000000008a400000, 0x000000008a500000|  0%| F|  |TAMS 0x000000008a400000, 0x000000008a400000| Untracked 
| 165|0x000000008a500000, 0x000000008a500000, 0x000000008a600000|  0%| F|  |TAMS 0x000000008a500000, 0x000000008a500000| Untracked 
| 166|0x000000008a600000, 0x000000008a600000, 0x000000008a700000|  0%| F|  |TAMS 0x000000008a600000, 0x000000008a600000| Untracked 
| 167|0x000000008a700000, 0x000000008a700000, 0x000000008a800000|  0%| F|  |TAMS 0x000000008a700000, 0x000000008a700000| Untracked 
| 168|0x000000008a800000, 0x000000008a800000, 0x000000008a900000|  0%| F|  |TAMS 0x000000008a800000, 0x000000008a800000| Untracked 
| 169|0x000000008a900000, 0x000000008a900000, 0x000000008aa00000|  0%| F|  |TAMS 0x000000008a900000, 0x000000008a900000| Untracked 
| 170|0x000000008aa00000, 0x000000008aa00000, 0x000000008ab00000|  0%| F|  |TAMS 0x000000008aa00000, 0x000000008aa00000| Untracked 
| 171|0x000000008ab00000, 0x000000008ab00000, 0x000000008ac00000|  0%| F|  |TAMS 0x000000008ab00000, 0x000000008ab00000| Untracked 
| 172|0x000000008ac00000, 0x000000008ac00000, 0x000000008ad00000|  0%| F|  |TAMS 0x000000008ac00000, 0x000000008ac00000| Untracked 
| 173|0x000000008ad00000, 0x000000008ad00000, 0x000000008ae00000|  0%| F|  |TAMS 0x000000008ad00000, 0x000000008ad00000| Untracked 
| 174|0x000000008ae00000, 0x000000008ae00000, 0x000000008af00000|  0%| F|  |TAMS 0x000000008ae00000, 0x000000008ae00000| Untracked 
| 175|0x000000008af00000, 0x000000008af00000, 0x000000008b000000|  0%| F|  |TAMS 0x000000008af00000, 0x000000008af00000| Untracked 
| 176|0x000000008b000000, 0x000000008b100000, 0x000000008b100000|100%| S|CS|TAMS 0x000000008b000000, 0x000000008b000000| Complete 
| 177|0x000000008b100000, 0x000000008b100000, 0x000000008b200000|  0%| F|  |TAMS 0x000000008b100000, 0x000000008b100000| Untracked 
| 178|0x000000008b200000, 0x000000008b200000, 0x000000008b300000|  0%| F|  |TAMS 0x000000008b200000, 0x000000008b200000| Untracked 
| 179|0x000000008b300000, 0x000000008b300000, 0x000000008b400000|  0%| F|  |TAMS 0x000000008b300000, 0x000000008b300000| Untracked 
| 180|0x000000008b400000, 0x000000008b500000, 0x000000008b500000|100%| S|CS|TAMS 0x000000008b400000, 0x000000008b400000| Complete 
| 181|0x000000008b500000, 0x000000008b500000, 0x000000008b600000|  0%| F|  |TAMS 0x000000008b500000, 0x000000008b500000| Untracked 
| 182|0x000000008b600000, 0x000000008b600000, 0x000000008b700000|  0%| F|  |TAMS 0x000000008b600000, 0x000000008b600000| Untracked 
| 183|0x000000008b700000, 0x000000008b700000, 0x000000008b800000|  0%| F|  |TAMS 0x000000008b700000, 0x000000008b700000| Untracked 
| 184|0x000000008b800000, 0x000000008b800000, 0x000000008b900000|  0%| F|  |TAMS 0x000000008b800000, 0x000000008b800000| Untracked 
| 185|0x000000008b900000, 0x000000008b900000, 0x000000008ba00000|  0%| F|  |TAMS 0x000000008b900000, 0x000000008b900000| Untracked 
| 186|0x000000008ba00000, 0x000000008ba00000, 0x000000008bb00000|  0%| F|  |TAMS 0x000000008ba00000, 0x000000008ba00000| Untracked 
| 187|0x000000008bb00000, 0x000000008bb00000, 0x000000008bc00000|  0%| F|  |TAMS 0x000000008bb00000, 0x000000008bb00000| Untracked 
| 188|0x000000008bc00000, 0x000000008bc00000, 0x000000008bd00000|  0%| F|  |TAMS 0x000000008bc00000, 0x000000008bc00000| Untracked 
| 189|0x000000008bd00000, 0x000000008be00000, 0x000000008be00000|100%| E|  |TAMS 0x000000008bd00000, 0x000000008bd00000| Complete 
| 190|0x000000008be00000, 0x000000008bf00000, 0x000000008bf00000|100%| E|CS|TAMS 0x000000008be00000, 0x000000008be00000| Complete 
| 191|0x000000008bf00000, 0x000000008c000000, 0x000000008c000000|100%| E|CS|TAMS 0x000000008bf00000, 0x000000008bf00000| Complete 
| 192|0x000000008c000000, 0x000000008c100000, 0x000000008c100000|100%| E|CS|TAMS 0x000000008c000000, 0x000000008c000000| Complete 
| 193|0x000000008c100000, 0x000000008c200000, 0x000000008c200000|100%| E|CS|TAMS 0x000000008c100000, 0x000000008c100000| Complete 
| 194|0x000000008c200000, 0x000000008c300000, 0x000000008c300000|100%| E|CS|TAMS 0x000000008c200000, 0x000000008c200000| Complete 
| 195|0x000000008c300000, 0x000000008c400000, 0x000000008c400000|100%| E|CS|TAMS 0x000000008c300000, 0x000000008c300000| Complete 
| 196|0x000000008c400000, 0x000000008c500000, 0x000000008c500000|100%| E|CS|TAMS 0x000000008c400000, 0x000000008c400000| Complete 
| 197|0x000000008c500000, 0x000000008c600000, 0x000000008c600000|100%| E|CS|TAMS 0x000000008c500000, 0x000000008c500000| Complete 
| 198|0x000000008c600000, 0x000000008c700000, 0x000000008c700000|100%| E|CS|TAMS 0x000000008c600000, 0x000000008c600000| Complete 
| 199|0x000000008c700000, 0x000000008c800000, 0x000000008c800000|100%| E|CS|TAMS 0x000000008c700000, 0x000000008c700000| Complete 
| 200|0x000000008c800000, 0x000000008c900000, 0x000000008c900000|100%| E|CS|TAMS 0x000000008c800000, 0x000000008c800000| Complete 
| 201|0x000000008c900000, 0x000000008ca00000, 0x000000008ca00000|100%| E|CS|TAMS 0x000000008c900000, 0x000000008c900000| Complete 
| 202|0x000000008ca00000, 0x000000008cb00000, 0x000000008cb00000|100%| E|CS|TAMS 0x000000008ca00000, 0x000000008ca00000| Complete 
| 203|0x000000008cb00000, 0x000000008cc00000, 0x000000008cc00000|100%| E|CS|TAMS 0x000000008cb00000, 0x000000008cb00000| Complete 
| 204|0x000000008cc00000, 0x000000008cd00000, 0x000000008cd00000|100%| E|CS|TAMS 0x000000008cc00000, 0x000000008cc00000| Complete 
| 205|0x000000008cd00000, 0x000000008ce00000, 0x000000008ce00000|100%| E|CS|TAMS 0x000000008cd00000, 0x000000008cd00000| Complete 
| 206|0x000000008ce00000, 0x000000008cf00000, 0x000000008cf00000|100%| E|CS|TAMS 0x000000008ce00000, 0x000000008ce00000| Complete 
| 207|0x000000008cf00000, 0x000000008d000000, 0x000000008d000000|100%| E|CS|TAMS 0x000000008cf00000, 0x000000008cf00000| Complete 
| 208|0x000000008d000000, 0x000000008d100000, 0x000000008d100000|100%| E|CS|TAMS 0x000000008d000000, 0x000000008d000000| Complete 
| 209|0x000000008d100000, 0x000000008d200000, 0x000000008d200000|100%| E|CS|TAMS 0x000000008d100000, 0x000000008d100000| Complete 
| 210|0x000000008d200000, 0x000000008d300000, 0x000000008d300000|100%| E|CS|TAMS 0x000000008d200000, 0x000000008d200000| Complete 
| 211|0x000000008d300000, 0x000000008d400000, 0x000000008d400000|100%| E|CS|TAMS 0x000000008d300000, 0x000000008d300000| Complete 
| 212|0x000000008d400000, 0x000000008d500000, 0x000000008d500000|100%| E|CS|TAMS 0x000000008d400000, 0x000000008d400000| Complete 
| 213|0x000000008d500000, 0x000000008d600000, 0x000000008d600000|100%| E|CS|TAMS 0x000000008d500000, 0x000000008d500000| Complete 
| 214|0x000000008d600000, 0x000000008d700000, 0x000000008d700000|100%| E|CS|TAMS 0x000000008d600000, 0x000000008d600000| Complete 
| 215|0x000000008d700000, 0x000000008d800000, 0x000000008d800000|100%| E|CS|TAMS 0x000000008d700000, 0x000000008d700000| Complete 
| 216|0x000000008d800000, 0x000000008d900000, 0x000000008d900000|100%| E|CS|TAMS 0x000000008d800000, 0x000000008d800000| Complete 
| 217|0x000000008d900000, 0x000000008da00000, 0x000000008da00000|100%| E|CS|TAMS 0x000000008d900000, 0x000000008d900000| Complete 
| 218|0x000000008da00000, 0x000000008db00000, 0x000000008db00000|100%| E|CS|TAMS 0x000000008da00000, 0x000000008da00000| Complete 
| 219|0x000000008db00000, 0x000000008dc00000, 0x000000008dc00000|100%| E|CS|TAMS 0x000000008db00000, 0x000000008db00000| Complete 
| 220|0x000000008dc00000, 0x000000008dd00000, 0x000000008dd00000|100%| E|CS|TAMS 0x000000008dc00000, 0x000000008dc00000| Complete 
| 221|0x000000008dd00000, 0x000000008de00000, 0x000000008de00000|100%| E|CS|TAMS 0x000000008dd00000, 0x000000008dd00000| Complete 
| 222|0x000000008de00000, 0x000000008df00000, 0x000000008df00000|100%| E|CS|TAMS 0x000000008de00000, 0x000000008de00000| Complete 
| 223|0x000000008df00000, 0x000000008e000000, 0x000000008e000000|100%| E|CS|TAMS 0x000000008df00000, 0x000000008df00000| Complete 
| 224|0x000000008e000000, 0x000000008e100000, 0x000000008e100000|100%| E|CS|TAMS 0x000000008e000000, 0x000000008e000000| Complete 
| 225|0x000000008e100000, 0x000000008e200000, 0x000000008e200000|100%| E|CS|TAMS 0x000000008e100000, 0x000000008e100000| Complete 
| 226|0x000000008e200000, 0x000000008e300000, 0x000000008e300000|100%| E|CS|TAMS 0x000000008e200000, 0x000000008e200000| Complete 
| 227|0x000000008e300000, 0x000000008e400000, 0x000000008e400000|100%| E|CS|TAMS 0x000000008e300000, 0x000000008e300000| Complete 
| 228|0x000000008e400000, 0x000000008e500000, 0x000000008e500000|100%| E|CS|TAMS 0x000000008e400000, 0x000000008e400000| Complete 
| 229|0x000000008e500000, 0x000000008e600000, 0x000000008e600000|100%| E|CS|TAMS 0x000000008e500000, 0x000000008e500000| Complete 
| 230|0x000000008e600000, 0x000000008e700000, 0x000000008e700000|100%| E|CS|TAMS 0x000000008e600000, 0x000000008e600000| Complete 
| 231|0x000000008e700000, 0x000000008e800000, 0x000000008e800000|100%| E|CS|TAMS 0x000000008e700000, 0x000000008e700000| Complete 
| 232|0x000000008e800000, 0x000000008e900000, 0x000000008e900000|100%| E|CS|TAMS 0x000000008e800000, 0x000000008e800000| Complete 
| 233|0x000000008e900000, 0x000000008ea00000, 0x000000008ea00000|100%| E|CS|TAMS 0x000000008e900000, 0x000000008e900000| Complete 
| 234|0x000000008ea00000, 0x000000008eb00000, 0x000000008eb00000|100%| E|CS|TAMS 0x000000008ea00000, 0x000000008ea00000| Complete 
| 235|0x000000008eb00000, 0x000000008ec00000, 0x000000008ec00000|100%| E|CS|TAMS 0x000000008eb00000, 0x000000008eb00000| Complete 
| 236|0x000000008ec00000, 0x000000008ed00000, 0x000000008ed00000|100%| E|CS|TAMS 0x000000008ec00000, 0x000000008ec00000| Complete 
| 237|0x000000008ed00000, 0x000000008ee00000, 0x000000008ee00000|100%| E|CS|TAMS 0x000000008ed00000, 0x000000008ed00000| Complete 
| 238|0x000000008ee00000, 0x000000008ef00000, 0x000000008ef00000|100%| E|CS|TAMS 0x000000008ee00000, 0x000000008ee00000| Complete 
| 239|0x000000008ef00000, 0x000000008f000000, 0x000000008f000000|100%| E|CS|TAMS 0x000000008ef00000, 0x000000008ef00000| Complete 
| 240|0x000000008f000000, 0x000000008f100000, 0x000000008f100000|100%| E|CS|TAMS 0x000000008f000000, 0x000000008f000000| Complete 
| 241|0x000000008f100000, 0x000000008f200000, 0x000000008f200000|100%| E|CS|TAMS 0x000000008f100000, 0x000000008f100000| Complete 
| 242|0x000000008f200000, 0x000000008f300000, 0x000000008f300000|100%| E|CS|TAMS 0x000000008f200000, 0x000000008f200000| Complete 
| 243|0x000000008f300000, 0x000000008f400000, 0x000000008f400000|100%| E|CS|TAMS 0x000000008f300000, 0x000000008f300000| Complete 
| 244|0x000000008f400000, 0x000000008f500000, 0x000000008f500000|100%| E|CS|TAMS 0x000000008f400000, 0x000000008f400000| Complete 
| 245|0x000000008f500000, 0x000000008f600000, 0x000000008f600000|100%| E|CS|TAMS 0x000000008f500000, 0x000000008f500000| Complete 
| 246|0x000000008f600000, 0x000000008f700000, 0x000000008f700000|100%| E|CS|TAMS 0x000000008f600000, 0x000000008f600000| Complete 
| 247|0x000000008f700000, 0x000000008f800000, 0x000000008f800000|100%| E|CS|TAMS 0x000000008f700000, 0x000000008f700000| Complete 
| 248|0x000000008f800000, 0x000000008f900000, 0x000000008f900000|100%| E|CS|TAMS 0x000000008f800000, 0x000000008f800000| Complete 
| 249|0x000000008f900000, 0x000000008fa00000, 0x000000008fa00000|100%| E|CS|TAMS 0x000000008f900000, 0x000000008f900000| Complete 
| 250|0x000000008fa00000, 0x000000008fb00000, 0x000000008fb00000|100%| E|CS|TAMS 0x000000008fa00000, 0x000000008fa00000| Complete 
| 251|0x000000008fb00000, 0x000000008fc00000, 0x000000008fc00000|100%| E|CS|TAMS 0x000000008fb00000, 0x000000008fb00000| Complete 
| 252|0x000000008fc00000, 0x000000008fd00000, 0x000000008fd00000|100%| E|CS|TAMS 0x000000008fc00000, 0x000000008fc00000| Complete 
| 253|0x000000008fd00000, 0x000000008fe00000, 0x000000008fe00000|100%| E|CS|TAMS 0x000000008fd00000, 0x000000008fd00000| Complete 
| 254|0x000000008fe00000, 0x000000008ff00000, 0x000000008ff00000|100%| E|CS|TAMS 0x000000008fe00000, 0x000000008fe00000| Complete 
| 255|0x000000008ff00000, 0x0000000090000000, 0x0000000090000000|100%| E|CS|TAMS 0x000000008ff00000, 0x000000008ff00000| Complete 
| 256|0x0000000090000000, 0x0000000090100000, 0x0000000090100000|100%| E|CS|TAMS 0x0000000090000000, 0x0000000090000000| Complete 
| 257|0x0000000090100000, 0x0000000090200000, 0x0000000090200000|100%| E|CS|TAMS 0x0000000090100000, 0x0000000090100000| Complete 
| 258|0x0000000090200000, 0x0000000090300000, 0x0000000090300000|100%| E|CS|TAMS 0x0000000090200000, 0x0000000090200000| Complete 
| 259|0x0000000090300000, 0x0000000090400000, 0x0000000090400000|100%| E|CS|TAMS 0x0000000090300000, 0x0000000090300000| Complete 
| 260|0x0000000090400000, 0x0000000090500000, 0x0000000090500000|100%| E|CS|TAMS 0x0000000090400000, 0x0000000090400000| Complete 
| 261|0x0000000090500000, 0x0000000090600000, 0x0000000090600000|100%| E|CS|TAMS 0x0000000090500000, 0x0000000090500000| Complete 
| 262|0x0000000090600000, 0x0000000090700000, 0x0000000090700000|100%| E|CS|TAMS 0x0000000090600000, 0x0000000090600000| Complete 
| 263|0x0000000090700000, 0x0000000090800000, 0x0000000090800000|100%| E|CS|TAMS 0x0000000090700000, 0x0000000090700000| Complete 
| 264|0x0000000090800000, 0x0000000090900000, 0x0000000090900000|100%| E|CS|TAMS 0x0000000090800000, 0x0000000090800000| Complete 
| 265|0x0000000090900000, 0x0000000090a00000, 0x0000000090a00000|100%| E|CS|TAMS 0x0000000090900000, 0x0000000090900000| Complete 
| 266|0x0000000090a00000, 0x0000000090b00000, 0x0000000090b00000|100%| E|CS|TAMS 0x0000000090a00000, 0x0000000090a00000| Complete 
| 267|0x0000000090b00000, 0x0000000090c00000, 0x0000000090c00000|100%| E|CS|TAMS 0x0000000090b00000, 0x0000000090b00000| Complete 
| 268|0x0000000090c00000, 0x0000000090d00000, 0x0000000090d00000|100%| E|CS|TAMS 0x0000000090c00000, 0x0000000090c00000| Complete 
| 269|0x0000000090d00000, 0x0000000090e00000, 0x0000000090e00000|100%| E|CS|TAMS 0x0000000090d00000, 0x0000000090d00000| Complete 
| 270|0x0000000090e00000, 0x0000000090f00000, 0x0000000090f00000|100%| E|CS|TAMS 0x0000000090e00000, 0x0000000090e00000| Complete 
| 271|0x0000000090f00000, 0x0000000091000000, 0x0000000091000000|100%| E|CS|TAMS 0x0000000090f00000, 0x0000000090f00000| Complete 
| 272|0x0000000091000000, 0x0000000091100000, 0x0000000091100000|100%| E|CS|TAMS 0x0000000091000000, 0x0000000091000000| Complete 
| 273|0x0000000091100000, 0x0000000091200000, 0x0000000091200000|100%| E|CS|TAMS 0x0000000091100000, 0x0000000091100000| Complete 
| 274|0x0000000091200000, 0x0000000091300000, 0x0000000091300000|100%| E|CS|TAMS 0x0000000091200000, 0x0000000091200000| Complete 
| 275|0x0000000091300000, 0x0000000091400000, 0x0000000091400000|100%| E|CS|TAMS 0x0000000091300000, 0x0000000091300000| Complete 
| 276|0x0000000091400000, 0x0000000091500000, 0x0000000091500000|100%| E|CS|TAMS 0x0000000091400000, 0x0000000091400000| Complete 
| 277|0x0000000091500000, 0x0000000091600000, 0x0000000091600000|100%| E|CS|TAMS 0x0000000091500000, 0x0000000091500000| Complete 
| 278|0x0000000091600000, 0x0000000091700000, 0x0000000091700000|100%| E|CS|TAMS 0x0000000091600000, 0x0000000091600000| Complete 
| 279|0x0000000091700000, 0x0000000091800000, 0x0000000091800000|100%| E|CS|TAMS 0x0000000091700000, 0x0000000091700000| Complete 
| 280|0x0000000091800000, 0x0000000091900000, 0x0000000091900000|100%| E|CS|TAMS 0x0000000091800000, 0x0000000091800000| Complete 
| 281|0x0000000091900000, 0x0000000091a00000, 0x0000000091a00000|100%| E|CS|TAMS 0x0000000091900000, 0x0000000091900000| Complete 
| 282|0x0000000091a00000, 0x0000000091b00000, 0x0000000091b00000|100%| E|CS|TAMS 0x0000000091a00000, 0x0000000091a00000| Complete 
| 283|0x0000000091b00000, 0x0000000091c00000, 0x0000000091c00000|100%| E|CS|TAMS 0x0000000091b00000, 0x0000000091b00000| Complete 
| 284|0x0000000091c00000, 0x0000000091d00000, 0x0000000091d00000|100%| E|CS|TAMS 0x0000000091c00000, 0x0000000091c00000| Complete 
| 285|0x0000000091d00000, 0x0000000091e00000, 0x0000000091e00000|100%| E|CS|TAMS 0x0000000091d00000, 0x0000000091d00000| Complete 
| 286|0x0000000091e00000, 0x0000000091f00000, 0x0000000091f00000|100%| E|CS|TAMS 0x0000000091e00000, 0x0000000091e00000| Complete 
| 287|0x0000000091f00000, 0x0000000092000000, 0x0000000092000000|100%| E|CS|TAMS 0x0000000091f00000, 0x0000000091f00000| Complete 
| 288|0x0000000092000000, 0x0000000092100000, 0x0000000092100000|100%| E|CS|TAMS 0x0000000092000000, 0x0000000092000000| Complete 
| 289|0x0000000092100000, 0x0000000092200000, 0x0000000092200000|100%| E|CS|TAMS 0x0000000092100000, 0x0000000092100000| Complete 
| 290|0x0000000092200000, 0x0000000092300000, 0x0000000092300000|100%| E|CS|TAMS 0x0000000092200000, 0x0000000092200000| Complete 
| 291|0x0000000092300000, 0x0000000092400000, 0x0000000092400000|100%| E|CS|TAMS 0x0000000092300000, 0x0000000092300000| Complete 
| 292|0x0000000092400000, 0x0000000092500000, 0x0000000092500000|100%| E|CS|TAMS 0x0000000092400000, 0x0000000092400000| Complete 
| 293|0x0000000092500000, 0x0000000092600000, 0x0000000092600000|100%| E|CS|TAMS 0x0000000092500000, 0x0000000092500000| Complete 
| 294|0x0000000092600000, 0x0000000092700000, 0x0000000092700000|100%| E|CS|TAMS 0x0000000092600000, 0x0000000092600000| Complete 
| 295|0x0000000092700000, 0x0000000092800000, 0x0000000092800000|100%| E|CS|TAMS 0x0000000092700000, 0x0000000092700000| Complete 
| 296|0x0000000092800000, 0x0000000092900000, 0x0000000092900000|100%| E|CS|TAMS 0x0000000092800000, 0x0000000092800000| Complete 
| 297|0x0000000092900000, 0x0000000092a00000, 0x0000000092a00000|100%| E|CS|TAMS 0x0000000092900000, 0x0000000092900000| Complete 
| 298|0x0000000092a00000, 0x0000000092b00000, 0x0000000092b00000|100%| E|CS|TAMS 0x0000000092a00000, 0x0000000092a00000| Complete 
| 299|0x0000000092b00000, 0x0000000092c00000, 0x0000000092c00000|100%| E|CS|TAMS 0x0000000092b00000, 0x0000000092b00000| Complete 
| 300|0x0000000092c00000, 0x0000000092d00000, 0x0000000092d00000|100%| E|CS|TAMS 0x0000000092c00000, 0x0000000092c00000| Complete 
| 301|0x0000000092d00000, 0x0000000092e00000, 0x0000000092e00000|100%| E|CS|TAMS 0x0000000092d00000, 0x0000000092d00000| Complete 
| 302|0x0000000092e00000, 0x0000000092f00000, 0x0000000092f00000|100%| E|CS|TAMS 0x0000000092e00000, 0x0000000092e00000| Complete 
| 303|0x0000000092f00000, 0x0000000093000000, 0x0000000093000000|100%| E|CS|TAMS 0x0000000092f00000, 0x0000000092f00000| Complete 
| 304|0x0000000093000000, 0x0000000093100000, 0x0000000093100000|100%| E|CS|TAMS 0x0000000093000000, 0x0000000093000000| Complete 
| 305|0x0000000093100000, 0x0000000093200000, 0x0000000093200000|100%| E|CS|TAMS 0x0000000093100000, 0x0000000093100000| Complete 
| 306|0x0000000093200000, 0x0000000093300000, 0x0000000093300000|100%| E|CS|TAMS 0x0000000093200000, 0x0000000093200000| Complete 
| 307|0x0000000093300000, 0x0000000093400000, 0x0000000093400000|100%| E|CS|TAMS 0x0000000093300000, 0x0000000093300000| Complete 

Card table byte_map: [0x0000025eb88a0000,0x0000025eb8ca0000] _byte_map_base: 0x0000025eb84a0000

Marking Bits (Prev, Next): (CMBitMap*) 0x0000025ea0d62e60, (CMBitMap*) 0x0000025ea0d62e28
 Prev Bits: [0x0000025ebb0a0000, 0x0000025ebd0a0000)
 Next Bits: [0x0000025eb90a0000, 0x0000025ebb0a0000)

Polling page: 0x0000025e9eb80000

Metaspace:

Usage:
  Non-class:     97.54 MB capacity,    95.48 MB ( 98%) used,     1.65 MB (  2%) free+waste,   423.75 KB ( <1%) overhead. 
      Class:     15.41 MB capacity,    14.10 MB ( 91%) used,     1.12 MB (  7%) free+waste,   195.69 KB (  1%) overhead. 
       Both:    112.95 MB capacity,   109.57 MB ( 97%) used,     2.77 MB (  2%) free+waste,   619.44 KB ( <1%) overhead. 

Virtual space:
  Non-class space:       98.00 MB reserved,      97.65 MB (>99%) committed 
      Class space:        1.00 GB reserved,      15.50 MB (  2%) committed 
             Both:        1.10 GB reserved,     113.15 MB ( 10%) committed 

Chunk freelists:
   Non-Class:  56.00 KB
       Class:  0 bytes
        Both:  56.00 KB

MaxMetaspaceSize: 17179869184.00 GB
CompressedClassSpaceSize: 1.00 GB
Initial GC threshold: 20.80 MB
Current GC threshold: 142.75 MB
CDS: off

CodeHeap 'non-profiled nmethods': size=120064Kb used=9091Kb max_used=9091Kb free=110972Kb
 bounds [0x0000025eb0f60000, 0x0000025eb1850000, 0x0000025eb84a0000]
CodeHeap 'profiled nmethods': size=120000Kb used=36496Kb max_used=36496Kb free=83503Kb
 bounds [0x0000025ea9a30000, 0x0000025eabde0000, 0x0000025eb0f60000]
CodeHeap 'non-nmethods': size=5696Kb used=2415Kb max_used=2476Kb free=3281Kb
 bounds [0x0000025ea94a0000, 0x0000025ea9720000, 0x0000025ea9a30000]
 total_blobs=16835 nmethods=15902 adapters=844
 compilation: enabled
              stopped_count=0, restarted_count=0
 full_count=0

Compilation events (20 events):
Event: 15.764 Thread 0x0000025ebfeba800 nmethod 16129 0x0000025eabdc9c10 code [0x0000025eabdc9dc0, 0x0000025eabdc9f08]
Event: 15.768 Thread 0x0000025ebfeba800 16130       1       com.google.common.cache.RemovalCause$2::wasEvicted (2 bytes)
Event: 15.768 Thread 0x0000025ebfeba800 nmethod 16130 0x0000025eb1840610 code [0x0000025eb18407c0, 0x0000025eb1840878]
Event: 15.769 Thread 0x0000025ebfeba800 16131       1       org.gradle.internal.snapshot.AbstractListChildMap::isEmpty (2 bytes)
Event: 15.769 Thread 0x0000025ebfeba800 nmethod 16131 0x0000025eb1840910 code [0x0000025eb1840ac0, 0x0000025eb1840b78]
Event: 15.769 Thread 0x0000025ebfeba800 16132       2       org.gradle.internal.logging.slf4j.OutputEventListenerBackedLogger::debug (8 bytes)
Event: 15.769 Thread 0x0000025ebfeba800 nmethod 16132 0x0000025eabdca010 code [0x0000025eabdca200, 0x0000025eabdca618]
Event: 15.771 Thread 0x0000025ebfeba800 16133       3       com.android.tools.r8.internal.ol::a (48 bytes)
Event: 15.771 Thread 0x0000025ebfeba800 nmethod 16133 0x0000025eabdca890 code [0x0000025eabdcaaa0, 0x0000025eabdcb278]
Event: 15.771 Thread 0x0000025ebfeba800 16134       2       java.util.TreeSet::<init> (17 bytes)
Event: 15.771 Thread 0x0000025ebfeba800 nmethod 16134 0x0000025eabdcb490 code [0x0000025eabdcb660, 0x0000025eabdcb8d8]
Event: 15.771 Thread 0x0000025ebfeba800 16135       2       com.android.tools.r8.ir.regalloc.i::d (36 bytes)
Event: 15.772 Thread 0x0000025ebfeba800 nmethod 16135 0x0000025eabdcba10 code [0x0000025eabdcbbc0, 0x0000025eabdcbcc8]
Event: 15.772 Thread 0x0000025ebfeba800 16136       2       com.android.tools.r8.ir.regalloc.i::c (65 bytes)
Event: 15.772 Thread 0x0000025ebfeba800 nmethod 16136 0x0000025eabdcbd90 code [0x0000025eabdcbf80, 0x0000025eabdcc2d8]
Event: 15.773 Thread 0x0000025ebfeba800 16137       2       com.android.tools.r8.internal.gv::b (61 bytes)
Event: 15.774 Thread 0x0000025ebfeba800 nmethod 16137 0x0000025eabdcc510 code [0x0000025eabdcc720, 0x0000025eabdcca78]
Event: 15.774 Thread 0x0000025ebfeba800 16138       2       com.android.tools.r8.code.X0::<init> (79 bytes)
Event: 15.774 Thread 0x0000025ebfeba800 nmethod 16138 0x0000025eabdccd90 code [0x0000025eabdccf40, 0x0000025eabdcd098]
Event: 15.779 Thread 0x0000025ebfeba800 16140       2       com.android.tools.r8.internal.qD::a (399 bytes)

GC Heap History (20 events):
Event: 9.881 GC heap before
{Heap before GC invocations=14 (full 0):
 garbage-first heap   total 315392K, used 226072K [0x0000000080000000, 0x0000000100000000)
  region size 1024K, 164 young (167936K), 17 survivors (17408K)
 Metaspace       used 90272K, capacity 92432K, committed 92700K, reserved 1130496K
  class space    used 11562K, capacity 12364K, committed 12416K, reserved 1048576K
}
Event: 9.905 GC heap after
{Heap after GC invocations=15 (full 0):
 garbage-first heap   total 315392K, used 94113K [0x0000000080000000, 0x0000000100000000)
  region size 1024K, 21 young (21504K), 21 survivors (21504K)
 Metaspace       used 90272K, capacity 92432K, committed 92700K, reserved 1130496K
  class space    used 11562K, capacity 12364K, committed 12416K, reserved 1048576K
}
Event: 10.788 GC heap before
{Heap before GC invocations=15 (full 0):
 garbage-first heap   total 315392K, used 239521K [0x0000000080000000, 0x0000000100000000)
  region size 1024K, 164 young (167936K), 21 survivors (21504K)
 Metaspace       used 91932K, capacity 94134K, committed 94364K, reserved 1130496K
  class space    used 11713K, capacity 12531K, committed 12544K, reserved 1048576K
}
Event: 10.814 GC heap after
{Heap after GC invocations=16 (full 0):
 garbage-first heap   total 315392K, used 105472K [0x0000000080000000, 0x0000000100000000)
  region size 1024K, 12 young (12288K), 12 survivors (12288K)
 Metaspace       used 91932K, capacity 94134K, committed 94364K, reserved 1130496K
  class space    used 11713K, capacity 12531K, committed 12544K, reserved 1048576K
}
Event: 11.801 GC heap before
{Heap before GC invocations=16 (full 0):
 garbage-first heap   total 315392K, used 244736K [0x0000000080000000, 0x0000000100000000)
  region size 1024K, 149 young (152576K), 12 survivors (12288K)
 Metaspace       used 99567K, capacity 101885K, committed 102172K, reserved 1138688K
  class space    used 12711K, capacity 13587K, committed 13696K, reserved 1048576K
}
Event: 11.820 GC heap after
{Heap after GC invocations=17 (full 0):
 garbage-first heap   total 315392K, used 116736K [0x0000000080000000, 0x0000000100000000)
  region size 1024K, 14 young (14336K), 14 survivors (14336K)
 Metaspace       used 99567K, capacity 101885K, committed 102172K, reserved 1138688K
  class space    used 12711K, capacity 13587K, committed 13696K, reserved 1048576K
}
Event: 13.399 GC heap before
{Heap before GC invocations=17 (full 0):
 garbage-first heap   total 315392K, used 245760K [0x0000000080000000, 0x0000000100000000)
  region size 1024K, 141 young (144384K), 14 survivors (14336K)
 Metaspace       used 108793K, capacity 111778K, committed 112028K, reserved 1146880K
  class space    used 14072K, capacity 15251K, committed 15360K, reserved 1048576K
}
Event: 13.422 GC heap after
{Heap after GC invocations=18 (full 0):
 garbage-first heap   total 315392K, used 122880K [0x0000000080000000, 0x0000000100000000)
  region size 1024K, 7 young (7168K), 7 survivors (7168K)
 Metaspace       used 108793K, capacity 111778K, committed 112028K, reserved 1146880K
  class space    used 14072K, capacity 15251K, committed 15360K, reserved 1048576K
}
Event: 14.231 GC heap before
{Heap before GC invocations=18 (full 0):
 garbage-first heap   total 315392K, used 250880K [0x0000000080000000, 0x0000000100000000)
  region size 1024K, 132 young (135168K), 7 survivors (7168K)
 Metaspace       used 111217K, capacity 114572K, committed 114716K, reserved 1148928K
  class space    used 14378K, capacity 15711K, committed 15744K, reserved 1048576K
}
Event: 14.238 GC heap after
{Heap after GC invocations=19 (full 0):
 garbage-first heap   total 315392K, used 124163K [0x0000000080000000, 0x0000000100000000)
  region size 1024K, 8 young (8192K), 8 survivors (8192K)
 Metaspace       used 111217K, capacity 114572K, committed 114716K, reserved 1148928K
  class space    used 14378K, capacity 15711K, committed 15744K, reserved 1048576K
}
Event: 14.604 GC heap before
{Heap before GC invocations=19 (full 0):
 garbage-first heap   total 315392K, used 255235K [0x0000000080000000, 0x0000000100000000)
  region size 1024K, 136 young (139264K), 8 survivors (8192K)
 Metaspace       used 111519K, capacity 114826K, committed 115100K, reserved 1148928K
  class space    used 14400K, capacity 15745K, committed 15872K, reserved 1048576K
}
Event: 14.620 GC heap after
{Heap after GC invocations=20 (full 0):
 garbage-first heap   total 315392K, used 132608K [0x0000000080000000, 0x0000000100000000)
  region size 1024K, 16 young (16384K), 16 survivors (16384K)
 Metaspace       used 111519K, capacity 114826K, committed 115100K, reserved 1148928K
  class space    used 14400K, capacity 15745K, committed 15872K, reserved 1048576K
}
Event: 14.839 GC heap before
{Heap before GC invocations=20 (full 0):
 garbage-first heap   total 315392K, used 256512K [0x0000000080000000, 0x0000000100000000)
  region size 1024K, 137 young (140288K), 16 survivors (16384K)
 Metaspace       used 111585K, capacity 114968K, committed 115100K, reserved 1148928K
  class space    used 14400K, capacity 15745K, committed 15872K, reserved 1048576K
}
Event: 14.850 GC heap after
{Heap after GC invocations=21 (full 0):
 garbage-first heap   total 315392K, used 132134K [0x0000000080000000, 0x0000000100000000)
  region size 1024K, 2 young (2048K), 2 survivors (2048K)
 Metaspace       used 111585K, capacity 114968K, committed 115100K, reserved 1148928K
  class space    used 14400K, capacity 15745K, committed 15872K, reserved 1048576K
}
Event: 15.079 GC heap before
{Heap before GC invocations=21 (full 0):
 garbage-first heap   total 315392K, used 259110K [0x0000000080000000, 0x0000000100000000)
  region size 1024K, 126 young (129024K), 2 survivors (2048K)
 Metaspace       used 111697K, capacity 115070K, committed 115356K, reserved 1148928K
  class space    used 14410K, capacity 15757K, committed 15872K, reserved 1048576K
}
Event: 15.083 GC heap after
{Heap after GC invocations=22 (full 0):
 garbage-first heap   total 315392K, used 131492K [0x0000000080000000, 0x0000000100000000)
  region size 1024K, 2 young (2048K), 2 survivors (2048K)
 Metaspace       used 111697K, capacity 115070K, committed 115356K, reserved 1148928K
  class space    used 14410K, capacity 15757K, committed 15872K, reserved 1048576K
}
Event: 15.356 GC heap before
{Heap before GC invocations=22 (full 0):
 garbage-first heap   total 315392K, used 261540K [0x0000000080000000, 0x0000000100000000)
  region size 1024K, 128 young (131072K), 2 survivors (2048K)
 Metaspace       used 112079K, capacity 115502K, committed 115612K, reserved 1148928K
  class space    used 14418K, capacity 15772K, committed 15872K, reserved 1048576K
}
Event: 15.361 GC heap after
{Heap after GC invocations=23 (full 0):
 garbage-first heap   total 315392K, used 133768K [0x0000000080000000, 0x0000000100000000)
  region size 1024K, 3 young (3072K), 3 survivors (3072K)
 Metaspace       used 112079K, capacity 115502K, committed 115612K, reserved 1148928K
  class space    used 14418K, capacity 15772K, committed 15872K, reserved 1048576K
}
Event: 15.654 GC heap before
{Heap before GC invocations=23 (full 0):
 garbage-first heap   total 315392K, used 263816K [0x0000000080000000, 0x0000000100000000)
  region size 1024K, 130 young (133120K), 3 survivors (3072K)
 Metaspace       used 112165K, capacity 115583K, committed 115868K, reserved 1148928K
  class space    used 14432K, capacity 15777K, committed 15872K, reserved 1048576K
}
Event: 15.658 GC heap after
{Heap after GC invocations=24 (full 0):
 garbage-first heap   total 315392K, used 132134K [0x0000000080000000, 0x0000000100000000)
  region size 1024K, 2 young (2048K), 2 survivors (2048K)
 Metaspace       used 112165K, capacity 115583K, committed 115868K, reserved 1148928K
  class space    used 14432K, capacity 15777K, committed 15872K, reserved 1048576K
}

Deoptimization events (20 events):
Event: 15.425 Thread 0x0000025ec7604000 Uncommon trap: trap_request=0xffffff4d fr.pc=0x0000025eb1712ed4 relative=0x0000000000000194
Event: 15.425 Thread 0x0000025ec7604000 Uncommon trap: reason=unstable_if action=reinterpret pc=0x0000025eb1712ed4 method=com.android.tools.r8.internal.B8.e(I)Lcom/android/tools/r8/internal/Ne; @ 4 c2
Event: 15.425 Thread 0x0000025ec7604000 DEOPT PACKING pc=0x0000025eb1712ed4 sp=0x0000008661bf51d0
Event: 15.425 Thread 0x0000025ec7604000 DEOPT UNPACKING pc=0x0000025ea94a85af sp=0x0000008661bf5170 mode 2
Event: 15.426 Thread 0x0000025ec7604000 Uncommon trap: trap_request=0xffffff4d fr.pc=0x0000025eb17f8898 relative=0x0000000000005958
Event: 15.426 Thread 0x0000025ec7604000 Uncommon trap: reason=unstable_if action=reinterpret pc=0x0000025eb17f8898 method=com.android.tools.r8.internal.B8.a(Lcom/android/tools/r8/internal/Pn;IZ)V @ 3 c2
Event: 15.426 Thread 0x0000025ec7604000 DEOPT PACKING pc=0x0000025eb17f8898 sp=0x0000008661bf53b0
Event: 15.426 Thread 0x0000025ec7604000 DEOPT UNPACKING pc=0x0000025ea94a85af sp=0x0000008661bf53c8 mode 2
Event: 15.461 Thread 0x0000025ec3cf5800 DEOPT PACKING pc=0x0000025eabcd0730 sp=0x000000865fef9fb0
Event: 15.461 Thread 0x0000025ec3cf5800 DEOPT UNPACKING pc=0x0000025ea94e9d0e sp=0x000000865fef9438 mode 0
Event: 15.462 Thread 0x0000025ec3cf5800 DEOPT PACKING pc=0x0000025eabce55e5 sp=0x000000865fefa510
Event: 15.462 Thread 0x0000025ec3cf5800 DEOPT UNPACKING pc=0x0000025ea94e9d0e sp=0x000000865fef99b0 mode 0
Event: 15.467 Thread 0x0000025ec3cf5800 DEOPT PACKING pc=0x0000025eab935ce3 sp=0x000000865fefa120
Event: 15.467 Thread 0x0000025ec3cf5800 DEOPT UNPACKING pc=0x0000025ea94e9d0e sp=0x000000865fef95c0 mode 0
Event: 15.552 Thread 0x0000025ec7604000 DEOPT PACKING pc=0x0000025eab9a9769 sp=0x0000008661bf5220
Event: 15.552 Thread 0x0000025ec7604000 DEOPT UNPACKING pc=0x0000025ea94e9d0e sp=0x0000008661bf4788 mode 0
Event: 15.755 Thread 0x0000025ec75fa800 DEOPT PACKING pc=0x0000025eab9ba6fd sp=0x00000086611f8f40
Event: 15.755 Thread 0x0000025ec75fa800 DEOPT UNPACKING pc=0x0000025ea94e9d0e sp=0x00000086611f85a8 mode 0
Event: 15.764 Thread 0x0000025ec75fa800 DEOPT PACKING pc=0x0000025eab88e026 sp=0x00000086611f8f00
Event: 15.764 Thread 0x0000025ec75fa800 DEOPT UNPACKING pc=0x0000025ea94e9d0e sp=0x00000086611f83a8 mode 0

Classes redefined (0 events):
No events

Internal exceptions (20 events):
Event: 12.576 Thread 0x0000025ec3cf5800 Exception <a 'java/lang/IncompatibleClassChangeError'{0x000000008e668c00}: Found class java.lang.Object, but interface was expected> (0x000000008e668c00) thrown at [./src/hotspot/share/interpreter/linkResolver.cpp, line 839]
Event: 13.248 Thread 0x0000025ec3cf5800 Exception <a 'java/lang/NoSuchMethodError'{0x000000008c9058e0}: 'java.lang.Object java.lang.invoke.Invokers$Holder.linkToTargetMethod(java.lang.Object, int, java.lang.Object, java.lang.Object, java.lang.Object, java.lang.Object)'> (0x000000008c9058e0) thrown at [./src/hotspot/share/interpreter/linkResolver.cpp, line 773]
Event: 13.249 Thread 0x0000025ec7604000 Exception <a 'java/lang/NoSuchMethodError'{0x000000008caec8c0}: 'java.lang.Object java.lang.invoke.Invokers$Holder.linkToTargetMethod(java.lang.Object, int, java.lang.Object, java.lang.Object, java.lang.Object, java.lang.Object)'> (0x000000008caec8c0) thrown at [./src/hotspot/share/interpreter/linkResolver.cpp, line 773]
Event: 13.254 Thread 0x0000025ec7604000 Exception <a 'java/lang/NoSuchMethodError'{0x000000008caf0f80}: 'void java.lang.invoke.DirectMethodHandle$Holder.invokeSpecial(java.lang.Object, java.lang.Object, int, java.lang.Object, java.lang.Object, java.lang.Object, java.lang.Object, java.lang.Object)'> (0x000000008caf0f80) thrown at [./src/hotspot/share/interpreter/linkResolver.cpp, line 773]
Event: 13.473 Thread 0x0000025ec75fa800 Exception <a 'java/lang/NoSuchMethodError'{0x00000000930fa1c0}: 'void java.lang.invoke.DirectMethodHandle$Holder.invokeStatic(java.lang.Object, java.lang.Object, java.lang.Object, java.lang.Object, java.lang.Object, java.lang.Object, java.lang.Object, java.lang.Object)'> (0x00000000930fa1c0) thrown at [./src/hotspot/share/interpreter/linkResolver.cpp, line 773]
Event: 13.487 Thread 0x0000025ec75f9800 Implicit null exception at 0x0000025eb171ea0d to 0x0000025eb171eaf8
Event: 13.751 Thread 0x0000025ec75fa800 Exception <a 'java/lang/IncompatibleClassChangeError'{0x00000000921decc0}: Found class java.lang.Object, but interface was expected> (0x00000000921decc0) thrown at [./src/hotspot/share/interpreter/linkResolver.cpp, line 839]
Event: 13.924 Thread 0x0000025ec7604000 Exception <a 'java/lang/NoSuchMethodError'{0x00000000904b4f28}: 'void java.lang.invoke.DirectMethodHandle$Holder.invokeSpecial(java.lang.Object, java.lang.Object, int)'> (0x00000000904b4f28) thrown at [./src/hotspot/share/interpreter/linkResolver.cpp, line 773]
Event: 13.959 Thread 0x0000025ec3cf5800 Exception <a 'sun/nio/fs/WindowsException'{0x000000008fbde498}> (0x000000008fbde498) thrown at [./src/hotspot/share/prims/jni.cpp, line 617]
Event: 13.960 Thread 0x0000025ec75fa800 Exception <a 'sun/nio/fs/WindowsException'{0x000000008f984ef0}> (0x000000008f984ef0) thrown at [./src/hotspot/share/prims/jni.cpp, line 617]
Event: 13.961 Thread 0x0000025ec7604000 Exception <a 'sun/nio/fs/WindowsException'{0x000000008fb99648}> (0x000000008fb99648) thrown at [./src/hotspot/share/prims/jni.cpp, line 617]
Event: 14.220 Thread 0x0000025ec7604000 Exception <a 'sun/nio/fs/WindowsException'{0x000000008b935cc0}> (0x000000008b935cc0) thrown at [./src/hotspot/share/prims/jni.cpp, line 617]
Event: 14.246 Thread 0x0000025ec75fa800 Exception <a 'sun/nio/fs/WindowsException'{0x0000000092e2c398}> (0x0000000092e2c398) thrown at [./src/hotspot/share/prims/jni.cpp, line 617]
Event: 15.127 Thread 0x0000025ec75f9800 Implicit null exception at 0x0000025eb167a4ef to 0x0000025eb167a62c
Event: 15.312 Thread 0x0000025ec75fa800 Exception <a 'sun/nio/fs/WindowsException'{0x000000008cd75040}> (0x000000008cd75040) thrown at [./src/hotspot/share/prims/jni.cpp, line 617]
Event: 15.314 Thread 0x0000025ec75f9800 Exception <a 'sun/nio/fs/WindowsException'{0x000000008ccf3428}> (0x000000008ccf3428) thrown at [./src/hotspot/share/prims/jni.cpp, line 617]
Event: 15.328 Thread 0x0000025ec3cf5800 Exception <a 'sun/nio/fs/WindowsException'{0x000000008c732900}> (0x000000008c732900) thrown at [./src/hotspot/share/prims/jni.cpp, line 617]
Event: 15.396 Thread 0x0000025ec3cf5800 Exception <a 'java/lang/NoSuchMethodError'{0x0000000091e72478}: 'int java.lang.invoke.DirectMethodHandle$Holder.invokeInterface(java.lang.Object, java.lang.Object, int)'> (0x0000000091e72478) thrown at [./src/hotspot/share/interpreter/linkResolver.cpp, line 773]
Event: 15.473 Thread 0x0000025ec3cf5800 Exception <a 'sun/nio/fs/WindowsException'{0x000000008fbc6858}> (0x000000008fbc6858) thrown at [./src/hotspot/share/prims/jni.cpp, line 617]
Event: 15.670 Thread 0x0000025ec75fa800 Exception <a 'sun/nio/fs/WindowsException'{0x0000000092e28eb0}> (0x0000000092e28eb0) thrown at [./src/hotspot/share/prims/jni.cpp, line 617]

Events (20 events):
Event: 15.488 loading class com/android/tools/r8/code/e3
Event: 15.488 loading class com/android/tools/r8/code/e3 done
Event: 15.488 loading class com/android/tools/r8/code/b3
Event: 15.488 loading class com/android/tools/r8/code/b3 done
Event: 15.488 loading class com/android/tools/r8/code/Z2
Event: 15.488 loading class com/android/tools/r8/code/Z2 done
Event: 15.488 loading class com/android/tools/r8/code/W2
Event: 15.488 loading class com/android/tools/r8/code/W2 done
Event: 15.489 loading class com/android/tools/r8/code/d3
Event: 15.489 loading class com/android/tools/r8/code/d3 done
Event: 15.489 loading class com/android/tools/r8/code/c3
Event: 15.489 loading class com/android/tools/r8/code/c3 done
Event: 15.654 Executing VM operation: G1CollectForAllocation
Event: 15.658 Executing VM operation: G1CollectForAllocation done
Event: 15.680 loading class com/android/tools/r8/internal/fT
Event: 15.680 loading class com/android/tools/r8/internal/fT done
Event: 15.680 loading class com/android/tools/r8/internal/w20
Event: 15.680 loading class com/android/tools/r8/internal/w20 done
Event: 15.680 loading class com/android/tools/r8/internal/fT
Event: 15.680 loading class com/android/tools/r8/internal/fT done


Dynamic libraries:
0x00007ff643620000 - 0x00007ff64362d000 	C:\Users\camendiola\.jdks\corretto-11.0.18\bin\java.exe
0x00007ffdb4d40000 - 0x00007ffdb4f41000 	C:\Windows\SYSTEM32\ntdll.dll
0x00007ffdb4300000 - 0x00007ffdb43be000 	C:\Windows\System32\KERNEL32.DLL
0x00007ffdb26c0000 - 0x00007ffdb2a26000 	C:\Windows\System32\KERNELBASE.dll
0x00007ffdb23b0000 - 0x00007ffdb24c0000 	C:\Windows\System32\ucrtbase.dll
0x00007ffd95f10000 - 0x00007ffd95f27000 	C:\Users\camendiola\.jdks\corretto-11.0.18\bin\jli.dll
0x00007ffdb3940000 - 0x00007ffdb3ae6000 	C:\Windows\System32\USER32.dll
0x00007ffdb2300000 - 0x00007ffdb2326000 	C:\Windows\System32\win32u.dll
0x00007ffdb3790000 - 0x00007ffdb37bb000 	C:\Windows\System32\GDI32.dll
0x00007ffdb2aa0000 - 0x00007ffdb2bb3000 	C:\Windows\System32\gdi32full.dll
0x00007ffdb24c0000 - 0x00007ffdb2560000 	C:\Windows\System32\msvcp_win.dll
0x00007ffd930f0000 - 0x00007ffd93109000 	C:\Users\camendiola\.jdks\corretto-11.0.18\bin\VCRUNTIME140.dll
0x00007ffd970c0000 - 0x00007ffd97365000 	C:\Windows\WinSxS\amd64_microsoft.windows.common-controls_6595b64144ccf1df_6.0.20348.1_none_88d3d41d702dedea\COMCTL32.dll
0x00007ffdb2c80000 - 0x00007ffdb2d23000 	C:\Windows\System32\msvcrt.dll
0x00007ffdb40f0000 - 0x00007ffdb4121000 	C:\Windows\System32\IMM32.DLL
0x00007ffd8de40000 - 0x00007ffd8dedb000 	C:\Users\camendiola\.jdks\corretto-11.0.18\bin\msvcp140.dll
0x00007ffd64800000 - 0x00007ffd6538a000 	C:\Users\camendiola\.jdks\corretto-11.0.18\bin\server\jvm.dll
0x00007ffdb4540000 - 0x00007ffdb45ee000 	C:\Windows\System32\ADVAPI32.dll
0x00007ffdb37c0000 - 0x00007ffdb385f000 	C:\Windows\System32\sechost.dll
0x00007ffdb4420000 - 0x00007ffdb453e000 	C:\Windows\System32\RPCRT4.dll
0x00007ffdb41e0000 - 0x00007ffdb41e8000 	C:\Windows\System32\PSAPI.DLL
0x00007ffda7470000 - 0x00007ffda7479000 	C:\Windows\SYSTEM32\WSOCK32.dll
0x00007ffdb47d0000 - 0x00007ffdb4841000 	C:\Windows\System32\WS2_32.dll
0x00007ffda74b0000 - 0x00007ffda74d7000 	C:\Windows\SYSTEM32\WINMM.dll
0x00007ffda8940000 - 0x00007ffda894a000 	C:\Windows\SYSTEM32\VERSION.dll
0x00007ffdb0c60000 - 0x00007ffdb0c77000 	C:\Windows\SYSTEM32\kernel.appcore.dll
0x00007ffd930e0000 - 0x00007ffd930f0000 	C:\Users\camendiola\.jdks\corretto-11.0.18\bin\verify.dll
0x00007ffda7230000 - 0x00007ffda7442000 	C:\Windows\SYSTEM32\DBGHELP.DLL
0x00007ffda6af0000 - 0x00007ffda6b20000 	C:\Windows\SYSTEM32\dbgcore.DLL
0x00007ffdb2330000 - 0x00007ffdb23ad000 	C:\Windows\System32\bcryptPrimitives.dll
0x00007ffd92ff0000 - 0x00007ffd93018000 	C:\Users\camendiola\.jdks\corretto-11.0.18\bin\java.dll
0x00007ffd930d0000 - 0x00007ffd930da000 	C:\Users\camendiola\.jdks\corretto-11.0.18\bin\jimage.dll
0x00007ffd924e0000 - 0x00007ffd924f8000 	C:\Users\camendiola\.jdks\corretto-11.0.18\bin\zip.dll
0x00007ffdb2e70000 - 0x00007ffdb35ca000 	C:\Windows\System32\SHELL32.dll
0x00007ffda38c0000 - 0x00007ffda4106000 	C:\Windows\SYSTEM32\windows.storage.dll
0x00007ffdb4850000 - 0x00007ffdb4bc1000 	C:\Windows\System32\combase.dll
0x00007ffdb3af0000 - 0x00007ffdb3bda000 	C:\Windows\System32\SHCORE.dll
0x00007ffdb46e0000 - 0x00007ffdb473f000 	C:\Windows\System32\shlwapi.dll
0x00007ffdb2230000 - 0x00007ffdb2251000 	C:\Windows\SYSTEM32\profapi.dll
0x00007ffd923e0000 - 0x00007ffd923f9000 	C:\Users\camendiola\.jdks\corretto-11.0.18\bin\net.dll
0x00007ffdadf40000 - 0x00007ffdae04a000 	C:\Windows\SYSTEM32\WINHTTP.dll
0x00007ffdb17d0000 - 0x00007ffdb1838000 	C:\Windows\system32\mswsock.dll
0x00007ffd923c0000 - 0x00007ffd923d3000 	C:\Users\camendiola\.jdks\corretto-11.0.18\bin\nio.dll
0x00007ffd925d0000 - 0x00007ffd925f7000 	C:\Users\camendiola\Documents\Apps Android\Supervision\native\e1d6ef7f7dcc3fd88c89a11ec53ec762bb8ba0a96d01ffa2cd45eb1d1d8dd5c5\windows-amd64\native-platform.dll
0x00007ffd8a120000 - 0x00007ffd8a264000 	C:\Users\camendiola\Documents\Apps Android\Supervision\native\0d407fdbe67a94daf76414ababcb853783967236a71b16ec16e742cd7a986fd3\windows-amd64\native-platform-file-events.dll
0x00007ffd930c0000 - 0x00007ffd930c9000 	C:\Users\camendiola\.jdks\corretto-11.0.18\bin\management.dll
0x00007ffd92fe0000 - 0x00007ffd92feb000 	C:\Users\camendiola\.jdks\corretto-11.0.18\bin\management_ext.dll
0x00007ffdb1a30000 - 0x00007ffdb1a4b000 	C:\Windows\SYSTEM32\CRYPTSP.dll
0x00007ffdb1340000 - 0x00007ffdb1375000 	C:\Windows\system32\rsaenh.dll
0x00007ffdb18d0000 - 0x00007ffdb18fe000 	C:\Windows\SYSTEM32\USERENV.dll
0x00007ffdb1b70000 - 0x00007ffdb1b97000 	C:\Windows\SYSTEM32\bcrypt.dll
0x00007ffdb1a20000 - 0x00007ffdb1a2c000 	C:\Windows\SYSTEM32\CRYPTBASE.dll
0x00007ffdb1520000 - 0x00007ffdb154d000 	C:\Windows\SYSTEM32\IPHLPAPI.DLL
0x00007ffdb4bd0000 - 0x00007ffdb4bd9000 	C:\Windows\System32\NSI.dll
0x00007ffdae0d0000 - 0x00007ffdae0e9000 	C:\Windows\SYSTEM32\dhcpcsvc6.DLL
0x00007ffdae080000 - 0x00007ffdae09d000 	C:\Windows\SYSTEM32\dhcpcsvc.DLL
0x00007ffdb1550000 - 0x00007ffdb162e000 	C:\Windows\SYSTEM32\DNSAPI.dll

dbghelp: loaded successfully - version: 4.0.5 - missing functions: none
symbol engine: initialized successfully - sym options: 0x614 - pdb path: .;C:\Users\camendiola\.jdks\corretto-11.0.18\bin;C:\Windows\SYSTEM32;C:\Windows\WinSxS\amd64_microsoft.windows.common-controls_6595b64144ccf1df_6.0.20348.1_none_88d3d41d702dedea;C:\Users\camendiola\.jdks\corretto-11.0.18\bin\server;C:\Users\camendiola\Documents\Apps Android\Supervision\native\e1d6ef7f7dcc3fd88c89a11ec53ec762bb8ba0a96d01ffa2cd45eb1d1d8dd5c5\windows-amd64;C:\Users\camendiola\Documents\Apps Android\Supervision\native\0d407fdbe67a94daf76414ababcb853783967236a71b16ec16e742cd7a986fd3\windows-amd64

VM Arguments:
jvm_args: --add-opens=java.base/java.util=ALL-UNNAMED --add-opens=java.base/java.lang=ALL-UNNAMED --add-opens=java.base/java.lang.invoke=ALL-UNNAMED --add-opens=java.base/java.util=ALL-UNNAMED --add-opens=java.prefs/java.util.prefs=ALL-UNNAMED --add-opens=java.prefs/java.util.prefs=ALL-UNNAMED --add-opens=java.base/java.nio.charset=ALL-UNNAMED --add-opens=java.base/java.net=ALL-UNNAMED --add-opens=java.base/java.util.concurrent.atomic=ALL-UNNAMED -Xmx2048m -Dfile.encoding=UTF-8 -Duser.country=US -Duser.language=en -Duser.variant 
java_command: org.gradle.launcher.daemon.bootstrap.GradleDaemon 7.4
java_class_path (initial): C:\Users\camendiola\Documents\Apps Android\Supervision\wrapper\dists\gradle-7.4-bin\c0gwcg53nkjbqw7r0h0umtfvt\gradle-7.4\lib\gradle-launcher-7.4.jar
Launcher Type: SUN_STANDARD

[Global flags]
     intx CICompilerCount                          = 3                                         {product} {ergonomic}
     uint ConcGCThreads                            = 1                                         {product} {ergonomic}
     uint G1ConcRefinementThreads                  = 4                                         {product} {ergonomic}
   size_t G1HeapRegionSize                         = 1048576                                   {product} {ergonomic}
    uintx GCDrainStackTargetSize                   = 64                                        {product} {ergonomic}
   size_t InitialHeapSize                          = 268435456                                 {product} {ergonomic}
   size_t MarkStackSize                            = 4194304                                   {product} {ergonomic}
   size_t MaxHeapSize                              = 2147483648                                {product} {command line}
   size_t MaxNewSize                               = 1287651328                                {product} {ergonomic}
   size_t MinHeapDeltaBytes                        = 1048576                                   {product} {ergonomic}
    uintx NonNMethodCodeHeapSize                   = 5830732                                {pd product} {ergonomic}
    uintx NonProfiledCodeHeapSize                  = 122913754                              {pd product} {ergonomic}
    uintx ProfiledCodeHeapSize                     = 122913754                              {pd product} {ergonomic}
    uintx ReservedCodeCacheSize                    = 251658240                              {pd product} {ergonomic}
     bool SegmentedCodeCache                       = true                                      {product} {ergonomic}
     bool UseCompressedClassPointers               = true                                 {lp64_product} {ergonomic}
     bool UseCompressedOops                        = true                                 {lp64_product} {ergonomic}
     bool UseG1GC                                  = true                                      {product} {ergonomic}
     bool UseLargePagesIndividualAllocation        = false                                  {pd product} {ergonomic}

Logging:
Log output configuration:
 #0: stdout all=warning uptime,level,tags
 #1: stderr all=off uptime,level,tags

Environment Variables:
PATH=C:\Program Files\Common Files\Oracle\Java\javapath;C:\Program Files\Microsoft MPI\Bin\;C:\Windows\system32;C:\Windows;C:\Windows\System32\Wbem;C:\Windows\System32\WindowsPowerShell\v1.0\;C:\Windows\System32\OpenSSH\;C:\Program Files (x86)\GitExtensions\;C:\Program Files\nodejs\;C:\ProgramData\chocolatey\bin;C:\Program Files\Git\cmd;C:\Program Files\Microsoft SQL Server\Client SDK\ODBC\110\Tools\Binn\;C:\Program Files (x86)\Microsoft SQL Server\120\Tools\Binn\;C:\Program Files\Microsoft SQL Server\120\Tools\Binn\;C:\Program Files\Microsoft SQL Server\120\DTS\Binn\;C:\Program Files (x86)\Microsoft SQL Server\120\Tools\Binn\ManagementStudio\;C:\Program Files (x86)\Microsoft SQL Server\120\DTS\Binn\;C:\Program Files\Microsoft SQL Server\130\Tools\Binn\;C:\Program Files (x86)\Microsoft SQL Server\150\DTS\Binn\;C:\Users\camendiola\AppData\Local\Microsoft\WindowsApps;C:\Users\camendiola\AppData\Roaming\npm;C:\Program Files\Azure Data Studio\bin;C:\Program Files\Azure Data Studio\bin;C:\Users\camendiola\AppData\Local\Programs\Microsoft VS Code\bin;C:\Program Files\JetBrains\PyCharm Community Edition 2022.2.4\bin;;C:\Program Files\JetBrains\PyCharm 2022.3\bin;
USERNAME=camendiola
OS=Windows_NT
PROCESSOR_IDENTIFIER=Intel64 Family 6 Model 106 Stepping 6, GenuineIntel
TMP=C:\Users\CAMEND~1\AppData\Local\Temp\2
TEMP=C:\Users\CAMEND~1\AppData\Local\Temp\2



---------------  S Y S T E M  ---------------

OS: Windows Server 2022 , 64 bit Build 20348 (10.0.20348.1366)
OS uptime: 4 days 13:43 hours
VMWare virtualization detected

CPU:total 4 (initial active 4) (2 cores per cpu, 1 threads per core) family 6 model 106 stepping 6 microcode 0xd000375, cmov, cx8, fxsr, mmx, sse, sse2, sse3, ssse3, sse4.1, sse4.2, popcnt, avx, avx2, aes, clmul, erms, 3dnowpref, lzcnt, tsc, tscinvbit, bmi1, bmi2, adx, evex, sha, fma

Memory: 4k page, system-wide physical 16383M (494M free)
TotalPageFile size 35568M (AvailPageFile size 5M)
current process WorkingSet (physical memory assigned to process): 649M, peak: 649M
current process commit charge ("private bytes"): 692M, peak: 692M

vm_info: OpenJDK 64-Bit Server VM (11.0.18+10-LTS) for windows-amd64 JRE (11.0.18+10-LTS), built on Jan 10 2023 20:17:52 by "Administrator" with MS VC++ 15.9 (VS2017)

END.
