JvmtiExport can_access_local_variables 0
JvmtiExport can_hotswap_or_post_breakpoint 0
JvmtiExport can_post_on_exceptions 0
# 894 ciObject found
instanceKlass com/android/tools/r8/internal/xM
instanceKlass com/android/tools/r8/internal/E1
instanceKlass com/android/tools/r8/internal/H5
instanceKlass com/android/tools/r8/internal/Iq
instanceKlass com/android/tools/r8/internal/kH
instanceKlass com/android/tools/r8/internal/Eg
instanceKlass com/android/tools/r8/internal/Tn$$Lambda$2575
instanceKlass com/android/tools/r8/internal/xb
instanceKlass com/android/tools/r8/internal/yb
instanceKlass com/android/tools/r8/internal/zb
instanceKlass com/android/tools/r8/internal/Hh
instanceKlass com/android/tools/r8/ByteDataView
instanceKlass java/util/zip/Adler32
instanceKlass com/android/tools/r8/internal/Rk$$Lambda$2574
instanceKlass com/android/tools/r8/internal/Rk$$Lambda$2573
instanceKlass com/android/tools/r8/internal/Rk$$Lambda$2572
instanceKlass com/android/tools/r8/internal/Rk$$Lambda$2571
instanceKlass com/android/tools/r8/internal/Rk$$Lambda$2570
instanceKlass com/android/tools/r8/internal/Rk$$Lambda$2569
instanceKlass com/android/tools/r8/internal/Rk$$Lambda$2568
instanceKlass com/android/tools/r8/internal/Rk$$Lambda$2567
instanceKlass com/android/tools/r8/internal/Rk$$Lambda$2565
instanceKlass com/android/tools/r8/internal/Rk$$Lambda$2566
instanceKlass com/android/tools/r8/internal/Rk$$Lambda$2564
instanceKlass com/android/tools/r8/internal/Rk$$Lambda$2563
instanceKlass com/android/tools/r8/internal/Rk$$Lambda$2562
instanceKlass com/android/tools/r8/internal/Rk$$Lambda$2560
instanceKlass com/android/tools/r8/internal/Rk$$Lambda$2561
instanceKlass com/android/tools/r8/internal/Rk$$Lambda$2559
instanceKlass com/android/tools/r8/internal/Rk$$Lambda$2558
instanceKlass com/android/tools/r8/internal/Rk$$Lambda$2556
instanceKlass com/android/tools/r8/internal/Rk$$Lambda$2557
instanceKlass com/android/tools/r8/internal/Rk$$Lambda$2555
instanceKlass com/android/tools/r8/internal/Rk$$Lambda$2554
instanceKlass com/android/tools/r8/internal/Rk$$Lambda$2553
instanceKlass com/android/tools/r8/internal/Rk$$Lambda$2552
instanceKlass com/android/tools/r8/internal/Rk$$Lambda$2551
instanceKlass com/android/tools/r8/internal/Rk$$Lambda$2549
instanceKlass com/android/tools/r8/internal/Rk$$Lambda$2550
instanceKlass com/android/tools/r8/internal/Rk$$Lambda$2547
instanceKlass com/android/tools/r8/internal/Rk$$Lambda$2548
instanceKlass com/android/tools/r8/internal/Rk$$Lambda$2546
instanceKlass com/android/tools/r8/internal/Rk$$Lambda$2544
instanceKlass com/android/tools/r8/internal/Rk$$Lambda$2545
instanceKlass com/android/tools/r8/internal/Rk$$Lambda$2543
instanceKlass com/android/tools/r8/internal/Rk$$Lambda$2542
instanceKlass com/android/tools/r8/internal/Rk$$Lambda$2541
instanceKlass com/android/tools/r8/internal/Rk$$Lambda$2540
instanceKlass com/android/tools/r8/internal/Rk$$Lambda$2539
instanceKlass com/android/tools/r8/internal/Rk$$Lambda$2538
instanceKlass com/android/tools/r8/internal/Rk$$Lambda$2537
instanceKlass com/android/tools/r8/internal/Rk$$Lambda$2535
instanceKlass com/android/tools/r8/internal/Rk$$Lambda$2536
instanceKlass com/android/tools/r8/internal/Rk$$Lambda$2534
instanceKlass com/android/tools/r8/internal/Rk$$Lambda$2533
instanceKlass com/android/tools/r8/internal/Rk$$Lambda$2532
instanceKlass com/android/tools/r8/internal/Rk$$Lambda$2531
instanceKlass com/android/tools/r8/graph/A$$Lambda$2530
instanceKlass com/android/tools/r8/graph/A$$Lambda$2529
instanceKlass com/android/tools/r8/graph/A$$Lambda$2528
instanceKlass com/android/tools/r8/graph/A$$Lambda$2527
instanceKlass com/android/tools/r8/graph/A$$Lambda$2524
instanceKlass com/android/tools/r8/graph/A$$Lambda$2526
instanceKlass com/android/tools/r8/graph/A$$Lambda$2525
instanceKlass com/android/tools/r8/graph/A$$Lambda$2523
instanceKlass com/android/tools/r8/graph/A$$Lambda$2522
instanceKlass com/android/tools/r8/graph/A$$Lambda$2520
instanceKlass com/android/tools/r8/graph/A$$Lambda$2521
instanceKlass com/android/tools/r8/graph/A$$Lambda$2519
instanceKlass com/android/tools/r8/internal/Rk$$Lambda$2518
instanceKlass com/android/tools/r8/internal/Rk$$Lambda$2517
instanceKlass com/android/tools/r8/internal/Rk$$Lambda$2516
instanceKlass com/android/tools/r8/internal/Rk$$Lambda$2515
instanceKlass com/android/tools/r8/internal/Rk$$Lambda$2514
instanceKlass com/android/tools/r8/internal/Rk$$Lambda$2513
instanceKlass com/android/tools/r8/internal/Rk$$Lambda$2512
instanceKlass com/android/tools/r8/internal/Rk$$Lambda$2511
instanceKlass com/android/tools/r8/internal/Rk$$Lambda$2507
instanceKlass com/android/tools/r8/internal/Rk$$Lambda$2508
instanceKlass com/android/tools/r8/internal/Rk$$Lambda$2510
instanceKlass com/android/tools/r8/internal/Rk$$Lambda$2509
instanceKlass com/android/tools/r8/internal/Rk$$Lambda$2506
instanceKlass com/android/tools/r8/internal/Rk$$Lambda$2505
instanceKlass com/android/tools/r8/internal/Rk$$Lambda$2503
instanceKlass com/android/tools/r8/internal/Rk$$Lambda$2504
instanceKlass com/android/tools/r8/internal/Rk$$Lambda$2502
instanceKlass com/android/tools/r8/internal/Rk$$Lambda$2501
instanceKlass com/android/tools/r8/internal/Rk$$Lambda$2500
instanceKlass com/android/tools/r8/internal/Rk$$Lambda$2499
instanceKlass com/android/tools/r8/graph/N2$$Lambda$2498
instanceKlass com/android/tools/r8/internal/Rk$$Lambda$2497
instanceKlass com/android/tools/r8/internal/Rk$$Lambda$2495
instanceKlass com/android/tools/r8/internal/Rk$$Lambda$2496
instanceKlass com/android/tools/r8/graph/N2$$Lambda$2494
instanceKlass com/android/tools/r8/internal/Rk$$Lambda$2493
instanceKlass com/android/tools/r8/internal/Rk$$Lambda$2491
instanceKlass com/android/tools/r8/internal/Rk$$Lambda$2492
instanceKlass com/android/tools/r8/graph/N2$$Lambda$2490
instanceKlass com/android/tools/r8/internal/Rk$$Lambda$2487
instanceKlass com/android/tools/r8/internal/Rk$$Lambda$2489
instanceKlass com/android/tools/r8/internal/Rk$$Lambda$2488
instanceKlass com/android/tools/r8/internal/Rk$$Lambda$2486
instanceKlass com/android/tools/r8/graph/N2$$Lambda$2485
instanceKlass com/android/tools/r8/internal/Rk$$Lambda$2484
instanceKlass com/android/tools/r8/internal/Rk$$Lambda$2483
instanceKlass com/android/tools/r8/internal/Rk$$Lambda$2482
instanceKlass com/android/tools/r8/internal/Rk$$Lambda$2481
instanceKlass com/android/tools/r8/internal/Rk$$Lambda$2480
instanceKlass com/android/tools/r8/internal/Ev$$Lambda$2479
instanceKlass com/android/tools/r8/internal/Ev$$Lambda$2478
instanceKlass com/android/tools/r8/internal/Ev$$Lambda$2477
instanceKlass com/android/tools/r8/internal/Ev$$Lambda$2476
instanceKlass com/android/tools/r8/internal/Rk$$Lambda$2475
instanceKlass com/android/tools/r8/internal/Rk$$Lambda$2472
instanceKlass com/android/tools/r8/internal/Rk$$Lambda$2474
instanceKlass com/android/tools/r8/internal/Rk$$Lambda$2473
instanceKlass com/android/tools/r8/internal/Rk$$Lambda$2471
instanceKlass com/android/tools/r8/internal/Rk$$Lambda$2470
instanceKlass com/android/tools/r8/internal/Rk$$Lambda$2469
instanceKlass com/android/tools/r8/internal/Rk$$Lambda$2468
instanceKlass com/android/tools/r8/internal/Rk$$Lambda$2466
instanceKlass com/android/tools/r8/internal/Rk$$Lambda$2467
instanceKlass com/android/tools/r8/dex/c
instanceKlass com/android/tools/r8/internal/Gi
instanceKlass com/android/tools/r8/internal/Rk$$Lambda$2465
instanceKlass com/android/tools/r8/internal/Rk$$Lambda$2464
instanceKlass com/android/tools/r8/internal/Rk$$Lambda$2463
instanceKlass com/android/tools/r8/internal/Rk$$Lambda$2462
instanceKlass com/android/tools/r8/internal/Rk$$Lambda$2461
instanceKlass com/android/tools/r8/internal/Rk$$Lambda$2459
instanceKlass com/android/tools/r8/internal/Rk$$Lambda$2460
instanceKlass com/android/tools/r8/internal/Rk$$Lambda$2458
instanceKlass com/android/tools/r8/internal/Rk$$Lambda$2457
instanceKlass com/android/tools/r8/internal/Rk$$Lambda$2456
instanceKlass com/android/tools/r8/internal/Rk$$Lambda$2455
instanceKlass com/android/tools/r8/internal/Rk$$Lambda$2454
instanceKlass com/android/tools/r8/internal/Rk$$Lambda$2453
instanceKlass com/android/tools/r8/internal/Rk$$Lambda$2451
instanceKlass com/android/tools/r8/internal/Rk$$Lambda$2452
instanceKlass com/android/tools/r8/internal/Rk$$Lambda$2449
instanceKlass com/android/tools/r8/internal/Rk$$Lambda$2450
instanceKlass com/android/tools/r8/internal/Rk$$Lambda$2448
instanceKlass com/android/tools/r8/internal/Rk$$Lambda$2447
instanceKlass com/android/tools/r8/internal/Rk$$Lambda$2446
instanceKlass java/lang/invoke/LambdaForm$DMH
instanceKlass com/android/tools/r8/internal/Rk$$Lambda$2445
instanceKlass com/android/tools/r8/internal/Rk$$Lambda$2444
instanceKlass java/lang/invoke/LambdaForm$DMH
instanceKlass com/android/tools/r8/internal/Me
instanceKlass com/android/tools/r8/internal/m2
instanceKlass com/android/tools/r8/internal/MB
instanceKlass com/android/tools/r8/internal/Rk$$Lambda$2443
instanceKlass com/android/tools/r8/naming/x
instanceKlass com/android/tools/r8/naming/x$c
instanceKlass com/android/tools/r8/internal/ON
instanceKlass com/android/tools/r8/internal/Rk$$Lambda$2441
instanceKlass com/android/tools/r8/internal/Rk$$Lambda$2442
instanceKlass com/android/tools/r8/internal/Rk$$Lambda$2440
instanceKlass com/android/tools/r8/internal/Rk$$Lambda$2439
instanceKlass com/android/tools/r8/internal/Ok
instanceKlass com/android/tools/r8/internal/F2$$Lambda$2438
instanceKlass com/android/tools/r8/internal/F2$$Lambda$2436
instanceKlass com/android/tools/r8/internal/F2$$Lambda$2437
instanceKlass com/android/tools/r8/internal/Nk
instanceKlass com/android/tools/r8/graph/A$$Lambda$2435
instanceKlass com/android/tools/r8/graph/A$$Lambda$2434
instanceKlass com/android/tools/r8/graph/W0$$Lambda$2433
instanceKlass com/android/tools/r8/graph/L2$$Lambda$2432
instanceKlass com/android/tools/r8/graph/L2$$Lambda$2431
instanceKlass com/android/tools/r8/graph/L2$$Lambda$2430
instanceKlass com/android/tools/r8/graph/L2$$Lambda$2429
instanceKlass com/android/tools/r8/graph/p0$$Lambda$2428
instanceKlass com/android/tools/r8/graph/p0$$Lambda$2427
instanceKlass com/android/tools/r8/internal/aS
instanceKlass com/android/tools/r8/graph/W0$$Lambda$2425
instanceKlass com/android/tools/r8/graph/W0$$Lambda$2426
instanceKlass com/android/tools/r8/internal/hJ
instanceKlass com/android/tools/r8/graph/S$d$$Lambda$2424
instanceKlass com/android/tools/r8/graph/S$d$$Lambda$2423
instanceKlass com/android/tools/r8/internal/Rk$$Lambda$2422
instanceKlass com/android/tools/r8/internal/Rk$$Lambda$2420
instanceKlass com/android/tools/r8/internal/Rk$$Lambda$2421
instanceKlass com/android/tools/r8/graph/S$d$$Lambda$2419
instanceKlass com/android/tools/r8/graph/S$d$$Lambda$2418
instanceKlass com/android/tools/r8/graph/S$d$$Lambda$2417
instanceKlass com/android/tools/r8/graph/a0$a$$Lambda$2416
instanceKlass com/android/tools/r8/graph/a0$a$$Lambda$2415
instanceKlass com/android/tools/r8/graph/a0$a$$Lambda$2414
instanceKlass com/android/tools/r8/graph/a0$a$$Lambda$2413
instanceKlass com/android/tools/r8/internal/yY$$Lambda$2411
instanceKlass com/android/tools/r8/internal/yY$$Lambda$2412
instanceKlass com/android/tools/r8/internal/yY$$Lambda$2410
instanceKlass com/android/tools/r8/internal/yY$$Lambda$2409
instanceKlass com/android/tools/r8/internal/yY$$Lambda$2408
instanceKlass com/android/tools/r8/internal/yY$$Lambda$2407
instanceKlass com/android/tools/r8/internal/yY$$Lambda$2406
instanceKlass com/android/tools/r8/internal/yY$$Lambda$2405
instanceKlass com/android/tools/r8/internal/yY$$Lambda$2404
instanceKlass com/android/tools/r8/internal/yY$$Lambda$2403
instanceKlass com/android/tools/r8/internal/yY$$Lambda$2402
instanceKlass com/android/tools/r8/internal/yY$$Lambda$2401
instanceKlass com/android/tools/r8/graph/a0$a$$Lambda$2399
instanceKlass com/android/tools/r8/graph/a0$a$$Lambda$2400
instanceKlass com/android/tools/r8/graph/a0$a$$Lambda$2397
instanceKlass com/android/tools/r8/graph/a0$a$$Lambda$2398
instanceKlass com/android/tools/r8/graph/a0$a$$Lambda$2396
instanceKlass com/android/tools/r8/graph/a0$a$$Lambda$2395
instanceKlass com/android/tools/r8/graph/a0$a$$Lambda$2394
instanceKlass com/android/tools/r8/graph/a0$a$$Lambda$2393
instanceKlass com/android/tools/r8/graph/a0$a$$Lambda$2392
instanceKlass com/android/tools/r8/internal/F2$$Lambda$2391
instanceKlass com/android/tools/r8/internal/F2$$Lambda$2390
instanceKlass com/android/tools/r8/internal/wJ
instanceKlass com/android/tools/r8/internal/Ac
instanceKlass com/android/tools/r8/dex/e
instanceKlass com/android/tools/r8/internal/KN
instanceKlass com/android/tools/r8/internal/Rk
instanceKlass com/android/tools/r8/internal/F2$$Lambda$2387
instanceKlass com/android/tools/r8/internal/F2$$Lambda$2388
instanceKlass com/android/tools/r8/internal/F2$$Lambda$2389
instanceKlass com/android/tools/r8/internal/F2$$Lambda$2386
instanceKlass com/android/tools/r8/internal/Ze
instanceKlass com/android/tools/r8/internal/gL$$Lambda$2385
instanceKlass com/android/tools/r8/internal/gL$$Lambda$2384
instanceKlass com/android/tools/r8/internal/gL$$Lambda$2383
instanceKlass com/android/tools/r8/internal/gL$$Lambda$2382
instanceKlass com/android/tools/r8/internal/gL$$Lambda$2381
instanceKlass com/android/tools/r8/internal/gL$$Lambda$2380
instanceKlass com/android/tools/r8/internal/gL$$Lambda$2378
instanceKlass com/android/tools/r8/internal/gL$$Lambda$2379
instanceKlass com/android/tools/r8/internal/gL$$Lambda$2377
instanceKlass com/android/tools/r8/internal/gL$$Lambda$2375
instanceKlass com/android/tools/r8/internal/gL$$Lambda$2376
instanceKlass com/android/tools/r8/internal/gL$$Lambda$2374
instanceKlass com/android/tools/r8/internal/gL$$Lambda$2373
instanceKlass com/android/tools/r8/internal/gL$$Lambda$2371
instanceKlass com/android/tools/r8/internal/gL$$Lambda$2372
instanceKlass com/android/tools/r8/internal/gL$$Lambda$2370
instanceKlass com/android/tools/r8/internal/gL$$Lambda$2369
instanceKlass com/android/tools/r8/internal/gL$$Lambda$2368
instanceKlass com/android/tools/r8/internal/gL$$Lambda$2367
instanceKlass com/android/tools/r8/internal/gL$$Lambda$2366
instanceKlass com/android/tools/r8/internal/gL$$Lambda$2365
instanceKlass com/android/tools/r8/internal/gL$$Lambda$2364
instanceKlass com/android/tools/r8/internal/gL$$Lambda$2363
instanceKlass com/android/tools/r8/internal/gL$$Lambda$2362
instanceKlass com/android/tools/r8/internal/gL$$Lambda$2360
instanceKlass com/android/tools/r8/internal/gL$$Lambda$2361
instanceKlass com/android/tools/r8/internal/gL$$Lambda$2359
instanceKlass com/android/tools/r8/internal/gL$$Lambda$2358
instanceKlass com/android/tools/r8/internal/gL$$Lambda$2357
instanceKlass com/android/tools/r8/internal/gL$$Lambda$2356
instanceKlass java/util/IdentityHashMap$IdentityHashMapSpliterator
instanceKlass com/android/tools/r8/internal/fL
instanceKlass com/android/tools/r8/internal/gL$$Lambda$2354
instanceKlass com/android/tools/r8/internal/gL$$Lambda$2355
instanceKlass com/android/tools/r8/internal/gL$$Lambda$2353
instanceKlass com/android/tools/r8/internal/gL$$Lambda$2352
instanceKlass com/android/tools/r8/internal/gL$$Lambda$2351
instanceKlass com/android/tools/r8/internal/gL$$Lambda$2350
instanceKlass com/android/tools/r8/internal/gL$$Lambda$2349
instanceKlass com/android/tools/r8/internal/gL$$Lambda$2348
instanceKlass com/android/tools/r8/internal/gL$$Lambda$2347
instanceKlass com/android/tools/r8/internal/gL$$Lambda$2346
instanceKlass com/android/tools/r8/internal/gL$$Lambda$2345
instanceKlass com/android/tools/r8/internal/QS
instanceKlass com/android/tools/r8/internal/pS
instanceKlass com/android/tools/r8/internal/gL$$Lambda$2344
instanceKlass com/android/tools/r8/internal/gL$$Lambda$2343
instanceKlass com/android/tools/r8/internal/gL$$Lambda$2342
instanceKlass com/android/tools/r8/internal/gL$$Lambda$2341
instanceKlass com/android/tools/r8/internal/gL$$Lambda$2340
instanceKlass com/android/tools/r8/internal/gL$$Lambda$2339
instanceKlass com/android/tools/r8/internal/gL
instanceKlass com/android/tools/r8/internal/F2$$Lambda$2338
instanceKlass com/android/tools/r8/graph/i0$$Lambda$2337
instanceKlass com/android/tools/r8/internal/gH$$Lambda$2336
instanceKlass com/android/tools/r8/internal/gH$$Lambda$2334
instanceKlass com/android/tools/r8/internal/gH$$Lambda$2335
instanceKlass com/android/tools/r8/graph/p0$$Lambda$2333
instanceKlass com/android/tools/r8/graph/p0$$Lambda$2332
instanceKlass com/android/tools/r8/graph/C$$Lambda$2330
instanceKlass com/android/tools/r8/graph/C$$Lambda$2331
instanceKlass com/android/tools/r8/graph/C$$Lambda$2329
instanceKlass com/android/tools/r8/graph/C$$Lambda$2328
instanceKlass com/android/tools/r8/graph/W0$$Lambda$2325
instanceKlass com/android/tools/r8/graph/W0$$Lambda$2326
instanceKlass com/android/tools/r8/graph/W0$$Lambda$2327
instanceKlass com/android/tools/r8/graph/W0$$Lambda$2324
instanceKlass com/android/tools/r8/internal/F2$$Lambda$2323
instanceKlass com/android/tools/r8/internal/F2$$Lambda$2322
instanceKlass com/android/tools/r8/internal/F2$$Lambda$2321
instanceKlass com/android/tools/r8/internal/DJ
instanceKlass com/android/tools/r8/internal/FJ
instanceKlass com/android/tools/r8/internal/pb$$Lambda$2318
instanceKlass com/android/tools/r8/internal/pb$$Lambda$2320
instanceKlass com/android/tools/r8/internal/pb$$Lambda$2319
instanceKlass com/android/tools/r8/internal/pb$$Lambda$2317
instanceKlass com/android/tools/r8/internal/pb$$Lambda$2316
instanceKlass com/android/tools/r8/internal/pb$$Lambda$2315
instanceKlass com/android/tools/r8/internal/pb$$Lambda$2314
instanceKlass com/android/tools/r8/internal/pb$$Lambda$2313
instanceKlass com/android/tools/r8/internal/xJ
instanceKlass com/android/tools/r8/internal/yJ
instanceKlass com/android/tools/r8/internal/P0
instanceKlass com/android/tools/r8/internal/pb
instanceKlass com/android/tools/r8/internal/FD
instanceKlass com/android/tools/r8/internal/rS
instanceKlass com/android/tools/r8/internal/k1
instanceKlass com/android/tools/r8/internal/I2
instanceKlass com/android/tools/r8/graph/X2$$Lambda$2312
instanceKlass com/android/tools/r8/internal/t3$$Lambda$2311
instanceKlass com/android/tools/r8/graph/X2$$Lambda$2310
instanceKlass com/android/tools/r8/internal/t3$$Lambda$2309
instanceKlass com/android/tools/r8/internal/t3$$Lambda$2308
instanceKlass com/android/tools/r8/graph/a0$$Lambda$2307
instanceKlass com/android/tools/r8/graph/a0$$Lambda$2306
instanceKlass com/android/tools/r8/graph/m2$$Lambda$2305
instanceKlass com/android/tools/r8/graph/a0$$Lambda$2304
instanceKlass com/android/tools/r8/graph/n2$$Lambda$2303
instanceKlass com/android/tools/r8/graph/n2$$Lambda$2302
instanceKlass com/android/tools/r8/graph/n2$$Lambda$2301
instanceKlass com/android/tools/r8/graph/g2
instanceKlass com/android/tools/r8/graph/m2$$Lambda$2300
instanceKlass com/android/tools/r8/graph/m2$$Lambda$2299
instanceKlass com/android/tools/r8/graph/m2$$Lambda$2298
instanceKlass com/android/tools/r8/graph/h2
instanceKlass com/android/tools/r8/graph/W0$$Lambda$2296
instanceKlass com/android/tools/r8/graph/W0$$Lambda$2297
instanceKlass com/android/tools/r8/graph/W0$$Lambda$2295
instanceKlass com/android/tools/r8/graph/W0$$Lambda$2294
instanceKlass com/android/tools/r8/graph/W0$$Lambda$2293
instanceKlass com/android/tools/r8/graph/W0$$Lambda$2292
instanceKlass com/android/tools/r8/graph/W0$$Lambda$2291
instanceKlass com/android/tools/r8/internal/s9
instanceKlass com/android/tools/r8/internal/lJ
instanceKlass com/android/tools/r8/internal/Tv
instanceKlass com/android/tools/r8/internal/Pv
instanceKlass com/android/tools/r8/internal/o30
instanceKlass com/android/tools/r8/internal/m30$$Lambda$2290
instanceKlass com/android/tools/r8/internal/m30$$Lambda$2289
instanceKlass com/android/tools/r8/internal/m30$$Lambda$2288
instanceKlass com/android/tools/r8/internal/m30$$Lambda$2287
instanceKlass com/android/tools/r8/internal/m30
instanceKlass com/android/tools/r8/internal/n30
instanceKlass com/android/tools/r8/internal/q30$$Lambda$2286
instanceKlass com/android/tools/r8/internal/q30$$Lambda$2285
instanceKlass com/android/tools/r8/internal/q30$$Lambda$2284
instanceKlass com/android/tools/r8/internal/q30$$Lambda$2283
instanceKlass com/android/tools/r8/naming/b
instanceKlass com/android/tools/r8/internal/k30$$Lambda$2282
instanceKlass com/android/tools/r8/internal/k30$$Lambda$2281
instanceKlass com/android/tools/r8/internal/k30$$Lambda$2280
instanceKlass com/android/tools/r8/internal/k30$$Lambda$2279
instanceKlass com/android/tools/r8/internal/k30$$Lambda$2275
instanceKlass com/android/tools/r8/internal/k30$$Lambda$2278
instanceKlass com/android/tools/r8/internal/k30$$Lambda$2277
instanceKlass com/android/tools/r8/internal/k30$$Lambda$2276
instanceKlass com/android/tools/r8/internal/k30$$Lambda$2274
instanceKlass com/android/tools/r8/internal/k30$$Lambda$2273
instanceKlass com/android/tools/r8/internal/k30$$Lambda$2272
instanceKlass com/android/tools/r8/internal/k30$$Lambda$2271
instanceKlass com/android/tools/r8/internal/k30$$Lambda$2270
instanceKlass com/android/tools/r8/internal/k30$$Lambda$2269
instanceKlass com/android/tools/r8/internal/k30$$Lambda$2268
instanceKlass com/android/tools/r8/internal/k30$$Lambda$2264
instanceKlass com/android/tools/r8/internal/k30$$Lambda$2267
instanceKlass com/android/tools/r8/internal/k30$$Lambda$2266
instanceKlass com/android/tools/r8/internal/k30$$Lambda$2265
instanceKlass com/android/tools/r8/internal/k30$$Lambda$2262
instanceKlass com/android/tools/r8/internal/k30$$Lambda$2263
instanceKlass com/android/tools/r8/internal/k30$$Lambda$2261
instanceKlass com/android/tools/r8/internal/k30$$Lambda$2260
instanceKlass com/android/tools/r8/internal/k30$$Lambda$2259
instanceKlass com/android/tools/r8/internal/k30$$Lambda$2258
instanceKlass com/android/tools/r8/internal/k30$$Lambda$2257
instanceKlass com/android/tools/r8/internal/k30$$Lambda$2256
instanceKlass com/android/tools/r8/internal/k30$$Lambda$2255
instanceKlass com/android/tools/r8/internal/k30$$Lambda$2254
instanceKlass com/android/tools/r8/internal/k30$$Lambda$2253
instanceKlass com/android/tools/r8/internal/k30$$Lambda$2252
instanceKlass com/android/tools/r8/internal/k30$$Lambda$2251
instanceKlass com/android/tools/r8/internal/k30$$Lambda$2250
instanceKlass com/android/tools/r8/internal/k30$$Lambda$2249
instanceKlass com/android/tools/r8/internal/k30$$Lambda$2248
instanceKlass com/android/tools/r8/internal/XB
instanceKlass com/android/tools/r8/internal/k30
instanceKlass com/android/tools/r8/internal/p30
instanceKlass com/android/tools/r8/internal/Ip
instanceKlass com/android/tools/r8/internal/q30
instanceKlass com/android/tools/r8/internal/F2$$Lambda$2247
instanceKlass com/android/tools/r8/internal/F2$$Lambda$2245
instanceKlass com/android/tools/r8/internal/F2$$Lambda$2246
instanceKlass com/android/tools/r8/internal/F2$$Lambda$2244
instanceKlass com/android/tools/r8/internal/F2$$Lambda$2243
instanceKlass com/android/tools/r8/internal/F2$$Lambda$2242
instanceKlass com/android/tools/r8/graph/V1$$Lambda$2237
instanceKlass com/android/tools/r8/graph/V1$$Lambda$2241
instanceKlass com/android/tools/r8/graph/V1$$Lambda$2240
instanceKlass com/android/tools/r8/graph/V1$$Lambda$2239
instanceKlass com/android/tools/r8/graph/V1$$Lambda$2238
instanceKlass com/android/tools/r8/graph/V1
instanceKlass com/android/tools/r8/internal/F2$$Lambda$2236
instanceKlass com/android/tools/r8/internal/F2$$Lambda$2235
instanceKlass com/android/tools/r8/internal/TL
instanceKlass com/android/tools/r8/internal/T00
instanceKlass com/android/tools/r8/internal/W00
instanceKlass com/android/tools/r8/internal/O00
instanceKlass com/android/tools/r8/shaking/Z0$$Lambda$2234
instanceKlass com/android/tools/r8/shaking/Z0$$Lambda$2233
instanceKlass com/android/tools/r8/shaking/Z0$$Lambda$2232
instanceKlass com/android/tools/r8/internal/Y00
instanceKlass com/android/tools/r8/shaking/Z0$$Lambda$2230
instanceKlass com/android/tools/r8/shaking/Z0$$Lambda$2231
instanceKlass com/android/tools/r8/shaking/Z0$$Lambda$2229
instanceKlass com/android/tools/r8/shaking/Z0$$Lambda$2228
instanceKlass com/android/tools/r8/shaking/Z0$$Lambda$2227
instanceKlass com/android/tools/r8/internal/yw
instanceKlass com/android/tools/r8/shaking/Z0$$Lambda$2226
instanceKlass com/android/tools/r8/shaking/Z0$$Lambda$2225
instanceKlass com/android/tools/r8/shaking/Z0$$Lambda$2224
instanceKlass com/android/tools/r8/shaking/Z0$$Lambda$2223
instanceKlass com/android/tools/r8/shaking/Z0$$Lambda$2222
instanceKlass com/android/tools/r8/shaking/Z0$$Lambda$2221
instanceKlass com/android/tools/r8/shaking/Z0$$Lambda$2220
instanceKlass com/android/tools/r8/shaking/Z0$$Lambda$2219
instanceKlass com/android/tools/r8/internal/nV$$Lambda$2216
instanceKlass com/android/tools/r8/synthesis/p$$Lambda$2218
instanceKlass com/android/tools/r8/internal/nV$$Lambda$2217
instanceKlass com/android/tools/r8/synthesis/p$$Lambda$2215
instanceKlass com/android/tools/r8/synthesis/p$$Lambda$2214
instanceKlass com/android/tools/r8/graph/X2$$Lambda$2213
instanceKlass com/android/tools/r8/graph/N2$$Lambda$2212
instanceKlass com/android/tools/r8/internal/V00
instanceKlass com/android/tools/r8/graph/I$$Lambda$2211
instanceKlass com/android/tools/r8/internal/U00
instanceKlass com/android/tools/r8/code/M0$$Lambda$2210
instanceKlass com/android/tools/r8/code/M0$$Lambda$2209
instanceKlass com/android/tools/r8/graph/I$$Lambda$2208
instanceKlass com/android/tools/r8/code/M0$$Lambda$2207
instanceKlass com/android/tools/r8/graph/W0$$Lambda$2205
instanceKlass com/android/tools/r8/code/M0$$Lambda$2206
instanceKlass com/android/tools/r8/code/W0$$Lambda$2204
instanceKlass com/android/tools/r8/synthesis/p$$Lambda$2203
instanceKlass com/android/tools/r8/code/W0$$Lambda$2202
instanceKlass com/android/tools/r8/code/W0$$Lambda$2201
instanceKlass com/android/tools/r8/code/W0$$Lambda$2200
instanceKlass com/android/tools/r8/code/W0$$Lambda$2199
instanceKlass com/android/tools/r8/code/W0$$Lambda$2198
instanceKlass com/android/tools/r8/code/W0$$Lambda$2197
instanceKlass com/android/tools/r8/internal/U4$$Lambda$2196
instanceKlass com/android/tools/r8/code/W0$$Lambda$2195
instanceKlass com/android/tools/r8/graph/o0$$Lambda$2194
instanceKlass com/android/tools/r8/graph/o0$$Lambda$2193
instanceKlass com/android/tools/r8/graph/j3$$Lambda$2192
instanceKlass com/android/tools/r8/graph/o0$$Lambda$2191
instanceKlass com/android/tools/r8/graph/j3$$Lambda$2190
instanceKlass com/android/tools/r8/graph/o0$$Lambda$2189
instanceKlass com/android/tools/r8/graph/j3$$Lambda$2188
instanceKlass com/android/tools/r8/internal/wY$$Lambda$2187
instanceKlass com/android/tools/r8/synthesis/p$$Lambda$2186
instanceKlass com/android/tools/r8/synthesis/k$$Lambda$2185
instanceKlass com/android/tools/r8/synthesis/n$$Lambda$2184
instanceKlass com/android/tools/r8/synthesis/d$$Lambda$2183
instanceKlass com/android/tools/r8/synthesis/d$$Lambda$2182
instanceKlass com/android/tools/r8/synthesis/p$$Lambda$2181
instanceKlass com/android/tools/r8/synthesis/p$$Lambda$2180
instanceKlass com/android/tools/r8/synthesis/p$$Lambda$2179
instanceKlass com/android/tools/r8/synthesis/p$$Lambda$2178
instanceKlass com/android/tools/r8/synthesis/p$$Lambda$2176
instanceKlass com/android/tools/r8/synthesis/p$$Lambda$2177
instanceKlass com/android/tools/r8/internal/u00
instanceKlass com/android/tools/r8/synthesis/p$$Lambda$2175
instanceKlass com/android/tools/r8/internal/t00
instanceKlass com/android/tools/r8/internal/h10
instanceKlass com/android/tools/r8/graph/N$$Lambda$2174
instanceKlass com/android/tools/r8/graph/N$$Lambda$2173
instanceKlass com/android/tools/r8/graph/N$$Lambda$2172
instanceKlass com/android/tools/r8/graph/N$$Lambda$2171
instanceKlass com/android/tools/r8/graph/N$$Lambda$2170
instanceKlass com/android/tools/r8/graph/N$$Lambda$2169
instanceKlass com/android/tools/r8/graph/N$$Lambda$2168
instanceKlass com/android/tools/r8/graph/N$$Lambda$2167
instanceKlass com/android/tools/r8/graph/N$$Lambda$2166
instanceKlass com/android/tools/r8/graph/n0$$Lambda$2165
instanceKlass com/android/tools/r8/internal/Ew
instanceKlass com/android/tools/r8/graph/N$$Lambda$2164
instanceKlass com/android/tools/r8/internal/yY$$Lambda$2163
instanceKlass com/android/tools/r8/graph/n0$$Lambda$2162
instanceKlass com/android/tools/r8/graph/n0$$Lambda$2161
instanceKlass com/android/tools/r8/graph/n0$$Lambda$2160
instanceKlass com/android/tools/r8/internal/EE$$Lambda$2158
instanceKlass com/android/tools/r8/graph/n0$$Lambda$2159
instanceKlass com/android/tools/r8/internal/EE$$Lambda$2157
instanceKlass com/android/tools/r8/graph/n0$$Lambda$2156
instanceKlass com/android/tools/r8/internal/EE$$Lambda$2155
instanceKlass com/android/tools/r8/internal/EE$$Lambda$2154
instanceKlass com/android/tools/r8/graph/n0$$Lambda$2153
instanceKlass com/android/tools/r8/graph/n0$$Lambda$2152
instanceKlass com/android/tools/r8/graph/n0$$Lambda$2151
instanceKlass com/android/tools/r8/internal/cN$$Lambda$2148
instanceKlass com/android/tools/r8/graph/n0$$Lambda$2150
instanceKlass com/android/tools/r8/internal/cN$$Lambda$2149
instanceKlass com/android/tools/r8/graph/n0$$Lambda$2147
instanceKlass com/android/tools/r8/graph/n0$$Lambda$2146
instanceKlass com/android/tools/r8/internal/F2$$Lambda$2145
instanceKlass com/android/tools/r8/graph/b3$$Lambda$2144
instanceKlass com/android/tools/r8/graph/b3$$Lambda$2143
instanceKlass com/android/tools/r8/graph/b3$$Lambda$2142
instanceKlass com/android/tools/r8/graph/b3$$Lambda$2141
instanceKlass com/android/tools/r8/graph/b3$$Lambda$2140
instanceKlass com/android/tools/r8/graph/n0$$Lambda$2139
instanceKlass com/android/tools/r8/graph/n0$$Lambda$2138
instanceKlass com/android/tools/r8/internal/Pb
instanceKlass com/android/tools/r8/graph/n0$$Lambda$2137
instanceKlass com/android/tools/r8/graph/n0$$Lambda$2136
instanceKlass com/android/tools/r8/graph/n0$$Lambda$2135
instanceKlass com/android/tools/r8/graph/n0$$Lambda$2134
instanceKlass com/android/tools/r8/graph/n0$$Lambda$2133
instanceKlass com/android/tools/r8/internal/Ju
instanceKlass com/android/tools/r8/graph/n0$$Lambda$2132
instanceKlass com/android/tools/r8/graph/n0$$Lambda$2131
instanceKlass com/android/tools/r8/graph/L2$$Lambda$2130
instanceKlass com/android/tools/r8/graph/L2$$Lambda$2129
instanceKlass com/android/tools/r8/graph/L2$$Lambda$2128
instanceKlass com/android/tools/r8/graph/W0$$Lambda$2127
instanceKlass com/android/tools/r8/graph/l0$$Lambda$2125
instanceKlass com/android/tools/r8/graph/l0$$Lambda$2126
instanceKlass com/android/tools/r8/graph/l0$$Lambda$2123
instanceKlass com/android/tools/r8/internal/g30
instanceKlass com/android/tools/r8/graph/l0$$Lambda$2124
instanceKlass com/android/tools/r8/graph/l0$$Lambda$2122
instanceKlass com/android/tools/r8/graph/l0$$Lambda$2121
instanceKlass com/android/tools/r8/SourceFileEnvironment
instanceKlass com/android/tools/r8/graph/l0$$Lambda$2120
instanceKlass com/android/tools/r8/graph/o0$$Lambda$2119
instanceKlass com/android/tools/r8/internal/fG
instanceKlass com/android/tools/r8/internal/F2
instanceKlass com/android/tools/r8/internal/HA
instanceKlass com/android/tools/r8/graph/b2
instanceKlass com/android/tools/r8/internal/xm
instanceKlass com/android/tools/r8/graph/l0$$Lambda$2118
instanceKlass com/android/tools/r8/graph/l0$$Lambda$2117
instanceKlass com/android/tools/r8/graph/W0$$Lambda$2116
instanceKlass com/android/tools/r8/internal/Yn
instanceKlass com/android/tools/r8/graph/W0$$Lambda$2115
instanceKlass com/android/tools/r8/graph/W0$$Lambda$2114
instanceKlass com/android/tools/r8/graph/C$$Lambda$2113
instanceKlass com/android/tools/r8/graph/C$$Lambda$2112
instanceKlass com/android/tools/r8/internal/sn
instanceKlass com/android/tools/r8/graph/W0$$Lambda$2111
instanceKlass com/android/tools/r8/internal/yY$$Lambda$2110
instanceKlass com/android/tools/r8/internal/YY
instanceKlass com/android/tools/r8/graph/W0$$Lambda$2109
instanceKlass com/android/tools/r8/synthesis/p$$Lambda$2108
instanceKlass com/android/tools/r8/synthesis/p$$Lambda$2107
instanceKlass com/android/tools/r8/graph/W0$$Lambda$2106
instanceKlass com/android/tools/r8/synthesis/c$$Lambda$2104
instanceKlass com/android/tools/r8/synthesis/c$$Lambda$2105
instanceKlass com/android/tools/r8/graph/W0$$Lambda$2103
instanceKlass com/android/tools/r8/synthesis/c$$Lambda$2102
instanceKlass com/android/tools/r8/synthesis/c$$Lambda$2101
instanceKlass com/android/tools/r8/graph/W0$$Lambda$2100
instanceKlass com/android/tools/r8/synthesis/p$$Lambda$2099
instanceKlass com/android/tools/r8/synthesis/p$$Lambda$2098
instanceKlass com/android/tools/r8/graph/W0$$Lambda$2097
instanceKlass com/android/tools/r8/synthesis/p$$Lambda$2096
instanceKlass com/android/tools/r8/synthesis/p$$Lambda$2094
instanceKlass com/android/tools/r8/graph/c$$Lambda$2095
instanceKlass com/android/tools/r8/synthesis/p$$Lambda$2092
instanceKlass com/android/tools/r8/graph/c$$Lambda$2093
instanceKlass com/android/tools/r8/synthesis/p$$Lambda$2091
instanceKlass com/android/tools/r8/graph/c$$Lambda$2090
instanceKlass com/android/tools/r8/synthesis/p$$Lambda$2088
instanceKlass com/android/tools/r8/synthesis/p$$Lambda$2089
instanceKlass com/android/tools/r8/graph/W0$$Lambda$2087
instanceKlass com/android/tools/r8/synthesis/p$$Lambda$2086
instanceKlass com/android/tools/r8/synthesis/p$$Lambda$2085
instanceKlass com/android/tools/r8/synthesis/p$$Lambda$2084
instanceKlass com/android/tools/r8/graph/W0$$Lambda$2083
instanceKlass java/lang/invoke/LambdaForm$DMH
instanceKlass java/lang/invoke/LambdaForm$DMH
instanceKlass com/android/tools/r8/graph/W0$$Lambda$2082
instanceKlass com/android/tools/r8/graph/W0$$Lambda$2081
instanceKlass com/android/tools/r8/graph/W0$$Lambda$2080
instanceKlass com/android/tools/r8/internal/wY$$Lambda$2079
instanceKlass com/android/tools/r8/synthesis/p$$Lambda$2078
instanceKlass com/android/tools/r8/synthesis/p$$Lambda$2077
instanceKlass com/android/tools/r8/synthesis/p$$Lambda$2076
instanceKlass com/android/tools/r8/synthesis/p$$Lambda$2075
instanceKlass com/android/tools/r8/synthesis/p$$Lambda$2074
instanceKlass com/android/tools/r8/synthesis/p$$Lambda$2073
instanceKlass com/android/tools/r8/synthesis/p$$Lambda$2072
instanceKlass com/android/tools/r8/synthesis/p$$Lambda$2071
instanceKlass com/android/tools/r8/synthesis/p$$Lambda$2070
instanceKlass com/android/tools/r8/synthesis/n
instanceKlass com/android/tools/r8/synthesis/p$$Lambda$2069
instanceKlass com/android/tools/r8/synthesis/p$$Lambda$2068
instanceKlass java/lang/invoke/LambdaForm$DMH
instanceKlass java/lang/invoke/LambdaForm$DMH
instanceKlass java/lang/invoke/LambdaForm$DMH
instanceKlass java/lang/invoke/LambdaForm$MH
instanceKlass java/lang/invoke/LambdaForm$MH
instanceKlass java/lang/invoke/LambdaForm$MH
instanceKlass java/lang/invoke/LambdaForm$DMH
instanceKlass com/android/tools/r8/synthesis/p$$Lambda$2067
instanceKlass com/android/tools/r8/synthesis/p$$Lambda$2066
instanceKlass com/android/tools/r8/synthesis/p$$Lambda$2065
instanceKlass com/android/tools/r8/internal/Fv
instanceKlass com/android/tools/r8/internal/a00
instanceKlass com/android/tools/r8/internal/Ev$$Lambda$2064
instanceKlass com/android/tools/r8/internal/Ev$$Lambda$2063
instanceKlass com/android/tools/r8/internal/Ev
instanceKlass com/android/tools/r8/internal/ZG
instanceKlass com/android/tools/r8/internal/U4
instanceKlass com/android/tools/r8/internal/YG
instanceKlass java/util/AbstractMap$SimpleEntry
instanceKlass com/android/tools/r8/synthesis/c$$Lambda$2062
instanceKlass com/android/tools/r8/synthesis/b$$Lambda$2061
instanceKlass com/android/tools/r8/synthesis/m
instanceKlass com/android/tools/r8/synthesis/b$$Lambda$2060
instanceKlass com/android/tools/r8/synthesis/b$$Lambda$2059
instanceKlass com/android/tools/r8/internal/M9$$Lambda$2058
instanceKlass com/android/tools/r8/internal/vl
instanceKlass com/android/tools/r8/graph/j3
instanceKlass com/android/tools/r8/synthesis/p
instanceKlass com/android/tools/r8/internal/EK
instanceKlass com/android/tools/r8/internal/PC
instanceKlass com/android/tools/r8/internal/DE
instanceKlass com/android/tools/r8/internal/a
instanceKlass com/android/tools/r8/internal/QC
instanceKlass com/android/tools/r8/internal/KC
instanceKlass com/android/tools/r8/internal/qw
instanceKlass com/android/tools/r8/internal/EE
instanceKlass com/android/tools/r8/internal/GQ
instanceKlass com/android/tools/r8/internal/HQ
instanceKlass com/android/tools/r8/internal/zB$$Lambda$2057
instanceKlass com/android/tools/r8/internal/zB$$Lambda$2056
instanceKlass com/android/tools/r8/graph/M2$$Lambda$2055
instanceKlass com/android/tools/r8/graph/L2$$Lambda$2054
instanceKlass com/android/tools/r8/graph/W0$$Lambda$2052
instanceKlass com/android/tools/r8/synthesis/e$$Lambda$2053
instanceKlass com/android/tools/r8/synthesis/e$$Lambda$2051
instanceKlass com/android/tools/r8/synthesis/e$$Lambda$2050
instanceKlass com/android/tools/r8/synthesis/e$$Lambda$2049
instanceKlass com/android/tools/r8/internal/ie$$Lambda$2048
instanceKlass com/android/tools/r8/internal/re$$Lambda$2047
instanceKlass com/android/tools/r8/internal/ao$$Lambda$2046
instanceKlass com/android/tools/r8/internal/BB
instanceKlass com/android/tools/r8/synthesis/e$$Lambda$2045
instanceKlass com/android/tools/r8/internal/vB
instanceKlass com/android/tools/r8/internal/k8
instanceKlass com/android/tools/r8/internal/YN$$Lambda$2044
instanceKlass com/android/tools/r8/internal/fm
instanceKlass com/android/tools/r8/graph/P0$$Lambda$2042
instanceKlass com/android/tools/r8/internal/YN$$Lambda$2043
instanceKlass com/android/tools/r8/graph/P0$$Lambda$2041
instanceKlass com/android/tools/r8/internal/ue$$Lambda$2040
instanceKlass com/android/tools/r8/internal/ue$$Lambda$2039
instanceKlass com/android/tools/r8/internal/ao$$Lambda$2038
instanceKlass com/android/tools/r8/internal/ue$$Lambda$2037
instanceKlass com/android/tools/r8/internal/ff$$Lambda$2036
instanceKlass com/android/tools/r8/internal/ff$$Lambda$2035
instanceKlass com/android/tools/r8/internal/ue$$Lambda$2034
instanceKlass com/android/tools/r8/internal/ff
instanceKlass com/android/tools/r8/internal/ao$$Lambda$2032
instanceKlass com/android/tools/r8/internal/wY$$Lambda$2033
instanceKlass com/android/tools/r8/internal/wY$$Lambda$2031
instanceKlass com/android/tools/r8/internal/ao$$Lambda$2030
instanceKlass com/android/tools/r8/internal/ag
instanceKlass com/android/tools/r8/internal/cn
instanceKlass com/android/tools/r8/internal/ue$$Lambda$2029
instanceKlass com/android/tools/r8/internal/se
instanceKlass com/android/tools/r8/internal/v
instanceKlass com/android/tools/r8/internal/ue$$Lambda$2028
instanceKlass com/android/tools/r8/internal/mH
instanceKlass com/android/tools/r8/internal/ao$$Lambda$2027
instanceKlass com/android/tools/r8/internal/O9
instanceKlass com/android/tools/r8/internal/F7$$Lambda$2026
instanceKlass com/android/tools/r8/internal/hn
instanceKlass com/android/tools/r8/internal/u
instanceKlass com/android/tools/r8/internal/F7$$Lambda$2025
instanceKlass com/android/tools/r8/internal/fn
instanceKlass com/android/tools/r8/internal/kn
instanceKlass com/android/tools/r8/internal/ln
instanceKlass com/android/tools/r8/internal/in
instanceKlass com/android/tools/r8/synthesis/s$$Lambda$2024
instanceKlass com/android/tools/r8/synthesis/d
instanceKlass com/android/tools/r8/internal/zB$$Lambda$2023
instanceKlass com/android/tools/r8/internal/zB$$Lambda$2022
instanceKlass com/android/tools/r8/internal/tB
instanceKlass com/android/tools/r8/internal/zB$$Lambda$2021
instanceKlass com/android/tools/r8/internal/uB
instanceKlass com/android/tools/r8/internal/yB
instanceKlass com/android/tools/r8/internal/kI$$Lambda$2020
instanceKlass com/android/tools/r8/internal/kD
instanceKlass com/android/tools/r8/internal/F7$$Lambda$2019
instanceKlass com/android/tools/r8/internal/F7$$Lambda$2017
instanceKlass com/android/tools/r8/internal/kI$$Lambda$2018
instanceKlass com/android/tools/r8/internal/El
instanceKlass com/android/tools/r8/internal/F7$$Lambda$2016
instanceKlass java/lang/invoke/LambdaForm$MH
instanceKlass com/android/tools/r8/internal/kI$$Lambda$2015
instanceKlass com/android/tools/r8/internal/vv
instanceKlass java/lang/invoke/LambdaForm$DMH
instanceKlass com/android/tools/r8/internal/F7$$Lambda$2014
instanceKlass com/android/tools/r8/code/X0$$Lambda$2013
instanceKlass com/android/tools/r8/internal/TC$$Lambda$2012
instanceKlass com/android/tools/r8/code/X0$$Lambda$2011
instanceKlass com/android/tools/r8/code/X0$$Lambda$2010
instanceKlass com/android/tools/r8/code/X0$$Lambda$2009
instanceKlass com/android/tools/r8/synthesis/s$$Lambda$2008
instanceKlass com/android/tools/r8/synthesis/s$$Lambda$2007
instanceKlass com/android/tools/r8/synthesis/r
instanceKlass com/android/tools/r8/graph/a
instanceKlass com/android/tools/r8/graph/H2
instanceKlass com/android/tools/r8/graph/f$$Lambda$2006
instanceKlass com/android/tools/r8/graph/P2
instanceKlass com/android/tools/r8/internal/s4
instanceKlass com/android/tools/r8/internal/w4
instanceKlass com/android/tools/r8/graph/G
instanceKlass com/android/tools/r8/internal/wB
instanceKlass com/android/tools/r8/internal/bv
instanceKlass com/android/tools/r8/internal/E4$$Lambda$2005
instanceKlass com/android/tools/r8/internal/E4$$Lambda$2004
instanceKlass com/android/tools/r8/internal/UF
instanceKlass com/android/tools/r8/FeatureSplit
instanceKlass com/android/tools/r8/internal/B8$$Lambda$2003
instanceKlass com/android/tools/r8/internal/Za
instanceKlass com/android/tools/r8/internal/B8$$Lambda$2002
instanceKlass com/android/tools/r8/internal/B8$$Lambda$2001
instanceKlass com/android/tools/r8/internal/ew
instanceKlass com/android/tools/r8/internal/SG
instanceKlass com/android/tools/r8/internal/RG
instanceKlass com/android/tools/r8/internal/mo$$Lambda$2000
instanceKlass com/android/tools/r8/internal/mo$$Lambda$1999
instanceKlass com/android/tools/r8/internal/mo$$Lambda$1998
instanceKlass com/android/tools/r8/internal/w0
instanceKlass com/android/tools/r8/internal/mo$$Lambda$1997
instanceKlass com/android/tools/r8/internal/sR$$Lambda$1996
instanceKlass com/android/tools/r8/internal/PG
instanceKlass com/android/tools/r8/internal/sR$$Lambda$1995
instanceKlass com/android/tools/r8/internal/s3$$Lambda$1994
instanceKlass com/android/tools/r8/internal/pR$$Lambda$1993
instanceKlass com/android/tools/r8/internal/JI
instanceKlass com/android/tools/r8/internal/VG
instanceKlass com/android/tools/r8/internal/he
instanceKlass com/android/tools/r8/internal/pR
instanceKlass com/android/tools/r8/internal/Kb$$Lambda$1992
instanceKlass com/android/tools/r8/internal/S8$$Lambda$1991
instanceKlass com/android/tools/r8/internal/g3
instanceKlass com/android/tools/r8/internal/uo
instanceKlass com/android/tools/r8/graph/N$b$$Lambda$1990
instanceKlass com/android/tools/r8/graph/N$b$$Lambda$1989
instanceKlass com/android/tools/r8/graph/N$b$$Lambda$1988
instanceKlass com/android/tools/r8/internal/VC
instanceKlass com/android/tools/r8/internal/Ng$$Lambda$1987
instanceKlass com/android/tools/r8/internal/Mg
instanceKlass com/android/tools/r8/internal/D4$$Lambda$1986
instanceKlass java/lang/invoke/LambdaForm$DMH
instanceKlass com/android/tools/r8/internal/Ke$$Lambda$1985
instanceKlass com/android/tools/r8/internal/Ke$$Lambda$1984
instanceKlass com/android/tools/r8/internal/cN$$Lambda$1983
instanceKlass com/android/tools/r8/internal/Ab
instanceKlass com/android/tools/r8/internal/cN
instanceKlass com/android/tools/r8/internal/sR$$Lambda$1982
instanceKlass com/android/tools/r8/internal/D4$$Lambda$1981
instanceKlass com/android/tools/r8/internal/Q30$$Lambda$1980
instanceKlass com/android/tools/r8/internal/Pn$$Lambda$1979
instanceKlass com/android/tools/r8/ir/regalloc/i$$Lambda$1978
instanceKlass com/android/tools/r8/ir/regalloc/i$$Lambda$1977
instanceKlass com/android/tools/r8/internal/FM$$Lambda$1976
instanceKlass com/android/tools/r8/internal/S8$$Lambda$1975
instanceKlass com/android/tools/r8/graph/I$$Lambda$1974
instanceKlass com/android/tools/r8/references/ArrayReference
instanceKlass com/android/tools/r8/internal/sR$$Lambda$1973
instanceKlass com/android/tools/r8/internal/pD
instanceKlass com/android/tools/r8/internal/w20$$Lambda$1972
instanceKlass com/android/tools/r8/internal/i10$$Lambda$1971
instanceKlass com/android/tools/r8/internal/i10$$Lambda$1970
instanceKlass com/android/tools/r8/internal/i10$$Lambda$1969
instanceKlass com/android/tools/r8/internal/XC
instanceKlass com/android/tools/r8/internal/uR$$Lambda$1968
instanceKlass com/android/tools/r8/internal/w20$$Lambda$1967
instanceKlass com/android/tools/r8/internal/cL
instanceKlass com/android/tools/r8/internal/w20$$Lambda$1966
instanceKlass com/android/tools/r8/internal/yR$$Lambda$1965
instanceKlass com/android/tools/r8/graph/I$$Lambda$1964
instanceKlass com/android/tools/r8/graph/s0$$Lambda$1963
instanceKlass com/android/tools/r8/graph/s0$$Lambda$1962
instanceKlass com/android/tools/r8/graph/s0$$Lambda$1961
instanceKlass com/android/tools/r8/internal/Cg
instanceKlass com/android/tools/r8/internal/DN
instanceKlass com/android/tools/r8/internal/G6
instanceKlass com/android/tools/r8/internal/s3$$Lambda$1960
instanceKlass com/android/tools/r8/internal/SI
instanceKlass com/android/tools/r8/internal/Lg
instanceKlass com/android/tools/r8/internal/FM$$Lambda$1959
instanceKlass com/android/tools/r8/internal/FM$$Lambda$1958
instanceKlass com/android/tools/r8/internal/FM$$Lambda$1957
instanceKlass com/android/tools/r8/internal/y4
instanceKlass com/android/tools/r8/code/e0
instanceKlass com/android/tools/r8/internal/Cd$$Lambda$1956
instanceKlass com/android/tools/r8/internal/gT
instanceKlass com/android/tools/r8/internal/hT
instanceKlass com/android/tools/r8/ir/regalloc/i$$Lambda$1955
instanceKlass com/android/tools/r8/ir/regalloc/i$$Lambda$1954
instanceKlass com/android/tools/r8/ir/regalloc/i$$Lambda$1953
instanceKlass com/android/tools/r8/internal/zE
instanceKlass com/android/tools/r8/ir/regalloc/i$$Lambda$1952
instanceKlass com/android/tools/r8/ir/regalloc/h
instanceKlass com/android/tools/r8/internal/Kb$$Lambda$1951
instanceKlass com/android/tools/r8/internal/Kb$$Lambda$1950
instanceKlass com/android/tools/r8/internal/F4$$Lambda$1949
instanceKlass com/android/tools/r8/internal/F4$$Lambda$1948
instanceKlass com/android/tools/r8/internal/D4$$Lambda$1947
instanceKlass com/android/tools/r8/internal/G0
instanceKlass com/android/tools/r8/internal/LG
instanceKlass com/android/tools/r8/internal/E4$$Lambda$1946
instanceKlass com/android/tools/r8/graph/j2
instanceKlass com/android/tools/r8/internal/E4$$Lambda$1945
instanceKlass com/android/tools/r8/internal/jN
instanceKlass com/android/tools/r8/internal/Pn$$Lambda$1944
instanceKlass com/android/tools/r8/internal/db$$Lambda$1943
instanceKlass com/android/tools/r8/internal/E4$$Lambda$1942
instanceKlass com/android/tools/r8/internal/S8$$Lambda$1941
instanceKlass com/android/tools/r8/internal/qM
instanceKlass com/android/tools/r8/internal/dN
instanceKlass com/android/tools/r8/graph/s0$$Lambda$1940
instanceKlass com/android/tools/r8/internal/E4$$Lambda$1939
instanceKlass com/android/tools/r8/internal/Xq$$Lambda$1938
instanceKlass com/android/tools/r8/internal/Q30
instanceKlass com/android/tools/r8/internal/Nn
instanceKlass com/android/tools/r8/internal/sR$$Lambda$1937
instanceKlass com/android/tools/r8/internal/S8$$Lambda$1936
instanceKlass com/android/tools/r8/internal/D8
instanceKlass com/android/tools/r8/internal/S8$$Lambda$1935
instanceKlass com/android/tools/r8/internal/S8$$Lambda$1934
instanceKlass com/android/tools/r8/internal/R8
instanceKlass com/android/tools/r8/graph/m0
instanceKlass com/android/tools/r8/internal/hq
instanceKlass com/android/tools/r8/graph/Z
instanceKlass com/android/tools/r8/ir/optimize/b
instanceKlass com/android/tools/r8/internal/Tg
instanceKlass com/android/tools/r8/graph/o1
instanceKlass com/android/tools/r8/internal/Us
instanceKlass com/android/tools/r8/graph/Y
instanceKlass com/android/tools/r8/internal/T
instanceKlass com/android/tools/r8/internal/pk
instanceKlass com/android/tools/r8/internal/n6
instanceKlass com/android/tools/r8/internal/Ig
instanceKlass com/android/tools/r8/internal/Ng
instanceKlass com/android/tools/r8/internal/rG$$Lambda$1933
instanceKlass com/android/tools/r8/internal/rG$$Lambda$1930
instanceKlass com/android/tools/r8/internal/rG$$Lambda$1932
instanceKlass java/lang/invoke/LambdaForm$DMH
instanceKlass com/android/tools/r8/internal/rG$$Lambda$1931
instanceKlass java/lang/invoke/LambdaForm$DMH
instanceKlass java/lang/invoke/LambdaForm$DMH
instanceKlass java/lang/invoke/LambdaForm$DMH
instanceKlass com/android/tools/r8/internal/rG
instanceKlass com/android/tools/r8/ir/regalloc/b$$Lambda$1929
instanceKlass com/android/tools/r8/ir/regalloc/b$$Lambda$1928
instanceKlass com/android/tools/r8/internal/FM
instanceKlass com/android/tools/r8/ir/regalloc/b$$Lambda$1927
instanceKlass com/android/tools/r8/ir/regalloc/b$$Lambda$1926
instanceKlass com/android/tools/r8/ir/regalloc/b$$Lambda$1925
instanceKlass com/android/tools/r8/ir/regalloc/b$$Lambda$1924
instanceKlass com/android/tools/r8/ir/regalloc/b$$Lambda$1920
instanceKlass com/android/tools/r8/internal/Xq$$Lambda$1923
instanceKlass com/android/tools/r8/internal/Xq$$Lambda$1922
instanceKlass com/android/tools/r8/internal/Xq$$Lambda$1921
instanceKlass com/android/tools/r8/ir/regalloc/b$$Lambda$1919
instanceKlass com/android/tools/r8/internal/Xq$$Lambda$1918
instanceKlass com/android/tools/r8/internal/D4$$Lambda$1917
instanceKlass com/android/tools/r8/ir/regalloc/b$$Lambda$1915
instanceKlass com/android/tools/r8/internal/D4$$Lambda$1916
instanceKlass com/android/tools/r8/ir/regalloc/b$$Lambda$1914
instanceKlass com/android/tools/r8/ir/regalloc/b$$Lambda$1912
instanceKlass com/android/tools/r8/ir/regalloc/b$$Lambda$1913
instanceKlass com/android/tools/r8/ir/regalloc/b$$Lambda$1910
instanceKlass com/android/tools/r8/ir/regalloc/b$$Lambda$1911
instanceKlass com/android/tools/r8/ir/regalloc/b$$Lambda$1909
instanceKlass com/android/tools/r8/ir/regalloc/b$$Lambda$1908
instanceKlass com/android/tools/r8/ir/regalloc/b$$Lambda$1907
instanceKlass com/android/tools/r8/internal/Q4$$Lambda$1906
instanceKlass com/android/tools/r8/internal/nV$$Lambda$1905
instanceKlass com/android/tools/r8/internal/Kb$$Lambda$1904
instanceKlass com/android/tools/r8/internal/nV$$Lambda$1903
instanceKlass com/android/tools/r8/internal/nV
instanceKlass com/android/tools/r8/ir/regalloc/b$$Lambda$1902
instanceKlass com/android/tools/r8/internal/Kb$$Lambda$1901
instanceKlass com/android/tools/r8/ir/regalloc/a
instanceKlass com/android/tools/r8/ir/regalloc/b$$Lambda$1900
instanceKlass com/android/tools/r8/ir/regalloc/b$$Lambda$1899
instanceKlass com/android/tools/r8/internal/MJ
instanceKlass com/android/tools/r8/internal/OJ
instanceKlass com/android/tools/r8/ir/regalloc/i
instanceKlass com/android/tools/r8/internal/w20$$Lambda$1898
instanceKlass com/android/tools/r8/internal/w20$$Lambda$1897
instanceKlass com/android/tools/r8/internal/aD
instanceKlass com/android/tools/r8/ir/regalloc/b$$Lambda$1896
instanceKlass com/android/tools/r8/ir/regalloc/b$$Lambda$1895
instanceKlass com/android/tools/r8/internal/Sn
instanceKlass com/android/tools/r8/internal/Tn$$Lambda$1893
instanceKlass com/android/tools/r8/internal/Tn$$Lambda$1894
instanceKlass com/android/tools/r8/internal/cD
instanceKlass com/android/tools/r8/ir/regalloc/c
instanceKlass com/android/tools/r8/internal/F4
instanceKlass com/android/tools/r8/internal/Qn
instanceKlass com/android/tools/r8/ir/regalloc/e
instanceKlass com/android/tools/r8/internal/QG
instanceKlass java/util/stream/SliceOps
instanceKlass com/android/tools/r8/ir/regalloc/b
instanceKlass com/android/tools/r8/internal/YU
instanceKlass com/android/tools/r8/internal/fT
instanceKlass com/android/tools/r8/internal/bo
instanceKlass com/android/tools/r8/internal/p6$a
instanceKlass com/android/tools/r8/internal/p6
instanceKlass com/android/tools/r8/internal/Cd$$Lambda$1892
instanceKlass com/android/tools/r8/internal/Cd$$Lambda$1891
instanceKlass com/android/tools/r8/internal/Cd$$Lambda$1890
instanceKlass com/android/tools/r8/internal/Cd$$Lambda$1889
instanceKlass com/android/tools/r8/internal/lo
instanceKlass com/android/tools/r8/internal/RJ
instanceKlass com/android/tools/r8/internal/Kb$$Lambda$1888
instanceKlass com/android/tools/r8/internal/Kb$$Lambda$1887
instanceKlass com/android/tools/r8/internal/FY
instanceKlass com/android/tools/r8/internal/GY
instanceKlass com/android/tools/r8/internal/HY
instanceKlass com/android/tools/r8/internal/Kb$$Lambda$1886
instanceKlass com/android/tools/r8/internal/DY
instanceKlass com/android/tools/r8/internal/Th
instanceKlass com/android/tools/r8/internal/A4
instanceKlass com/android/tools/r8/internal/Cd$$Lambda$1885
instanceKlass com/android/tools/r8/internal/Bd
instanceKlass com/android/tools/r8/internal/lK
instanceKlass com/android/tools/r8/internal/yR$$Lambda$1884
instanceKlass com/android/tools/r8/internal/uR
instanceKlass com/android/tools/r8/internal/vR
instanceKlass com/android/tools/r8/internal/R0
instanceKlass com/android/tools/r8/internal/SJ
instanceKlass com/android/tools/r8/internal/af
instanceKlass com/android/tools/r8/internal/Wq
instanceKlass com/android/tools/r8/internal/sR
instanceKlass com/android/tools/r8/internal/tR
instanceKlass com/android/tools/r8/internal/Je
instanceKlass com/android/tools/r8/internal/wR
instanceKlass com/android/tools/r8/internal/yR
instanceKlass com/android/tools/r8/internal/aa
instanceKlass com/android/tools/r8/internal/Fb
instanceKlass com/android/tools/r8/internal/E4
instanceKlass com/android/tools/r8/internal/FW$$Lambda$1883
instanceKlass com/android/tools/r8/internal/FW$$Lambda$1882
instanceKlass com/android/tools/r8/internal/FW$$Lambda$1880
instanceKlass com/android/tools/r8/internal/FW$$Lambda$1881
instanceKlass com/android/tools/r8/internal/FW$$Lambda$1879
instanceKlass com/android/tools/r8/internal/FW$$Lambda$1876
instanceKlass com/android/tools/r8/internal/FW$$Lambda$1878
instanceKlass com/android/tools/r8/internal/FW$$Lambda$1877
instanceKlass com/android/tools/r8/internal/GE
instanceKlass com/android/tools/r8/graph/t
instanceKlass com/android/tools/r8/internal/FW$$Lambda$1875
instanceKlass com/android/tools/r8/internal/FW$$Lambda$1874
instanceKlass com/android/tools/r8/internal/FW$$Lambda$1873
instanceKlass com/android/tools/r8/graph/B2$$Lambda$1872
instanceKlass com/android/tools/r8/internal/FW
instanceKlass com/android/tools/r8/internal/X3
instanceKlass com/android/tools/r8/internal/ao$$Lambda$1871
instanceKlass com/android/tools/r8/internal/ao$$Lambda$1870
instanceKlass com/android/tools/r8/internal/tm
instanceKlass com/android/tools/r8/internal/ao$$Lambda$1869
instanceKlass com/android/tools/r8/internal/ao$$Lambda$1868
instanceKlass com/android/tools/r8/internal/ao$$Lambda$1867
instanceKlass com/android/tools/r8/internal/ao$$Lambda$1866
instanceKlass com/android/tools/r8/internal/im
instanceKlass com/android/tools/r8/graph/B2$$Lambda$1863
instanceKlass com/android/tools/r8/graph/B2$$Lambda$1865
instanceKlass com/android/tools/r8/graph/B2$$Lambda$1864
instanceKlass com/android/tools/r8/graph/B2$$Lambda$1862
instanceKlass com/android/tools/r8/graph/B2$$Lambda$1861
instanceKlass com/android/tools/r8/graph/B2$$Lambda$1860
instanceKlass com/android/tools/r8/graph/B2$$Lambda$1858
instanceKlass com/android/tools/r8/graph/B2$$Lambda$1859
instanceKlass com/android/tools/r8/internal/ua$$Lambda$1857
instanceKlass com/android/tools/r8/internal/ua$$Lambda$1856
instanceKlass com/android/tools/r8/internal/ua$$Lambda$1854
instanceKlass com/android/tools/r8/internal/ua$$Lambda$1855
instanceKlass com/android/tools/r8/internal/ua
instanceKlass com/android/tools/r8/internal/va$$Lambda$1851
instanceKlass com/android/tools/r8/internal/va$$Lambda$1853
instanceKlass com/android/tools/r8/internal/va$$Lambda$1852
instanceKlass com/android/tools/r8/graph/s
instanceKlass com/android/tools/r8/graph/d$$Lambda$1850
instanceKlass com/android/tools/r8/graph/d$$Lambda$1849
instanceKlass com/android/tools/r8/graph/d$$Lambda$1848
instanceKlass com/android/tools/r8/internal/Vn
instanceKlass com/android/tools/r8/internal/i10$$Lambda$1847
instanceKlass com/android/tools/r8/internal/i10$$Lambda$1846
instanceKlass com/android/tools/r8/internal/i10$$Lambda$1845
instanceKlass com/android/tools/r8/internal/i10$$Lambda$1844
instanceKlass com/android/tools/r8/internal/Rn
instanceKlass com/android/tools/r8/internal/i10
instanceKlass com/android/tools/r8/internal/Df
instanceKlass com/android/tools/r8/internal/I4
instanceKlass com/android/tools/r8/internal/Un
instanceKlass com/android/tools/r8/internal/Tn$$Lambda$1842
instanceKlass com/android/tools/r8/internal/Tn$$Lambda$1843
instanceKlass com/android/tools/r8/internal/Tn$$Lambda$1841
instanceKlass com/android/tools/r8/internal/Tn$$Lambda$1840
instanceKlass com/android/tools/r8/internal/Tn
instanceKlass com/android/tools/r8/internal/X0
instanceKlass com/android/tools/r8/internal/ge
instanceKlass com/android/tools/r8/internal/QK
instanceKlass com/android/tools/r8/internal/aL
instanceKlass com/android/tools/r8/internal/G4
instanceKlass com/android/tools/r8/internal/bW
instanceKlass java/lang/invoke/LambdaForm$DMH
instanceKlass com/android/tools/r8/internal/B8$$Lambda$1839
instanceKlass java/lang/invoke/LambdaForm$DMH
instanceKlass com/android/tools/r8/internal/F30
instanceKlass com/android/tools/r8/graph/X0$$Lambda$1838
instanceKlass com/android/tools/r8/internal/yY$$Lambda$1837
instanceKlass com/android/tools/r8/internal/yY$$Lambda$1836
instanceKlass java/util/function/Function$$Lambda$1835
instanceKlass com/android/tools/r8/internal/yY$$Lambda$1834
instanceKlass com/android/tools/r8/graph/c1$$Lambda$1833
instanceKlass com/android/tools/r8/graph/c1$$Lambda$1832
instanceKlass com/android/tools/r8/graph/X0$$Lambda$1831
instanceKlass com/android/tools/r8/graph/X0$$Lambda$1830
instanceKlass com/android/tools/r8/graph/X0$$Lambda$1829
instanceKlass com/android/tools/r8/graph/P0$$Lambda$1828
instanceKlass com/android/tools/r8/graph/P0$$Lambda$1827
instanceKlass com/android/tools/r8/internal/yY$$Lambda$1826
instanceKlass com/android/tools/r8/graph/P0$$Lambda$1825
instanceKlass com/android/tools/r8/graph/P0$$Lambda$1824
instanceKlass com/android/tools/r8/code/w1
instanceKlass com/android/tools/r8/internal/Aj
instanceKlass com/android/tools/r8/internal/WM$b$$Lambda$1823
instanceKlass com/android/tools/r8/internal/L
instanceKlass com/android/tools/r8/internal/WM$b$$Lambda$1822
instanceKlass com/android/tools/r8/internal/WM$b$$Lambda$1821
instanceKlass com/android/tools/r8/internal/Zs
instanceKlass com/android/tools/r8/internal/F20
instanceKlass com/android/tools/r8/internal/bt
instanceKlass com/android/tools/r8/internal/On
instanceKlass com/android/tools/r8/internal/EB
instanceKlass com/android/tools/r8/internal/Iz
instanceKlass com/android/tools/r8/internal/t
instanceKlass com/android/tools/r8/internal/u20
instanceKlass com/android/tools/r8/internal/C1
instanceKlass com/android/tools/r8/internal/f1
instanceKlass com/android/tools/r8/internal/FR
instanceKlass com/android/tools/r8/internal/CR
instanceKlass com/android/tools/r8/internal/zR
instanceKlass com/android/tools/r8/internal/nu
instanceKlass com/android/tools/r8/internal/db$$Lambda$1820
instanceKlass com/android/tools/r8/internal/db$$Lambda$1818
instanceKlass com/android/tools/r8/internal/db$$Lambda$1819
instanceKlass com/android/tools/r8/internal/db$$Lambda$1817
instanceKlass com/android/tools/r8/internal/II
instanceKlass com/android/tools/r8/graph/proto/b
instanceKlass com/android/tools/r8/internal/Sr
instanceKlass com/android/tools/r8/graph/s0$$Lambda$1816
instanceKlass com/android/tools/r8/graph/s0$$Lambda$1815
instanceKlass com/android/tools/r8/graph/s0$$Lambda$1814
instanceKlass com/android/tools/r8/internal/B8$$Lambda$1813
instanceKlass com/android/tools/r8/internal/B8$$Lambda$1812
instanceKlass com/android/tools/r8/internal/I8
instanceKlass com/android/tools/r8/internal/At
instanceKlass com/android/tools/r8/internal/z8
instanceKlass com/android/tools/r8/internal/A8
instanceKlass com/android/tools/r8/internal/Ht
instanceKlass com/android/tools/r8/internal/D6
instanceKlass com/android/tools/r8/internal/D4
instanceKlass com/android/tools/r8/internal/Kn
instanceKlass com/android/tools/r8/internal/co
instanceKlass com/android/tools/r8/internal/OI
instanceKlass com/android/tools/r8/internal/Pn
instanceKlass com/android/tools/r8/internal/WM$$Lambda$1811
instanceKlass com/android/tools/r8/internal/WM$$Lambda$1810
instanceKlass com/android/tools/r8/internal/WM$$Lambda$1809
instanceKlass com/android/tools/r8/internal/WM$$Lambda$1808
instanceKlass com/android/tools/r8/internal/WM$$Lambda$1807
instanceKlass com/android/tools/r8/internal/WM$$Lambda$1806
instanceKlass com/android/tools/r8/internal/WM$$Lambda$1805
instanceKlass com/android/tools/r8/internal/WM$$Lambda$1804
instanceKlass com/android/tools/r8/internal/yY$$Lambda$1803
instanceKlass com/android/tools/r8/internal/yY$$Lambda$1802
instanceKlass com/android/tools/r8/internal/nn
instanceKlass com/android/tools/r8/internal/yY$$Lambda$1801
instanceKlass com/android/tools/r8/internal/yY$$Lambda$1800
instanceKlass com/android/tools/r8/internal/yY$$Lambda$1799
instanceKlass com/android/tools/r8/internal/yY$$Lambda$1798
instanceKlass com/android/tools/r8/internal/yY$$Lambda$1797
instanceKlass com/android/tools/r8/internal/yY$$Lambda$1796
instanceKlass com/android/tools/r8/internal/yY$$Lambda$1794
instanceKlass com/android/tools/r8/internal/yY$$Lambda$1795
instanceKlass com/android/tools/r8/internal/WM$$Lambda$1793
instanceKlass com/android/tools/r8/internal/WM$$Lambda$1792
instanceKlass com/android/tools/r8/internal/WM$$Lambda$1791
instanceKlass com/android/tools/r8/internal/WM$$Lambda$1790
instanceKlass com/android/tools/r8/internal/WM$$Lambda$1789
instanceKlass com/android/tools/r8/internal/WM$$Lambda$1788
instanceKlass com/android/tools/r8/internal/WM$$Lambda$1787
instanceKlass com/android/tools/r8/internal/WM$$Lambda$1786
instanceKlass com/android/tools/r8/internal/WM$c$$Lambda$1784
instanceKlass com/android/tools/r8/internal/WM$c$$Lambda$1785
instanceKlass com/android/tools/r8/internal/A6
instanceKlass com/android/tools/r8/internal/L8
instanceKlass com/android/tools/r8/internal/Vt
instanceKlass com/android/tools/r8/internal/O8
instanceKlass com/android/tools/r8/internal/It
instanceKlass com/android/tools/r8/internal/MS
instanceKlass com/android/tools/r8/internal/Qt
instanceKlass com/android/tools/r8/internal/eS
instanceKlass com/android/tools/r8/internal/M8
instanceKlass com/android/tools/r8/internal/D20
instanceKlass com/android/tools/r8/internal/B8
instanceKlass com/android/tools/r8/internal/i7$$Lambda$1783
instanceKlass com/android/tools/r8/internal/r7$$Lambda$1782
instanceKlass com/android/tools/r8/internal/r7$$Lambda$1781
instanceKlass com/android/tools/r8/internal/r7$$Lambda$1779
instanceKlass com/android/tools/r8/internal/i7$$Lambda$1780
instanceKlass com/android/tools/r8/internal/r7$$Lambda$1778
instanceKlass com/android/tools/r8/internal/Q4$$Lambda$1774
instanceKlass com/android/tools/r8/internal/Q4$$Lambda$1775
instanceKlass com/android/tools/r8/internal/r7$$Lambda$1776
instanceKlass com/android/tools/r8/internal/r7$$Lambda$1777
instanceKlass com/android/tools/r8/internal/Q4$$Lambda$1773
instanceKlass com/android/tools/r8/internal/Q4$$Lambda$1772
instanceKlass com/android/tools/r8/internal/Q4
instanceKlass com/android/tools/r8/internal/r7$$Lambda$1766
instanceKlass com/android/tools/r8/internal/r7$$Lambda$1771
instanceKlass com/android/tools/r8/internal/r7$$Lambda$1770
instanceKlass com/android/tools/r8/internal/r7$$Lambda$1769
instanceKlass com/android/tools/r8/internal/r7$$Lambda$1768
instanceKlass com/android/tools/r8/internal/r7$$Lambda$1767
instanceKlass com/android/tools/r8/internal/r7$$Lambda$1765
instanceKlass com/android/tools/r8/internal/r7$$Lambda$1764
instanceKlass com/android/tools/r8/internal/r7$$Lambda$1762
instanceKlass com/android/tools/r8/internal/r7$$Lambda$1763
instanceKlass com/android/tools/r8/internal/ls
instanceKlass com/android/tools/r8/internal/Ho
instanceKlass com/android/tools/r8/graph/j$$Lambda$1761
instanceKlass com/android/tools/r8/graph/j$$Lambda$1760
instanceKlass com/android/tools/r8/internal/r7
instanceKlass com/android/tools/r8/internal/hs
instanceKlass com/android/tools/r8/internal/B
instanceKlass com/android/tools/r8/internal/Gr
instanceKlass com/android/tools/r8/internal/M2
instanceKlass com/android/tools/r8/internal/C
instanceKlass com/android/tools/r8/internal/Ir
instanceKlass com/android/tools/r8/internal/Fr
instanceKlass com/android/tools/r8/graph/proto/c
instanceKlass com/android/tools/r8/graph/proto/g
instanceKlass com/android/tools/r8/internal/kI$$Lambda$1759
instanceKlass com/android/tools/r8/internal/kI$$Lambda$1758
instanceKlass com/android/tools/r8/internal/kI$$Lambda$1757
instanceKlass com/android/tools/r8/internal/kI$$Lambda$1756
instanceKlass com/android/tools/r8/internal/kI$$Lambda$1754
instanceKlass com/android/tools/r8/internal/kI$$Lambda$1755
instanceKlass com/android/tools/r8/internal/kI$$Lambda$1753
instanceKlass com/android/tools/r8/internal/kI$$Lambda$1752
instanceKlass com/android/tools/r8/internal/kI$$Lambda$1751
instanceKlass com/android/tools/r8/internal/kI$$Lambda$1750
instanceKlass com/android/tools/r8/internal/kI$$Lambda$1749
instanceKlass com/android/tools/r8/internal/kI$$Lambda$1748
instanceKlass com/android/tools/r8/internal/kI$$Lambda$1747
instanceKlass com/android/tools/r8/internal/kI$$Lambda$1746
instanceKlass com/android/tools/r8/internal/kI$$Lambda$1745
instanceKlass com/android/tools/r8/internal/kI$$Lambda$1744
instanceKlass com/android/tools/r8/internal/ao$$Lambda$1743
instanceKlass com/android/tools/r8/internal/ao$$Lambda$1742
instanceKlass com/android/tools/r8/internal/ao$$Lambda$1741
instanceKlass com/android/tools/r8/internal/ao$$Lambda$1740
instanceKlass com/android/tools/r8/references/ClassReference
instanceKlass com/android/tools/r8/references/PrimitiveReference
instanceKlass com/android/tools/r8/references/Reference
instanceKlass com/android/tools/r8/position/MethodPosition
instanceKlass com/android/tools/r8/internal/TC$$Lambda$1739
instanceKlass com/android/tools/r8/internal/TC$$Lambda$1738
instanceKlass com/android/tools/r8/internal/TC
instanceKlass com/android/tools/r8/internal/ao$$Lambda$1737
instanceKlass com/android/tools/r8/internal/ao$$Lambda$1736
instanceKlass com/android/tools/r8/internal/ao$$Lambda$1735
instanceKlass com/android/tools/r8/internal/ao$$Lambda$1734
instanceKlass com/android/tools/r8/internal/M9$$Lambda$1732
instanceKlass com/android/tools/r8/internal/M9$$Lambda$1733
instanceKlass com/android/tools/r8/internal/M9$$Lambda$1731
instanceKlass com/android/tools/r8/internal/M9$$Lambda$1730
instanceKlass com/android/tools/r8/utils/C$$Lambda$1729
instanceKlass com/android/tools/r8/utils/C$$Lambda$1728
instanceKlass com/android/tools/r8/utils/C$$Lambda$1727
instanceKlass com/android/tools/r8/utils/C$$Lambda$1726
instanceKlass com/android/tools/r8/utils/C$$Lambda$1725
instanceKlass com/android/tools/r8/utils/C$$Lambda$1724
instanceKlass com/android/tools/r8/utils/C$$Lambda$1722
instanceKlass com/android/tools/r8/utils/C$$Lambda$1723
instanceKlass com/android/tools/r8/utils/C$$Lambda$1721
instanceKlass com/android/tools/r8/internal/sZ
instanceKlass com/android/tools/r8/utils/C$$Lambda$1720
instanceKlass com/android/tools/r8/utils/C$$Lambda$1719
instanceKlass com/android/tools/r8/internal/pZ
instanceKlass com/android/tools/r8/internal/IN$$Lambda$1718
instanceKlass com/android/tools/r8/internal/IN$$Lambda$1717
instanceKlass com/android/tools/r8/internal/oZ
instanceKlass com/android/tools/r8/internal/oR
instanceKlass com/android/tools/r8/internal/kI$$Lambda$1714
instanceKlass com/android/tools/r8/internal/oH$$Lambda$1716
instanceKlass com/android/tools/r8/internal/kI$$Lambda$1715
instanceKlass com/android/tools/r8/internal/kI$$Lambda$1713
instanceKlass com/android/tools/r8/graph/L2$$Lambda$1712
instanceKlass com/android/tools/r8/graph/L2$$Lambda$1711
instanceKlass com/android/tools/r8/graph/L2$$Lambda$1709
instanceKlass com/android/tools/r8/graph/L2$$Lambda$1710
instanceKlass com/android/tools/r8/graph/W0$$Lambda$1708
instanceKlass com/android/tools/r8/graph/W0$$Lambda$1707
instanceKlass com/android/tools/r8/graph/W0$$Lambda$1706
instanceKlass com/android/tools/r8/graph/W0$$Lambda$1705
instanceKlass com/android/tools/r8/internal/ao$$Lambda$1704
instanceKlass com/android/tools/r8/internal/ao$$Lambda$1701
instanceKlass com/android/tools/r8/internal/ao$$Lambda$1703
instanceKlass com/android/tools/r8/internal/ao$$Lambda$1702
instanceKlass com/android/tools/r8/internal/ao$$Lambda$1700
instanceKlass com/android/tools/r8/internal/ao$$Lambda$1699
instanceKlass com/android/tools/r8/internal/ao$$Lambda$1698
instanceKlass com/android/tools/r8/internal/ao$$Lambda$1697
instanceKlass com/android/tools/r8/internal/ao$$Lambda$1696
instanceKlass com/android/tools/r8/internal/ao$$Lambda$1695
instanceKlass com/android/tools/r8/internal/ao$$Lambda$1694
instanceKlass com/android/tools/r8/internal/ao$$Lambda$1693
instanceKlass com/android/tools/r8/internal/IN
instanceKlass com/android/tools/r8/internal/Q6$$Lambda$1691
instanceKlass com/android/tools/r8/internal/Q6$$Lambda$1692
instanceKlass com/android/tools/r8/internal/Q6$$Lambda$1690
instanceKlass com/android/tools/r8/internal/Q6$$Lambda$1689
instanceKlass com/android/tools/r8/internal/R6
instanceKlass com/android/tools/r8/internal/S6
instanceKlass com/android/tools/r8/internal/N9
instanceKlass com/android/tools/r8/internal/tl
instanceKlass com/android/tools/r8/graph/K2$$Lambda$1688
instanceKlass com/android/tools/r8/graph/K2$$Lambda$1687
instanceKlass com/android/tools/r8/graph/K2$$Lambda$1686
instanceKlass com/android/tools/r8/graph/K2$$Lambda$1685
instanceKlass com/android/tools/r8/graph/K2$$Lambda$1684
instanceKlass com/android/tools/r8/graph/K2$$Lambda$1683
instanceKlass com/android/tools/r8/graph/K2$$Lambda$1682
instanceKlass com/android/tools/r8/graph/K2$$Lambda$1681
instanceKlass com/android/tools/r8/internal/xB
instanceKlass com/android/tools/r8/internal/xL
instanceKlass com/android/tools/r8/internal/YL
instanceKlass com/android/tools/r8/internal/ie
instanceKlass com/android/tools/r8/internal/b6
instanceKlass com/android/tools/r8/internal/QX
instanceKlass com/android/tools/r8/internal/Av
instanceKlass com/android/tools/r8/internal/wv
instanceKlass com/android/tools/r8/internal/Fd
instanceKlass com/android/tools/r8/internal/zB
instanceKlass com/android/tools/r8/internal/Mu
instanceKlass com/android/tools/r8/internal/j4$$Lambda$1680
instanceKlass com/android/tools/r8/internal/j4$$Lambda$1678
instanceKlass com/android/tools/r8/internal/j4$$Lambda$1679
instanceKlass com/android/tools/r8/internal/j4$$Lambda$1677
instanceKlass com/android/tools/r8/internal/j4$$Lambda$1674
instanceKlass com/android/tools/r8/internal/j4$$Lambda$1675
instanceKlass com/android/tools/r8/internal/j4$$Lambda$1676
instanceKlass com/android/tools/r8/internal/j4$$Lambda$1673
instanceKlass com/android/tools/r8/internal/j4$$Lambda$1672
instanceKlass com/android/tools/r8/internal/j4$$Lambda$1671
instanceKlass com/android/tools/r8/internal/j4$$Lambda$1670
instanceKlass com/android/tools/r8/internal/j4$$Lambda$1669
instanceKlass com/android/tools/r8/internal/j4$$Lambda$1665
instanceKlass com/android/tools/r8/internal/j4$$Lambda$1668
instanceKlass com/android/tools/r8/internal/j4$$Lambda$1667
instanceKlass com/android/tools/r8/internal/j4$$Lambda$1666
instanceKlass com/android/tools/r8/internal/j4$$Lambda$1662
instanceKlass com/android/tools/r8/internal/j4$$Lambda$1664
instanceKlass com/android/tools/r8/internal/j4$$Lambda$1663
instanceKlass com/android/tools/r8/internal/j4$$Lambda$1661
instanceKlass com/android/tools/r8/internal/j4$$Lambda$1659
instanceKlass com/android/tools/r8/internal/j4$$Lambda$1657
instanceKlass com/android/tools/r8/internal/j4$$Lambda$1660
instanceKlass com/android/tools/r8/internal/j4$$Lambda$1658
instanceKlass com/android/tools/r8/internal/j4$$Lambda$1656
instanceKlass com/android/tools/r8/internal/j4$$Lambda$1655
instanceKlass com/android/tools/r8/internal/j4$$Lambda$1654
instanceKlass com/android/tools/r8/internal/j4$$Lambda$1653
instanceKlass com/android/tools/r8/internal/j4$$Lambda$1652
instanceKlass com/android/tools/r8/internal/IL$$Lambda$1651
instanceKlass com/android/tools/r8/internal/IL$$Lambda$1650
instanceKlass com/android/tools/r8/internal/IL$$Lambda$1649
instanceKlass com/android/tools/r8/internal/IL$$Lambda$1648
instanceKlass com/android/tools/r8/internal/IL$$Lambda$1647
instanceKlass com/android/tools/r8/internal/IL$$Lambda$1646
instanceKlass com/android/tools/r8/internal/IL$$Lambda$1645
instanceKlass com/android/tools/r8/internal/IL$$Lambda$1644
instanceKlass com/android/tools/r8/internal/IL$$Lambda$1643
instanceKlass com/android/tools/r8/internal/IL$$Lambda$1642
instanceKlass com/android/tools/r8/internal/IL$$Lambda$1641
instanceKlass com/android/tools/r8/internal/IL$$Lambda$1640
instanceKlass com/android/tools/r8/internal/IL$$Lambda$1638
instanceKlass com/android/tools/r8/internal/IL$$Lambda$1639
instanceKlass com/android/tools/r8/internal/IL$$Lambda$1637
instanceKlass com/android/tools/r8/internal/IL$$Lambda$1636
instanceKlass com/android/tools/r8/internal/IL$$Lambda$1634
instanceKlass com/android/tools/r8/internal/IL$$Lambda$1635
instanceKlass com/android/tools/r8/internal/IL$$Lambda$1633
instanceKlass com/android/tools/r8/internal/IL
instanceKlass com/android/tools/r8/internal/j4$$Lambda$1632
instanceKlass com/android/tools/r8/internal/j4$$Lambda$1631
instanceKlass com/android/tools/r8/internal/j4$$Lambda$1629
instanceKlass com/android/tools/r8/internal/j4$$Lambda$1630
instanceKlass com/android/tools/r8/internal/j4$$Lambda$1625
instanceKlass com/android/tools/r8/internal/j4$$Lambda$1626
instanceKlass com/android/tools/r8/internal/j4$$Lambda$1628
instanceKlass com/android/tools/r8/internal/j4$$Lambda$1627
instanceKlass com/android/tools/r8/internal/j4$$Lambda$1624
instanceKlass com/android/tools/r8/internal/j4$$Lambda$1623
instanceKlass com/android/tools/r8/internal/j4$$Lambda$1622
instanceKlass com/android/tools/r8/internal/j4$$Lambda$1621
instanceKlass com/android/tools/r8/internal/j4$$Lambda$1620
instanceKlass com/android/tools/r8/internal/j4$$Lambda$1619
instanceKlass com/android/tools/r8/internal/j4$$Lambda$1614
instanceKlass com/android/tools/r8/internal/j4$$Lambda$1615
instanceKlass com/android/tools/r8/internal/j4$$Lambda$1618
instanceKlass com/android/tools/r8/internal/j4$$Lambda$1617
instanceKlass com/android/tools/r8/internal/j4$$Lambda$1616
instanceKlass com/android/tools/r8/internal/j4$$Lambda$1613
instanceKlass com/android/tools/r8/internal/j4$$Lambda$1612
instanceKlass com/android/tools/r8/internal/j4$$Lambda$1610
instanceKlass com/android/tools/r8/internal/j4$$Lambda$1611
instanceKlass com/android/tools/r8/internal/j4$$Lambda$1609
instanceKlass com/android/tools/r8/internal/j4$$Lambda$1608
instanceKlass com/android/tools/r8/internal/j4$$Lambda$1607
instanceKlass com/android/tools/r8/internal/j4$$Lambda$1606
instanceKlass com/android/tools/r8/internal/j4$$Lambda$1605
instanceKlass com/android/tools/r8/internal/j4$$Lambda$1603
instanceKlass com/android/tools/r8/internal/j4$$Lambda$1604
instanceKlass com/android/tools/r8/internal/j4$$Lambda$1602
instanceKlass com/android/tools/r8/internal/j4$$Lambda$1601
instanceKlass com/android/tools/r8/internal/j4$$Lambda$1600
instanceKlass com/android/tools/r8/internal/j4$$Lambda$1599
instanceKlass com/android/tools/r8/internal/j4$$Lambda$1598
instanceKlass com/android/tools/r8/internal/j4$$Lambda$1597
instanceKlass com/android/tools/r8/internal/j4$$Lambda$1596
instanceKlass com/android/tools/r8/internal/j4$$Lambda$1595
instanceKlass com/android/tools/r8/internal/j4$$Lambda$1594
instanceKlass com/android/tools/r8/internal/j4$$Lambda$1593
instanceKlass com/android/tools/r8/internal/j4$$Lambda$1592
instanceKlass com/android/tools/r8/internal/j4$$Lambda$1591
instanceKlass com/android/tools/r8/internal/j4$$Lambda$1590
instanceKlass com/android/tools/r8/internal/j4$$Lambda$1589
instanceKlass com/android/tools/r8/internal/j4$$Lambda$1588
instanceKlass com/android/tools/r8/internal/j4$$Lambda$1587
instanceKlass com/android/tools/r8/internal/j4$$Lambda$1586
instanceKlass com/android/tools/r8/internal/j4$$Lambda$1585
instanceKlass com/android/tools/r8/internal/j4$$Lambda$1584
instanceKlass com/android/tools/r8/internal/j4$$Lambda$1583
instanceKlass com/android/tools/r8/internal/j4$$Lambda$1582
instanceKlass com/android/tools/r8/internal/j4$$Lambda$1581
instanceKlass com/android/tools/r8/internal/j4$$Lambda$1580
instanceKlass com/android/tools/r8/internal/j4$$Lambda$1579
instanceKlass com/android/tools/r8/internal/j4$$Lambda$1578
instanceKlass com/android/tools/r8/internal/j4$$Lambda$1577
instanceKlass com/android/tools/r8/internal/j4$$Lambda$1575
instanceKlass com/android/tools/r8/internal/j4$$Lambda$1576
instanceKlass com/android/tools/r8/internal/j4$$Lambda$1574
instanceKlass com/android/tools/r8/internal/j4$$Lambda$1573
instanceKlass com/android/tools/r8/internal/j4$$Lambda$1572
instanceKlass com/android/tools/r8/internal/j4$$Lambda$1571
instanceKlass com/android/tools/r8/internal/j4$$Lambda$1570
instanceKlass com/android/tools/r8/internal/j4$$Lambda$1569
instanceKlass com/android/tools/r8/internal/j4$$Lambda$1568
instanceKlass com/android/tools/r8/internal/j4$$Lambda$1567
instanceKlass com/android/tools/r8/internal/j4$$Lambda$1566
instanceKlass com/android/tools/r8/internal/j4$$Lambda$1565
instanceKlass com/android/tools/r8/internal/j4$$Lambda$1562
instanceKlass com/android/tools/r8/internal/j4$$Lambda$1564
instanceKlass com/android/tools/r8/internal/j4$$Lambda$1563
instanceKlass com/android/tools/r8/internal/j4$$Lambda$1561
instanceKlass com/android/tools/r8/internal/j4$$Lambda$1558
instanceKlass com/android/tools/r8/internal/j4$$Lambda$1560
instanceKlass com/android/tools/r8/internal/j4$$Lambda$1559
instanceKlass com/android/tools/r8/internal/j4$$Lambda$1557
instanceKlass com/android/tools/r8/internal/j4$$Lambda$1556
instanceKlass com/android/tools/r8/internal/j4$$Lambda$1555
instanceKlass com/android/tools/r8/internal/j4$$Lambda$1554
instanceKlass com/android/tools/r8/internal/j4$$Lambda$1553
instanceKlass com/android/tools/r8/internal/j4$$Lambda$1552
instanceKlass com/android/tools/r8/internal/j4$$Lambda$1551
instanceKlass com/android/tools/r8/internal/j4$$Lambda$1550
instanceKlass com/android/tools/r8/internal/j4$$Lambda$1549
instanceKlass com/android/tools/r8/internal/j4$$Lambda$1548
instanceKlass com/android/tools/r8/internal/j4$$Lambda$1547
instanceKlass com/android/tools/r8/internal/j4$$Lambda$1546
instanceKlass com/android/tools/r8/internal/j4$$Lambda$1545
instanceKlass com/android/tools/r8/internal/j4$$Lambda$1544
instanceKlass com/android/tools/r8/internal/j4$$Lambda$1543
instanceKlass com/android/tools/r8/internal/j4$$Lambda$1542
instanceKlass com/android/tools/r8/internal/j4$$Lambda$1541
instanceKlass com/android/tools/r8/internal/j4$$Lambda$1540
instanceKlass com/android/tools/r8/internal/j4$$Lambda$1539
instanceKlass com/android/tools/r8/internal/j4$$Lambda$1538
instanceKlass com/android/tools/r8/internal/j4$$Lambda$1537
instanceKlass com/android/tools/r8/internal/EW$$Lambda$1536
instanceKlass com/android/tools/r8/internal/EW$$Lambda$1535
instanceKlass com/android/tools/r8/internal/EW$$Lambda$1534
instanceKlass com/android/tools/r8/internal/EW$$Lambda$1533
instanceKlass com/android/tools/r8/internal/EW
instanceKlass com/android/tools/r8/internal/j4$$Lambda$1532
instanceKlass com/android/tools/r8/internal/j4$$Lambda$1531
instanceKlass com/android/tools/r8/internal/j4$$Lambda$1530
instanceKlass com/android/tools/r8/internal/j4$$Lambda$1529
instanceKlass com/android/tools/r8/internal/j4$$Lambda$1526
instanceKlass com/android/tools/r8/internal/j4$$Lambda$1528
instanceKlass com/android/tools/r8/internal/j4$$Lambda$1527
instanceKlass com/android/tools/r8/internal/j4$$Lambda$1525
instanceKlass com/android/tools/r8/internal/j4$$Lambda$1524
instanceKlass com/android/tools/r8/internal/j4$$Lambda$1523
instanceKlass com/android/tools/r8/internal/j4$$Lambda$1522
instanceKlass com/android/tools/r8/internal/j4$$Lambda$1521
instanceKlass com/android/tools/r8/internal/j4$$Lambda$1520
instanceKlass com/android/tools/r8/internal/j4$$Lambda$1519
instanceKlass com/android/tools/r8/internal/j4$$Lambda$1518
instanceKlass com/android/tools/r8/internal/j4$$Lambda$1517
instanceKlass com/android/tools/r8/internal/j4$$Lambda$1516
instanceKlass com/android/tools/r8/internal/j4$$Lambda$1515
instanceKlass com/android/tools/r8/internal/j4$$Lambda$1514
instanceKlass com/android/tools/r8/internal/j4$$Lambda$1513
instanceKlass com/android/tools/r8/internal/j4$$Lambda$1509
instanceKlass com/android/tools/r8/internal/j4$$Lambda$1512
instanceKlass com/android/tools/r8/internal/j4$$Lambda$1511
instanceKlass com/android/tools/r8/internal/j4$$Lambda$1510
instanceKlass com/android/tools/r8/internal/j4$$Lambda$1508
instanceKlass com/android/tools/r8/internal/j4$$Lambda$1506
instanceKlass com/android/tools/r8/internal/j4$$Lambda$1507
instanceKlass com/android/tools/r8/internal/j4$$Lambda$1505
instanceKlass com/android/tools/r8/internal/j4$$Lambda$1504
instanceKlass com/android/tools/r8/internal/j4$$Lambda$1503
instanceKlass com/android/tools/r8/internal/j4$$Lambda$1502
instanceKlass com/android/tools/r8/internal/j4$$Lambda$1501
instanceKlass com/android/tools/r8/internal/j4$$Lambda$1500
instanceKlass com/android/tools/r8/internal/j4$$Lambda$1499
instanceKlass com/android/tools/r8/internal/j4$$Lambda$1498
instanceKlass com/android/tools/r8/internal/j4$$Lambda$1497
instanceKlass com/android/tools/r8/internal/j4$$Lambda$1496
instanceKlass com/android/tools/r8/internal/j4$$Lambda$1495
instanceKlass com/android/tools/r8/internal/j4$$Lambda$1494
instanceKlass com/android/tools/r8/internal/j4$$Lambda$1492
instanceKlass com/android/tools/r8/internal/j4$$Lambda$1493
instanceKlass com/android/tools/r8/internal/j4$$Lambda$1491
instanceKlass com/android/tools/r8/internal/j4$$Lambda$1490
instanceKlass com/android/tools/r8/internal/j4$$Lambda$1489
instanceKlass com/android/tools/r8/internal/j4$$Lambda$1488
instanceKlass com/android/tools/r8/internal/j4$$Lambda$1487
instanceKlass com/android/tools/r8/internal/j4$$Lambda$1486
instanceKlass com/android/tools/r8/internal/j4$$Lambda$1484
instanceKlass com/android/tools/r8/internal/j4$$Lambda$1485
instanceKlass com/android/tools/r8/internal/j4$$Lambda$1483
instanceKlass com/android/tools/r8/internal/j4$$Lambda$1482
instanceKlass com/android/tools/r8/internal/j4$$Lambda$1477
instanceKlass com/android/tools/r8/internal/j4$$Lambda$1481
instanceKlass com/android/tools/r8/internal/j4$$Lambda$1476
instanceKlass com/android/tools/r8/internal/j4$$Lambda$1480
instanceKlass com/android/tools/r8/internal/j4$$Lambda$1479
instanceKlass com/android/tools/r8/internal/j4$$Lambda$1478
instanceKlass com/android/tools/r8/internal/j4$$Lambda$1475
instanceKlass com/android/tools/r8/internal/j4$$Lambda$1474
instanceKlass com/android/tools/r8/internal/j4$$Lambda$1473
instanceKlass com/android/tools/r8/internal/j4$$Lambda$1472
instanceKlass com/android/tools/r8/internal/j4$$Lambda$1471
instanceKlass com/android/tools/r8/internal/j4$$Lambda$1470
instanceKlass com/android/tools/r8/internal/j4$$Lambda$1469
instanceKlass com/android/tools/r8/internal/q4
instanceKlass com/android/tools/r8/internal/j4$$Lambda$1468
instanceKlass com/android/tools/r8/internal/j4$$Lambda$1467
instanceKlass com/android/tools/r8/internal/j4$$Lambda$1466
instanceKlass com/android/tools/r8/internal/j4$$Lambda$1465
instanceKlass java/lang/invoke/LambdaForm$DMH
instanceKlass com/android/tools/r8/internal/m4
instanceKlass java/lang/invoke/LambdaForm$DMH
instanceKlass java/lang/invoke/LambdaForm$DMH
instanceKlass java/lang/invoke/LambdaForm$DMH
instanceKlass com/android/tools/r8/internal/dc$$Lambda$1464
instanceKlass com/android/tools/r8/internal/dc$$Lambda$1462
instanceKlass com/android/tools/r8/internal/dc$$Lambda$1463
instanceKlass com/android/tools/r8/internal/dc$$Lambda$1461
instanceKlass com/android/tools/r8/internal/h4
instanceKlass com/android/tools/r8/internal/dc
instanceKlass com/android/tools/r8/internal/i4
instanceKlass com/android/tools/r8/internal/j4
instanceKlass com/android/tools/r8/internal/p4
instanceKlass com/android/tools/r8/graph/k3
instanceKlass com/android/tools/r8/internal/oH
instanceKlass com/android/tools/r8/internal/ao$$Lambda$1460
instanceKlass com/android/tools/r8/internal/ao$$Lambda$1459
instanceKlass com/android/tools/r8/internal/ao$$Lambda$1458
instanceKlass com/android/tools/r8/internal/ao$$Lambda$1457
instanceKlass com/android/tools/r8/internal/mo
instanceKlass com/android/tools/r8/internal/F3$$Lambda$1456
instanceKlass com/android/tools/r8/internal/D3
instanceKlass com/android/tools/r8/internal/E3
instanceKlass com/android/tools/r8/internal/Ke
instanceKlass com/android/tools/r8/ir/optimize/string/f
instanceKlass com/android/tools/r8/ir/optimize/string/d
instanceKlass com/android/tools/r8/ir/optimize/string/e
instanceKlass com/android/tools/r8/internal/Fj
instanceKlass com/android/tools/r8/internal/TX
instanceKlass com/android/tools/r8/internal/ca
instanceKlass com/android/tools/r8/internal/nD
instanceKlass com/android/tools/r8/internal/Om
instanceKlass com/android/tools/r8/internal/Mm
instanceKlass com/android/tools/r8/internal/Cd
instanceKlass com/android/tools/r8/internal/i1
instanceKlass com/android/tools/r8/internal/fS
instanceKlass com/android/tools/r8/internal/TR
instanceKlass com/android/tools/r8/position/TextRange
instanceKlass com/android/tools/r8/internal/Hb
instanceKlass com/android/tools/r8/internal/iu
instanceKlass com/android/tools/r8/internal/ar
instanceKlass com/android/tools/r8/internal/yN
instanceKlass com/android/tools/r8/internal/As
instanceKlass com/android/tools/r8/internal/Ot
instanceKlass com/android/tools/r8/internal/Aq
instanceKlass com/android/tools/r8/internal/G
instanceKlass com/android/tools/r8/internal/Qs
instanceKlass com/android/tools/r8/internal/x20
instanceKlass com/android/tools/r8/internal/Ut
instanceKlass com/android/tools/r8/internal/Zq
instanceKlass com/android/tools/r8/internal/vp
instanceKlass com/android/tools/r8/internal/AH
instanceKlass com/android/tools/r8/internal/j7
instanceKlass com/android/tools/r8/internal/a0
instanceKlass com/android/tools/r8/internal/X8
instanceKlass com/android/tools/r8/internal/w20
instanceKlass com/android/tools/r8/internal/W8
instanceKlass com/android/tools/r8/internal/o6
instanceKlass com/android/tools/r8/position/TextPosition
instanceKlass com/android/tools/r8/internal/lF
instanceKlass com/android/tools/r8/internal/Kb
instanceKlass com/android/tools/r8/shaking/i
instanceKlass com/android/tools/r8/graph/e
instanceKlass com/android/tools/r8/internal/uY
instanceKlass com/android/tools/r8/internal/AW
instanceKlass com/android/tools/r8/graph/j$a
instanceKlass com/android/tools/r8/graph/y2$$Lambda$1455
instanceKlass com/android/tools/r8/shaking/C0
instanceKlass com/android/tools/r8/internal/Ne
instanceKlass com/android/tools/r8/internal/L0
instanceKlass com/android/tools/r8/graph/a3
instanceKlass com/android/tools/r8/internal/yK
instanceKlass com/android/tools/r8/graph/y2$$Lambda$1454
instanceKlass com/android/tools/r8/internal/jH
instanceKlass com/android/tools/r8/internal/lq
instanceKlass com/android/tools/r8/internal/f8
instanceKlass com/android/tools/r8/internal/d8
instanceKlass com/android/tools/r8/internal/M9
instanceKlass com/android/tools/r8/internal/yt
instanceKlass com/android/tools/r8/internal/WM
instanceKlass com/android/tools/r8/internal/H7
instanceKlass com/android/tools/r8/internal/ru
instanceKlass com/android/tools/r8/internal/pH
instanceKlass com/android/tools/r8/internal/WM$a
instanceKlass com/android/tools/r8/graph/w2
instanceKlass com/android/tools/r8/internal/wL
instanceKlass com/android/tools/r8/internal/FF
instanceKlass com/android/tools/r8/internal/n8
instanceKlass com/android/tools/r8/internal/jg
instanceKlass com/android/tools/r8/internal/qg
instanceKlass com/android/tools/r8/internal/rg
instanceKlass com/android/tools/r8/internal/Mv
instanceKlass com/android/tools/r8/internal/IB
instanceKlass com/android/tools/r8/internal/Nv
instanceKlass com/android/tools/r8/graph/z2$$Lambda$1453
instanceKlass com/android/tools/r8/internal/bj
instanceKlass com/android/tools/r8/internal/E7
instanceKlass com/android/tools/r8/graph/N2$$Lambda$1452
instanceKlass com/android/tools/r8/internal/ao
instanceKlass com/android/tools/r8/graph/N2$$Lambda$1451
instanceKlass com/android/tools/r8/utils/C$$Lambda$1450
instanceKlass com/android/tools/r8/utils/C$$Lambda$1449
instanceKlass com/android/tools/r8/utils/C$$Lambda$1448
instanceKlass com/android/tools/r8/utils/C$$Lambda$1447
instanceKlass com/android/tools/r8/utils/C$$Lambda$1445
instanceKlass com/android/tools/r8/utils/C$$Lambda$1446
instanceKlass com/android/tools/r8/utils/C$$Lambda$1444
instanceKlass com/android/tools/r8/internal/Jt
instanceKlass com/android/tools/r8/utils/C$$Lambda$1443
instanceKlass com/android/tools/r8/utils/C$$Lambda$1442
instanceKlass com/android/tools/r8/utils/C$$Lambda$1441
instanceKlass com/android/tools/r8/utils/C$$Lambda$1440
instanceKlass com/android/tools/r8/internal/yZ
instanceKlass com/android/tools/r8/utils/C$$Lambda$1439
instanceKlass com/android/tools/r8/utils/C$$Lambda$1437
instanceKlass com/android/tools/r8/utils/C$$Lambda$1438
instanceKlass com/android/tools/r8/internal/ql
instanceKlass com/android/tools/r8/D8$$Lambda$1436
instanceKlass com/android/tools/r8/D8$$Lambda$1433
instanceKlass java/lang/invoke/LambdaForm$DMH
instanceKlass com/android/tools/r8/utils/C$$Lambda$1435
instanceKlass com/android/tools/r8/internal/xZ
instanceKlass java/lang/invoke/LambdaForm$DMH
instanceKlass com/android/tools/r8/D8$$Lambda$1434
instanceKlass com/android/tools/r8/D8$$Lambda$1432
instanceKlass com/android/tools/r8/internal/rZ
instanceKlass com/android/tools/r8/internal/Z9$$Lambda$1431
instanceKlass com/android/tools/r8/internal/Z9$$Lambda$1430
instanceKlass com/android/tools/r8/internal/Z9$$Lambda$1429
instanceKlass com/android/tools/r8/references/MethodReference
instanceKlass com/android/tools/r8/internal/C7
instanceKlass com/android/tools/r8/internal/e8
instanceKlass com/android/tools/r8/internal/AL
instanceKlass com/android/tools/r8/internal/vF
instanceKlass com/android/tools/r8/internal/vk
instanceKlass com/android/tools/r8/internal/Hi
instanceKlass com/android/tools/r8/internal/Oi
instanceKlass com/android/tools/r8/internal/xk
instanceKlass com/android/tools/r8/internal/F3
instanceKlass com/android/tools/r8/graph/B2$$Lambda$1428
instanceKlass com/android/tools/r8/graph/B2$$Lambda$1427
instanceKlass com/android/tools/r8/graph/B2$$Lambda$1425
instanceKlass com/android/tools/r8/graph/B2$$Lambda$1426
instanceKlass com/android/tools/r8/graph/F
instanceKlass com/android/tools/r8/synthesis/b
instanceKlass com/android/tools/r8/internal/bg
instanceKlass com/android/tools/r8/internal/Qc
instanceKlass com/android/tools/r8/graph/g$$Lambda$1424
instanceKlass com/android/tools/r8/internal/Oc$a
instanceKlass com/android/tools/r8/graph/g$$Lambda$1423
instanceKlass com/android/tools/r8/graph/g$$Lambda$1422
instanceKlass com/android/tools/r8/graph/g$$Lambda$1421
instanceKlass com/android/tools/r8/graph/g$$Lambda$1420
